04-Oct-2017 16:16:25.955 INFO [main] org.apache.catalina.startup.VersionLoggerListener.log Server version:        Apache Tomcat/8.0.46
04-Oct-2017 16:16:25.955 INFO [main] org.apache.catalina.startup.VersionLoggerListener.log Server built:          Aug 10 2017 10:10:31 UTC
04-Oct-2017 16:16:25.955 INFO [main] org.apache.catalina.startup.VersionLoggerListener.log Server number:         8.0.46.0
04-Oct-2017 16:16:25.955 INFO [main] org.apache.catalina.startup.VersionLoggerListener.log OS Name:               Windows 10
04-Oct-2017 16:16:25.955 INFO [main] org.apache.catalina.startup.VersionLoggerListener.log OS Version:            10.0
04-Oct-2017 16:16:25.955 INFO [main] org.apache.catalina.startup.VersionLoggerListener.log Architecture:          amd64
04-Oct-2017 16:16:25.955 INFO [main] org.apache.catalina.startup.VersionLoggerListener.log Java Home:             C:\Program Files\Java\jdk1.8.0_144\jre
04-Oct-2017 16:16:25.955 INFO [main] org.apache.catalina.startup.VersionLoggerListener.log JVM Version:           1.8.0_144-b01
04-Oct-2017 16:16:25.955 INFO [main] org.apache.catalina.startup.VersionLoggerListener.log JVM Vendor:            Oracle Corporation
04-Oct-2017 16:16:25.955 INFO [main] org.apache.catalina.startup.VersionLoggerListener.log CATALINA_BASE:         C:\tomcat-8.0
04-Oct-2017 16:16:25.955 INFO [main] org.apache.catalina.startup.VersionLoggerListener.log CATALINA_HOME:         C:\tomcat-8.0
04-Oct-2017 16:16:25.955 INFO [main] org.apache.catalina.startup.VersionLoggerListener.log Command line argument: -Djava.util.logging.config.file=C:\tomcat-8.0\conf\logging.properties
04-Oct-2017 16:16:25.955 INFO [main] org.apache.catalina.startup.VersionLoggerListener.log Command line argument: -Djava.util.logging.manager=org.apache.juli.ClassLoaderLogManager
04-Oct-2017 16:16:25.955 INFO [main] org.apache.catalina.startup.VersionLoggerListener.log Command line argument: -Dhttp.nonProxyHosts=localhost|127.0.0.1|WINDOWS-A3P9Q8H
04-Oct-2017 16:16:25.955 INFO [main] org.apache.catalina.startup.VersionLoggerListener.log Command line argument: -Djdk.tls.ephemeralDHKeySize=2048
04-Oct-2017 16:16:25.955 INFO [main] org.apache.catalina.startup.VersionLoggerListener.log Command line argument: -Djava.protocol.handler.pkgs=org.apache.catalina.webresources
04-Oct-2017 16:16:25.955 INFO [main] org.apache.catalina.startup.VersionLoggerListener.log Command line argument: -Djava.endorsed.dirs=C:\tomcat-8.0\endorsed
04-Oct-2017 16:16:25.955 INFO [main] org.apache.catalina.startup.VersionLoggerListener.log Command line argument: -Dcatalina.base=C:\tomcat-8.0
04-Oct-2017 16:16:25.955 INFO [main] org.apache.catalina.startup.VersionLoggerListener.log Command line argument: -Dcatalina.home=C:\tomcat-8.0
04-Oct-2017 16:16:25.955 INFO [main] org.apache.catalina.startup.VersionLoggerListener.log Command line argument: -Djava.io.tmpdir=C:\tomcat-8.0\temp
04-Oct-2017 16:16:25.955 INFO [main] org.apache.catalina.core.AprLifecycleListener.lifecycleEvent Loaded APR based Apache Tomcat Native library 1.2.12 using APR version 1.5.2.
04-Oct-2017 16:16:25.955 INFO [main] org.apache.catalina.core.AprLifecycleListener.lifecycleEvent APR capabilities: IPv6 [true], sendfile [true], accept filters [false], random [true].
04-Oct-2017 16:16:26.487 INFO [main] org.apache.catalina.core.AprLifecycleListener.initializeSSL OpenSSL successfully initialized (OpenSSL 1.0.2k  26 Jan 2017)
04-Oct-2017 16:16:26.619 INFO [main] org.apache.coyote.AbstractProtocol.init Initializing ProtocolHandler ["http-apr-8080"]
04-Oct-2017 16:16:26.635 INFO [main] org.apache.coyote.AbstractProtocol.init Initializing ProtocolHandler ["ajp-apr-8009"]
04-Oct-2017 16:16:26.635 INFO [main] org.apache.catalina.startup.Catalina.load Initialization processed in 1029 ms
04-Oct-2017 16:16:26.666 INFO [main] org.apache.catalina.core.StandardService.startInternal Starting service Catalina
04-Oct-2017 16:16:26.666 INFO [main] org.apache.catalina.core.StandardEngine.startInternal Starting Servlet Engine: Apache Tomcat/8.0.46
04-Oct-2017 16:16:26.688 INFO [localhost-startStop-1] org.apache.catalina.startup.HostConfig.deployDescriptor Deploying configuration descriptor C:\tomcat-8.0\conf\Catalina\localhost\productMaint1.xml
04-Oct-2017 16:16:27.220 INFO [localhost-startStop-1] org.apache.jasper.servlet.TldScanner.scanJars At least one JAR was scanned for TLDs yet contained no TLDs. Enable debug logging for this logger for a complete list of JARs that were scanned but no TLDs were found in them. Skipping unneeded JARs during scanning can improve startup time and JSP compilation time.
04-Oct-2017 16:16:27.405 INFO [localhost-startStop-1] org.apache.catalina.startup.HostConfig.deployDescriptor Deployment of configuration descriptor C:\tomcat-8.0\conf\Catalina\localhost\productMaint1.xml has finished in 717 ms
04-Oct-2017 16:16:27.405 INFO [localhost-startStop-1] org.apache.catalina.startup.HostConfig.deployDescriptor Deploying configuration descriptor C:\tomcat-8.0\conf\Catalina\localhost\Project_1.xml
04-Oct-2017 16:16:27.621 INFO [localhost-startStop-1] org.apache.jasper.servlet.TldScanner.scanJars At least one JAR was scanned for TLDs yet contained no TLDs. Enable debug logging for this logger for a complete list of JARs that were scanned but no TLDs were found in them. Skipping unneeded JARs during scanning can improve startup time and JSP compilation time.
04-Oct-2017 16:16:27.637 INFO [localhost-startStop-1] org.apache.catalina.startup.HostConfig.deployDescriptor Deployment of configuration descriptor C:\tomcat-8.0\conf\Catalina\localhost\Project_1.xml has finished in 232 ms
04-Oct-2017 16:16:27.637 INFO [localhost-startStop-1] org.apache.catalina.startup.HostConfig.deployDirectory Deploying web application directory C:\tomcat-8.0\webapps\docs
04-Oct-2017 16:16:27.671 INFO [localhost-startStop-1] org.apache.catalina.startup.HostConfig.deployDirectory Deployment of web application directory C:\tomcat-8.0\webapps\docs has finished in 34 ms
04-Oct-2017 16:16:27.671 INFO [localhost-startStop-1] org.apache.catalina.startup.HostConfig.deployDirectory Deploying web application directory C:\tomcat-8.0\webapps\examples
04-Oct-2017 16:16:27.968 INFO [localhost-startStop-1] org.apache.catalina.startup.HostConfig.deployDirectory Deployment of web application directory C:\tomcat-8.0\webapps\examples has finished in 297 ms
04-Oct-2017 16:16:27.968 INFO [localhost-startStop-1] org.apache.catalina.startup.HostConfig.deployDirectory Deploying web application directory C:\tomcat-8.0\webapps\host-manager
04-Oct-2017 16:16:27.991 INFO [localhost-startStop-1] org.apache.catalina.startup.HostConfig.deployDirectory Deployment of web application directory C:\tomcat-8.0\webapps\host-manager has finished in 23 ms
04-Oct-2017 16:16:27.991 INFO [localhost-startStop-1] org.apache.catalina.startup.HostConfig.deployDirectory Deploying web application directory C:\tomcat-8.0\webapps\manager
04-Oct-2017 16:16:28.053 INFO [localhost-startStop-1] org.apache.catalina.startup.HostConfig.deployDirectory Deployment of web application directory C:\tomcat-8.0\webapps\manager has finished in 62 ms
04-Oct-2017 16:16:28.053 INFO [localhost-startStop-1] org.apache.catalina.startup.HostConfig.deployDirectory Deploying web application directory C:\tomcat-8.0\webapps\ROOT
04-Oct-2017 16:16:28.069 INFO [localhost-startStop-1] org.apache.catalina.startup.HostConfig.deployDirectory Deployment of web application directory C:\tomcat-8.0\webapps\ROOT has finished in 16 ms
04-Oct-2017 16:16:28.069 INFO [main] org.apache.coyote.AbstractProtocol.start Starting ProtocolHandler ["http-apr-8080"]
04-Oct-2017 16:16:28.091 INFO [main] org.apache.coyote.AbstractProtocol.start Starting ProtocolHandler ["ajp-apr-8009"]
04-Oct-2017 16:16:28.091 INFO [main] org.apache.catalina.startup.Catalina.start Server startup in 1465 ms
04-Oct-2017 16:16:28.454 INFO [http-apr-8080-exec-2] org.apache.catalina.startup.HostConfig.deployDescriptor Deploying configuration descriptor C:\tomcat-8.0\conf\Catalina\localhost\ch10_ex1_email_sol.xml
04-Oct-2017 16:16:28.523 INFO [http-apr-8080-exec-2] org.apache.catalina.startup.HostConfig.deployDescriptor Deployment of configuration descriptor C:\tomcat-8.0\conf\Catalina\localhost\ch10_ex1_email_sol.xml has finished in 69 ms
04-Oct-2017 16:16:28.523 INFO [http-apr-8080-exec-3] org.apache.catalina.util.LifecycleBase.start The start() method was called on component [StandardEngine[Catalina].StandardHost[localhost].StandardContext[/ch10_ex1_email_sol]] after start() had already been called. The second call will be ignored.
04-Oct-2017 17:18:21.486 INFO [http-apr-8080-exec-4] org.apache.catalina.startup.HostConfig.undeploy Undeploying context [/ch10_ex1_email_sol]
04-Oct-2017 17:18:21.526 INFO [http-apr-8080-exec-8] org.apache.catalina.startup.HostConfig.deployDescriptor Deploying configuration descriptor C:\tomcat-8.0\conf\Catalina\localhost\ch10_ex1_email_sol.xml
04-Oct-2017 17:18:21.643 INFO [http-apr-8080-exec-8] org.apache.catalina.startup.HostConfig.deployDescriptor Deployment of configuration descriptor C:\tomcat-8.0\conf\Catalina\localhost\ch10_ex1_email_sol.xml has finished in 117 ms
04-Oct-2017 17:18:21.643 INFO [http-apr-8080-exec-6] org.apache.catalina.util.LifecycleBase.start The start() method was called on component [StandardEngine[Catalina].StandardHost[localhost].StandardContext[/ch10_ex1_email_sol]] after start() had already been called. The second call will be ignored.
04-Oct-2017 17:32:29.808 INFO [http-apr-8080-exec-12] org.apache.catalina.startup.HostConfig.undeploy Undeploying context [/ch10_ex1_email_sol]
04-Oct-2017 17:32:29.839 INFO [http-apr-8080-exec-13] org.apache.catalina.startup.HostConfig.deployDescriptor Deploying configuration descriptor C:\tomcat-8.0\conf\Catalina\localhost\ch10_ex1_email_sol.xml
04-Oct-2017 17:32:29.945 INFO [http-apr-8080-exec-13] org.apache.catalina.startup.HostConfig.deployDescriptor Deployment of configuration descriptor C:\tomcat-8.0\conf\Catalina\localhost\ch10_ex1_email_sol.xml has finished in 106 ms
04-Oct-2017 17:32:29.945 INFO [http-apr-8080-exec-14] org.apache.catalina.util.LifecycleBase.start The start() method was called on component [StandardEngine[Catalina].StandardHost[localhost].StandardContext[/ch10_ex1_email_sol]] after start() had already been called. The second call will be ignored.
