05-Oct-2017 09:42:01.789 INFO [main] org.apache.catalina.startup.VersionLoggerListener.log Server version:        Apache Tomcat/8.0.46
05-Oct-2017 09:42:01.789 INFO [main] org.apache.catalina.startup.VersionLoggerListener.log Server built:          Aug 10 2017 10:10:31 UTC
05-Oct-2017 09:42:01.789 INFO [main] org.apache.catalina.startup.VersionLoggerListener.log Server number:         8.0.46.0
05-Oct-2017 09:42:01.789 INFO [main] org.apache.catalina.startup.VersionLoggerListener.log OS Name:               Windows 10
05-Oct-2017 09:42:01.789 INFO [main] org.apache.catalina.startup.VersionLoggerListener.log OS Version:            10.0
05-Oct-2017 09:42:01.789 INFO [main] org.apache.catalina.startup.VersionLoggerListener.log Architecture:          amd64
05-Oct-2017 09:42:01.789 INFO [main] org.apache.catalina.startup.VersionLoggerListener.log Java Home:             C:\Program Files\Java\jdk1.8.0_144\jre
05-Oct-2017 09:42:01.789 INFO [main] org.apache.catalina.startup.VersionLoggerListener.log JVM Version:           1.8.0_144-b01
05-Oct-2017 09:42:01.789 INFO [main] org.apache.catalina.startup.VersionLoggerListener.log JVM Vendor:            Oracle Corporation
05-Oct-2017 09:42:01.789 INFO [main] org.apache.catalina.startup.VersionLoggerListener.log CATALINA_BASE:         C:\tomcat-8.0
05-Oct-2017 09:42:01.789 INFO [main] org.apache.catalina.startup.VersionLoggerListener.log CATALINA_HOME:         C:\tomcat-8.0
05-Oct-2017 09:42:01.789 INFO [main] org.apache.catalina.startup.VersionLoggerListener.log Command line argument: -Djava.util.logging.config.file=C:\tomcat-8.0\conf\logging.properties
05-Oct-2017 09:42:01.789 INFO [main] org.apache.catalina.startup.VersionLoggerListener.log Command line argument: -Djava.util.logging.manager=org.apache.juli.ClassLoaderLogManager
05-Oct-2017 09:42:01.789 INFO [main] org.apache.catalina.startup.VersionLoggerListener.log Command line argument: -Dhttp.nonProxyHosts=localhost|127.0.0.1|WINDOWS-A3P9Q8H
05-Oct-2017 09:42:01.789 INFO [main] org.apache.catalina.startup.VersionLoggerListener.log Command line argument: -Djdk.tls.ephemeralDHKeySize=2048
05-Oct-2017 09:42:01.789 INFO [main] org.apache.catalina.startup.VersionLoggerListener.log Command line argument: -Djava.protocol.handler.pkgs=org.apache.catalina.webresources
05-Oct-2017 09:42:01.789 INFO [main] org.apache.catalina.startup.VersionLoggerListener.log Command line argument: -Djava.endorsed.dirs=C:\tomcat-8.0\endorsed
05-Oct-2017 09:42:01.789 INFO [main] org.apache.catalina.startup.VersionLoggerListener.log Command line argument: -Dcatalina.base=C:\tomcat-8.0
05-Oct-2017 09:42:01.789 INFO [main] org.apache.catalina.startup.VersionLoggerListener.log Command line argument: -Dcatalina.home=C:\tomcat-8.0
05-Oct-2017 09:42:01.789 INFO [main] org.apache.catalina.startup.VersionLoggerListener.log Command line argument: -Djava.io.tmpdir=C:\tomcat-8.0\temp
05-Oct-2017 09:42:01.789 INFO [main] org.apache.catalina.core.AprLifecycleListener.lifecycleEvent Loaded APR based Apache Tomcat Native library 1.2.12 using APR version 1.5.2.
05-Oct-2017 09:42:01.789 INFO [main] org.apache.catalina.core.AprLifecycleListener.lifecycleEvent APR capabilities: IPv6 [true], sendfile [true], accept filters [false], random [true].
05-Oct-2017 09:42:02.438 INFO [main] org.apache.catalina.core.AprLifecycleListener.initializeSSL OpenSSL successfully initialized (OpenSSL 1.0.2k  26 Jan 2017)
05-Oct-2017 09:42:02.653 INFO [main] org.apache.coyote.AbstractProtocol.init Initializing ProtocolHandler ["http-apr-8080"]
05-Oct-2017 09:42:02.669 INFO [main] org.apache.coyote.AbstractProtocol.init Initializing ProtocolHandler ["ajp-apr-8009"]
05-Oct-2017 09:42:02.685 INFO [main] org.apache.catalina.startup.Catalina.load Initialization processed in 1225 ms
05-Oct-2017 09:42:02.738 INFO [main] org.apache.catalina.core.StandardService.startInternal Starting service Catalina
05-Oct-2017 09:42:02.738 INFO [main] org.apache.catalina.core.StandardEngine.startInternal Starting Servlet Engine: Apache Tomcat/8.0.46
05-Oct-2017 09:42:02.754 INFO [localhost-startStop-1] org.apache.catalina.startup.HostConfig.deployDescriptor Deploying configuration descriptor C:\tomcat-8.0\conf\Catalina\localhost\ch10_ex1_email_sol.xml
05-Oct-2017 09:42:03.473 INFO [localhost-startStop-1] org.apache.catalina.startup.HostConfig.deployDescriptor Deployment of configuration descriptor C:\tomcat-8.0\conf\Catalina\localhost\ch10_ex1_email_sol.xml has finished in 719 ms
05-Oct-2017 09:42:03.473 INFO [localhost-startStop-1] org.apache.catalina.startup.HostConfig.deployDescriptor Deploying configuration descriptor C:\tomcat-8.0\conf\Catalina\localhost\productMaint1.xml
05-Oct-2017 09:42:03.769 INFO [localhost-startStop-1] org.apache.jasper.servlet.TldScanner.scanJars At least one JAR was scanned for TLDs yet contained no TLDs. Enable debug logging for this logger for a complete list of JARs that were scanned but no TLDs were found in them. Skipping unneeded JARs during scanning can improve startup time and JSP compilation time.
05-Oct-2017 09:42:03.789 INFO [localhost-startStop-1] org.apache.catalina.startup.HostConfig.deployDescriptor Deployment of configuration descriptor C:\tomcat-8.0\conf\Catalina\localhost\productMaint1.xml has finished in 316 ms
05-Oct-2017 09:42:03.789 INFO [localhost-startStop-1] org.apache.catalina.startup.HostConfig.deployDescriptor Deploying configuration descriptor C:\tomcat-8.0\conf\Catalina\localhost\Project_1.xml
05-Oct-2017 09:42:04.005 INFO [localhost-startStop-1] org.apache.jasper.servlet.TldScanner.scanJars At least one JAR was scanned for TLDs yet contained no TLDs. Enable debug logging for this logger for a complete list of JARs that were scanned but no TLDs were found in them. Skipping unneeded JARs during scanning can improve startup time and JSP compilation time.
05-Oct-2017 09:42:04.036 INFO [localhost-startStop-1] org.apache.catalina.startup.HostConfig.deployDescriptor Deployment of configuration descriptor C:\tomcat-8.0\conf\Catalina\localhost\Project_1.xml has finished in 247 ms
05-Oct-2017 09:42:04.036 INFO [localhost-startStop-1] org.apache.catalina.startup.HostConfig.deployDirectory Deploying web application directory C:\tomcat-8.0\webapps\docs
05-Oct-2017 09:42:04.052 INFO [localhost-startStop-1] org.apache.catalina.startup.HostConfig.deployDirectory Deployment of web application directory C:\tomcat-8.0\webapps\docs has finished in 16 ms
05-Oct-2017 09:42:04.052 INFO [localhost-startStop-1] org.apache.catalina.startup.HostConfig.deployDirectory Deploying web application directory C:\tomcat-8.0\webapps\examples
05-Oct-2017 09:42:04.321 INFO [localhost-startStop-1] org.apache.catalina.startup.HostConfig.deployDirectory Deployment of web application directory C:\tomcat-8.0\webapps\examples has finished in 269 ms
05-Oct-2017 09:42:04.321 INFO [localhost-startStop-1] org.apache.catalina.startup.HostConfig.deployDirectory Deploying web application directory C:\tomcat-8.0\webapps\host-manager
05-Oct-2017 09:42:04.353 INFO [localhost-startStop-1] org.apache.catalina.startup.HostConfig.deployDirectory Deployment of web application directory C:\tomcat-8.0\webapps\host-manager has finished in 32 ms
05-Oct-2017 09:42:04.353 INFO [localhost-startStop-1] org.apache.catalina.startup.HostConfig.deployDirectory Deploying web application directory C:\tomcat-8.0\webapps\manager
05-Oct-2017 09:42:04.422 INFO [localhost-startStop-1] org.apache.catalina.startup.HostConfig.deployDirectory Deployment of web application directory C:\tomcat-8.0\webapps\manager has finished in 69 ms
05-Oct-2017 09:42:04.422 INFO [localhost-startStop-1] org.apache.catalina.startup.HostConfig.deployDirectory Deploying web application directory C:\tomcat-8.0\webapps\ROOT
05-Oct-2017 09:42:04.505 INFO [localhost-startStop-1] org.apache.catalina.startup.HostConfig.deployDirectory Deployment of web application directory C:\tomcat-8.0\webapps\ROOT has finished in 83 ms
05-Oct-2017 09:42:04.509 INFO [main] org.apache.coyote.AbstractProtocol.start Starting ProtocolHandler ["http-apr-8080"]
05-Oct-2017 09:42:04.528 INFO [main] org.apache.coyote.AbstractProtocol.start Starting ProtocolHandler ["ajp-apr-8009"]
05-Oct-2017 09:42:04.534 INFO [main] org.apache.catalina.startup.Catalina.start Server startup in 1849 ms
05-Oct-2017 09:42:05.510 INFO [http-apr-8080-exec-3] org.apache.catalina.startup.HostConfig.undeploy Undeploying context [/ch10_ex1_email_sol]
05-Oct-2017 09:42:05.563 INFO [http-apr-8080-exec-8] org.apache.catalina.startup.HostConfig.deployDescriptor Deploying configuration descriptor C:\tomcat-8.0\conf\Catalina\localhost\ch10_ex1_email_sol.xml
05-Oct-2017 09:42:05.663 INFO [http-apr-8080-exec-8] org.apache.catalina.startup.HostConfig.deployDescriptor Deployment of configuration descriptor C:\tomcat-8.0\conf\Catalina\localhost\ch10_ex1_email_sol.xml has finished in 100 ms
05-Oct-2017 09:42:05.679 INFO [http-apr-8080-exec-6] org.apache.catalina.util.LifecycleBase.start The start() method was called on component [StandardEngine[Catalina].StandardHost[localhost].StandardContext[/ch10_ex1_email_sol]] after start() had already been called. The second call will be ignored.
05-Oct-2017 09:42:27.819 INFO [http-apr-8080-exec-2] org.apache.catalina.startup.HostConfig.undeploy Undeploying context [/ch10_ex1_email_sol]
05-Oct-2017 09:42:27.841 INFO [http-apr-8080-exec-8] org.apache.catalina.startup.HostConfig.deployDescriptor Deploying configuration descriptor C:\tomcat-8.0\conf\Catalina\localhost\ch10_ex1_email_sol.xml
05-Oct-2017 09:42:27.988 INFO [http-apr-8080-exec-8] org.apache.catalina.startup.HostConfig.deployDescriptor Deployment of configuration descriptor C:\tomcat-8.0\conf\Catalina\localhost\ch10_ex1_email_sol.xml has finished in 147 ms
05-Oct-2017 09:42:28.004 INFO [45] org.apache.catalina.util.LifecycleBase.start The start() method was called on component [StandardEngine[Catalina].StandardHost[localhost].StandardContext[/ch10_ex1_email_sol]] after start() had already been called. The second call will be ignored.
05-Oct-2017 09:42:47.424 INFO [http-apr-8080-exec-4] org.apache.catalina.startup.HostConfig.undeploy Undeploying context [/ch10_ex1_email_sol]
05-Oct-2017 09:42:47.461 INFO [http-apr-8080-exec-8] org.apache.catalina.startup.HostConfig.deployDescriptor Deploying configuration descriptor C:\tomcat-8.0\conf\Catalina\localhost\ch10_ex1_email_sol.xml
05-Oct-2017 09:42:47.508 INFO [http-apr-8080-exec-8] org.apache.catalina.startup.HostConfig.deployDescriptor Deployment of configuration descriptor C:\tomcat-8.0\conf\Catalina\localhost\ch10_ex1_email_sol.xml has finished in 47 ms
05-Oct-2017 09:42:47.541 INFO [http-apr-8080-exec-6] org.apache.catalina.util.LifecycleBase.start The start() method was called on component [StandardEngine[Catalina].StandardHost[localhost].StandardContext[/ch10_ex1_email_sol]] after start() had already been called. The second call will be ignored.
05-Oct-2017 09:53:58.861 INFO [http-apr-8080-exec-21] org.apache.catalina.startup.HostConfig.undeploy Undeploying context [/ch10_ex1_email_sol]
05-Oct-2017 09:53:58.877 INFO [http-apr-8080-exec-22] org.apache.catalina.startup.HostConfig.deployDescriptor Deploying configuration descriptor C:\tomcat-8.0\conf\Catalina\localhost\ch10_ex1_email_sol.xml
05-Oct-2017 09:53:58.908 INFO [http-apr-8080-exec-22] org.apache.catalina.startup.HostConfig.deployDescriptor Deployment of configuration descriptor C:\tomcat-8.0\conf\Catalina\localhost\ch10_ex1_email_sol.xml has finished in 31 ms
05-Oct-2017 09:53:58.908 INFO [http-apr-8080-exec-25] org.apache.catalina.util.LifecycleBase.start The start() method was called on component [StandardEngine[Catalina].StandardHost[localhost].StandardContext[/ch10_ex1_email_sol]] after start() had already been called. The second call will be ignored.
05-Oct-2017 10:20:13.950 INFO [http-apr-8080-exec-27] org.apache.catalina.startup.HostConfig.undeploy Undeploying context [/ch10_ex1_email_sol]
05-Oct-2017 10:20:13.987 INFO [http-apr-8080-exec-32] org.apache.catalina.startup.HostConfig.deployDescriptor Deploying configuration descriptor C:\tomcat-8.0\conf\Catalina\localhost\ch10_ex1_email_sol.xml
05-Oct-2017 10:20:14.071 INFO [http-apr-8080-exec-32] org.apache.catalina.startup.HostConfig.deployDescriptor Deployment of configuration descriptor C:\tomcat-8.0\conf\Catalina\localhost\ch10_ex1_email_sol.xml has finished in 84 ms
05-Oct-2017 10:20:14.071 INFO [http-apr-8080-exec-30] org.apache.catalina.util.LifecycleBase.start The start() method was called on component [StandardEngine[Catalina].StandardHost[localhost].StandardContext[/ch10_ex1_email_sol]] after start() had already been called. The second call will be ignored.
05-Oct-2017 11:04:09.066 INFO [main] org.apache.catalina.core.StandardServer.await A valid shutdown command was received via the shutdown port. Stopping the Server instance.
05-Oct-2017 11:04:09.066 INFO [main] org.apache.coyote.AbstractProtocol.pause Pausing ProtocolHandler ["http-apr-8080"]
05-Oct-2017 11:04:09.123 INFO [main] org.apache.coyote.AbstractProtocol.pause Pausing ProtocolHandler ["ajp-apr-8009"]
05-Oct-2017 11:04:09.175 INFO [main] org.apache.catalina.core.StandardService.stopInternal Stopping service Catalina
05-Oct-2017 11:04:09.239 INFO [main] org.apache.coyote.AbstractProtocol.stop Stopping ProtocolHandler ["http-apr-8080"]
05-Oct-2017 11:04:09.295 INFO [main] org.apache.coyote.AbstractProtocol.stop Stopping ProtocolHandler ["ajp-apr-8009"]
05-Oct-2017 11:04:09.357 INFO [main] org.apache.coyote.AbstractProtocol.destroy Destroying ProtocolHandler ["http-apr-8080"]
05-Oct-2017 11:04:09.358 INFO [main] org.apache.coyote.AbstractProtocol.destroy Destroying ProtocolHandler ["ajp-apr-8009"]
05-Oct-2017 15:20:16.345 INFO [main] org.apache.catalina.startup.VersionLoggerListener.log Server version:        Apache Tomcat/8.0.46
05-Oct-2017 15:20:16.347 INFO [main] org.apache.catalina.startup.VersionLoggerListener.log Server built:          Aug 10 2017 10:10:31 UTC
05-Oct-2017 15:20:16.347 INFO [main] org.apache.catalina.startup.VersionLoggerListener.log Server number:         8.0.46.0
05-Oct-2017 15:20:16.347 INFO [main] org.apache.catalina.startup.VersionLoggerListener.log OS Name:               Windows 10
05-Oct-2017 15:20:16.348 INFO [main] org.apache.catalina.startup.VersionLoggerListener.log OS Version:            10.0
05-Oct-2017 15:20:16.348 INFO [main] org.apache.catalina.startup.VersionLoggerListener.log Architecture:          amd64
05-Oct-2017 15:20:16.348 INFO [main] org.apache.catalina.startup.VersionLoggerListener.log Java Home:             C:\Program Files\Java\jdk1.8.0_144\jre
05-Oct-2017 15:20:16.348 INFO [main] org.apache.catalina.startup.VersionLoggerListener.log JVM Version:           1.8.0_144-b01
05-Oct-2017 15:20:16.348 INFO [main] org.apache.catalina.startup.VersionLoggerListener.log JVM Vendor:            Oracle Corporation
05-Oct-2017 15:20:16.348 INFO [main] org.apache.catalina.startup.VersionLoggerListener.log CATALINA_BASE:         C:\tomcat-8.0
05-Oct-2017 15:20:16.348 INFO [main] org.apache.catalina.startup.VersionLoggerListener.log CATALINA_HOME:         C:\tomcat-8.0
05-Oct-2017 15:20:16.348 INFO [main] org.apache.catalina.startup.VersionLoggerListener.log Command line argument: -Djava.util.logging.config.file=C:\tomcat-8.0\conf\logging.properties
05-Oct-2017 15:20:16.348 INFO [main] org.apache.catalina.startup.VersionLoggerListener.log Command line argument: -Djava.util.logging.manager=org.apache.juli.ClassLoaderLogManager
05-Oct-2017 15:20:16.349 INFO [main] org.apache.catalina.startup.VersionLoggerListener.log Command line argument: -Dhttp.nonProxyHosts=localhost|127.0.0.1|WINDOWS-A3P9Q8H
05-Oct-2017 15:20:16.349 INFO [main] org.apache.catalina.startup.VersionLoggerListener.log Command line argument: -Djdk.tls.ephemeralDHKeySize=2048
05-Oct-2017 15:20:16.349 INFO [main] org.apache.catalina.startup.VersionLoggerListener.log Command line argument: -Djava.protocol.handler.pkgs=org.apache.catalina.webresources
05-Oct-2017 15:20:16.349 INFO [main] org.apache.catalina.startup.VersionLoggerListener.log Command line argument: -Djava.endorsed.dirs=C:\tomcat-8.0\endorsed
05-Oct-2017 15:20:16.349 INFO [main] org.apache.catalina.startup.VersionLoggerListener.log Command line argument: -Dcatalina.base=C:\tomcat-8.0
05-Oct-2017 15:20:16.349 INFO [main] org.apache.catalina.startup.VersionLoggerListener.log Command line argument: -Dcatalina.home=C:\tomcat-8.0
05-Oct-2017 15:20:16.349 INFO [main] org.apache.catalina.startup.VersionLoggerListener.log Command line argument: -Djava.io.tmpdir=C:\tomcat-8.0\temp
05-Oct-2017 15:20:16.349 INFO [main] org.apache.catalina.core.AprLifecycleListener.lifecycleEvent Loaded APR based Apache Tomcat Native library 1.2.12 using APR version 1.5.2.
05-Oct-2017 15:20:16.349 INFO [main] org.apache.catalina.core.AprLifecycleListener.lifecycleEvent APR capabilities: IPv6 [true], sendfile [true], accept filters [false], random [true].
05-Oct-2017 15:20:16.907 INFO [main] org.apache.catalina.core.AprLifecycleListener.initializeSSL OpenSSL successfully initialized (OpenSSL 1.0.2k  26 Jan 2017)
05-Oct-2017 15:20:17.106 INFO [main] org.apache.coyote.AbstractProtocol.init Initializing ProtocolHandler ["http-apr-8080"]
05-Oct-2017 15:20:17.121 INFO [main] org.apache.coyote.AbstractProtocol.init Initializing ProtocolHandler ["ajp-apr-8009"]
05-Oct-2017 15:20:17.126 INFO [main] org.apache.catalina.startup.Catalina.load Initialization processed in 1170 ms
05-Oct-2017 15:20:17.181 INFO [main] org.apache.catalina.core.StandardService.startInternal Starting service Catalina
05-Oct-2017 15:20:17.181 INFO [main] org.apache.catalina.core.StandardEngine.startInternal Starting Servlet Engine: Apache Tomcat/8.0.46
05-Oct-2017 15:20:17.220 INFO [localhost-startStop-1] org.apache.catalina.startup.HostConfig.deployDescriptor Deploying configuration descriptor C:\tomcat-8.0\conf\Catalina\localhost\ch10_ex1_email_sol.xml
05-Oct-2017 15:20:17.676 INFO [localhost-startStop-1] org.apache.catalina.startup.HostConfig.deployDescriptor Deployment of configuration descriptor C:\tomcat-8.0\conf\Catalina\localhost\ch10_ex1_email_sol.xml has finished in 456 ms
05-Oct-2017 15:20:17.677 INFO [localhost-startStop-1] org.apache.catalina.startup.HostConfig.deployDescriptor Deploying configuration descriptor C:\tomcat-8.0\conf\Catalina\localhost\productMaint1.xml
05-Oct-2017 15:20:17.973 INFO [localhost-startStop-1] org.apache.jasper.servlet.TldScanner.scanJars At least one JAR was scanned for TLDs yet contained no TLDs. Enable debug logging for this logger for a complete list of JARs that were scanned but no TLDs were found in them. Skipping unneeded JARs during scanning can improve startup time and JSP compilation time.
05-Oct-2017 15:20:18.065 INFO [localhost-startStop-1] org.apache.catalina.startup.HostConfig.deployDescriptor Deployment of configuration descriptor C:\tomcat-8.0\conf\Catalina\localhost\productMaint1.xml has finished in 388 ms
05-Oct-2017 15:20:18.066 INFO [localhost-startStop-1] org.apache.catalina.startup.HostConfig.deployDescriptor Deploying configuration descriptor C:\tomcat-8.0\conf\Catalina\localhost\Project_1.xml
05-Oct-2017 15:20:18.282 INFO [localhost-startStop-1] org.apache.jasper.servlet.TldScanner.scanJars At least one JAR was scanned for TLDs yet contained no TLDs. Enable debug logging for this logger for a complete list of JARs that were scanned but no TLDs were found in them. Skipping unneeded JARs during scanning can improve startup time and JSP compilation time.
05-Oct-2017 15:20:18.318 INFO [localhost-startStop-1] org.apache.catalina.startup.HostConfig.deployDescriptor Deployment of configuration descriptor C:\tomcat-8.0\conf\Catalina\localhost\Project_1.xml has finished in 253 ms
05-Oct-2017 15:20:18.320 INFO [localhost-startStop-1] org.apache.catalina.startup.HostConfig.deployDirectory Deploying web application directory C:\tomcat-8.0\webapps\docs
05-Oct-2017 15:20:18.350 INFO [localhost-startStop-1] org.apache.catalina.startup.HostConfig.deployDirectory Deployment of web application directory C:\tomcat-8.0\webapps\docs has finished in 30 ms
05-Oct-2017 15:20:18.358 INFO [localhost-startStop-1] org.apache.catalina.startup.HostConfig.deployDirectory Deploying web application directory C:\tomcat-8.0\webapps\examples
05-Oct-2017 15:20:18.719 INFO [localhost-startStop-1] org.apache.catalina.startup.HostConfig.deployDirectory Deployment of web application directory C:\tomcat-8.0\webapps\examples has finished in 361 ms
05-Oct-2017 15:20:18.720 INFO [localhost-startStop-1] org.apache.catalina.startup.HostConfig.deployDirectory Deploying web application directory C:\tomcat-8.0\webapps\host-manager
05-Oct-2017 15:20:18.796 INFO [localhost-startStop-1] org.apache.catalina.startup.HostConfig.deployDirectory Deployment of web application directory C:\tomcat-8.0\webapps\host-manager has finished in 76 ms
05-Oct-2017 15:20:18.796 INFO [localhost-startStop-1] org.apache.catalina.startup.HostConfig.deployDirectory Deploying web application directory C:\tomcat-8.0\webapps\manager
05-Oct-2017 15:20:18.836 INFO [localhost-startStop-1] org.apache.catalina.startup.HostConfig.deployDirectory Deployment of web application directory C:\tomcat-8.0\webapps\manager has finished in 40 ms
05-Oct-2017 15:20:18.837 INFO [localhost-startStop-1] org.apache.catalina.startup.HostConfig.deployDirectory Deploying web application directory C:\tomcat-8.0\webapps\ROOT
05-Oct-2017 15:20:18.862 INFO [localhost-startStop-1] org.apache.catalina.startup.HostConfig.deployDirectory Deployment of web application directory C:\tomcat-8.0\webapps\ROOT has finished in 25 ms
05-Oct-2017 15:20:18.866 INFO [main] org.apache.coyote.AbstractProtocol.start Starting ProtocolHandler ["http-apr-8080"]
05-Oct-2017 15:20:18.879 INFO [main] org.apache.coyote.AbstractProtocol.start Starting ProtocolHandler ["ajp-apr-8009"]
05-Oct-2017 15:20:18.885 INFO [main] org.apache.catalina.startup.Catalina.start Server startup in 1758 ms
05-Oct-2017 15:20:19.643 INFO [http-apr-8080-exec-8] org.apache.jasper.servlet.TldScanner.scanJars At least one JAR was scanned for TLDs yet contained no TLDs. Enable debug logging for this logger for a complete list of JARs that were scanned but no TLDs were found in them. Skipping unneeded JARs during scanning can improve startup time and JSP compilation time.
05-Oct-2017 15:26:24.345 INFO [http-apr-8080-exec-14] org.apache.catalina.core.StandardContext.reload Reloading Context with name [/productMaint1] has started
05-Oct-2017 15:26:24.520 INFO [http-apr-8080-exec-14] org.apache.jasper.servlet.TldScanner.scanJars At least one JAR was scanned for TLDs yet contained no TLDs. Enable debug logging for this logger for a complete list of JARs that were scanned but no TLDs were found in them. Skipping unneeded JARs during scanning can improve startup time and JSP compilation time.
05-Oct-2017 15:26:24.548 INFO [http-apr-8080-exec-14] org.apache.catalina.core.StandardContext.reload Reloading Context with name [/productMaint1] is completed
05-Oct-2017 16:24:26.545 INFO [main] org.apache.catalina.core.StandardServer.await A valid shutdown command was received via the shutdown port. Stopping the Server instance.
05-Oct-2017 16:24:26.545 INFO [main] org.apache.coyote.AbstractProtocol.pause Pausing ProtocolHandler ["http-apr-8080"]
05-Oct-2017 16:24:26.600 INFO [main] org.apache.coyote.AbstractProtocol.pause Pausing ProtocolHandler ["ajp-apr-8009"]
05-Oct-2017 16:24:26.652 INFO [main] org.apache.catalina.core.StandardService.stopInternal Stopping service Catalina
05-Oct-2017 16:24:26.728 INFO [main] org.apache.coyote.AbstractProtocol.stop Stopping ProtocolHandler ["http-apr-8080"]
05-Oct-2017 16:24:26.781 INFO [main] org.apache.coyote.AbstractProtocol.stop Stopping ProtocolHandler ["ajp-apr-8009"]
05-Oct-2017 16:24:26.834 INFO [main] org.apache.coyote.AbstractProtocol.destroy Destroying ProtocolHandler ["http-apr-8080"]
05-Oct-2017 16:24:26.835 INFO [main] org.apache.coyote.AbstractProtocol.destroy Destroying ProtocolHandler ["ajp-apr-8009"]
