03-Oct-2017 12:17:21.149 INFO [main] org.apache.catalina.startup.VersionLoggerListener.log Server version:        Apache Tomcat/8.0.46
03-Oct-2017 12:17:21.151 INFO [main] org.apache.catalina.startup.VersionLoggerListener.log Server built:          Aug 10 2017 10:10:31 UTC
03-Oct-2017 12:17:21.152 INFO [main] org.apache.catalina.startup.VersionLoggerListener.log Server number:         8.0.46.0
03-Oct-2017 12:17:21.152 INFO [main] org.apache.catalina.startup.VersionLoggerListener.log OS Name:               Windows 10
03-Oct-2017 12:17:21.152 INFO [main] org.apache.catalina.startup.VersionLoggerListener.log OS Version:            10.0
03-Oct-2017 12:17:21.152 INFO [main] org.apache.catalina.startup.VersionLoggerListener.log Architecture:          amd64
03-Oct-2017 12:17:21.152 INFO [main] org.apache.catalina.startup.VersionLoggerListener.log Java Home:             C:\Program Files\Java\jdk1.8.0_144\jre
03-Oct-2017 12:17:21.152 INFO [main] org.apache.catalina.startup.VersionLoggerListener.log JVM Version:           1.8.0_144-b01
03-Oct-2017 12:17:21.152 INFO [main] org.apache.catalina.startup.VersionLoggerListener.log JVM Vendor:            Oracle Corporation
03-Oct-2017 12:17:21.152 INFO [main] org.apache.catalina.startup.VersionLoggerListener.log CATALINA_BASE:         C:\tomcat-8.0
03-Oct-2017 12:17:21.152 INFO [main] org.apache.catalina.startup.VersionLoggerListener.log CATALINA_HOME:         C:\tomcat-8.0
03-Oct-2017 12:17:21.153 INFO [main] org.apache.catalina.startup.VersionLoggerListener.log Command line argument: -Djava.util.logging.config.file=C:\tomcat-8.0\conf\logging.properties
03-Oct-2017 12:17:21.153 INFO [main] org.apache.catalina.startup.VersionLoggerListener.log Command line argument: -Djava.util.logging.manager=org.apache.juli.ClassLoaderLogManager
03-Oct-2017 12:17:21.153 INFO [main] org.apache.catalina.startup.VersionLoggerListener.log Command line argument: -Dhttp.nonProxyHosts=localhost|127.0.0.1|WINDOWS-A3P9Q8H
03-Oct-2017 12:17:21.153 INFO [main] org.apache.catalina.startup.VersionLoggerListener.log Command line argument: -Djdk.tls.ephemeralDHKeySize=2048
03-Oct-2017 12:17:21.153 INFO [main] org.apache.catalina.startup.VersionLoggerListener.log Command line argument: -Djava.protocol.handler.pkgs=org.apache.catalina.webresources
03-Oct-2017 12:17:21.154 INFO [main] org.apache.catalina.startup.VersionLoggerListener.log Command line argument: -Djava.endorsed.dirs=C:\tomcat-8.0\endorsed
03-Oct-2017 12:17:21.154 INFO [main] org.apache.catalina.startup.VersionLoggerListener.log Command line argument: -Dcatalina.base=C:\tomcat-8.0
03-Oct-2017 12:17:21.154 INFO [main] org.apache.catalina.startup.VersionLoggerListener.log Command line argument: -Dcatalina.home=C:\tomcat-8.0
03-Oct-2017 12:17:21.154 INFO [main] org.apache.catalina.startup.VersionLoggerListener.log Command line argument: -Djava.io.tmpdir=C:\tomcat-8.0\temp
03-Oct-2017 12:17:21.154 INFO [main] org.apache.catalina.core.AprLifecycleListener.lifecycleEvent Loaded APR based Apache Tomcat Native library 1.2.12 using APR version 1.5.2.
03-Oct-2017 12:17:21.154 INFO [main] org.apache.catalina.core.AprLifecycleListener.lifecycleEvent APR capabilities: IPv6 [true], sendfile [true], accept filters [false], random [true].
03-Oct-2017 12:17:21.844 INFO [main] org.apache.catalina.core.AprLifecycleListener.initializeSSL OpenSSL successfully initialized (OpenSSL 1.0.2k  26 Jan 2017)
03-Oct-2017 12:17:22.008 INFO [main] org.apache.coyote.AbstractProtocol.init Initializing ProtocolHandler ["http-apr-8080"]
03-Oct-2017 12:17:22.016 INFO [main] org.apache.coyote.AbstractProtocol.init Initializing ProtocolHandler ["ajp-apr-8009"]
03-Oct-2017 12:17:22.024 INFO [main] org.apache.catalina.startup.Catalina.load Initialization processed in 1372 ms
03-Oct-2017 12:17:22.056 INFO [main] org.apache.catalina.core.StandardService.startInternal Starting service Catalina
03-Oct-2017 12:17:22.056 INFO [main] org.apache.catalina.core.StandardEngine.startInternal Starting Servlet Engine: Apache Tomcat/8.0.46
03-Oct-2017 12:17:22.065 INFO [localhost-startStop-1] org.apache.catalina.startup.HostConfig.deployDescriptor Deploying configuration descriptor C:\tomcat-8.0\conf\Catalina\localhost\Project_1.xml
03-Oct-2017 12:17:22.580 INFO [localhost-startStop-1] org.apache.jasper.servlet.TldScanner.scanJars At least one JAR was scanned for TLDs yet contained no TLDs. Enable debug logging for this logger for a complete list of JARs that were scanned but no TLDs were found in them. Skipping unneeded JARs during scanning can improve startup time and JSP compilation time.
03-Oct-2017 12:17:22.781 INFO [localhost-startStop-1] org.apache.catalina.startup.HostConfig.deployDescriptor Deployment of configuration descriptor C:\tomcat-8.0\conf\Catalina\localhost\Project_1.xml has finished in 716 ms
03-Oct-2017 12:17:22.781 INFO [localhost-startStop-1] org.apache.catalina.startup.HostConfig.deployDirectory Deploying web application directory C:\tomcat-8.0\webapps\docs
03-Oct-2017 12:17:22.809 INFO [localhost-startStop-1] org.apache.catalina.startup.HostConfig.deployDirectory Deployment of web application directory C:\tomcat-8.0\webapps\docs has finished in 24 ms
03-Oct-2017 12:17:22.809 INFO [localhost-startStop-1] org.apache.catalina.startup.HostConfig.deployDirectory Deploying web application directory C:\tomcat-8.0\webapps\examples
03-Oct-2017 12:17:23.137 INFO [localhost-startStop-1] org.apache.catalina.startup.HostConfig.deployDirectory Deployment of web application directory C:\tomcat-8.0\webapps\examples has finished in 328 ms
03-Oct-2017 12:17:23.137 INFO [localhost-startStop-1] org.apache.catalina.startup.HostConfig.deployDirectory Deploying web application directory C:\tomcat-8.0\webapps\host-manager
03-Oct-2017 12:17:23.201 INFO [localhost-startStop-1] org.apache.catalina.startup.HostConfig.deployDirectory Deployment of web application directory C:\tomcat-8.0\webapps\host-manager has finished in 64 ms
03-Oct-2017 12:17:23.201 INFO [localhost-startStop-1] org.apache.catalina.startup.HostConfig.deployDirectory Deploying web application directory C:\tomcat-8.0\webapps\manager
03-Oct-2017 12:17:23.268 INFO [localhost-startStop-1] org.apache.catalina.startup.HostConfig.deployDirectory Deployment of web application directory C:\tomcat-8.0\webapps\manager has finished in 67 ms
03-Oct-2017 12:17:23.268 INFO [localhost-startStop-1] org.apache.catalina.startup.HostConfig.deployDirectory Deploying web application directory C:\tomcat-8.0\webapps\ROOT
03-Oct-2017 12:17:23.297 INFO [localhost-startStop-1] org.apache.catalina.startup.HostConfig.deployDirectory Deployment of web application directory C:\tomcat-8.0\webapps\ROOT has finished in 29 ms
03-Oct-2017 12:17:23.305 INFO [main] org.apache.coyote.AbstractProtocol.start Starting ProtocolHandler ["http-apr-8080"]
03-Oct-2017 12:17:23.330 INFO [main] org.apache.coyote.AbstractProtocol.start Starting ProtocolHandler ["ajp-apr-8009"]
03-Oct-2017 12:17:23.338 INFO [main] org.apache.catalina.startup.Catalina.start Server startup in 1310 ms
03-Oct-2017 12:17:23.782 INFO [http-apr-8080-exec-3] org.apache.catalina.startup.HostConfig.deployDescriptor Deploying configuration descriptor C:\tomcat-8.0\conf\Catalina\localhost\productMaint1.xml
03-Oct-2017 12:17:23.998 INFO [http-apr-8080-exec-3] org.apache.jasper.servlet.TldScanner.scanJars At least one JAR was scanned for TLDs yet contained no TLDs. Enable debug logging for this logger for a complete list of JARs that were scanned but no TLDs were found in them. Skipping unneeded JARs during scanning can improve startup time and JSP compilation time.
03-Oct-2017 12:17:24.019 INFO [http-apr-8080-exec-3] org.apache.catalina.startup.HostConfig.deployDescriptor Deployment of configuration descriptor C:\tomcat-8.0\conf\Catalina\localhost\productMaint1.xml has finished in 237 ms
03-Oct-2017 12:17:24.023 INFO [http-apr-8080-exec-2] org.apache.catalina.util.LifecycleBase.start The start() method was called on component [StandardEngine[Catalina].StandardHost[localhost].StandardContext[/productMaint1]] after start() had already been called. The second call will be ignored.
03-Oct-2017 14:01:53.385 INFO [main] org.apache.catalina.core.StandardServer.await A valid shutdown command was received via the shutdown port. Stopping the Server instance.
03-Oct-2017 14:01:53.385 INFO [main] org.apache.coyote.AbstractProtocol.pause Pausing ProtocolHandler ["http-apr-8080"]
03-Oct-2017 14:01:53.445 INFO [main] org.apache.coyote.AbstractProtocol.pause Pausing ProtocolHandler ["ajp-apr-8009"]
03-Oct-2017 14:01:53.497 INFO [main] org.apache.catalina.core.StandardService.stopInternal Stopping service Catalina
03-Oct-2017 14:01:53.537 INFO [main] org.apache.coyote.AbstractProtocol.stop Stopping ProtocolHandler ["http-apr-8080"]
03-Oct-2017 14:01:53.589 INFO [main] org.apache.coyote.AbstractProtocol.stop Stopping ProtocolHandler ["ajp-apr-8009"]
03-Oct-2017 14:01:53.640 INFO [main] org.apache.coyote.AbstractProtocol.destroy Destroying ProtocolHandler ["http-apr-8080"]
03-Oct-2017 14:01:53.640 INFO [main] org.apache.coyote.AbstractProtocol.destroy Destroying ProtocolHandler ["ajp-apr-8009"]
