24-Sep-2017 19:42:46.271 INFO [main] org.apache.catalina.startup.VersionLoggerListener.log Server version:        Apache Tomcat/8.0.46
24-Sep-2017 19:42:46.271 INFO [main] org.apache.catalina.startup.VersionLoggerListener.log Server built:          Aug 10 2017 10:10:31 UTC
24-Sep-2017 19:42:46.271 INFO [main] org.apache.catalina.startup.VersionLoggerListener.log Server number:         8.0.46.0
24-Sep-2017 19:42:46.271 INFO [main] org.apache.catalina.startup.VersionLoggerListener.log OS Name:               Windows 10
24-Sep-2017 19:42:46.271 INFO [main] org.apache.catalina.startup.VersionLoggerListener.log OS Version:            10.0
24-Sep-2017 19:42:46.271 INFO [main] org.apache.catalina.startup.VersionLoggerListener.log Architecture:          amd64
24-Sep-2017 19:42:46.271 INFO [main] org.apache.catalina.startup.VersionLoggerListener.log Java Home:             C:\Program Files\Java\jdk1.8.0_144\jre
24-Sep-2017 19:42:46.271 INFO [main] org.apache.catalina.startup.VersionLoggerListener.log JVM Version:           1.8.0_144-b01
24-Sep-2017 19:42:46.271 INFO [main] org.apache.catalina.startup.VersionLoggerListener.log JVM Vendor:            Oracle Corporation
24-Sep-2017 19:42:46.271 INFO [main] org.apache.catalina.startup.VersionLoggerListener.log CATALINA_BASE:         C:\tomcat-8.0
24-Sep-2017 19:42:46.271 INFO [main] org.apache.catalina.startup.VersionLoggerListener.log CATALINA_HOME:         C:\tomcat-8.0
24-Sep-2017 19:42:46.271 INFO [main] org.apache.catalina.startup.VersionLoggerListener.log Command line argument: -Djava.util.logging.config.file=C:\tomcat-8.0\conf\logging.properties
24-Sep-2017 19:42:46.271 INFO [main] org.apache.catalina.startup.VersionLoggerListener.log Command line argument: -Djava.util.logging.manager=org.apache.juli.ClassLoaderLogManager
24-Sep-2017 19:42:46.271 INFO [main] org.apache.catalina.startup.VersionLoggerListener.log Command line argument: -Dhttp.nonProxyHosts=localhost|127.0.0.1|WINDOWS-A3P9Q8H
24-Sep-2017 19:42:46.271 INFO [main] org.apache.catalina.startup.VersionLoggerListener.log Command line argument: -Djdk.tls.ephemeralDHKeySize=2048
24-Sep-2017 19:42:46.271 INFO [main] org.apache.catalina.startup.VersionLoggerListener.log Command line argument: -Djava.protocol.handler.pkgs=org.apache.catalina.webresources
24-Sep-2017 19:42:46.271 INFO [main] org.apache.catalina.startup.VersionLoggerListener.log Command line argument: -Djava.endorsed.dirs=C:\tomcat-8.0\endorsed
24-Sep-2017 19:42:46.271 INFO [main] org.apache.catalina.startup.VersionLoggerListener.log Command line argument: -Dcatalina.base=C:\tomcat-8.0
24-Sep-2017 19:42:46.271 INFO [main] org.apache.catalina.startup.VersionLoggerListener.log Command line argument: -Dcatalina.home=C:\tomcat-8.0
24-Sep-2017 19:42:46.271 INFO [main] org.apache.catalina.startup.VersionLoggerListener.log Command line argument: -Djava.io.tmpdir=C:\tomcat-8.0\temp
24-Sep-2017 19:42:46.271 INFO [main] org.apache.catalina.core.AprLifecycleListener.lifecycleEvent Loaded APR based Apache Tomcat Native library 1.2.12 using APR version 1.5.2.
24-Sep-2017 19:42:46.271 INFO [main] org.apache.catalina.core.AprLifecycleListener.lifecycleEvent APR capabilities: IPv6 [true], sendfile [true], accept filters [false], random [true].
24-Sep-2017 19:42:46.920 INFO [main] org.apache.catalina.core.AprLifecycleListener.initializeSSL OpenSSL successfully initialized (OpenSSL 1.0.2k  26 Jan 2017)
24-Sep-2017 19:42:47.102 INFO [main] org.apache.coyote.AbstractProtocol.init Initializing ProtocolHandler ["http-apr-8080"]
24-Sep-2017 19:42:47.102 INFO [main] org.apache.coyote.AbstractProtocol.init Initializing ProtocolHandler ["ajp-apr-8009"]
24-Sep-2017 19:42:47.102 INFO [main] org.apache.catalina.startup.Catalina.load Initialization processed in 1884 ms
24-Sep-2017 19:42:47.140 INFO [main] org.apache.catalina.core.StandardService.startInternal Starting service Catalina
24-Sep-2017 19:42:47.140 INFO [main] org.apache.catalina.core.StandardEngine.startInternal Starting Servlet Engine: Apache Tomcat/8.0.46
24-Sep-2017 19:42:47.140 INFO [localhost-startStop-1] org.apache.catalina.startup.HostConfig.deployDirectory Deploying web application directory C:\tomcat-8.0\webapps\docs
24-Sep-2017 19:42:47.472 INFO [localhost-startStop-1] org.apache.catalina.startup.HostConfig.deployDirectory Deployment of web application directory C:\tomcat-8.0\webapps\docs has finished in 332 ms
24-Sep-2017 19:42:47.472 INFO [localhost-startStop-1] org.apache.catalina.startup.HostConfig.deployDirectory Deploying web application directory C:\tomcat-8.0\webapps\examples
24-Sep-2017 19:42:47.820 INFO [localhost-startStop-1] org.apache.catalina.startup.HostConfig.deployDirectory Deployment of web application directory C:\tomcat-8.0\webapps\examples has finished in 348 ms
24-Sep-2017 19:42:47.820 INFO [localhost-startStop-1] org.apache.catalina.startup.HostConfig.deployDirectory Deploying web application directory C:\tomcat-8.0\webapps\host-manager
24-Sep-2017 19:42:47.857 INFO [localhost-startStop-1] org.apache.catalina.startup.HostConfig.deployDirectory Deployment of web application directory C:\tomcat-8.0\webapps\host-manager has finished in 37 ms
24-Sep-2017 19:42:47.857 INFO [localhost-startStop-1] org.apache.catalina.startup.HostConfig.deployDirectory Deploying web application directory C:\tomcat-8.0\webapps\manager
24-Sep-2017 19:42:47.889 INFO [localhost-startStop-1] org.apache.catalina.startup.HostConfig.deployDirectory Deployment of web application directory C:\tomcat-8.0\webapps\manager has finished in 32 ms
24-Sep-2017 19:42:47.889 INFO [localhost-startStop-1] org.apache.catalina.startup.HostConfig.deployDirectory Deploying web application directory C:\tomcat-8.0\webapps\ROOT
24-Sep-2017 19:42:47.920 INFO [localhost-startStop-1] org.apache.catalina.startup.HostConfig.deployDirectory Deployment of web application directory C:\tomcat-8.0\webapps\ROOT has finished in 31 ms
24-Sep-2017 19:42:47.920 INFO [main] org.apache.coyote.AbstractProtocol.start Starting ProtocolHandler ["http-apr-8080"]
24-Sep-2017 19:42:47.942 INFO [main] org.apache.coyote.AbstractProtocol.start Starting ProtocolHandler ["ajp-apr-8009"]
24-Sep-2017 19:42:47.942 INFO [main] org.apache.catalina.startup.Catalina.start Server startup in 836 ms
24-Sep-2017 19:42:48.274 INFO [http-apr-8080-exec-3] org.apache.catalina.startup.HostConfig.deployDescriptor Deploying configuration descriptor C:\tomcat-8.0\conf\Catalina\localhost\ch07_ex3_cart_sol.xml
24-Sep-2017 19:42:48.443 INFO [http-apr-8080-exec-3] org.apache.jasper.servlet.TldScanner.scanJars At least one JAR was scanned for TLDs yet contained no TLDs. Enable debug logging for this logger for a complete list of JARs that were scanned but no TLDs were found in them. Skipping unneeded JARs during scanning can improve startup time and JSP compilation time.
24-Sep-2017 19:42:48.459 INFO [http-apr-8080-exec-3] org.apache.catalina.startup.HostConfig.deployDescriptor Deployment of configuration descriptor C:\tomcat-8.0\conf\Catalina\localhost\ch07_ex3_cart_sol.xml has finished in 185 ms
24-Sep-2017 19:42:48.475 INFO [http-apr-8080-exec-2] org.apache.catalina.util.LifecycleBase.start The start() method was called on component [StandardEngine[Catalina].StandardHost[localhost].StandardContext[/ch07_ex3_cart_sol]] after start() had already been called. The second call will be ignored.
24-Sep-2017 19:43:31.349 INFO [http-apr-8080-exec-1] org.apache.catalina.core.StandardContext.reload Reloading Context with name [/ch07_ex3_cart_sol] has started
24-Sep-2017 19:43:31.488 INFO [http-apr-8080-exec-1] org.apache.jasper.servlet.TldScanner.scanJars At least one JAR was scanned for TLDs yet contained no TLDs. Enable debug logging for this logger for a complete list of JARs that were scanned but no TLDs were found in them. Skipping unneeded JARs during scanning can improve startup time and JSP compilation time.
24-Sep-2017 19:43:31.566 INFO [http-apr-8080-exec-1] org.apache.catalina.core.StandardContext.reload Reloading Context with name [/ch07_ex3_cart_sol] is completed
24-Sep-2017 19:46:03.031 INFO [http-apr-8080-exec-12] org.apache.catalina.core.StandardContext.reload Reloading Context with name [/ch07_ex3_cart_sol] has started
24-Sep-2017 19:46:03.163 INFO [http-apr-8080-exec-12] org.apache.jasper.servlet.TldScanner.scanJars At least one JAR was scanned for TLDs yet contained no TLDs. Enable debug logging for this logger for a complete list of JARs that were scanned but no TLDs were found in them. Skipping unneeded JARs during scanning can improve startup time and JSP compilation time.
24-Sep-2017 19:46:03.183 INFO [http-apr-8080-exec-12] org.apache.catalina.core.StandardContext.reload Reloading Context with name [/ch07_ex3_cart_sol] is completed
24-Sep-2017 20:07:13.987 INFO [main] org.apache.catalina.startup.VersionLoggerListener.log Server version:        Apache Tomcat/8.0.46
24-Sep-2017 20:07:13.987 INFO [main] org.apache.catalina.startup.VersionLoggerListener.log Server built:          Aug 10 2017 10:10:31 UTC
24-Sep-2017 20:07:13.987 INFO [main] org.apache.catalina.startup.VersionLoggerListener.log Server number:         8.0.46.0
24-Sep-2017 20:07:13.987 INFO [main] org.apache.catalina.startup.VersionLoggerListener.log OS Name:               Windows 10
24-Sep-2017 20:07:13.987 INFO [main] org.apache.catalina.startup.VersionLoggerListener.log OS Version:            10.0
24-Sep-2017 20:07:13.987 INFO [main] org.apache.catalina.startup.VersionLoggerListener.log Architecture:          amd64
24-Sep-2017 20:07:13.987 INFO [main] org.apache.catalina.startup.VersionLoggerListener.log Java Home:             C:\Program Files\Java\jdk1.8.0_144\jre
24-Sep-2017 20:07:13.987 INFO [main] org.apache.catalina.startup.VersionLoggerListener.log JVM Version:           1.8.0_144-b01
24-Sep-2017 20:07:13.987 INFO [main] org.apache.catalina.startup.VersionLoggerListener.log JVM Vendor:            Oracle Corporation
24-Sep-2017 20:07:13.987 INFO [main] org.apache.catalina.startup.VersionLoggerListener.log CATALINA_BASE:         C:\tomcat-8.0
24-Sep-2017 20:07:13.987 INFO [main] org.apache.catalina.startup.VersionLoggerListener.log CATALINA_HOME:         C:\tomcat-8.0
24-Sep-2017 20:07:13.987 INFO [main] org.apache.catalina.startup.VersionLoggerListener.log Command line argument: -Djava.util.logging.config.file=C:\tomcat-8.0\conf\logging.properties
24-Sep-2017 20:07:13.987 INFO [main] org.apache.catalina.startup.VersionLoggerListener.log Command line argument: -Djava.util.logging.manager=org.apache.juli.ClassLoaderLogManager
24-Sep-2017 20:07:13.987 INFO [main] org.apache.catalina.startup.VersionLoggerListener.log Command line argument: -Dhttp.nonProxyHosts=localhost|127.0.0.1|WINDOWS-A3P9Q8H
24-Sep-2017 20:07:13.987 INFO [main] org.apache.catalina.startup.VersionLoggerListener.log Command line argument: -Djdk.tls.ephemeralDHKeySize=2048
24-Sep-2017 20:07:13.987 INFO [main] org.apache.catalina.startup.VersionLoggerListener.log Command line argument: -Djava.protocol.handler.pkgs=org.apache.catalina.webresources
24-Sep-2017 20:07:13.987 INFO [main] org.apache.catalina.startup.VersionLoggerListener.log Command line argument: -Djava.endorsed.dirs=C:\tomcat-8.0\endorsed
24-Sep-2017 20:07:13.987 INFO [main] org.apache.catalina.startup.VersionLoggerListener.log Command line argument: -Dcatalina.base=C:\tomcat-8.0
24-Sep-2017 20:07:13.987 INFO [main] org.apache.catalina.startup.VersionLoggerListener.log Command line argument: -Dcatalina.home=C:\tomcat-8.0
24-Sep-2017 20:07:13.987 INFO [main] org.apache.catalina.startup.VersionLoggerListener.log Command line argument: -Djava.io.tmpdir=C:\tomcat-8.0\temp
24-Sep-2017 20:07:13.987 INFO [main] org.apache.catalina.core.AprLifecycleListener.lifecycleEvent Loaded APR based Apache Tomcat Native library 1.2.12 using APR version 1.5.2.
24-Sep-2017 20:07:13.987 INFO [main] org.apache.catalina.core.AprLifecycleListener.lifecycleEvent APR capabilities: IPv6 [true], sendfile [true], accept filters [false], random [true].
24-Sep-2017 20:07:14.570 INFO [main] org.apache.catalina.core.AprLifecycleListener.initializeSSL OpenSSL successfully initialized (OpenSSL 1.0.2k  26 Jan 2017)
24-Sep-2017 20:07:14.684 INFO [main] org.apache.coyote.AbstractProtocol.init Initializing ProtocolHandler ["http-apr-8080"]
24-Sep-2017 20:07:14.700 INFO [main] org.apache.coyote.AbstractProtocol.init Initializing ProtocolHandler ["ajp-apr-8009"]
24-Sep-2017 20:07:14.700 INFO [main] org.apache.catalina.startup.Catalina.load Initialization processed in 1083 ms
24-Sep-2017 20:07:14.731 INFO [main] org.apache.catalina.core.StandardService.startInternal Starting service Catalina
24-Sep-2017 20:07:14.731 INFO [main] org.apache.catalina.core.StandardEngine.startInternal Starting Servlet Engine: Apache Tomcat/8.0.46
24-Sep-2017 20:07:14.731 INFO [localhost-startStop-1] org.apache.catalina.startup.HostConfig.deployDescriptor Deploying configuration descriptor C:\tomcat-8.0\conf\Catalina\localhost\ch07_ex3_cart_sol.xml
24-Sep-2017 20:07:15.254 INFO [localhost-startStop-1] org.apache.jasper.servlet.TldScanner.scanJars At least one JAR was scanned for TLDs yet contained no TLDs. Enable debug logging for this logger for a complete list of JARs that were scanned but no TLDs were found in them. Skipping unneeded JARs during scanning can improve startup time and JSP compilation time.
24-Sep-2017 20:07:15.379 INFO [localhost-startStop-1] org.apache.catalina.startup.HostConfig.deployDescriptor Deployment of configuration descriptor C:\tomcat-8.0\conf\Catalina\localhost\ch07_ex3_cart_sol.xml has finished in 648 ms
24-Sep-2017 20:07:15.379 INFO [localhost-startStop-1] org.apache.catalina.startup.HostConfig.deployDirectory Deploying web application directory C:\tomcat-8.0\webapps\docs
24-Sep-2017 20:07:15.410 INFO [localhost-startStop-1] org.apache.catalina.startup.HostConfig.deployDirectory Deployment of web application directory C:\tomcat-8.0\webapps\docs has finished in 31 ms
24-Sep-2017 20:07:15.410 INFO [localhost-startStop-1] org.apache.catalina.startup.HostConfig.deployDirectory Deploying web application directory C:\tomcat-8.0\webapps\examples
24-Sep-2017 20:07:15.707 INFO [localhost-startStop-1] org.apache.catalina.startup.HostConfig.deployDirectory Deployment of web application directory C:\tomcat-8.0\webapps\examples has finished in 297 ms
24-Sep-2017 20:07:15.707 INFO [localhost-startStop-1] org.apache.catalina.startup.HostConfig.deployDirectory Deploying web application directory C:\tomcat-8.0\webapps\host-manager
24-Sep-2017 20:07:15.738 INFO [localhost-startStop-1] org.apache.catalina.startup.HostConfig.deployDirectory Deployment of web application directory C:\tomcat-8.0\webapps\host-manager has finished in 31 ms
24-Sep-2017 20:07:15.738 INFO [localhost-startStop-1] org.apache.catalina.startup.HostConfig.deployDirectory Deploying web application directory C:\tomcat-8.0\webapps\manager
24-Sep-2017 20:07:15.770 INFO [localhost-startStop-1] org.apache.catalina.startup.HostConfig.deployDirectory Deployment of web application directory C:\tomcat-8.0\webapps\manager has finished in 32 ms
24-Sep-2017 20:07:15.770 INFO [localhost-startStop-1] org.apache.catalina.startup.HostConfig.deployDirectory Deploying web application directory C:\tomcat-8.0\webapps\ROOT
24-Sep-2017 20:07:15.801 INFO [localhost-startStop-1] org.apache.catalina.startup.HostConfig.deployDirectory Deployment of web application directory C:\tomcat-8.0\webapps\ROOT has finished in 31 ms
24-Sep-2017 20:07:15.801 INFO [main] org.apache.coyote.AbstractProtocol.start Starting ProtocolHandler ["http-apr-8080"]
24-Sep-2017 20:07:15.817 INFO [main] org.apache.coyote.AbstractProtocol.start Starting ProtocolHandler ["ajp-apr-8009"]
24-Sep-2017 20:07:15.832 INFO [main] org.apache.catalina.startup.Catalina.start Server startup in 1127 ms
24-Sep-2017 20:45:02.751 INFO [main] org.apache.catalina.core.StandardServer.await A valid shutdown command was received via the shutdown port. Stopping the Server instance.
24-Sep-2017 20:45:02.751 INFO [main] org.apache.coyote.AbstractProtocol.pause Pausing ProtocolHandler ["http-apr-8080"]
24-Sep-2017 20:45:02.813 INFO [main] org.apache.coyote.AbstractProtocol.pause Pausing ProtocolHandler ["ajp-apr-8009"]
24-Sep-2017 20:45:02.876 INFO [main] org.apache.catalina.core.StandardService.stopInternal Stopping service Catalina
24-Sep-2017 20:45:02.970 INFO [main] org.apache.coyote.AbstractProtocol.stop Stopping ProtocolHandler ["http-apr-8080"]
24-Sep-2017 20:45:03.032 INFO [main] org.apache.coyote.AbstractProtocol.stop Stopping ProtocolHandler ["ajp-apr-8009"]
24-Sep-2017 20:45:03.095 INFO [main] org.apache.coyote.AbstractProtocol.destroy Destroying ProtocolHandler ["http-apr-8080"]
24-Sep-2017 20:45:03.095 INFO [main] org.apache.coyote.AbstractProtocol.destroy Destroying ProtocolHandler ["ajp-apr-8009"]
24-Sep-2017 20:45:40.705 INFO [main] org.apache.catalina.startup.VersionLoggerListener.log Server version:        Apache Tomcat/8.0.46
24-Sep-2017 20:45:40.707 INFO [main] org.apache.catalina.startup.VersionLoggerListener.log Server built:          Aug 10 2017 10:10:31 UTC
24-Sep-2017 20:45:40.707 INFO [main] org.apache.catalina.startup.VersionLoggerListener.log Server number:         8.0.46.0
24-Sep-2017 20:45:40.707 INFO [main] org.apache.catalina.startup.VersionLoggerListener.log OS Name:               Windows 10
24-Sep-2017 20:45:40.707 INFO [main] org.apache.catalina.startup.VersionLoggerListener.log OS Version:            10.0
24-Sep-2017 20:45:40.708 INFO [main] org.apache.catalina.startup.VersionLoggerListener.log Architecture:          amd64
24-Sep-2017 20:45:40.708 INFO [main] org.apache.catalina.startup.VersionLoggerListener.log Java Home:             C:\Program Files\Java\jdk1.8.0_144\jre
24-Sep-2017 20:45:40.708 INFO [main] org.apache.catalina.startup.VersionLoggerListener.log JVM Version:           1.8.0_144-b01
24-Sep-2017 20:45:40.708 INFO [main] org.apache.catalina.startup.VersionLoggerListener.log JVM Vendor:            Oracle Corporation
24-Sep-2017 20:45:40.708 INFO [main] org.apache.catalina.startup.VersionLoggerListener.log CATALINA_BASE:         C:\tomcat-8.0
24-Sep-2017 20:45:40.708 INFO [main] org.apache.catalina.startup.VersionLoggerListener.log CATALINA_HOME:         C:\tomcat-8.0
24-Sep-2017 20:45:40.708 INFO [main] org.apache.catalina.startup.VersionLoggerListener.log Command line argument: -Djava.util.logging.config.file=C:\tomcat-8.0\conf\logging.properties
24-Sep-2017 20:45:40.708 INFO [main] org.apache.catalina.startup.VersionLoggerListener.log Command line argument: -Djava.util.logging.manager=org.apache.juli.ClassLoaderLogManager
24-Sep-2017 20:45:40.708 INFO [main] org.apache.catalina.startup.VersionLoggerListener.log Command line argument: -Dhttp.nonProxyHosts=localhost|127.0.0.1|WINDOWS-A3P9Q8H
24-Sep-2017 20:45:40.709 INFO [main] org.apache.catalina.startup.VersionLoggerListener.log Command line argument: -Djdk.tls.ephemeralDHKeySize=2048
24-Sep-2017 20:45:40.709 INFO [main] org.apache.catalina.startup.VersionLoggerListener.log Command line argument: -Djava.protocol.handler.pkgs=org.apache.catalina.webresources
24-Sep-2017 20:45:40.709 INFO [main] org.apache.catalina.startup.VersionLoggerListener.log Command line argument: -Djava.endorsed.dirs=C:\tomcat-8.0\endorsed
24-Sep-2017 20:45:40.709 INFO [main] org.apache.catalina.startup.VersionLoggerListener.log Command line argument: -Dcatalina.base=C:\tomcat-8.0
24-Sep-2017 20:45:40.709 INFO [main] org.apache.catalina.startup.VersionLoggerListener.log Command line argument: -Dcatalina.home=C:\tomcat-8.0
24-Sep-2017 20:45:40.709 INFO [main] org.apache.catalina.startup.VersionLoggerListener.log Command line argument: -Djava.io.tmpdir=C:\tomcat-8.0\temp
24-Sep-2017 20:45:40.709 INFO [main] org.apache.catalina.core.AprLifecycleListener.lifecycleEvent Loaded APR based Apache Tomcat Native library 1.2.12 using APR version 1.5.2.
24-Sep-2017 20:45:40.709 INFO [main] org.apache.catalina.core.AprLifecycleListener.lifecycleEvent APR capabilities: IPv6 [true], sendfile [true], accept filters [false], random [true].
24-Sep-2017 20:45:41.213 INFO [main] org.apache.catalina.core.AprLifecycleListener.initializeSSL OpenSSL successfully initialized (OpenSSL 1.0.2k  26 Jan 2017)
24-Sep-2017 20:45:41.338 INFO [main] org.apache.coyote.AbstractProtocol.init Initializing ProtocolHandler ["http-apr-8080"]
24-Sep-2017 20:45:41.369 INFO [main] org.apache.coyote.AbstractProtocol.init Initializing ProtocolHandler ["ajp-apr-8009"]
24-Sep-2017 20:45:41.369 INFO [main] org.apache.catalina.startup.Catalina.load Initialization processed in 1006 ms
24-Sep-2017 20:45:41.385 INFO [main] org.apache.catalina.core.StandardService.startInternal Starting service Catalina
24-Sep-2017 20:45:41.385 INFO [main] org.apache.catalina.core.StandardEngine.startInternal Starting Servlet Engine: Apache Tomcat/8.0.46
24-Sep-2017 20:45:41.400 INFO [localhost-startStop-1] org.apache.catalina.startup.HostConfig.deployDescriptor Deploying configuration descriptor C:\tomcat-8.0\conf\Catalina\localhost\ch07_ex3_cart_sol.xml
24-Sep-2017 20:45:41.851 INFO [localhost-startStop-1] org.apache.jasper.servlet.TldScanner.scanJars At least one JAR was scanned for TLDs yet contained no TLDs. Enable debug logging for this logger for a complete list of JARs that were scanned but no TLDs were found in them. Skipping unneeded JARs during scanning can improve startup time and JSP compilation time.
24-Sep-2017 20:45:42.012 INFO [localhost-startStop-1] org.apache.catalina.startup.HostConfig.deployDescriptor Deployment of configuration descriptor C:\tomcat-8.0\conf\Catalina\localhost\ch07_ex3_cart_sol.xml has finished in 612 ms
24-Sep-2017 20:45:42.012 INFO [localhost-startStop-1] org.apache.catalina.startup.HostConfig.deployDirectory Deploying web application directory C:\tomcat-8.0\webapps\docs
24-Sep-2017 20:45:42.044 INFO [localhost-startStop-1] org.apache.catalina.startup.HostConfig.deployDirectory Deployment of web application directory C:\tomcat-8.0\webapps\docs has finished in 32 ms
24-Sep-2017 20:45:42.044 INFO [localhost-startStop-1] org.apache.catalina.startup.HostConfig.deployDirectory Deploying web application directory C:\tomcat-8.0\webapps\examples
24-Sep-2017 20:45:42.341 INFO [localhost-startStop-1] org.apache.catalina.startup.HostConfig.deployDirectory Deployment of web application directory C:\tomcat-8.0\webapps\examples has finished in 297 ms
24-Sep-2017 20:45:42.341 INFO [localhost-startStop-1] org.apache.catalina.startup.HostConfig.deployDirectory Deploying web application directory C:\tomcat-8.0\webapps\host-manager
24-Sep-2017 20:45:42.372 INFO [localhost-startStop-1] org.apache.catalina.startup.HostConfig.deployDirectory Deployment of web application directory C:\tomcat-8.0\webapps\host-manager has finished in 31 ms
24-Sep-2017 20:45:42.372 INFO [localhost-startStop-1] org.apache.catalina.startup.HostConfig.deployDirectory Deploying web application directory C:\tomcat-8.0\webapps\manager
24-Sep-2017 20:45:42.387 INFO [localhost-startStop-1] org.apache.catalina.startup.HostConfig.deployDirectory Deployment of web application directory C:\tomcat-8.0\webapps\manager has finished in 15 ms
24-Sep-2017 20:45:42.403 INFO [localhost-startStop-1] org.apache.catalina.startup.HostConfig.deployDirectory Deploying web application directory C:\tomcat-8.0\webapps\ROOT
24-Sep-2017 20:45:42.419 INFO [localhost-startStop-1] org.apache.catalina.startup.HostConfig.deployDirectory Deployment of web application directory C:\tomcat-8.0\webapps\ROOT has finished in 16 ms
24-Sep-2017 20:45:42.434 INFO [main] org.apache.coyote.AbstractProtocol.start Starting ProtocolHandler ["http-apr-8080"]
24-Sep-2017 20:45:42.450 INFO [main] org.apache.coyote.AbstractProtocol.start Starting ProtocolHandler ["ajp-apr-8009"]
24-Sep-2017 20:45:42.450 INFO [main] org.apache.catalina.startup.Catalina.start Server startup in 1082 ms
24-Sep-2017 21:01:23.153 INFO [ContainerBackgroundProcessor[StandardEngine[Catalina]]] org.apache.catalina.startup.HostConfig.reload Reloading context [/ch07_ex3_cart_sol]
24-Sep-2017 21:01:23.153 INFO [ContainerBackgroundProcessor[StandardEngine[Catalina]]] org.apache.catalina.core.StandardContext.reload Reloading Context with name [/ch07_ex3_cart_sol] has started
24-Sep-2017 21:01:23.387 INFO [ContainerBackgroundProcessor[StandardEngine[Catalina]]] org.apache.catalina.core.StandardContext.reload Reloading Context with name [/ch07_ex3_cart_sol] is completed
24-Sep-2017 21:03:05.001 INFO [main] org.apache.catalina.core.StandardServer.await A valid shutdown command was received via the shutdown port. Stopping the Server instance.
24-Sep-2017 21:03:05.001 INFO [main] org.apache.coyote.AbstractProtocol.pause Pausing ProtocolHandler ["http-apr-8080"]
24-Sep-2017 21:03:05.080 INFO [main] org.apache.coyote.AbstractProtocol.pause Pausing ProtocolHandler ["ajp-apr-8009"]
24-Sep-2017 21:03:05.142 INFO [main] org.apache.catalina.core.StandardService.stopInternal Stopping service Catalina
24-Sep-2017 21:03:05.220 INFO [main] org.apache.coyote.AbstractProtocol.stop Stopping ProtocolHandler ["http-apr-8080"]
24-Sep-2017 21:03:05.283 INFO [main] org.apache.coyote.AbstractProtocol.stop Stopping ProtocolHandler ["ajp-apr-8009"]
24-Sep-2017 21:03:05.345 INFO [main] org.apache.coyote.AbstractProtocol.destroy Destroying ProtocolHandler ["http-apr-8080"]
24-Sep-2017 21:03:05.345 INFO [main] org.apache.coyote.AbstractProtocol.destroy Destroying ProtocolHandler ["ajp-apr-8009"]
24-Sep-2017 21:48:55.927 INFO [main] org.apache.catalina.startup.VersionLoggerListener.log Server version:        Apache Tomcat/8.0.46
24-Sep-2017 21:48:55.927 INFO [main] org.apache.catalina.startup.VersionLoggerListener.log Server built:          Aug 10 2017 10:10:31 UTC
24-Sep-2017 21:48:55.927 INFO [main] org.apache.catalina.startup.VersionLoggerListener.log Server number:         8.0.46.0
24-Sep-2017 21:48:55.927 INFO [main] org.apache.catalina.startup.VersionLoggerListener.log OS Name:               Windows 10
24-Sep-2017 21:48:55.927 INFO [main] org.apache.catalina.startup.VersionLoggerListener.log OS Version:            10.0
24-Sep-2017 21:48:55.927 INFO [main] org.apache.catalina.startup.VersionLoggerListener.log Architecture:          amd64
24-Sep-2017 21:48:55.927 INFO [main] org.apache.catalina.startup.VersionLoggerListener.log Java Home:             C:\Program Files\Java\jdk1.8.0_144\jre
24-Sep-2017 21:48:55.927 INFO [main] org.apache.catalina.startup.VersionLoggerListener.log JVM Version:           1.8.0_144-b01
24-Sep-2017 21:48:55.927 INFO [main] org.apache.catalina.startup.VersionLoggerListener.log JVM Vendor:            Oracle Corporation
24-Sep-2017 21:48:55.927 INFO [main] org.apache.catalina.startup.VersionLoggerListener.log CATALINA_BASE:         C:\tomcat-8.0
24-Sep-2017 21:48:55.927 INFO [main] org.apache.catalina.startup.VersionLoggerListener.log CATALINA_HOME:         C:\tomcat-8.0
24-Sep-2017 21:48:55.927 INFO [main] org.apache.catalina.startup.VersionLoggerListener.log Command line argument: -Djava.util.logging.config.file=C:\tomcat-8.0\conf\logging.properties
24-Sep-2017 21:48:55.927 INFO [main] org.apache.catalina.startup.VersionLoggerListener.log Command line argument: -Djava.util.logging.manager=org.apache.juli.ClassLoaderLogManager
24-Sep-2017 21:48:55.927 INFO [main] org.apache.catalina.startup.VersionLoggerListener.log Command line argument: -Dhttp.nonProxyHosts=localhost|127.0.0.1|WINDOWS-A3P9Q8H
24-Sep-2017 21:48:55.927 INFO [main] org.apache.catalina.startup.VersionLoggerListener.log Command line argument: -Djdk.tls.ephemeralDHKeySize=2048
24-Sep-2017 21:48:55.927 INFO [main] org.apache.catalina.startup.VersionLoggerListener.log Command line argument: -Djava.protocol.handler.pkgs=org.apache.catalina.webresources
24-Sep-2017 21:48:55.927 INFO [main] org.apache.catalina.startup.VersionLoggerListener.log Command line argument: -Djava.endorsed.dirs=C:\tomcat-8.0\endorsed
24-Sep-2017 21:48:55.927 INFO [main] org.apache.catalina.startup.VersionLoggerListener.log Command line argument: -Dcatalina.base=C:\tomcat-8.0
24-Sep-2017 21:48:55.927 INFO [main] org.apache.catalina.startup.VersionLoggerListener.log Command line argument: -Dcatalina.home=C:\tomcat-8.0
24-Sep-2017 21:48:55.927 INFO [main] org.apache.catalina.startup.VersionLoggerListener.log Command line argument: -Djava.io.tmpdir=C:\tomcat-8.0\temp
24-Sep-2017 21:48:55.927 INFO [main] org.apache.catalina.core.AprLifecycleListener.lifecycleEvent Loaded APR based Apache Tomcat Native library 1.2.12 using APR version 1.5.2.
24-Sep-2017 21:48:55.927 INFO [main] org.apache.catalina.core.AprLifecycleListener.lifecycleEvent APR capabilities: IPv6 [true], sendfile [true], accept filters [false], random [true].
24-Sep-2017 21:48:56.505 INFO [main] org.apache.catalina.core.AprLifecycleListener.initializeSSL OpenSSL successfully initialized (OpenSSL 1.0.2k  26 Jan 2017)
24-Sep-2017 21:48:56.646 INFO [main] org.apache.coyote.AbstractProtocol.init Initializing ProtocolHandler ["http-apr-8080"]
24-Sep-2017 21:48:56.646 INFO [main] org.apache.coyote.AbstractProtocol.init Initializing ProtocolHandler ["ajp-apr-8009"]
24-Sep-2017 21:48:56.646 INFO [main] org.apache.catalina.startup.Catalina.load Initialization processed in 1055 ms
24-Sep-2017 21:48:56.677 INFO [main] org.apache.catalina.core.StandardService.startInternal Starting service Catalina
24-Sep-2017 21:48:56.693 INFO [main] org.apache.catalina.core.StandardEngine.startInternal Starting Servlet Engine: Apache Tomcat/8.0.46
24-Sep-2017 21:48:56.693 INFO [localhost-startStop-1] org.apache.catalina.startup.HostConfig.deployDescriptor Deploying configuration descriptor C:\tomcat-8.0\conf\Catalina\localhost\ch07_ex3_cart_sol.xml
24-Sep-2017 21:48:57.146 INFO [localhost-startStop-1] org.apache.jasper.servlet.TldScanner.scanJars At least one JAR was scanned for TLDs yet contained no TLDs. Enable debug logging for this logger for a complete list of JARs that were scanned but no TLDs were found in them. Skipping unneeded JARs during scanning can improve startup time and JSP compilation time.
24-Sep-2017 21:48:57.302 INFO [localhost-startStop-1] org.apache.catalina.startup.HostConfig.deployDescriptor Deployment of configuration descriptor C:\tomcat-8.0\conf\Catalina\localhost\ch07_ex3_cart_sol.xml has finished in 609 ms
24-Sep-2017 21:48:57.302 INFO [localhost-startStop-1] org.apache.catalina.startup.HostConfig.deployDirectory Deploying web application directory C:\tomcat-8.0\webapps\docs
24-Sep-2017 21:48:57.334 INFO [localhost-startStop-1] org.apache.catalina.startup.HostConfig.deployDirectory Deployment of web application directory C:\tomcat-8.0\webapps\docs has finished in 32 ms
24-Sep-2017 21:48:57.334 INFO [localhost-startStop-1] org.apache.catalina.startup.HostConfig.deployDirectory Deploying web application directory C:\tomcat-8.0\webapps\examples
24-Sep-2017 21:48:57.599 INFO [localhost-startStop-1] org.apache.catalina.startup.HostConfig.deployDirectory Deployment of web application directory C:\tomcat-8.0\webapps\examples has finished in 265 ms
24-Sep-2017 21:48:57.599 INFO [localhost-startStop-1] org.apache.catalina.startup.HostConfig.deployDirectory Deploying web application directory C:\tomcat-8.0\webapps\host-manager
24-Sep-2017 21:48:57.693 INFO [localhost-startStop-1] org.apache.catalina.startup.HostConfig.deployDirectory Deployment of web application directory C:\tomcat-8.0\webapps\host-manager has finished in 94 ms
24-Sep-2017 21:48:57.693 INFO [localhost-startStop-1] org.apache.catalina.startup.HostConfig.deployDirectory Deploying web application directory C:\tomcat-8.0\webapps\manager
24-Sep-2017 21:48:57.724 INFO [localhost-startStop-1] org.apache.catalina.startup.HostConfig.deployDirectory Deployment of web application directory C:\tomcat-8.0\webapps\manager has finished in 31 ms
24-Sep-2017 21:48:57.724 INFO [localhost-startStop-1] org.apache.catalina.startup.HostConfig.deployDirectory Deploying web application directory C:\tomcat-8.0\webapps\ROOT
24-Sep-2017 21:48:57.771 INFO [localhost-startStop-1] org.apache.catalina.startup.HostConfig.deployDirectory Deployment of web application directory C:\tomcat-8.0\webapps\ROOT has finished in 47 ms
24-Sep-2017 21:48:57.771 INFO [main] org.apache.coyote.AbstractProtocol.start Starting ProtocolHandler ["http-apr-8080"]
24-Sep-2017 21:48:57.787 INFO [main] org.apache.coyote.AbstractProtocol.start Starting ProtocolHandler ["ajp-apr-8009"]
24-Sep-2017 21:48:57.787 INFO [main] org.apache.catalina.startup.Catalina.start Server startup in 1144 ms
24-Sep-2017 21:48:58.209 INFO [http-apr-8080-exec-3] org.apache.catalina.core.StandardContext.reload Reloading Context with name [/ch07_ex3_cart_sol] has started
24-Sep-2017 21:48:58.615 INFO [http-apr-8080-exec-3] org.apache.catalina.core.StandardContext.reload Reloading Context with name [/ch07_ex3_cart_sol] is completed
24-Sep-2017 21:56:36.835 INFO [main] org.apache.catalina.core.StandardServer.await A valid shutdown command was received via the shutdown port. Stopping the Server instance.
24-Sep-2017 21:56:36.835 INFO [main] org.apache.coyote.AbstractProtocol.pause Pausing ProtocolHandler ["http-apr-8080"]
24-Sep-2017 21:56:36.898 INFO [main] org.apache.coyote.AbstractProtocol.pause Pausing ProtocolHandler ["ajp-apr-8009"]
24-Sep-2017 21:56:36.960 INFO [main] org.apache.catalina.core.StandardService.stopInternal Stopping service Catalina
24-Sep-2017 21:56:37.022 INFO [main] org.apache.coyote.AbstractProtocol.stop Stopping ProtocolHandler ["http-apr-8080"]
24-Sep-2017 21:56:37.078 INFO [main] org.apache.coyote.AbstractProtocol.stop Stopping ProtocolHandler ["ajp-apr-8009"]
24-Sep-2017 21:56:37.191 INFO [main] org.apache.coyote.AbstractProtocol.destroy Destroying ProtocolHandler ["http-apr-8080"]
24-Sep-2017 21:56:37.191 INFO [main] org.apache.coyote.AbstractProtocol.destroy Destroying ProtocolHandler ["ajp-apr-8009"]
24-Sep-2017 21:56:40.422 INFO [main] org.apache.catalina.startup.VersionLoggerListener.log Server version:        Apache Tomcat/8.0.46
24-Sep-2017 21:56:40.422 INFO [main] org.apache.catalina.startup.VersionLoggerListener.log Server built:          Aug 10 2017 10:10:31 UTC
24-Sep-2017 21:56:40.422 INFO [main] org.apache.catalina.startup.VersionLoggerListener.log Server number:         8.0.46.0
24-Sep-2017 21:56:40.422 INFO [main] org.apache.catalina.startup.VersionLoggerListener.log OS Name:               Windows 10
24-Sep-2017 21:56:40.422 INFO [main] org.apache.catalina.startup.VersionLoggerListener.log OS Version:            10.0
24-Sep-2017 21:56:40.422 INFO [main] org.apache.catalina.startup.VersionLoggerListener.log Architecture:          amd64
24-Sep-2017 21:56:40.422 INFO [main] org.apache.catalina.startup.VersionLoggerListener.log Java Home:             C:\Program Files\Java\jdk1.8.0_144\jre
24-Sep-2017 21:56:40.422 INFO [main] org.apache.catalina.startup.VersionLoggerListener.log JVM Version:           1.8.0_144-b01
24-Sep-2017 21:56:40.422 INFO [main] org.apache.catalina.startup.VersionLoggerListener.log JVM Vendor:            Oracle Corporation
24-Sep-2017 21:56:40.422 INFO [main] org.apache.catalina.startup.VersionLoggerListener.log CATALINA_BASE:         C:\tomcat-8.0
24-Sep-2017 21:56:40.422 INFO [main] org.apache.catalina.startup.VersionLoggerListener.log CATALINA_HOME:         C:\tomcat-8.0
24-Sep-2017 21:56:40.422 INFO [main] org.apache.catalina.startup.VersionLoggerListener.log Command line argument: -Djava.util.logging.config.file=C:\tomcat-8.0\conf\logging.properties
24-Sep-2017 21:56:40.422 INFO [main] org.apache.catalina.startup.VersionLoggerListener.log Command line argument: -Djava.util.logging.manager=org.apache.juli.ClassLoaderLogManager
24-Sep-2017 21:56:40.422 INFO [main] org.apache.catalina.startup.VersionLoggerListener.log Command line argument: -Dhttp.nonProxyHosts=localhost|127.0.0.1|WINDOWS-A3P9Q8H
24-Sep-2017 21:56:40.422 INFO [main] org.apache.catalina.startup.VersionLoggerListener.log Command line argument: -Djdk.tls.ephemeralDHKeySize=2048
24-Sep-2017 21:56:40.422 INFO [main] org.apache.catalina.startup.VersionLoggerListener.log Command line argument: -Djava.protocol.handler.pkgs=org.apache.catalina.webresources
24-Sep-2017 21:56:40.422 INFO [main] org.apache.catalina.startup.VersionLoggerListener.log Command line argument: -agentlib:jdwp=transport=dt_shmem,address=tomcat_shared_memory_id,server=y,suspend=n
24-Sep-2017 21:56:40.422 INFO [main] org.apache.catalina.startup.VersionLoggerListener.log Command line argument: -Djava.endorsed.dirs=C:\tomcat-8.0\endorsed
24-Sep-2017 21:56:40.422 INFO [main] org.apache.catalina.startup.VersionLoggerListener.log Command line argument: -Dcatalina.base=C:\tomcat-8.0
24-Sep-2017 21:56:40.422 INFO [main] org.apache.catalina.startup.VersionLoggerListener.log Command line argument: -Dcatalina.home=C:\tomcat-8.0
24-Sep-2017 21:56:40.422 INFO [main] org.apache.catalina.startup.VersionLoggerListener.log Command line argument: -Djava.io.tmpdir=C:\tomcat-8.0\temp
24-Sep-2017 21:56:40.422 INFO [main] org.apache.catalina.core.AprLifecycleListener.lifecycleEvent Loaded APR based Apache Tomcat Native library 1.2.12 using APR version 1.5.2.
24-Sep-2017 21:56:40.422 INFO [main] org.apache.catalina.core.AprLifecycleListener.lifecycleEvent APR capabilities: IPv6 [true], sendfile [true], accept filters [false], random [true].
24-Sep-2017 21:56:41.016 INFO [main] org.apache.catalina.core.AprLifecycleListener.initializeSSL OpenSSL successfully initialized (OpenSSL 1.0.2k  26 Jan 2017)
24-Sep-2017 21:56:41.125 INFO [main] org.apache.coyote.AbstractProtocol.init Initializing ProtocolHandler ["http-apr-8080"]
24-Sep-2017 21:56:41.141 INFO [main] org.apache.coyote.AbstractProtocol.init Initializing ProtocolHandler ["ajp-apr-8009"]
24-Sep-2017 21:56:41.141 INFO [main] org.apache.catalina.startup.Catalina.load Initialization processed in 1062 ms
24-Sep-2017 21:56:41.172 INFO [main] org.apache.catalina.core.StandardService.startInternal Starting service Catalina
24-Sep-2017 21:56:41.172 INFO [main] org.apache.catalina.core.StandardEngine.startInternal Starting Servlet Engine: Apache Tomcat/8.0.46
24-Sep-2017 21:56:41.188 INFO [localhost-startStop-1] org.apache.catalina.startup.HostConfig.deployDescriptor Deploying configuration descriptor C:\tomcat-8.0\conf\Catalina\localhost\ch07_ex3_cart_sol.xml
24-Sep-2017 21:56:41.688 INFO [localhost-startStop-1] org.apache.jasper.servlet.TldScanner.scanJars At least one JAR was scanned for TLDs yet contained no TLDs. Enable debug logging for this logger for a complete list of JARs that were scanned but no TLDs were found in them. Skipping unneeded JARs during scanning can improve startup time and JSP compilation time.
24-Sep-2017 21:56:41.844 INFO [localhost-startStop-1] org.apache.catalina.startup.HostConfig.deployDescriptor Deployment of configuration descriptor C:\tomcat-8.0\conf\Catalina\localhost\ch07_ex3_cart_sol.xml has finished in 656 ms
24-Sep-2017 21:56:41.844 INFO [localhost-startStop-1] org.apache.catalina.startup.HostConfig.deployDirectory Deploying web application directory C:\tomcat-8.0\webapps\docs
24-Sep-2017 21:56:41.875 INFO [localhost-startStop-1] org.apache.catalina.startup.HostConfig.deployDirectory Deployment of web application directory C:\tomcat-8.0\webapps\docs has finished in 31 ms
24-Sep-2017 21:56:41.875 INFO [localhost-startStop-1] org.apache.catalina.startup.HostConfig.deployDirectory Deploying web application directory C:\tomcat-8.0\webapps\examples
24-Sep-2017 21:56:42.157 INFO [localhost-startStop-1] org.apache.catalina.startup.HostConfig.deployDirectory Deployment of web application directory C:\tomcat-8.0\webapps\examples has finished in 282 ms
24-Sep-2017 21:56:42.157 INFO [localhost-startStop-1] org.apache.catalina.startup.HostConfig.deployDirectory Deploying web application directory C:\tomcat-8.0\webapps\host-manager
24-Sep-2017 21:56:42.203 INFO [localhost-startStop-1] org.apache.catalina.startup.HostConfig.deployDirectory Deployment of web application directory C:\tomcat-8.0\webapps\host-manager has finished in 46 ms
24-Sep-2017 21:56:42.203 INFO [localhost-startStop-1] org.apache.catalina.startup.HostConfig.deployDirectory Deploying web application directory C:\tomcat-8.0\webapps\manager
24-Sep-2017 21:56:42.219 INFO [localhost-startStop-1] org.apache.catalina.startup.HostConfig.deployDirectory Deployment of web application directory C:\tomcat-8.0\webapps\manager has finished in 16 ms
24-Sep-2017 21:56:42.219 INFO [localhost-startStop-1] org.apache.catalina.startup.HostConfig.deployDirectory Deploying web application directory C:\tomcat-8.0\webapps\ROOT
24-Sep-2017 21:56:42.250 INFO [localhost-startStop-1] org.apache.catalina.startup.HostConfig.deployDirectory Deployment of web application directory C:\tomcat-8.0\webapps\ROOT has finished in 31 ms
24-Sep-2017 21:56:42.250 INFO [main] org.apache.coyote.AbstractProtocol.start Starting ProtocolHandler ["http-apr-8080"]
24-Sep-2017 21:56:42.282 INFO [main] org.apache.coyote.AbstractProtocol.start Starting ProtocolHandler ["ajp-apr-8009"]
24-Sep-2017 21:56:42.282 INFO [main] org.apache.catalina.startup.Catalina.start Server startup in 1147 ms
24-Sep-2017 21:56:44.235 INFO [http-apr-8080-exec-6] org.apache.catalina.startup.HostConfig.undeploy Undeploying context [/ch07_ex3_cart_sol]
24-Sep-2017 21:56:44.282 INFO [http-apr-8080-exec-3] org.apache.catalina.startup.HostConfig.deployDescriptor Deploying configuration descriptor C:\tomcat-8.0\conf\Catalina\localhost\ch07_ex3_cart_sol.xml
24-Sep-2017 21:56:44.516 INFO [http-apr-8080-exec-3] org.apache.catalina.startup.HostConfig.deployDescriptor Deployment of configuration descriptor C:\tomcat-8.0\conf\Catalina\localhost\ch07_ex3_cart_sol.xml has finished in 234 ms
24-Sep-2017 21:56:44.516 INFO [http-apr-8080-exec-2] org.apache.catalina.util.LifecycleBase.start The start() method was called on component [StandardEngine[Catalina].StandardHost[localhost].StandardContext[/ch07_ex3_cart_sol]] after start() had already been called. The second call will be ignored.
