07-Nov-2017 12:34:29.908 INFO [http-apr-8080-exec-4] org.apache.catalina.core.ApplicationContext.log Manager: init: Associated with Deployer 'Catalina:type=Deployer,host=localhost'
07-Nov-2017 12:34:29.908 INFO [http-apr-8080-exec-4] org.apache.catalina.core.ApplicationContext.log Manager: init: Global resources are available
07-Nov-2017 12:34:29.909 INFO [http-apr-8080-exec-4] org.apache.catalina.core.ApplicationContext.log Manager: list: Listing contexts for virtual host 'localhost'
07-Nov-2017 12:34:29.916 INFO [http-apr-8080-exec-3] org.apache.catalina.core.ApplicationContext.log Manager: list: Listing contexts for virtual host 'localhost'
07-Nov-2017 12:34:29.949 INFO [http-apr-8080-exec-5] org.apache.catalina.core.ApplicationContext.log Manager: undeploy: Undeploying web application at '/productMaint2'
07-Nov-2017 12:34:30.557 INFO [http-apr-8080-exec-8] org.apache.catalina.core.ApplicationContext.log Manager: install: Installing context configuration at 'file:/C:/Users/Pbyrd/AppData/Local/Temp/context4723533819650522727.xml'
07-Nov-2017 12:34:32.613 INFO [http-apr-8080-exec-6] org.apache.catalina.core.ApplicationContext.log Manager: start: Starting web application '/productMaint2'
07-Nov-2017 12:36:45.231 INFO [http-apr-8080-exec-19] org.apache.catalina.core.ApplicationContext.log Manager: list: Listing contexts for virtual host 'localhost'
07-Nov-2017 12:36:45.234 INFO [http-apr-8080-exec-11] org.apache.catalina.core.ApplicationContext.log Manager: list: Listing contexts for virtual host 'localhost'
07-Nov-2017 12:36:45.263 INFO [http-apr-8080-exec-12] org.apache.catalina.core.ApplicationContext.log Manager: undeploy: Undeploying web application at '/productMaint2'
07-Nov-2017 12:36:45.841 INFO [http-apr-8080-exec-15] org.apache.catalina.core.ApplicationContext.log Manager: install: Installing context configuration at 'file:/C:/Users/Pbyrd/AppData/Local/Temp/context4856453298007834874.xml'
07-Nov-2017 12:36:47.752 INFO [http-apr-8080-exec-17] org.apache.catalina.core.ApplicationContext.log Manager: start: Starting web application '/productMaint2'
07-Nov-2017 12:37:44.681 INFO [http-apr-8080-exec-24] org.apache.catalina.core.ApplicationContext.log Manager: list: Listing contexts for virtual host 'localhost'
07-Nov-2017 12:37:44.686 INFO [http-apr-8080-exec-25] org.apache.catalina.core.ApplicationContext.log Manager: list: Listing contexts for virtual host 'localhost'
07-Nov-2017 12:37:44.708 INFO [http-apr-8080-exec-17] org.apache.catalina.core.ApplicationContext.log Manager: undeploy: Undeploying web application at '/productMaint2'
07-Nov-2017 12:37:45.271 INFO [http-apr-8080-exec-14] org.apache.catalina.core.ApplicationContext.log Manager: install: Installing context configuration at 'file:/C:/Users/Pbyrd/AppData/Local/Temp/context1827265997055118268.xml'
07-Nov-2017 12:37:47.065 INFO [http-apr-8080-exec-23] org.apache.catalina.core.ApplicationContext.log Manager: start: Starting web application '/productMaint2'
07-Nov-2017 12:38:26.842 INFO [http-apr-8080-exec-29] org.apache.catalina.core.ApplicationContext.log Manager: list: Listing contexts for virtual host 'localhost'
07-Nov-2017 12:38:26.845 INFO [http-apr-8080-exec-30] org.apache.catalina.core.ApplicationContext.log Manager: list: Listing contexts for virtual host 'localhost'
07-Nov-2017 12:38:26.877 INFO [http-apr-8080-exec-26] org.apache.catalina.core.ApplicationContext.log Manager: undeploy: Undeploying web application at '/productMaint2'
07-Nov-2017 12:38:27.475 INFO [http-apr-8080-exec-27] org.apache.catalina.core.ApplicationContext.log Manager: install: Installing context configuration at 'file:/C:/Users/Pbyrd/AppData/Local/Temp/context8366257098993880181.xml'
07-Nov-2017 12:38:29.431 INFO [http-apr-8080-exec-29] org.apache.catalina.core.ApplicationContext.log Manager: start: Starting web application '/productMaint2'
07-Nov-2017 12:39:29.789 INFO [http-apr-8080-exec-35] org.apache.catalina.core.ApplicationContext.log Manager: list: Listing contexts for virtual host 'localhost'
07-Nov-2017 12:39:29.792 INFO [http-apr-8080-exec-31] org.apache.catalina.core.ApplicationContext.log Manager: list: Listing contexts for virtual host 'localhost'
07-Nov-2017 12:39:29.810 INFO [http-apr-8080-exec-36] org.apache.catalina.core.ApplicationContext.log Manager: undeploy: Undeploying web application at '/productMaint2'
07-Nov-2017 12:39:30.385 INFO [http-apr-8080-exec-31] org.apache.catalina.core.ApplicationContext.log Manager: install: Installing context configuration at 'file:/C:/Users/Pbyrd/AppData/Local/Temp/context5131387183637389280.xml'
07-Nov-2017 12:39:32.116 INFO [http-apr-8080-exec-28] org.apache.catalina.core.ApplicationContext.log Manager: start: Starting web application '/productMaint2'
07-Nov-2017 12:40:11.480 INFO [http-apr-8080-exec-40] org.apache.catalina.core.ApplicationContext.log Manager: list: Listing contexts for virtual host 'localhost'
07-Nov-2017 12:40:11.483 INFO [http-apr-8080-exec-41] org.apache.catalina.core.ApplicationContext.log Manager: list: Listing contexts for virtual host 'localhost'
07-Nov-2017 12:40:11.503 INFO [http-apr-8080-exec-37] org.apache.catalina.core.ApplicationContext.log Manager: undeploy: Undeploying web application at '/productMaint2'
07-Nov-2017 12:40:12.087 INFO [http-apr-8080-exec-40] org.apache.catalina.core.ApplicationContext.log Manager: install: Installing context configuration at 'file:/C:/Users/Pbyrd/AppData/Local/Temp/context8267482060304824241.xml'
07-Nov-2017 12:40:14.080 INFO [http-apr-8080-exec-28] org.apache.catalina.core.ApplicationContext.log Manager: start: Starting web application '/productMaint2'
07-Nov-2017 12:41:21.035 INFO [http-apr-8080-exec-38] org.apache.catalina.core.ApplicationContext.log Manager: list: Listing contexts for virtual host 'localhost'
07-Nov-2017 12:41:21.039 INFO [http-apr-8080-exec-42] org.apache.catalina.core.ApplicationContext.log Manager: list: Listing contexts for virtual host 'localhost'
07-Nov-2017 12:41:21.060 INFO [http-apr-8080-exec-43] org.apache.catalina.core.ApplicationContext.log Manager: undeploy: Undeploying web application at '/productMaint2'
07-Nov-2017 12:41:21.657 INFO [http-apr-8080-exec-45] org.apache.catalina.core.ApplicationContext.log Manager: install: Installing context configuration at 'file:/C:/Users/Pbyrd/AppData/Local/Temp/context4164555478934514012.xml'
07-Nov-2017 12:41:23.365 INFO [http-apr-8080-exec-47] org.apache.catalina.core.ApplicationContext.log Manager: start: Starting web application '/productMaint2'
07-Nov-2017 12:45:06.814 INFO [http-apr-8080-exec-58] org.apache.catalina.core.ApplicationContext.log Manager: list: Listing contexts for virtual host 'localhost'
07-Nov-2017 12:45:06.816 INFO [http-apr-8080-exec-50] org.apache.catalina.core.ApplicationContext.log Manager: list: Listing contexts for virtual host 'localhost'
07-Nov-2017 12:45:06.837 INFO [http-apr-8080-exec-51] org.apache.catalina.core.ApplicationContext.log Manager: undeploy: Undeploying web application at '/productMaint2'
07-Nov-2017 12:45:07.427 INFO [http-apr-8080-exec-53] org.apache.catalina.core.ApplicationContext.log Manager: install: Installing context configuration at 'file:/C:/Users/Pbyrd/AppData/Local/Temp/context1887490659285735192.xml'
07-Nov-2017 12:45:09.553 INFO [http-apr-8080-exec-57] org.apache.catalina.core.ApplicationContext.log Manager: start: Starting web application '/productMaint2'
07-Nov-2017 12:48:17.676 INFO [http-apr-8080-exec-52] org.apache.catalina.core.ApplicationContext.log Manager: list: Listing contexts for virtual host 'localhost'
07-Nov-2017 12:48:17.679 INFO [http-apr-8080-exec-59] org.apache.catalina.core.ApplicationContext.log Manager: list: Listing contexts for virtual host 'localhost'
07-Nov-2017 12:48:17.705 INFO [http-apr-8080-exec-60] org.apache.catalina.core.ApplicationContext.log Manager: undeploy: Undeploying web application at '/productMaint2'
07-Nov-2017 12:48:18.280 INFO [http-apr-8080-exec-59] org.apache.catalina.core.ApplicationContext.log Manager: install: Installing context configuration at 'file:/C:/Users/Pbyrd/AppData/Local/Temp/context1810368102243423854.xml'
07-Nov-2017 12:48:20.212 INFO [http-apr-8080-exec-62] org.apache.catalina.core.ApplicationContext.log Manager: start: Starting web application '/productMaint2'
07-Nov-2017 12:49:25.645 INFO [http-apr-8080-exec-61] org.apache.catalina.core.ApplicationContext.log Manager: list: Listing contexts for virtual host 'localhost'
07-Nov-2017 12:49:25.648 INFO [http-apr-8080-exec-68] org.apache.catalina.core.ApplicationContext.log Manager: list: Listing contexts for virtual host 'localhost'
07-Nov-2017 12:49:25.669 INFO [http-apr-8080-exec-69] org.apache.catalina.core.ApplicationContext.log Manager: undeploy: Undeploying web application at '/productMaint2'
07-Nov-2017 12:49:26.251 INFO [http-apr-8080-exec-68] org.apache.catalina.core.ApplicationContext.log Manager: install: Installing context configuration at 'file:/C:/Users/Pbyrd/AppData/Local/Temp/context3562485708052096106.xml'
07-Nov-2017 12:49:28.154 INFO [http-apr-8080-exec-73] org.apache.catalina.core.ApplicationContext.log Manager: start: Starting web application '/productMaint2'
07-Nov-2017 12:50:40.441 INFO [http-apr-8080-exec-61] org.apache.catalina.core.ApplicationContext.log Manager: list: Listing contexts for virtual host 'localhost'
07-Nov-2017 12:50:40.444 INFO [http-apr-8080-exec-75] org.apache.catalina.core.ApplicationContext.log Manager: list: Listing contexts for virtual host 'localhost'
07-Nov-2017 12:50:40.463 INFO [http-apr-8080-exec-76] org.apache.catalina.core.ApplicationContext.log Manager: undeploy: Undeploying web application at '/productMaint2'
07-Nov-2017 12:50:41.045 INFO [http-apr-8080-exec-80] org.apache.catalina.core.ApplicationContext.log Manager: install: Installing context configuration at 'file:/C:/Users/Pbyrd/AppData/Local/Temp/context3343320750270275508.xml'
07-Nov-2017 12:50:42.726 INFO [http-apr-8080-exec-79] org.apache.catalina.core.ApplicationContext.log Manager: start: Starting web application '/productMaint2'
07-Nov-2017 12:55:16.734 INFO [http-apr-8080-exec-91] org.apache.catalina.core.ApplicationContext.log Manager: list: Listing contexts for virtual host 'localhost'
07-Nov-2017 12:55:16.737 INFO [http-apr-8080-exec-84] org.apache.catalina.core.ApplicationContext.log Manager: list: Listing contexts for virtual host 'localhost'
07-Nov-2017 12:55:16.757 INFO [http-apr-8080-exec-85] org.apache.catalina.core.ApplicationContext.log Manager: undeploy: Undeploying web application at '/productMaint2'
07-Nov-2017 12:55:17.333 INFO [http-apr-8080-exec-83] org.apache.catalina.core.ApplicationContext.log Manager: install: Installing context configuration at 'file:/C:/Users/Pbyrd/AppData/Local/Temp/context4219351368529160665.xml'
07-Nov-2017 12:55:19.117 INFO [http-apr-8080-exec-86] org.apache.catalina.core.ApplicationContext.log Manager: start: Starting web application '/productMaint2'
07-Nov-2017 13:05:45.737 INFO [http-apr-8080-exec-101] org.apache.catalina.core.ApplicationContext.log Manager: list: Listing contexts for virtual host 'localhost'
07-Nov-2017 13:05:45.739 INFO [http-apr-8080-exec-92] org.apache.catalina.core.ApplicationContext.log Manager: list: Listing contexts for virtual host 'localhost'
07-Nov-2017 13:05:45.757 INFO [http-apr-8080-exec-93] org.apache.catalina.core.ApplicationContext.log Manager: undeploy: Undeploying web application at '/productMaint2'
07-Nov-2017 13:05:46.323 INFO [http-apr-8080-exec-94] org.apache.catalina.core.ApplicationContext.log Manager: install: Installing context configuration at 'file:/C:/Users/Pbyrd/AppData/Local/Temp/context3094224353026124735.xml'
07-Nov-2017 13:05:48.272 INFO [http-apr-8080-exec-97] org.apache.catalina.core.ApplicationContext.log Manager: start: Starting web application '/productMaint2'
07-Nov-2017 13:06:45.514 INFO [http-apr-8080-exec-104] org.apache.catalina.core.ApplicationContext.log Manager: list: Listing contexts for virtual host 'localhost'
07-Nov-2017 13:06:45.516 INFO [http-apr-8080-exec-105] org.apache.catalina.core.ApplicationContext.log Manager: list: Listing contexts for virtual host 'localhost'
07-Nov-2017 13:06:45.531 INFO [http-apr-8080-exec-98] org.apache.catalina.core.ApplicationContext.log Manager: undeploy: Undeploying web application at '/productMaint2'
07-Nov-2017 13:06:46.110 INFO [http-apr-8080-exec-103] org.apache.catalina.core.ApplicationContext.log Manager: install: Installing context configuration at 'file:/C:/Users/Pbyrd/AppData/Local/Temp/context546928635543130750.xml'
07-Nov-2017 13:06:47.826 INFO [http-apr-8080-exec-105] org.apache.catalina.core.ApplicationContext.log Manager: start: Starting web application '/productMaint2'
07-Nov-2017 13:08:38.095 INFO [http-apr-8080-exec-92] org.apache.catalina.core.ApplicationContext.log Manager: list: Listing contexts for virtual host 'localhost'
07-Nov-2017 13:08:38.097 INFO [http-apr-8080-exec-106] org.apache.catalina.core.ApplicationContext.log Manager: list: Listing contexts for virtual host 'localhost'
07-Nov-2017 13:08:38.114 INFO [http-apr-8080-exec-107] org.apache.catalina.core.ApplicationContext.log Manager: undeploy: Undeploying web application at '/productMaint2'
07-Nov-2017 13:08:38.692 INFO [http-apr-8080-exec-106] org.apache.catalina.core.ApplicationContext.log Manager: install: Installing context configuration at 'file:/C:/Users/Pbyrd/AppData/Local/Temp/context2582289359166933586.xml'
07-Nov-2017 13:08:40.483 INFO [http-apr-8080-exec-111] org.apache.catalina.core.ApplicationContext.log Manager: start: Starting web application '/productMaint2'
07-Nov-2017 13:10:56.141 INFO [http-apr-8080-exec-108] org.apache.catalina.core.ApplicationContext.log Manager: list: Listing contexts for virtual host 'localhost'
07-Nov-2017 13:10:56.144 INFO [http-apr-8080-exec-113] org.apache.catalina.core.ApplicationContext.log Manager: list: Listing contexts for virtual host 'localhost'
07-Nov-2017 13:10:56.164 INFO [http-apr-8080-exec-114] org.apache.catalina.core.ApplicationContext.log Manager: undeploy: Undeploying web application at '/productMaint2'
07-Nov-2017 13:10:56.742 INFO [http-apr-8080-exec-113] org.apache.catalina.core.ApplicationContext.log Manager: install: Installing context configuration at 'file:/C:/Users/Pbyrd/AppData/Local/Temp/context2181738625217687905.xml'
07-Nov-2017 13:10:58.602 INFO [http-apr-8080-exec-119] org.apache.catalina.core.ApplicationContext.log Manager: start: Starting web application '/productMaint2'
07-Nov-2017 13:15:46.371 INFO [http-apr-8080-exec-102] org.apache.catalina.core.ApplicationContext.log Manager: list: Listing contexts for virtual host 'localhost'
07-Nov-2017 13:15:46.373 INFO [http-apr-8080-exec-121] org.apache.catalina.core.ApplicationContext.log Manager: list: Listing contexts for virtual host 'localhost'
07-Nov-2017 13:15:46.394 INFO [http-apr-8080-exec-122] org.apache.catalina.core.ApplicationContext.log Manager: undeploy: Undeploying web application at '/productMaint2'
07-Nov-2017 13:15:46.969 INFO [http-apr-8080-exec-126] org.apache.catalina.core.ApplicationContext.log Manager: install: Installing context configuration at 'file:/C:/Users/Pbyrd/AppData/Local/Temp/context9155223771469463372.xml'
07-Nov-2017 13:15:49.140 INFO [198] org.apache.catalina.core.ApplicationContext.log Manager: start: Starting web application '/productMaint2'
07-Nov-2017 13:17:28.666 INFO [http-apr-8080-exec-129] org.apache.catalina.core.ApplicationContext.log Manager: list: Listing contexts for virtual host 'localhost'
07-Nov-2017 13:17:28.669 INFO [http-apr-8080-exec-131] org.apache.catalina.core.ApplicationContext.log Manager: list: Listing contexts for virtual host 'localhost'
07-Nov-2017 13:17:28.686 INFO [http-apr-8080-exec-132] org.apache.catalina.core.ApplicationContext.log Manager: undeploy: Undeploying web application at '/productMaint2'
07-Nov-2017 13:17:29.256 INFO [http-apr-8080-exec-137] org.apache.catalina.core.ApplicationContext.log Manager: install: Installing context configuration at 'file:/C:/Users/Pbyrd/AppData/Local/Temp/context2408181902664413376.xml'
07-Nov-2017 13:17:31.216 INFO [http-apr-8080-exec-134] org.apache.catalina.core.ApplicationContext.log Manager: start: Starting web application '/productMaint2'
07-Nov-2017 13:18:07.558 INFO [http-apr-8080-exec-142] org.apache.catalina.core.ApplicationContext.log Manager: list: Listing contexts for virtual host 'localhost'
07-Nov-2017 13:18:07.560 INFO [http-apr-8080-exec-138] org.apache.catalina.core.ApplicationContext.log Manager: list: Listing contexts for virtual host 'localhost'
07-Nov-2017 13:18:07.585 INFO [http-apr-8080-exec-143] org.apache.catalina.core.ApplicationContext.log Manager: undeploy: Undeploying web application at '/productMaint2'
07-Nov-2017 13:18:08.177 INFO [http-apr-8080-exec-141] org.apache.catalina.core.ApplicationContext.log Manager: install: Installing context configuration at 'file:/C:/Users/Pbyrd/AppData/Local/Temp/context4041229742398159383.xml'
07-Nov-2017 13:18:10.072 INFO [http-apr-8080-exec-138] org.apache.catalina.core.ApplicationContext.log Manager: start: Starting web application '/productMaint2'
07-Nov-2017 13:18:39.526 INFO [http-apr-8080-exec-146] org.apache.catalina.core.ApplicationContext.log Manager: list: Listing contexts for virtual host 'localhost'
07-Nov-2017 13:18:39.529 INFO [http-apr-8080-exec-147] org.apache.catalina.core.ApplicationContext.log Manager: list: Listing contexts for virtual host 'localhost'
07-Nov-2017 13:18:39.550 INFO [http-apr-8080-exec-143] org.apache.catalina.core.ApplicationContext.log Manager: undeploy: Undeploying web application at '/productMaint2'
07-Nov-2017 13:18:40.156 INFO [http-apr-8080-exec-144] org.apache.catalina.core.ApplicationContext.log Manager: install: Installing context configuration at 'file:/C:/Users/Pbyrd/AppData/Local/Temp/context6776215508039524093.xml'
07-Nov-2017 13:18:41.783 INFO [http-apr-8080-exec-138] org.apache.catalina.core.ApplicationContext.log Manager: start: Starting web application '/productMaint2'
07-Nov-2017 13:20:19.539 INFO [http-apr-8080-exec-142] org.apache.catalina.core.ApplicationContext.log Manager: list: Listing contexts for virtual host 'localhost'
07-Nov-2017 13:20:19.542 INFO [http-apr-8080-exec-148] org.apache.catalina.core.ApplicationContext.log Manager: list: Listing contexts for virtual host 'localhost'
07-Nov-2017 13:20:19.565 INFO [http-apr-8080-exec-149] org.apache.catalina.core.ApplicationContext.log Manager: undeploy: Undeploying web application at '/productMaint2'
07-Nov-2017 13:20:20.130 INFO [http-apr-8080-exec-153] org.apache.catalina.core.ApplicationContext.log Manager: install: Installing context configuration at 'file:/C:/Users/Pbyrd/AppData/Local/Temp/context5577335350338981074.xml'
07-Nov-2017 13:20:21.958 INFO [http-apr-8080-exec-151] org.apache.catalina.core.ApplicationContext.log Manager: start: Starting web application '/productMaint2'
07-Nov-2017 13:21:47.271 INFO [http-apr-8080-exec-142] org.apache.catalina.core.ApplicationContext.log Manager: list: Listing contexts for virtual host 'localhost'
07-Nov-2017 13:21:47.274 INFO [http-apr-8080-exec-154] org.apache.catalina.core.ApplicationContext.log Manager: list: Listing contexts for virtual host 'localhost'
07-Nov-2017 13:21:47.292 INFO [http-apr-8080-exec-155] org.apache.catalina.core.ApplicationContext.log Manager: undeploy: Undeploying web application at '/productMaint2'
07-Nov-2017 13:21:47.854 INFO [http-apr-8080-exec-160] org.apache.catalina.core.ApplicationContext.log Manager: install: Installing context configuration at 'file:/C:/Users/Pbyrd/AppData/Local/Temp/context8288248464209281056.xml'
07-Nov-2017 13:21:49.801 INFO [http-apr-8080-exec-136] org.apache.catalina.core.ApplicationContext.log Manager: start: Starting web application '/productMaint2'
07-Nov-2017 13:25:03.117 INFO [http-apr-8080-exec-157] org.apache.catalina.core.ApplicationContext.log Manager: list: Listing contexts for virtual host 'localhost'
07-Nov-2017 13:25:03.120 INFO [http-apr-8080-exec-161] org.apache.catalina.core.ApplicationContext.log Manager: list: Listing contexts for virtual host 'localhost'
07-Nov-2017 13:25:03.132 INFO [http-apr-8080-exec-162] org.apache.catalina.core.ApplicationContext.log Manager: undeploy: Undeploying web application at '/productMaint2'
07-Nov-2017 13:25:03.695 INFO [http-apr-8080-exec-163] org.apache.catalina.core.ApplicationContext.log Manager: install: Installing context configuration at 'file:/C:/Users/Pbyrd/AppData/Local/Temp/context48496951279153371.xml'
07-Nov-2017 13:25:05.615 INFO [http-apr-8080-exec-165] org.apache.catalina.core.ApplicationContext.log Manager: start: Starting web application '/productMaint2'
07-Nov-2017 13:25:44.430 INFO [http-apr-8080-exec-173] org.apache.catalina.core.ApplicationContext.log Manager: list: Listing contexts for virtual host 'localhost'
07-Nov-2017 13:25:44.433 INFO [http-apr-8080-exec-174] org.apache.catalina.core.ApplicationContext.log Manager: list: Listing contexts for virtual host 'localhost'
07-Nov-2017 13:25:44.449 INFO [http-apr-8080-exec-170] org.apache.catalina.core.ApplicationContext.log Manager: undeploy: Undeploying web application at '/productMaint2'
07-Nov-2017 13:25:45.031 INFO [http-apr-8080-exec-173] org.apache.catalina.core.ApplicationContext.log Manager: install: Installing context configuration at 'file:/C:/Users/Pbyrd/AppData/Local/Temp/context4681313101718493139.xml'
07-Nov-2017 13:25:46.861 INFO [http-apr-8080-exec-165] org.apache.catalina.core.ApplicationContext.log Manager: start: Starting web application '/productMaint2'
07-Nov-2017 13:29:42.463 INFO [http-apr-8080-exec-172] org.apache.catalina.core.ApplicationContext.log Manager: list: Listing contexts for virtual host 'localhost'
07-Nov-2017 13:29:42.471 INFO [http-apr-8080-exec-176] org.apache.catalina.core.ApplicationContext.log Manager: list: Listing contexts for virtual host 'localhost'
07-Nov-2017 13:29:42.476 INFO [http-apr-8080-exec-177] org.apache.catalina.core.ApplicationContext.log Manager: install: Installing context configuration at 'file:/C:/Users/Pbyrd/AppData/Local/Temp/context8343038867647378068.xml'
07-Nov-2017 13:29:44.014 INFO [http-apr-8080-exec-178] org.apache.catalina.core.ApplicationContext.log Manager: start: Starting web application '/CorriganProject4'
07-Nov-2017 15:04:44.476 INFO [http-apr-8080-exec-7] org.apache.catalina.core.ApplicationContext.log Manager: init: Associated with Deployer 'Catalina:type=Deployer,host=localhost'
07-Nov-2017 15:04:44.476 INFO [http-apr-8080-exec-7] org.apache.catalina.core.ApplicationContext.log Manager: init: Global resources are available
07-Nov-2017 15:04:44.476 INFO [http-apr-8080-exec-7] org.apache.catalina.core.ApplicationContext.log Manager: list: Listing contexts for virtual host 'localhost'
07-Nov-2017 15:04:44.492 INFO [http-apr-8080-exec-8] org.apache.catalina.core.ApplicationContext.log Manager: list: Listing contexts for virtual host 'localhost'
07-Nov-2017 15:04:44.914 INFO [http-apr-8080-exec-10] org.apache.catalina.core.ApplicationContext.log Manager: stop: Stopping web application '/CorriganProject4'
07-Nov-2017 15:04:44.929 INFO [http-apr-8080-exec-8] org.apache.catalina.core.ApplicationContext.log Manager: start: Starting web application '/CorriganProject4'
07-Nov-2017 15:05:51.057 INFO [http-apr-8080-exec-20] org.apache.catalina.core.ApplicationContext.log Manager: list: Listing contexts for virtual host 'localhost'
07-Nov-2017 15:05:51.057 INFO [http-apr-8080-exec-14] org.apache.catalina.core.ApplicationContext.log Manager: list: Listing contexts for virtual host 'localhost'
07-Nov-2017 15:05:51.104 INFO [http-apr-8080-exec-15] org.apache.catalina.core.ApplicationContext.log Manager: undeploy: Undeploying web application at '/productMaint2'
07-Nov-2017 15:05:51.714 INFO [http-apr-8080-exec-12] org.apache.catalina.core.ApplicationContext.log Manager: install: Installing context configuration at 'file:/C:/Users/Pbyrd/AppData/Local/Temp/context2327206485728591850.xml'
07-Nov-2017 15:05:53.792 INFO [http-apr-8080-exec-14] org.apache.catalina.core.ApplicationContext.log Manager: start: Starting web application '/productMaint2'
07-Nov-2017 15:06:18.997 INFO [http-apr-8080-exec-18] org.apache.catalina.core.ApplicationContext.log Manager: list: Listing contexts for virtual host 'localhost'
07-Nov-2017 15:06:19.013 INFO [http-apr-8080-exec-24] org.apache.catalina.core.ApplicationContext.log Manager: list: Listing contexts for virtual host 'localhost'
07-Nov-2017 15:06:19.044 INFO [http-apr-8080-exec-25] org.apache.catalina.core.ApplicationContext.log Manager: undeploy: Undeploying web application at '/productMaint2'
07-Nov-2017 15:06:19.606 INFO [http-apr-8080-exec-14] org.apache.catalina.core.ApplicationContext.log Manager: install: Installing context configuration at 'file:/C:/Users/Pbyrd/AppData/Local/Temp/context2489524479067477537.xml'
07-Nov-2017 15:06:21.950 INFO [http-apr-8080-exec-15] org.apache.catalina.core.ApplicationContext.log Manager: start: Starting web application '/productMaint2'
07-Nov-2017 20:05:04.541 INFO [http-apr-8080-exec-4] org.apache.catalina.core.ApplicationContext.log Manager: init: Associated with Deployer 'Catalina:type=Deployer,host=localhost'
07-Nov-2017 20:05:04.541 INFO [http-apr-8080-exec-4] org.apache.catalina.core.ApplicationContext.log Manager: init: Global resources are available
07-Nov-2017 20:05:04.556 INFO [http-apr-8080-exec-4] org.apache.catalina.core.ApplicationContext.log Manager: list: Listing contexts for virtual host 'localhost'
07-Nov-2017 20:05:04.556 INFO [http-apr-8080-exec-5] org.apache.catalina.core.ApplicationContext.log Manager: list: Listing contexts for virtual host 'localhost'
07-Nov-2017 20:05:04.588 INFO [http-apr-8080-exec-7] org.apache.catalina.core.ApplicationContext.log Manager: undeploy: Undeploying web application at '/productMaint2'
07-Nov-2017 20:05:05.166 INFO [http-apr-8080-exec-8] org.apache.catalina.core.ApplicationContext.log Manager: install: Installing context configuration at 'file:/C:/Users/Pbyrd/AppData/Local/Temp/context622881647574401380.xml'
07-Nov-2017 20:05:07.354 INFO [http-apr-8080-exec-6] org.apache.catalina.core.ApplicationContext.log Manager: start: Starting web application '/productMaint2'
07-Nov-2017 20:06:22.891 INFO [http-apr-8080-exec-4] org.apache.catalina.core.ApplicationContext.log Manager: list: Listing contexts for virtual host 'localhost'
07-Nov-2017 20:06:22.891 INFO [http-apr-8080-exec-13] org.apache.catalina.core.ApplicationContext.log Manager: list: Listing contexts for virtual host 'localhost'
07-Nov-2017 20:06:22.907 INFO [http-apr-8080-exec-14] org.apache.catalina.core.ApplicationContext.log Manager: undeploy: Undeploying web application at '/productMaint2'
07-Nov-2017 20:06:23.485 INFO [http-apr-8080-exec-16] org.apache.catalina.core.ApplicationContext.log Manager: install: Installing context configuration at 'file:/C:/Users/Pbyrd/AppData/Local/Temp/context969777534452733597.xml'
07-Nov-2017 20:06:25.266 INFO [http-apr-8080-exec-12] org.apache.catalina.core.ApplicationContext.log Manager: start: Starting web application '/productMaint2'
07-Nov-2017 20:07:10.184 INFO [http-apr-8080-exec-24] org.apache.catalina.core.ApplicationContext.log Manager: list: Listing contexts for virtual host 'localhost'
07-Nov-2017 20:07:10.184 INFO [http-apr-8080-exec-25] org.apache.catalina.core.ApplicationContext.log Manager: list: Listing contexts for virtual host 'localhost'
07-Nov-2017 20:07:10.215 INFO [http-apr-8080-exec-21] org.apache.catalina.core.ApplicationContext.log Manager: undeploy: Undeploying web application at '/productMaint2'
07-Nov-2017 20:07:10.777 INFO [http-apr-8080-exec-25] org.apache.catalina.core.ApplicationContext.log Manager: install: Installing context configuration at 'file:/C:/Users/Pbyrd/AppData/Local/Temp/context1489279378924750011.xml'
07-Nov-2017 20:07:12.731 INFO [http-apr-8080-exec-12] org.apache.catalina.core.ApplicationContext.log Manager: start: Starting web application '/productMaint2'
07-Nov-2017 20:10:47.847 INFO [http-apr-8080-exec-34] org.apache.catalina.core.ApplicationContext.log Manager: list: Listing contexts for virtual host 'localhost'
07-Nov-2017 20:10:47.847 INFO [http-apr-8080-exec-35] org.apache.catalina.core.ApplicationContext.log Manager: list: Listing contexts for virtual host 'localhost'
07-Nov-2017 20:10:47.862 INFO [http-apr-8080-exec-28] org.apache.catalina.core.ApplicationContext.log Manager: undeploy: Undeploying web application at '/productMaint2'
07-Nov-2017 20:10:48.409 INFO [http-apr-8080-exec-30] org.apache.catalina.core.ApplicationContext.log Manager: install: Installing context configuration at 'file:/C:/Users/Pbyrd/AppData/Local/Temp/context2115391236178742047.xml'
07-Nov-2017 20:10:50.284 INFO [http-apr-8080-exec-26] org.apache.catalina.core.ApplicationContext.log Manager: start: Starting web application '/productMaint2'
07-Nov-2017 20:19:21.355 INFO [http-apr-8080-exec-45] org.apache.catalina.core.ApplicationContext.log Manager: list: Listing contexts for virtual host 'localhost'
07-Nov-2017 20:19:21.355 INFO [http-apr-8080-exec-38] org.apache.catalina.core.ApplicationContext.log Manager: list: Listing contexts for virtual host 'localhost'
07-Nov-2017 20:19:21.371 INFO [http-apr-8080-exec-39] org.apache.catalina.core.ApplicationContext.log Manager: undeploy: Undeploying web application at '/productMaint2'
07-Nov-2017 20:19:21.918 INFO [http-apr-8080-exec-38] org.apache.catalina.core.ApplicationContext.log Manager: install: Installing context configuration at 'file:/C:/Users/Pbyrd/AppData/Local/Temp/context7981308125469931228.xml'
07-Nov-2017 20:19:23.934 INFO [http-apr-8080-exec-45] org.apache.catalina.core.ApplicationContext.log Manager: start: Starting web application '/productMaint2'
07-Nov-2017 20:21:56.924 INFO [http-apr-8080-exec-41] org.apache.catalina.core.ApplicationContext.log Manager: list: Listing contexts for virtual host 'localhost'
07-Nov-2017 20:21:56.927 INFO [http-apr-8080-exec-46] org.apache.catalina.core.ApplicationContext.log Manager: list: Listing contexts for virtual host 'localhost'
07-Nov-2017 20:21:56.951 INFO [http-apr-8080-exec-47] org.apache.catalina.core.ApplicationContext.log Manager: undeploy: Undeploying web application at '/productMaint2'
07-Nov-2017 20:21:57.535 INFO [http-apr-8080-exec-50] org.apache.catalina.core.ApplicationContext.log Manager: install: Installing context configuration at 'file:/C:/Users/Pbyrd/AppData/Local/Temp/context1832014890214711138.xml'
07-Nov-2017 20:21:59.191 INFO [http-apr-8080-exec-51] org.apache.catalina.core.ApplicationContext.log Manager: start: Starting web application '/productMaint2'
07-Nov-2017 20:22:53.792 INFO [http-apr-8080-exec-55] org.apache.catalina.core.ApplicationContext.log Manager: list: Listing contexts for virtual host 'localhost'
07-Nov-2017 20:22:53.792 INFO [http-apr-8080-exec-60] org.apache.catalina.core.ApplicationContext.log Manager: list: Listing contexts for virtual host 'localhost'
07-Nov-2017 20:22:53.808 INFO [http-apr-8080-exec-56] org.apache.catalina.core.ApplicationContext.log Manager: undeploy: Undeploying web application at '/productMaint2'
07-Nov-2017 20:22:54.324 INFO [http-apr-8080-exec-58] org.apache.catalina.core.ApplicationContext.log Manager: install: Installing context configuration at 'file:/C:/Users/Pbyrd/AppData/Local/Temp/context8372080094024653011.xml'
07-Nov-2017 20:22:55.839 INFO [http-apr-8080-exec-54] org.apache.catalina.core.ApplicationContext.log Manager: start: Starting web application '/productMaint2'
07-Nov-2017 20:24:06.164 INFO [http-apr-8080-exec-64] org.apache.catalina.core.ApplicationContext.log Manager: list: Listing contexts for virtual host 'localhost'
07-Nov-2017 20:24:06.164 INFO [http-apr-8080-exec-65] org.apache.catalina.core.ApplicationContext.log Manager: list: Listing contexts for virtual host 'localhost'
07-Nov-2017 20:24:06.180 INFO [http-apr-8080-exec-66] org.apache.catalina.core.ApplicationContext.log Manager: undeploy: Undeploying web application at '/productMaint2'
07-Nov-2017 20:24:06.742 INFO [http-apr-8080-exec-67] org.apache.catalina.core.ApplicationContext.log Manager: install: Installing context configuration at 'file:/C:/Users/Pbyrd/AppData/Local/Temp/context5709848542302053194.xml'
07-Nov-2017 20:24:08.602 INFO [http-apr-8080-exec-70] org.apache.catalina.core.ApplicationContext.log Manager: start: Starting web application '/productMaint2'
07-Nov-2017 20:26:04.433 INFO [http-apr-8080-exec-68] org.apache.catalina.core.ApplicationContext.log Manager: list: Listing contexts for virtual host 'localhost'
07-Nov-2017 20:26:04.433 INFO [http-apr-8080-exec-65] org.apache.catalina.core.ApplicationContext.log Manager: list: Listing contexts for virtual host 'localhost'
07-Nov-2017 20:26:04.448 INFO [http-apr-8080-exec-71] org.apache.catalina.core.ApplicationContext.log Manager: undeploy: Undeploying web application at '/productMaint2'
07-Nov-2017 20:26:04.980 INFO [http-apr-8080-exec-64] org.apache.catalina.core.ApplicationContext.log Manager: install: Installing context configuration at 'file:/C:/Users/Pbyrd/AppData/Local/Temp/context6544286041511257688.xml'
07-Nov-2017 20:26:06.558 INFO [http-apr-8080-exec-73] org.apache.catalina.core.ApplicationContext.log Manager: start: Starting web application '/productMaint2'
07-Nov-2017 20:29:26.864 INFO [http-apr-8080-exec-88] org.apache.catalina.core.ApplicationContext.log Manager: list: Listing contexts for virtual host 'localhost'
07-Nov-2017 20:29:26.880 INFO [http-apr-8080-exec-82] org.apache.catalina.core.ApplicationContext.log Manager: list: Listing contexts for virtual host 'localhost'
07-Nov-2017 20:29:26.896 INFO [http-apr-8080-exec-83] org.apache.catalina.core.ApplicationContext.log Manager: undeploy: Undeploying web application at '/productMaint2'
07-Nov-2017 20:29:27.458 INFO [http-apr-8080-exec-82] org.apache.catalina.core.ApplicationContext.log Manager: install: Installing context configuration at 'file:/C:/Users/Pbyrd/AppData/Local/Temp/context7595539996080012698.xml'
07-Nov-2017 20:29:29.224 INFO [http-apr-8080-exec-86] org.apache.catalina.core.ApplicationContext.log Manager: start: Starting web application '/productMaint2'
