16-Nov-2017 12:44:28.311 INFO [http-apr-8080-exec-1] org.apache.catalina.core.ApplicationContext.log Manager: init: Associated with Deployer 'Catalina:type=Deployer,host=localhost'
16-Nov-2017 12:44:28.311 INFO [http-apr-8080-exec-1] org.apache.catalina.core.ApplicationContext.log Manager: init: Global resources are available
16-Nov-2017 12:44:28.327 INFO [http-apr-8080-exec-1] org.apache.catalina.core.ApplicationContext.log Manager: list: Listing contexts for virtual host 'localhost'
16-Nov-2017 12:44:28.343 INFO [http-apr-8080-exec-4] org.apache.catalina.core.ApplicationContext.log Manager: list: Listing contexts for virtual host 'localhost'
16-Nov-2017 12:44:28.380 INFO [http-apr-8080-exec-6] org.apache.catalina.core.ApplicationContext.log Manager: undeploy: Undeploying web application at '/productMaint4'
16-Nov-2017 12:44:28.981 INFO [http-apr-8080-exec-7] org.apache.catalina.core.ApplicationContext.log Manager: install: Installing context configuration at 'file:/C:/Users/Pbyrd/AppData/Local/Temp/context6737051650212224258.xml'
16-Nov-2017 12:44:30.552 INFO [http-apr-8080-exec-3] org.apache.catalina.core.ApplicationContext.log Manager: start: Starting web application '/productMaint4'
16-Nov-2017 12:46:29.626 INFO [http-apr-8080-exec-19] org.apache.catalina.core.ApplicationContext.log Manager: list: Listing contexts for virtual host 'localhost'
16-Nov-2017 12:46:29.632 INFO [http-apr-8080-exec-13] org.apache.catalina.core.ApplicationContext.log Manager: list: Listing contexts for virtual host 'localhost'
16-Nov-2017 12:46:29.671 INFO [http-apr-8080-exec-14] org.apache.catalina.core.ApplicationContext.log Manager: undeploy: Undeploying web application at '/productMaint4'
16-Nov-2017 12:46:30.251 INFO [http-apr-8080-exec-18] org.apache.catalina.core.ApplicationContext.log Manager: install: Installing context configuration at 'file:/C:/Users/Pbyrd/AppData/Local/Temp/context1758730141474899779.xml'
16-Nov-2017 12:46:32.180 INFO [http-apr-8080-exec-16] org.apache.catalina.core.ApplicationContext.log Manager: start: Starting web application '/productMaint4'
16-Nov-2017 12:48:01.901 INFO [http-apr-8080-exec-11] org.apache.catalina.core.ApplicationContext.log Manager: list: Listing contexts for virtual host 'localhost'
16-Nov-2017 12:48:01.901 INFO [http-apr-8080-exec-20] org.apache.catalina.core.ApplicationContext.log Manager: list: Listing contexts for virtual host 'localhost'
16-Nov-2017 12:48:01.933 INFO [http-apr-8080-exec-21] org.apache.catalina.core.ApplicationContext.log Manager: undeploy: Undeploying web application at '/productMaint4'
16-Nov-2017 12:48:02.449 INFO [http-apr-8080-exec-24] org.apache.catalina.core.ApplicationContext.log Manager: install: Installing context configuration at 'file:/C:/Users/Pbyrd/AppData/Local/Temp/context4389220354142725848.xml'
16-Nov-2017 12:48:04.806 INFO [http-apr-8080-exec-9] org.apache.catalina.core.ApplicationContext.log Manager: start: Starting web application '/productMaint4'
16-Nov-2017 12:50:43.246 INFO [http-apr-8080-exec-23] org.apache.catalina.core.ApplicationContext.log Manager: list: Listing contexts for virtual host 'localhost'
16-Nov-2017 12:50:43.262 INFO [http-apr-8080-exec-27] org.apache.catalina.core.ApplicationContext.log Manager: list: Listing contexts for virtual host 'localhost'
16-Nov-2017 12:50:43.277 INFO [http-apr-8080-exec-28] org.apache.catalina.core.ApplicationContext.log Manager: install: Installing context configuration at 'file:/C:/Users/Pbyrd/AppData/Local/Temp/context732830025358687077.xml'
16-Nov-2017 12:50:44.601 INFO [http-apr-8080-exec-29] org.apache.catalina.core.ApplicationContext.log Manager: start: Starting web application '/Corrigan_Project5'
16-Nov-2017 12:51:44.971 INFO [http-apr-8080-exec-36] org.apache.catalina.core.ApplicationContext.log Manager: list: Listing contexts for virtual host 'localhost'
16-Nov-2017 12:51:44.971 INFO [http-apr-8080-exec-27] org.apache.catalina.core.ApplicationContext.log Manager: list: Listing contexts for virtual host 'localhost'
16-Nov-2017 12:53:15.324 INFO [http-apr-8080-exec-3] org.apache.catalina.core.ApplicationContext.log Manager: init: Associated with Deployer 'Catalina:type=Deployer,host=localhost'
16-Nov-2017 12:53:15.324 INFO [http-apr-8080-exec-3] org.apache.catalina.core.ApplicationContext.log Manager: init: Global resources are available
16-Nov-2017 12:53:15.324 INFO [http-apr-8080-exec-3] org.apache.catalina.core.ApplicationContext.log Manager: list: Listing contexts for virtual host 'localhost'
16-Nov-2017 12:53:15.324 INFO [http-apr-8080-exec-5] org.apache.catalina.core.ApplicationContext.log Manager: list: Listing contexts for virtual host 'localhost'
16-Nov-2017 13:00:45.932 INFO [http-apr-8080-exec-4] org.apache.catalina.core.ApplicationContext.log Manager: list: Listing contexts for virtual host 'localhost'
16-Nov-2017 13:00:45.934 INFO [http-apr-8080-exec-2] org.apache.catalina.core.ApplicationContext.log Manager: list: Listing contexts for virtual host 'localhost'
16-Nov-2017 13:00:45.950 INFO [http-apr-8080-exec-1] org.apache.catalina.core.ApplicationContext.log Manager: restart: Reloading web application '/Corrigan_Project5'
16-Nov-2017 16:19:51.510 INFO [http-apr-8080-exec-6] org.apache.catalina.core.ApplicationContext.log Manager: init: Associated with Deployer 'Catalina:type=Deployer,host=localhost'
16-Nov-2017 16:19:51.510 INFO [http-apr-8080-exec-6] org.apache.catalina.core.ApplicationContext.log Manager: init: Global resources are available
16-Nov-2017 16:19:51.512 INFO [http-apr-8080-exec-6] org.apache.catalina.core.ApplicationContext.log Manager: list: Listing contexts for virtual host 'localhost'
16-Nov-2017 16:19:51.548 INFO [http-apr-8080-exec-9] org.apache.catalina.core.ApplicationContext.log Manager: undeploy: Undeploying web application at '/Corrigan_Project5'
16-Nov-2017 16:19:51.755 INFO [http-apr-8080-exec-1] org.apache.catalina.core.ApplicationContext.log Manager: list: Listing contexts for virtual host 'localhost'
16-Nov-2017 16:19:51.755 INFO [http-apr-8080-exec-2] org.apache.catalina.core.ApplicationContext.log Manager: list: Listing contexts for virtual host 'localhost'
16-Nov-2017 16:19:52.186 INFO [http-apr-8080-exec-8] org.apache.catalina.core.ApplicationContext.log Manager: restart: Reloading web application '/Corrigan_Project5'
16-Nov-2017 16:20:00.407 INFO [http-apr-8080-exec-8] org.apache.catalina.core.ApplicationContext.log Manager: list: Listing contexts for virtual host 'localhost'
16-Nov-2017 16:20:00.407 INFO [http-apr-8080-exec-12] org.apache.catalina.core.ApplicationContext.log Manager: list: Listing contexts for virtual host 'localhost'
16-Nov-2017 16:20:00.459 INFO [http-apr-8080-exec-4] org.apache.catalina.core.ApplicationContext.log Manager: install: Installing context configuration at 'file:/C:/Users/Pbyrd/AppData/Local/Temp/context3630222269477968442.xml'
16-Nov-2017 16:20:02.923 INFO [http-apr-8080-exec-7] org.apache.catalina.core.ApplicationContext.log Manager: start: Starting web application '/Project5_Byrd'
16-Nov-2017 16:22:13.269 INFO [http-apr-8080-exec-16] org.apache.catalina.core.ApplicationContext.log Manager: list: Listing contexts for virtual host 'localhost'
16-Nov-2017 16:22:13.277 INFO [http-apr-8080-exec-18] org.apache.catalina.core.ApplicationContext.log Manager: undeploy: Undeploying web application at '/productMaint2'
16-Nov-2017 16:28:01.640 INFO [http-apr-8080-exec-14] org.apache.catalina.core.ApplicationContext.log Manager: list: Listing contexts for virtual host 'localhost'
16-Nov-2017 16:28:01.649 INFO [http-apr-8080-exec-12] org.apache.catalina.core.ApplicationContext.log Manager: undeploy: Undeploying web application at '/Project_1'
16-Nov-2017 16:28:14.686 INFO [http-apr-8080-exec-12] org.apache.catalina.core.ApplicationContext.log Manager: list: Listing contexts for virtual host 'localhost'
16-Nov-2017 16:28:14.686 INFO [http-apr-8080-exec-27] org.apache.catalina.core.ApplicationContext.log Manager: list: Listing contexts for virtual host 'localhost'
16-Nov-2017 16:28:14.701 INFO [http-apr-8080-exec-22] org.apache.catalina.core.ApplicationContext.log Manager: install: Installing context configuration at 'file:/C:/Users/Pbyrd/AppData/Local/Temp/context2166637020056249421.xml'
16-Nov-2017 16:28:15.018 INFO [http-apr-8080-exec-24] org.apache.catalina.core.ApplicationContext.log Manager: start: Starting web application '/Project1_Byrd'
16-Nov-2017 16:30:00.637 INFO [http-apr-8080-exec-22] org.apache.catalina.core.ApplicationContext.log Manager: list: Listing contexts for virtual host 'localhost'
16-Nov-2017 16:30:00.653 INFO [http-apr-8080-exec-32] org.apache.catalina.core.ApplicationContext.log Manager: undeploy: Undeploying web application at '/productMaint1'
16-Nov-2017 16:30:19.193 INFO [http-apr-8080-exec-32] org.apache.catalina.core.ApplicationContext.log Manager: list: Listing contexts for virtual host 'localhost'
16-Nov-2017 16:30:19.193 INFO [http-apr-8080-exec-34] org.apache.catalina.core.ApplicationContext.log Manager: list: Listing contexts for virtual host 'localhost'
16-Nov-2017 16:30:19.216 INFO [http-apr-8080-exec-27] org.apache.catalina.core.ApplicationContext.log Manager: install: Installing context configuration at 'file:/C:/Users/Pbyrd/AppData/Local/Temp/context2524324780507555872.xml'
16-Nov-2017 16:30:19.447 INFO [http-apr-8080-exec-33] org.apache.catalina.core.ApplicationContext.log Manager: start: Starting web application '/Project2_Byrd'
