21-Oct-2017 16:05:07.179 INFO [http-apr-8080-exec-1] org.apache.catalina.core.ApplicationContext.log Manager: init: Associated with Deployer 'Catalina:type=Deployer,host=localhost'
21-Oct-2017 16:05:07.179 INFO [http-apr-8080-exec-1] org.apache.catalina.core.ApplicationContext.log Manager: init: Global resources are available
21-Oct-2017 16:05:07.181 INFO [http-apr-8080-exec-1] org.apache.catalina.core.ApplicationContext.log Manager: list: Listing contexts for virtual host 'localhost'
21-Oct-2017 16:05:07.188 INFO [http-apr-8080-exec-2] org.apache.catalina.core.ApplicationContext.log Manager: list: Listing contexts for virtual host 'localhost'
21-Oct-2017 16:14:12.559 INFO [http-apr-8080-exec-9] org.apache.catalina.core.ApplicationContext.log Manager: list: Listing contexts for virtual host 'localhost'
21-Oct-2017 16:14:12.598 INFO [http-apr-8080-exec-1] org.apache.catalina.core.ApplicationContext.log Manager: list: Listing contexts for virtual host 'localhost'
21-Oct-2017 16:14:12.654 INFO [http-apr-8080-exec-2] org.apache.catalina.core.ApplicationContext.log Manager: restart: Reloading web application '/productMaint2'
21-Oct-2017 16:19:11.261 INFO [http-apr-8080-exec-20] org.apache.catalina.core.ApplicationContext.log Manager: list: Listing contexts for virtual host 'localhost'
21-Oct-2017 16:19:11.267 INFO [http-apr-8080-exec-11] org.apache.catalina.core.ApplicationContext.log Manager: list: Listing contexts for virtual host 'localhost'
21-Oct-2017 16:19:11.348 INFO [http-apr-8080-exec-12] org.apache.catalina.core.ApplicationContext.log Manager: restart: Reloading web application '/productMaint2'
21-Oct-2017 16:21:37.281 INFO [http-apr-8080-exec-19] org.apache.catalina.core.ApplicationContext.log Manager: list: Listing contexts for virtual host 'localhost'
21-Oct-2017 16:21:37.284 INFO [http-apr-8080-exec-21] org.apache.catalina.core.ApplicationContext.log Manager: list: Listing contexts for virtual host 'localhost'
21-Oct-2017 16:21:37.327 INFO [http-apr-8080-exec-22] org.apache.catalina.core.ApplicationContext.log Manager: restart: Reloading web application '/productMaint2'
21-Oct-2017 16:44:22.869 INFO [http-apr-8080-exec-37] org.apache.catalina.core.ApplicationContext.log Manager: list: Listing contexts for virtual host 'localhost'
21-Oct-2017 16:44:22.902 INFO [http-apr-8080-exec-28] org.apache.catalina.core.ApplicationContext.log Manager: list: Listing contexts for virtual host 'localhost'
21-Oct-2017 16:44:22.968 INFO [http-apr-8080-exec-29] org.apache.catalina.core.ApplicationContext.log Manager: restart: Reloading web application '/productMaint2'
21-Oct-2017 16:45:16.210 INFO [http-apr-8080-exec-39] org.apache.catalina.core.ApplicationContext.log Manager: list: Listing contexts for virtual host 'localhost'
21-Oct-2017 16:45:16.217 INFO [http-apr-8080-exec-33] org.apache.catalina.core.ApplicationContext.log Manager: list: Listing contexts for virtual host 'localhost'
21-Oct-2017 16:45:16.256 INFO [http-apr-8080-exec-40] org.apache.catalina.core.ApplicationContext.log Manager: restart: Reloading web application '/productMaint2'
21-Oct-2017 16:47:42.721 INFO [http-apr-8080-exec-35] org.apache.catalina.core.ApplicationContext.log Manager: list: Listing contexts for virtual host 'localhost'
21-Oct-2017 16:47:42.724 INFO [http-apr-8080-exec-30] org.apache.catalina.core.ApplicationContext.log Manager: list: Listing contexts for virtual host 'localhost'
21-Oct-2017 16:47:42.767 INFO [http-apr-8080-exec-41] org.apache.catalina.core.ApplicationContext.log Manager: restart: Reloading web application '/productMaint2'
21-Oct-2017 17:13:47.673 INFO [http-apr-8080-exec-1] org.apache.catalina.core.ApplicationContext.log Manager: init: Associated with Deployer 'Catalina:type=Deployer,host=localhost'
21-Oct-2017 17:13:47.673 INFO [http-apr-8080-exec-1] org.apache.catalina.core.ApplicationContext.log Manager: init: Global resources are available
21-Oct-2017 17:13:47.674 INFO [http-apr-8080-exec-1] org.apache.catalina.core.ApplicationContext.log Manager: list: Listing contexts for virtual host 'localhost'
21-Oct-2017 17:13:47.681 INFO [http-apr-8080-exec-2] org.apache.catalina.core.ApplicationContext.log Manager: list: Listing contexts for virtual host 'localhost'
21-Oct-2017 17:13:47.733 INFO [http-apr-8080-exec-3] org.apache.catalina.core.ApplicationContext.log Manager: restart: Reloading web application '/productMaint2'
21-Oct-2017 17:16:42.211 INFO [http-apr-8080-exec-18] org.apache.catalina.core.ApplicationContext.log Manager: list: Listing contexts for virtual host 'localhost'
21-Oct-2017 17:16:42.214 INFO [http-apr-8080-exec-11] org.apache.catalina.core.ApplicationContext.log Manager: list: Listing contexts for virtual host 'localhost'
21-Oct-2017 17:16:42.249 INFO [http-apr-8080-exec-12] org.apache.catalina.core.ApplicationContext.log Manager: restart: Reloading web application '/productMaint2'
21-Oct-2017 17:19:18.925 INFO [http-apr-8080-exec-13] org.apache.catalina.core.ApplicationContext.log Manager: list: Listing contexts for virtual host 'localhost'
21-Oct-2017 17:19:18.929 INFO [http-apr-8080-exec-20] org.apache.catalina.core.ApplicationContext.log Manager: list: Listing contexts for virtual host 'localhost'
21-Oct-2017 17:19:19.002 INFO [http-apr-8080-exec-21] org.apache.catalina.core.ApplicationContext.log Manager: restart: Reloading web application '/productMaint2'
21-Oct-2017 17:19:47.222 INFO [http-apr-8080-exec-28] org.apache.catalina.core.ApplicationContext.log Manager: list: Listing contexts for virtual host 'localhost'
21-Oct-2017 17:19:47.228 INFO [http-apr-8080-exec-29] org.apache.catalina.core.ApplicationContext.log Manager: list: Listing contexts for virtual host 'localhost'
21-Oct-2017 17:19:47.287 INFO [http-apr-8080-exec-18] org.apache.catalina.core.ApplicationContext.log Manager: restart: Reloading web application '/productMaint2'
21-Oct-2017 17:21:15.456 INFO [http-apr-8080-exec-22] org.apache.catalina.core.ApplicationContext.log Manager: list: Listing contexts for virtual host 'localhost'
21-Oct-2017 17:21:15.460 INFO [http-apr-8080-exec-30] org.apache.catalina.core.ApplicationContext.log Manager: list: Listing contexts for virtual host 'localhost'
21-Oct-2017 17:21:15.500 INFO [http-apr-8080-exec-31] org.apache.catalina.core.ApplicationContext.log Manager: restart: Reloading web application '/productMaint2'
21-Oct-2017 17:27:17.895 INFO [http-apr-8080-exec-44] org.apache.catalina.core.ApplicationContext.log Manager: list: Listing contexts for virtual host 'localhost'
21-Oct-2017 17:27:17.898 INFO [http-apr-8080-exec-35] org.apache.catalina.core.ApplicationContext.log Manager: list: Listing contexts for virtual host 'localhost'
21-Oct-2017 17:27:17.936 INFO [http-apr-8080-exec-36] org.apache.catalina.core.ApplicationContext.log Manager: stop: Stopping web application '/productMaint2'
21-Oct-2017 17:27:17.955 INFO [http-apr-8080-exec-35] org.apache.catalina.core.ApplicationContext.log Manager: start: Starting web application '/productMaint2'
21-Oct-2017 17:28:07.062 INFO [http-apr-8080-exec-40] org.apache.catalina.core.ApplicationContext.log Manager: list: Listing contexts for virtual host 'localhost'
21-Oct-2017 17:28:07.066 INFO [http-apr-8080-exec-48] org.apache.catalina.core.ApplicationContext.log Manager: list: Listing contexts for virtual host 'localhost'
21-Oct-2017 17:28:07.099 INFO [http-apr-8080-exec-38] org.apache.catalina.core.ApplicationContext.log Manager: restart: Reloading web application '/productMaint2'
21-Oct-2017 17:28:47.230 INFO [http-apr-8080-exec-50] org.apache.catalina.core.ApplicationContext.log Manager: list: Listing contexts for virtual host 'localhost'
21-Oct-2017 17:28:47.233 INFO [http-apr-8080-exec-51] org.apache.catalina.core.ApplicationContext.log Manager: list: Listing contexts for virtual host 'localhost'
21-Oct-2017 17:28:47.264 INFO [http-apr-8080-exec-44] org.apache.catalina.core.ApplicationContext.log Manager: restart: Reloading web application '/productMaint2'
21-Oct-2017 17:31:27.492 INFO [http-apr-8080-exec-45] org.apache.catalina.core.ApplicationContext.log Manager: list: Listing contexts for virtual host 'localhost'
21-Oct-2017 17:31:27.495 INFO [http-apr-8080-exec-52] org.apache.catalina.core.ApplicationContext.log Manager: list: Listing contexts for virtual host 'localhost'
21-Oct-2017 17:31:27.521 INFO [http-apr-8080-exec-53] org.apache.catalina.core.ApplicationContext.log Manager: restart: Reloading web application '/productMaint2'
21-Oct-2017 17:34:33.375 INFO [http-apr-8080-exec-65] org.apache.catalina.core.ApplicationContext.log Manager: list: Listing contexts for virtual host 'localhost'
21-Oct-2017 17:34:33.381 INFO [http-apr-8080-exec-58] org.apache.catalina.core.ApplicationContext.log Manager: list: Listing contexts for virtual host 'localhost'
21-Oct-2017 17:34:33.417 INFO [http-apr-8080-exec-59] org.apache.catalina.core.ApplicationContext.log Manager: restart: Reloading web application '/productMaint2'
21-Oct-2017 17:38:52.413 INFO [http-apr-8080-exec-62] org.apache.catalina.core.ApplicationContext.log Manager: list: Listing contexts for virtual host 'localhost'
21-Oct-2017 17:38:52.417 INFO [http-apr-8080-exec-67] org.apache.catalina.core.ApplicationContext.log Manager: list: Listing contexts for virtual host 'localhost'
21-Oct-2017 17:38:52.488 INFO [http-apr-8080-exec-68] org.apache.catalina.core.ApplicationContext.log Manager: restart: Reloading web application '/productMaint2'
21-Oct-2017 17:39:31.674 INFO [http-apr-8080-exec-76] org.apache.catalina.core.ApplicationContext.log Manager: list: Listing contexts for virtual host 'localhost'
21-Oct-2017 17:39:31.678 INFO [http-apr-8080-exec-77] org.apache.catalina.core.ApplicationContext.log Manager: list: Listing contexts for virtual host 'localhost'
21-Oct-2017 17:39:31.706 INFO [http-apr-8080-exec-70] org.apache.catalina.core.ApplicationContext.log Manager: restart: Reloading web application '/productMaint2'
21-Oct-2017 17:41:51.833 INFO [http-apr-8080-exec-69] org.apache.catalina.core.ApplicationContext.log Manager: list: Listing contexts for virtual host 'localhost'
21-Oct-2017 17:41:51.841 INFO [http-apr-8080-exec-78] org.apache.catalina.core.ApplicationContext.log Manager: list: Listing contexts for virtual host 'localhost'
21-Oct-2017 17:41:51.882 INFO [http-apr-8080-exec-79] org.apache.catalina.core.ApplicationContext.log Manager: restart: Reloading web application '/productMaint2'
21-Oct-2017 17:42:04.979 INFO [http-apr-8080-exec-80] org.apache.catalina.core.ApplicationContext.log Manager: list: Listing contexts for virtual host 'localhost'
21-Oct-2017 17:42:04.987 INFO [http-apr-8080-exec-85] org.apache.catalina.core.ApplicationContext.log Manager: list: Listing contexts for virtual host 'localhost'
21-Oct-2017 17:42:05.027 INFO [http-apr-8080-exec-81] org.apache.catalina.core.ApplicationContext.log Manager: restart: Reloading web application '/productMaint2'
21-Oct-2017 17:42:21.329 INFO [http-apr-8080-exec-87] org.apache.catalina.core.ApplicationContext.log Manager: list: Listing contexts for virtual host 'localhost'
21-Oct-2017 17:42:21.332 INFO [http-apr-8080-exec-88] org.apache.catalina.core.ApplicationContext.log Manager: list: Listing contexts for virtual host 'localhost'
21-Oct-2017 17:42:21.371 INFO [http-apr-8080-exec-85] org.apache.catalina.core.ApplicationContext.log Manager: restart: Reloading web application '/productMaint2'
21-Oct-2017 17:42:32.677 INFO [http-apr-8080-exec-90] org.apache.catalina.core.ApplicationContext.log Manager: list: Listing contexts for virtual host 'localhost'
21-Oct-2017 17:42:32.680 INFO [http-apr-8080-exec-91] org.apache.catalina.core.ApplicationContext.log Manager: list: Listing contexts for virtual host 'localhost'
21-Oct-2017 17:42:32.707 INFO [http-apr-8080-exec-87] org.apache.catalina.core.ApplicationContext.log Manager: restart: Reloading web application '/productMaint2'
21-Oct-2017 17:43:43.081 INFO [http-apr-8080-exec-67] org.apache.catalina.core.ApplicationContext.log Manager: list: Listing contexts for virtual host 'localhost'
21-Oct-2017 17:43:43.083 INFO [http-apr-8080-exec-92] org.apache.catalina.core.ApplicationContext.log Manager: list: Listing contexts for virtual host 'localhost'
21-Oct-2017 17:43:43.123 INFO [http-apr-8080-exec-93] org.apache.catalina.core.ApplicationContext.log Manager: undeploy: Undeploying web application at '/productMaint2'
21-Oct-2017 17:43:43.649 INFO [http-apr-8080-exec-67] org.apache.catalina.core.ApplicationContext.log Manager: install: Installing context configuration at 'file:/C:/Users/Pbyrd/AppData/Local/Temp/context2922526492239886824.xml'
21-Oct-2017 17:44:14.288 INFO [http-apr-8080-exec-95] org.apache.catalina.core.ApplicationContext.log Manager: list: Listing contexts for virtual host 'localhost'
21-Oct-2017 17:44:14.291 INFO [http-apr-8080-exec-98] org.apache.catalina.core.ApplicationContext.log Manager: list: Listing contexts for virtual host 'localhost'
21-Oct-2017 17:44:24.674 INFO [http-apr-8080-exec-99] org.apache.catalina.core.ApplicationContext.log Manager: list: Listing contexts for virtual host 'localhost'
21-Oct-2017 17:44:24.677 INFO [http-apr-8080-exec-100] org.apache.catalina.core.ApplicationContext.log Manager: list: Listing contexts for virtual host 'localhost'
21-Oct-2017 17:44:24.723 INFO [http-apr-8080-exec-94] org.apache.catalina.core.ApplicationContext.log Manager: undeploy: Undeploying web application at '/productMaint2'
21-Oct-2017 17:44:25.249 INFO [http-apr-8080-exec-97] org.apache.catalina.core.ApplicationContext.log Manager: install: Installing context configuration at 'file:/C:/Users/Pbyrd/AppData/Local/Temp/context7011974736637064743.xml'
21-Oct-2017 17:45:33.630 INFO [http-apr-8080-exec-98] org.apache.catalina.core.ApplicationContext.log Manager: list: Listing contexts for virtual host 'localhost'
21-Oct-2017 17:45:33.634 INFO [http-apr-8080-exec-101] org.apache.catalina.core.ApplicationContext.log Manager: list: Listing contexts for virtual host 'localhost'
21-Oct-2017 17:45:33.667 INFO [http-apr-8080-exec-102] org.apache.catalina.core.ApplicationContext.log Manager: restart: Reloading web application '/productMaint2'
21-Oct-2017 17:48:37.560 INFO [http-apr-8080-exec-105] org.apache.catalina.core.ApplicationContext.log Manager: list: Listing contexts for virtual host 'localhost'
21-Oct-2017 17:48:37.565 INFO [http-apr-8080-exec-106] org.apache.catalina.core.ApplicationContext.log Manager: list: Listing contexts for virtual host 'localhost'
21-Oct-2017 17:48:37.601 INFO [http-apr-8080-exec-107] org.apache.catalina.core.ApplicationContext.log Manager: restart: Reloading web application '/productMaint2'
21-Oct-2017 17:49:25.766 INFO [http-apr-8080-exec-114] org.apache.catalina.core.ApplicationContext.log Manager: list: Listing contexts for virtual host 'localhost'
21-Oct-2017 17:49:25.769 INFO [http-apr-8080-exec-115] org.apache.catalina.core.ApplicationContext.log Manager: list: Listing contexts for virtual host 'localhost'
21-Oct-2017 17:49:25.799 INFO [http-apr-8080-exec-109] org.apache.catalina.core.ApplicationContext.log Manager: undeploy: Undeploying web application at '/productMaint2'
21-Oct-2017 17:49:26.317 INFO [http-apr-8080-exec-106] org.apache.catalina.core.ApplicationContext.log Manager: install: Installing context configuration at 'file:/C:/Users/Pbyrd/AppData/Local/Temp/context6647947952473416164.xml'
21-Oct-2017 17:49:40.893 INFO [http-apr-8080-exec-117] org.apache.catalina.core.ApplicationContext.log Manager: list: Listing contexts for virtual host 'localhost'
21-Oct-2017 17:49:40.896 INFO [http-apr-8080-exec-118] org.apache.catalina.core.ApplicationContext.log Manager: list: Listing contexts for virtual host 'localhost'
21-Oct-2017 17:49:40.928 INFO [http-apr-8080-exec-111] org.apache.catalina.core.ApplicationContext.log Manager: undeploy: Undeploying web application at '/productMaint2'
21-Oct-2017 17:49:41.462 INFO [http-apr-8080-exec-101] org.apache.catalina.core.ApplicationContext.log Manager: install: Installing context configuration at 'file:/C:/Users/Pbyrd/AppData/Local/Temp/context1469044067140563332.xml'
21-Oct-2017 17:59:48.522 INFO [http-apr-8080-exec-128] org.apache.catalina.core.ApplicationContext.log Manager: list: Listing contexts for virtual host 'localhost'
21-Oct-2017 17:59:48.527 INFO [http-apr-8080-exec-119] org.apache.catalina.core.ApplicationContext.log Manager: list: Listing contexts for virtual host 'localhost'
21-Oct-2017 17:59:48.567 INFO [http-apr-8080-exec-120] org.apache.catalina.core.ApplicationContext.log Manager: restart: Reloading web application '/productMaint2'
21-Oct-2017 18:00:58.383 INFO [http-apr-8080-exec-128] org.apache.catalina.core.ApplicationContext.log Manager: list: Listing contexts for virtual host 'localhost'
21-Oct-2017 18:00:58.386 INFO [http-apr-8080-exec-129] org.apache.catalina.core.ApplicationContext.log Manager: list: Listing contexts for virtual host 'localhost'
21-Oct-2017 18:00:58.421 INFO [http-apr-8080-exec-130] org.apache.catalina.core.ApplicationContext.log Manager: restart: Reloading web application '/productMaint2'
21-Oct-2017 18:43:41.050 INFO [http-apr-8080-exec-143] org.apache.catalina.core.ApplicationContext.log Manager: list: Listing contexts for virtual host 'localhost'
21-Oct-2017 18:43:41.065 INFO [http-apr-8080-exec-134] org.apache.catalina.core.ApplicationContext.log Manager: list: Listing contexts for virtual host 'localhost'
21-Oct-2017 18:43:41.096 INFO [http-apr-8080-exec-135] org.apache.catalina.core.ApplicationContext.log Manager: undeploy: Undeploying web application at '/productMaint2'
21-Oct-2017 18:43:41.612 INFO [http-apr-8080-exec-138] org.apache.catalina.core.ApplicationContext.log Manager: install: Installing context configuration at 'file:/C:/Users/Pbyrd/AppData/Local/Temp/context464128473416451262.xml'
21-Oct-2017 18:47:00.437 INFO [http-apr-8080-exec-143] org.apache.catalina.core.ApplicationContext.log Manager: list: Listing contexts for virtual host 'localhost'
21-Oct-2017 18:47:00.437 INFO [http-apr-8080-exec-144] org.apache.catalina.core.ApplicationContext.log Manager: list: Listing contexts for virtual host 'localhost'
21-Oct-2017 18:47:00.452 INFO [http-apr-8080-exec-145] org.apache.catalina.core.ApplicationContext.log Manager: restart: Reloading web application '/productMaint2'
21-Oct-2017 18:47:29.468 INFO [http-apr-8080-exec-154] org.apache.catalina.core.ApplicationContext.log Manager: list: Listing contexts for virtual host 'localhost'
21-Oct-2017 18:47:29.468 INFO [http-apr-8080-exec-155] org.apache.catalina.core.ApplicationContext.log Manager: list: Listing contexts for virtual host 'localhost'
21-Oct-2017 18:47:29.484 INFO [http-apr-8080-exec-146] org.apache.catalina.core.ApplicationContext.log Manager: restart: Reloading web application '/productMaint2'
