05-Nov-2017 09:18:37.531 INFO [http-apr-8080-exec-1] org.apache.catalina.core.ApplicationContext.log Manager: init: Associated with Deployer 'Catalina:type=Deployer,host=localhost'
05-Nov-2017 09:18:37.531 INFO [http-apr-8080-exec-1] org.apache.catalina.core.ApplicationContext.log Manager: init: Global resources are available
05-Nov-2017 09:18:37.531 INFO [http-apr-8080-exec-1] org.apache.catalina.core.ApplicationContext.log Manager: list: Listing contexts for virtual host 'localhost'
05-Nov-2017 09:18:37.547 INFO [http-apr-8080-exec-2] org.apache.catalina.core.ApplicationContext.log Manager: list: Listing contexts for virtual host 'localhost'
05-Nov-2017 09:18:37.562 INFO [http-apr-8080-exec-4] org.apache.catalina.core.ApplicationContext.log Manager: install: Installing context configuration at 'file:/C:/Users/Pbyrd/AppData/Local/Temp/context6659602117248032412.xml'
05-Nov-2017 09:27:49.429 INFO [http-apr-8080-exec-4] org.apache.catalina.core.ApplicationContext.log Manager: list: Listing contexts for virtual host 'localhost'
05-Nov-2017 09:27:49.444 INFO [http-apr-8080-exec-3] org.apache.catalina.core.ApplicationContext.log Manager: list: Listing contexts for virtual host 'localhost'
05-Nov-2017 09:27:49.444 INFO [http-apr-8080-exec-5] org.apache.catalina.core.ApplicationContext.log Manager: install: Installing context configuration at 'file:/C:/Users/Pbyrd/AppData/Local/Temp/context3801655189710923469.xml'
05-Nov-2017 09:28:56.173 INFO [http-apr-8080-exec-10] org.apache.catalina.core.ApplicationContext.log Manager: list: Listing contexts for virtual host 'localhost'
05-Nov-2017 09:28:56.204 INFO [http-apr-8080-exec-12] org.apache.catalina.core.ApplicationContext.log Manager: list: Listing contexts for virtual host 'localhost'
05-Nov-2017 09:28:56.220 INFO [http-apr-8080-exec-7] org.apache.catalina.core.ApplicationContext.log Manager: install: Installing context configuration at 'file:/C:/Users/Pbyrd/AppData/Local/Temp/context5526357432256063621.xml'
05-Nov-2017 09:29:17.737 INFO [http-apr-8080-exec-7] org.apache.catalina.core.ApplicationContext.log Manager: list: Listing contexts for virtual host 'localhost'
05-Nov-2017 09:29:17.753 INFO [http-apr-8080-exec-13] org.apache.catalina.core.ApplicationContext.log Manager: list: Listing contexts for virtual host 'localhost'
05-Nov-2017 09:29:17.753 INFO [http-apr-8080-exec-3] org.apache.catalina.core.ApplicationContext.log Manager: install: Installing context configuration at 'file:/C:/Users/Pbyrd/AppData/Local/Temp/context8664786976859825400.xml'
05-Nov-2017 09:36:27.207 INFO [http-apr-8080-exec-20] org.apache.catalina.core.ApplicationContext.log Manager: list: Listing contexts for virtual host 'localhost'
05-Nov-2017 09:36:27.207 INFO [http-apr-8080-exec-14] org.apache.catalina.core.ApplicationContext.log Manager: undeploy: Undeploying web application at '/productMaint2'
05-Nov-2017 09:36:27.723 INFO [http-apr-8080-exec-16] org.apache.catalina.core.ApplicationContext.log Manager: install: Installing context configuration at 'file:/C:/Users/Pbyrd/AppData/Local/Temp/context9146096500892944584.xml'
05-Nov-2017 09:36:29.816 INFO [http-apr-8080-exec-19] org.apache.catalina.core.ApplicationContext.log Manager: start: Starting web application '/productMaint2'
05-Nov-2017 09:39:00.260 INFO [http-apr-8080-exec-26] org.apache.catalina.core.ApplicationContext.log Manager: list: Listing contexts for virtual host 'localhost'
05-Nov-2017 09:39:00.275 INFO [http-apr-8080-exec-25] org.apache.catalina.core.ApplicationContext.log Manager: list: Listing contexts for virtual host 'localhost'
05-Nov-2017 09:39:00.291 INFO [http-apr-8080-exec-27] org.apache.catalina.core.ApplicationContext.log Manager: undeploy: Undeploying web application at '/productMaint2'
05-Nov-2017 09:39:00.910 INFO [http-apr-8080-exec-19] org.apache.catalina.core.ApplicationContext.log Manager: install: Installing context configuration at 'file:/C:/Users/Pbyrd/AppData/Local/Temp/context5195716718696265506.xml'
05-Nov-2017 09:39:03.429 INFO [http-apr-8080-exec-22] org.apache.catalina.core.ApplicationContext.log Manager: start: Starting web application '/productMaint2'
05-Nov-2017 09:39:45.718 INFO [http-apr-8080-exec-25] org.apache.catalina.core.ApplicationContext.log Manager: list: Listing contexts for virtual host 'localhost'
05-Nov-2017 09:39:45.718 INFO [http-apr-8080-exec-30] org.apache.catalina.core.ApplicationContext.log Manager: list: Listing contexts for virtual host 'localhost'
05-Nov-2017 09:39:45.749 INFO [http-apr-8080-exec-31] org.apache.catalina.core.ApplicationContext.log Manager: undeploy: Undeploying web application at '/productMaint2'
05-Nov-2017 09:39:46.293 INFO [http-apr-8080-exec-22] org.apache.catalina.core.ApplicationContext.log Manager: install: Installing context configuration at 'file:/C:/Users/Pbyrd/AppData/Local/Temp/context2153164988876689630.xml'
05-Nov-2017 09:39:47.910 INFO [http-apr-8080-exec-28] org.apache.catalina.core.ApplicationContext.log Manager: start: Starting web application '/productMaint2'
05-Nov-2017 09:48:29.408 INFO [http-apr-8080-exec-42] org.apache.catalina.core.ApplicationContext.log Manager: list: Listing contexts for virtual host 'localhost'
05-Nov-2017 09:48:29.408 INFO [http-apr-8080-exec-35] org.apache.catalina.core.ApplicationContext.log Manager: list: Listing contexts for virtual host 'localhost'
05-Nov-2017 09:48:29.440 INFO [http-apr-8080-exec-33] org.apache.catalina.core.ApplicationContext.log Manager: undeploy: Undeploying web application at '/productMaint2'
05-Nov-2017 09:48:29.971 INFO [http-apr-8080-exec-37] org.apache.catalina.core.ApplicationContext.log Manager: install: Installing context configuration at 'file:/C:/Users/Pbyrd/AppData/Local/Temp/context8202224402764784650.xml'
05-Nov-2017 09:48:31.855 INFO [http-apr-8080-exec-42] org.apache.catalina.core.ApplicationContext.log Manager: start: Starting web application '/productMaint2'
05-Nov-2017 09:49:16.795 INFO [http-apr-8080-exec-45] org.apache.catalina.core.ApplicationContext.log Manager: list: Listing contexts for virtual host 'localhost'
05-Nov-2017 09:49:16.810 INFO [http-apr-8080-exec-43] org.apache.catalina.core.ApplicationContext.log Manager: list: Listing contexts for virtual host 'localhost'
05-Nov-2017 09:49:16.826 INFO [http-apr-8080-exec-44] org.apache.catalina.core.ApplicationContext.log Manager: undeploy: Undeploying web application at '/productMaint2'
05-Nov-2017 09:49:17.357 INFO [http-apr-8080-exec-45] org.apache.catalina.core.ApplicationContext.log Manager: install: Installing context configuration at 'file:/C:/Users/Pbyrd/AppData/Local/Temp/context1749651361748524391.xml'
05-Nov-2017 09:49:19.214 INFO [106] org.apache.catalina.core.ApplicationContext.log Manager: start: Starting web application '/productMaint2'
05-Nov-2017 09:50:11.437 INFO [http-apr-8080-exec-49] org.apache.catalina.core.ApplicationContext.log Manager: list: Listing contexts for virtual host 'localhost'
05-Nov-2017 09:50:11.437 INFO [http-apr-8080-exec-50] org.apache.catalina.core.ApplicationContext.log Manager: list: Listing contexts for virtual host 'localhost'
05-Nov-2017 09:50:11.452 INFO [http-apr-8080-exec-43] org.apache.catalina.core.ApplicationContext.log Manager: undeploy: Undeploying web application at '/productMaint2'
05-Nov-2017 09:50:11.984 INFO [http-apr-8080-exec-47] org.apache.catalina.core.ApplicationContext.log Manager: install: Installing context configuration at 'file:/C:/Users/Pbyrd/AppData/Local/Temp/context7310380353522178702.xml'
05-Nov-2017 09:50:13.934 INFO [http-apr-8080-exec-45] org.apache.catalina.core.ApplicationContext.log Manager: start: Starting web application '/productMaint2'
05-Nov-2017 09:52:30.588 INFO [http-apr-8080-exec-36] org.apache.catalina.core.ApplicationContext.log Manager: list: Listing contexts for virtual host 'localhost'
05-Nov-2017 09:52:30.588 INFO [http-apr-8080-exec-51] org.apache.catalina.core.ApplicationContext.log Manager: list: Listing contexts for virtual host 'localhost'
05-Nov-2017 09:52:30.604 INFO [http-apr-8080-exec-52] org.apache.catalina.core.ApplicationContext.log Manager: undeploy: Undeploying web application at '/productMaint2'
05-Nov-2017 09:52:31.135 INFO [http-apr-8080-exec-54] org.apache.catalina.core.ApplicationContext.log Manager: install: Installing context configuration at 'file:/C:/Users/Pbyrd/AppData/Local/Temp/context1409041998592872998.xml'
05-Nov-2017 09:52:32.820 INFO [http-apr-8080-exec-35] org.apache.catalina.core.ApplicationContext.log Manager: start: Starting web application '/productMaint2'
05-Nov-2017 09:53:49.168 INFO [http-apr-8080-exec-63] org.apache.catalina.core.ApplicationContext.log Manager: list: Listing contexts for virtual host 'localhost'
05-Nov-2017 09:53:49.168 INFO [http-apr-8080-exec-59] org.apache.catalina.core.ApplicationContext.log Manager: list: Listing contexts for virtual host 'localhost'
05-Nov-2017 09:53:49.199 INFO [http-apr-8080-exec-60] org.apache.catalina.core.ApplicationContext.log Manager: undeploy: Undeploying web application at '/productMaint2'
05-Nov-2017 09:53:49.746 INFO [http-apr-8080-exec-63] org.apache.catalina.core.ApplicationContext.log Manager: install: Installing context configuration at 'file:/C:/Users/Pbyrd/AppData/Local/Temp/context1356520099052474533.xml'
05-Nov-2017 09:53:51.575 INFO [http-apr-8080-exec-53] org.apache.catalina.core.ApplicationContext.log Manager: start: Starting web application '/productMaint2'
05-Nov-2017 09:56:31.729 INFO [http-apr-8080-exec-58] org.apache.catalina.core.ApplicationContext.log Manager: list: Listing contexts for virtual host 'localhost'
05-Nov-2017 09:56:31.729 INFO [http-apr-8080-exec-66] org.apache.catalina.core.ApplicationContext.log Manager: list: Listing contexts for virtual host 'localhost'
05-Nov-2017 09:56:31.760 INFO [http-apr-8080-exec-67] org.apache.catalina.core.ApplicationContext.log Manager: undeploy: Undeploying web application at '/productMaint2'
05-Nov-2017 09:56:32.292 INFO [http-apr-8080-exec-66] org.apache.catalina.core.ApplicationContext.log Manager: install: Installing context configuration at 'file:/C:/Users/Pbyrd/AppData/Local/Temp/context516613443905046682.xml'
05-Nov-2017 09:56:33.870 INFO [http-apr-8080-exec-71] org.apache.catalina.core.ApplicationContext.log Manager: start: Starting web application '/productMaint2'
05-Nov-2017 09:58:32.232 INFO [http-apr-8080-exec-68] org.apache.catalina.core.ApplicationContext.log Manager: list: Listing contexts for virtual host 'localhost'
05-Nov-2017 09:58:32.232 INFO [http-apr-8080-exec-75] org.apache.catalina.core.ApplicationContext.log Manager: list: Listing contexts for virtual host 'localhost'
05-Nov-2017 09:58:32.263 INFO [http-apr-8080-exec-76] org.apache.catalina.core.ApplicationContext.log Manager: undeploy: Undeploying web application at '/productMaint2'
05-Nov-2017 09:58:32.821 INFO [http-apr-8080-exec-79] org.apache.catalina.core.ApplicationContext.log Manager: install: Installing context configuration at 'file:/C:/Users/Pbyrd/AppData/Local/Temp/context3000656803462578745.xml'
05-Nov-2017 09:58:34.716 INFO [http-apr-8080-exec-68] org.apache.catalina.core.ApplicationContext.log Manager: start: Starting web application '/productMaint2'
05-Nov-2017 09:58:35.259 INFO [http-apr-8080-exec-78] org.apache.catalina.core.ApplicationContext.log Manager: list: Listing contexts for virtual host 'localhost'
05-Nov-2017 09:58:35.263 INFO [http-apr-8080-exec-65] org.apache.catalina.core.ApplicationContext.log Manager: list: Listing contexts for virtual host 'localhost'
05-Nov-2017 09:58:35.283 INFO [http-apr-8080-exec-73] org.apache.catalina.core.ApplicationContext.log Manager: undeploy: Undeploying web application at '/productMaint2'
05-Nov-2017 09:58:35.991 INFO [http-apr-8080-exec-76] org.apache.catalina.core.ApplicationContext.log Manager: install: Installing context configuration at 'file:/C:/Users/Pbyrd/AppData/Local/Temp/context6110907627380529786.xml'
05-Nov-2017 09:58:38.552 INFO [http-apr-8080-exec-70] org.apache.catalina.core.ApplicationContext.log Manager: start: Starting web application '/productMaint2'
05-Nov-2017 10:01:57.584 INFO [http-apr-8080-exec-78] org.apache.catalina.core.ApplicationContext.log Manager: list: Listing contexts for virtual host 'localhost'
05-Nov-2017 10:01:57.584 INFO [http-apr-8080-exec-85] org.apache.catalina.core.ApplicationContext.log Manager: list: Listing contexts for virtual host 'localhost'
05-Nov-2017 10:01:57.599 INFO [http-apr-8080-exec-86] org.apache.catalina.core.ApplicationContext.log Manager: undeploy: Undeploying web application at '/productMaint2'
05-Nov-2017 10:01:58.177 INFO [http-apr-8080-exec-89] org.apache.catalina.core.ApplicationContext.log Manager: install: Installing context configuration at 'file:/C:/Users/Pbyrd/AppData/Local/Temp/context1739525625995150242.xml'
05-Nov-2017 10:01:59.801 INFO [http-apr-8080-exec-83] org.apache.catalina.core.ApplicationContext.log Manager: start: Starting web application '/productMaint2'
05-Nov-2017 10:03:24.573 INFO [http-apr-8080-exec-88] org.apache.catalina.core.ApplicationContext.log Manager: list: Listing contexts for virtual host 'localhost'
05-Nov-2017 10:03:24.573 INFO [http-apr-8080-exec-92] org.apache.catalina.core.ApplicationContext.log Manager: list: Listing contexts for virtual host 'localhost'
05-Nov-2017 10:03:24.588 INFO [http-apr-8080-exec-93] org.apache.catalina.core.ApplicationContext.log Manager: undeploy: Undeploying web application at '/productMaint2'
05-Nov-2017 10:03:25.135 INFO [http-apr-8080-exec-92] org.apache.catalina.core.ApplicationContext.log Manager: install: Installing context configuration at 'file:/C:/Users/Pbyrd/AppData/Local/Temp/context8001114018170798609.xml'
05-Nov-2017 10:03:27.053 INFO [http-apr-8080-exec-96] org.apache.catalina.core.ApplicationContext.log Manager: start: Starting web application '/productMaint2'
05-Nov-2017 10:04:32.733 INFO [http-apr-8080-exec-94] org.apache.catalina.core.ApplicationContext.log Manager: list: Listing contexts for virtual host 'localhost'
05-Nov-2017 10:04:32.733 INFO [http-apr-8080-exec-99] org.apache.catalina.core.ApplicationContext.log Manager: list: Listing contexts for virtual host 'localhost'
05-Nov-2017 10:04:32.749 INFO [http-apr-8080-exec-100] org.apache.catalina.core.ApplicationContext.log Manager: undeploy: Undeploying web application at '/productMaint2'
05-Nov-2017 10:04:33.311 INFO [http-apr-8080-exec-105] org.apache.catalina.core.ApplicationContext.log Manager: install: Installing context configuration at 'file:/C:/Users/Pbyrd/AppData/Local/Temp/context4235962961871534116.xml'
05-Nov-2017 10:04:35.171 INFO [http-apr-8080-exec-104] org.apache.catalina.core.ApplicationContext.log Manager: start: Starting web application '/productMaint2'
05-Nov-2017 10:05:15.163 INFO [http-apr-8080-exec-109] org.apache.catalina.core.ApplicationContext.log Manager: list: Listing contexts for virtual host 'localhost'
05-Nov-2017 10:05:15.163 INFO [http-apr-8080-exec-106] org.apache.catalina.core.ApplicationContext.log Manager: list: Listing contexts for virtual host 'localhost'
05-Nov-2017 10:05:15.179 INFO [http-apr-8080-exec-110] org.apache.catalina.core.ApplicationContext.log Manager: undeploy: Undeploying web application at '/productMaint2'
05-Nov-2017 10:05:15.753 INFO [http-apr-8080-exec-109] org.apache.catalina.core.ApplicationContext.log Manager: install: Installing context configuration at 'file:/C:/Users/Pbyrd/AppData/Local/Temp/context2700454476580934981.xml'
05-Nov-2017 10:05:17.425 INFO [http-apr-8080-exec-103] org.apache.catalina.core.ApplicationContext.log Manager: start: Starting web application '/productMaint2'
05-Nov-2017 10:06:15.856 INFO [http-apr-8080-exec-112] org.apache.catalina.core.ApplicationContext.log Manager: list: Listing contexts for virtual host 'localhost'
05-Nov-2017 10:06:15.856 INFO [http-apr-8080-exec-114] org.apache.catalina.core.ApplicationContext.log Manager: list: Listing contexts for virtual host 'localhost'
05-Nov-2017 10:06:15.887 INFO [http-apr-8080-exec-91] org.apache.catalina.core.ApplicationContext.log Manager: undeploy: Undeploying web application at '/productMaint2'
05-Nov-2017 10:06:16.419 INFO [http-apr-8080-exec-112] org.apache.catalina.core.ApplicationContext.log Manager: install: Installing context configuration at 'file:/C:/Users/Pbyrd/AppData/Local/Temp/context8021207694615185190.xml'
05-Nov-2017 10:06:18.161 INFO [http-apr-8080-exec-114] org.apache.catalina.core.ApplicationContext.log Manager: start: Starting web application '/productMaint2'
05-Nov-2017 10:09:28.222 INFO [http-apr-8080-exec-94] org.apache.catalina.core.ApplicationContext.log Manager: list: Listing contexts for virtual host 'localhost'
05-Nov-2017 10:09:28.222 INFO [http-apr-8080-exec-115] org.apache.catalina.core.ApplicationContext.log Manager: list: Listing contexts for virtual host 'localhost'
05-Nov-2017 10:09:28.238 INFO [http-apr-8080-exec-116] org.apache.catalina.core.ApplicationContext.log Manager: undeploy: Undeploying web application at '/productMaint2'
05-Nov-2017 10:09:28.800 INFO [http-apr-8080-exec-115] org.apache.catalina.core.ApplicationContext.log Manager: install: Installing context configuration at 'file:/C:/Users/Pbyrd/AppData/Local/Temp/context2692046062497146354.xml'
05-Nov-2017 10:09:30.688 INFO [http-apr-8080-exec-121] org.apache.catalina.core.ApplicationContext.log Manager: start: Starting web application '/productMaint2'
05-Nov-2017 10:10:59.201 INFO [http-apr-8080-exec-123] org.apache.catalina.core.ApplicationContext.log Manager: list: Listing contexts for virtual host 'localhost'
05-Nov-2017 10:10:59.201 INFO [http-apr-8080-exec-124] org.apache.catalina.core.ApplicationContext.log Manager: list: Listing contexts for virtual host 'localhost'
05-Nov-2017 10:10:59.232 INFO [http-apr-8080-exec-125] org.apache.catalina.core.ApplicationContext.log Manager: undeploy: Undeploying web application at '/productMaint2'
05-Nov-2017 10:10:59.748 INFO [http-apr-8080-exec-129] org.apache.catalina.core.ApplicationContext.log Manager: install: Installing context configuration at 'file:/C:/Users/Pbyrd/AppData/Local/Temp/context3869810880531209298.xml'
05-Nov-2017 10:11:01.482 INFO [http-apr-8080-exec-120] org.apache.catalina.core.ApplicationContext.log Manager: start: Starting web application '/productMaint2'
05-Nov-2017 10:16:11.546 INFO [http-apr-8080-exec-127] org.apache.catalina.core.ApplicationContext.log Manager: list: Listing contexts for virtual host 'localhost'
05-Nov-2017 10:16:11.546 INFO [http-apr-8080-exec-131] org.apache.catalina.core.ApplicationContext.log Manager: list: Listing contexts for virtual host 'localhost'
05-Nov-2017 10:16:11.577 INFO [http-apr-8080-exec-132] org.apache.catalina.core.ApplicationContext.log Manager: undeploy: Undeploying web application at '/productMaint2'
05-Nov-2017 10:16:12.162 INFO [http-apr-8080-exec-136] org.apache.catalina.core.ApplicationContext.log Manager: install: Installing context configuration at 'file:/C:/Users/Pbyrd/AppData/Local/Temp/context8249625712816305558.xml'
05-Nov-2017 10:16:14.152 INFO [http-apr-8080-exec-134] org.apache.catalina.core.ApplicationContext.log Manager: start: Starting web application '/productMaint2'
05-Nov-2017 10:19:05.566 INFO [http-apr-8080-exec-137] org.apache.catalina.core.ApplicationContext.log Manager: list: Listing contexts for virtual host 'localhost'
05-Nov-2017 10:19:05.566 INFO [http-apr-8080-exec-139] org.apache.catalina.core.ApplicationContext.log Manager: list: Listing contexts for virtual host 'localhost'
05-Nov-2017 10:19:05.582 INFO [http-apr-8080-exec-140] org.apache.catalina.core.ApplicationContext.log Manager: undeploy: Undeploying web application at '/productMaint2'
05-Nov-2017 10:19:06.144 INFO [http-apr-8080-exec-139] org.apache.catalina.core.ApplicationContext.log Manager: install: Installing context configuration at 'file:/C:/Users/Pbyrd/AppData/Local/Temp/context7148095987917232888.xml'
05-Nov-2017 10:19:07.926 INFO [http-apr-8080-exec-144] org.apache.catalina.core.ApplicationContext.log Manager: start: Starting web application '/productMaint2'
05-Nov-2017 10:22:31.337 INFO [http-apr-8080-exec-142] org.apache.catalina.core.ApplicationContext.log Manager: list: Listing contexts for virtual host 'localhost'
05-Nov-2017 10:22:31.353 INFO [http-apr-8080-exec-146] org.apache.catalina.core.ApplicationContext.log Manager: list: Listing contexts for virtual host 'localhost'
05-Nov-2017 10:22:31.368 INFO [http-apr-8080-exec-147] org.apache.catalina.core.ApplicationContext.log Manager: undeploy: Undeploying web application at '/productMaint2'
05-Nov-2017 10:22:31.900 INFO [http-apr-8080-exec-152] org.apache.catalina.core.ApplicationContext.log Manager: install: Installing context configuration at 'file:/C:/Users/Pbyrd/AppData/Local/Temp/context3922525677329028649.xml'
05-Nov-2017 10:22:33.743 INFO [http-apr-8080-exec-148] org.apache.catalina.core.ApplicationContext.log Manager: start: Starting web application '/productMaint2'
05-Nov-2017 10:26:59.469 INFO [http-apr-8080-exec-146] org.apache.catalina.core.ApplicationContext.log Manager: list: Listing contexts for virtual host 'localhost'
05-Nov-2017 10:26:59.469 INFO [http-apr-8080-exec-155] org.apache.catalina.core.ApplicationContext.log Manager: list: Listing contexts for virtual host 'localhost'
05-Nov-2017 10:26:59.485 INFO [http-apr-8080-exec-156] org.apache.catalina.core.ApplicationContext.log Manager: undeploy: Undeploying web application at '/productMaint2'
05-Nov-2017 10:27:00.047 INFO [http-apr-8080-exec-161] org.apache.catalina.core.ApplicationContext.log Manager: install: Installing context configuration at 'file:/C:/Users/Pbyrd/AppData/Local/Temp/context7332145363060469509.xml'
05-Nov-2017 10:27:02.383 INFO [http-apr-8080-exec-162] org.apache.catalina.core.ApplicationContext.log Manager: start: Starting web application '/productMaint2'
05-Nov-2017 10:27:21.582 INFO [http-apr-8080-exec-165] org.apache.catalina.core.ApplicationContext.log Manager: list: Listing contexts for virtual host 'localhost'
05-Nov-2017 10:27:21.597 INFO [http-apr-8080-exec-166] org.apache.catalina.core.ApplicationContext.log Manager: list: Listing contexts for virtual host 'localhost'
05-Nov-2017 10:27:21.629 INFO [http-apr-8080-exec-155] org.apache.catalina.core.ApplicationContext.log Manager: undeploy: Undeploying web application at '/productMaint2'
05-Nov-2017 10:27:22.160 INFO [http-apr-8080-exec-165] org.apache.catalina.core.ApplicationContext.log Manager: install: Installing context configuration at 'file:/C:/Users/Pbyrd/AppData/Local/Temp/context2862144091938238733.xml'
05-Nov-2017 10:27:23.941 INFO [http-apr-8080-exec-166] org.apache.catalina.core.ApplicationContext.log Manager: start: Starting web application '/productMaint2'
05-Nov-2017 10:29:10.788 INFO [http-apr-8080-exec-162] org.apache.catalina.core.ApplicationContext.log Manager: list: Listing contexts for virtual host 'localhost'
05-Nov-2017 10:29:10.788 INFO [http-apr-8080-exec-167] org.apache.catalina.core.ApplicationContext.log Manager: list: Listing contexts for virtual host 'localhost'
05-Nov-2017 10:29:10.804 INFO [http-apr-8080-exec-168] org.apache.catalina.core.ApplicationContext.log Manager: undeploy: Undeploying web application at '/productMaint2'
05-Nov-2017 10:29:11.366 INFO [http-apr-8080-exec-169] org.apache.catalina.core.ApplicationContext.log Manager: install: Installing context configuration at 'file:/C:/Users/Pbyrd/AppData/Local/Temp/context5458698494252182948.xml'
05-Nov-2017 10:29:13.070 INFO [http-apr-8080-exec-162] org.apache.catalina.core.ApplicationContext.log Manager: start: Starting web application '/productMaint2'
05-Nov-2017 10:29:41.729 INFO [http-apr-8080-exec-178] org.apache.catalina.core.ApplicationContext.log Manager: list: Listing contexts for virtual host 'localhost'
05-Nov-2017 10:29:41.729 INFO [http-apr-8080-exec-179] org.apache.catalina.core.ApplicationContext.log Manager: list: Listing contexts for virtual host 'localhost'
05-Nov-2017 10:29:41.729 INFO [http-apr-8080-exec-176] org.apache.catalina.core.ApplicationContext.log Manager: undeploy: Undeploying web application at '/productMaint2'
05-Nov-2017 10:29:42.260 INFO [http-apr-8080-exec-178] org.apache.catalina.core.ApplicationContext.log Manager: install: Installing context configuration at 'file:/C:/Users/Pbyrd/AppData/Local/Temp/context329078583705457074.xml'
05-Nov-2017 10:29:43.995 INFO [http-apr-8080-exec-177] org.apache.catalina.core.ApplicationContext.log Manager: start: Starting web application '/productMaint2'
05-Nov-2017 10:31:01.654 INFO [http-apr-8080-exec-171] org.apache.catalina.core.ApplicationContext.log Manager: list: Listing contexts for virtual host 'localhost'
05-Nov-2017 10:31:01.654 INFO [http-apr-8080-exec-180] org.apache.catalina.core.ApplicationContext.log Manager: list: Listing contexts for virtual host 'localhost'
05-Nov-2017 10:31:01.669 INFO [http-apr-8080-exec-181] org.apache.catalina.core.ApplicationContext.log Manager: undeploy: Undeploying web application at '/productMaint2'
05-Nov-2017 10:31:02.201 INFO [http-apr-8080-exec-183] org.apache.catalina.core.ApplicationContext.log Manager: install: Installing context configuration at 'file:/C:/Users/Pbyrd/AppData/Local/Temp/context4307547105776770725.xml'
05-Nov-2017 10:31:03.919 INFO [http-apr-8080-exec-184] org.apache.catalina.core.ApplicationContext.log Manager: start: Starting web application '/productMaint2'
05-Nov-2017 10:35:13.651 INFO [http-apr-8080-exec-171] org.apache.catalina.core.ApplicationContext.log Manager: list: Listing contexts for virtual host 'localhost'
05-Nov-2017 10:35:13.651 INFO [http-apr-8080-exec-186] org.apache.catalina.core.ApplicationContext.log Manager: list: Listing contexts for virtual host 'localhost'
05-Nov-2017 10:35:13.666 INFO [http-apr-8080-exec-187] org.apache.catalina.core.ApplicationContext.log Manager: undeploy: Undeploying web application at '/productMaint2'
05-Nov-2017 10:35:14.187 INFO [http-apr-8080-exec-193] org.apache.catalina.core.ApplicationContext.log Manager: install: Installing context configuration at 'file:/C:/Users/Pbyrd/AppData/Local/Temp/context4439346715174236.xml'
05-Nov-2017 10:35:15.843 INFO [http-apr-8080-exec-189] org.apache.catalina.core.ApplicationContext.log Manager: start: Starting web application '/productMaint2'
05-Nov-2017 10:36:31.486 INFO [http-apr-8080-exec-194] org.apache.catalina.core.ApplicationContext.log Manager: list: Listing contexts for virtual host 'localhost'
05-Nov-2017 10:36:31.502 INFO [http-apr-8080-exec-196] org.apache.catalina.core.ApplicationContext.log Manager: list: Listing contexts for virtual host 'localhost'
05-Nov-2017 10:36:31.517 INFO [http-apr-8080-exec-197] org.apache.catalina.core.ApplicationContext.log Manager: undeploy: Undeploying web application at '/productMaint2'
05-Nov-2017 10:36:32.049 INFO [http-apr-8080-exec-190] org.apache.catalina.core.ApplicationContext.log Manager: install: Installing context configuration at 'file:/C:/Users/Pbyrd/AppData/Local/Temp/context8336206520007970631.xml'
05-Nov-2017 10:36:33.674 INFO [http-apr-8080-exec-188] org.apache.catalina.core.ApplicationContext.log Manager: start: Starting web application '/productMaint2'
05-Nov-2017 10:41:11.916 INFO [http-apr-8080-exec-200] org.apache.catalina.core.ApplicationContext.log Manager: list: Listing contexts for virtual host 'localhost'
05-Nov-2017 10:41:11.916 INFO [http-apr-8080-exec-202] org.apache.catalina.core.ApplicationContext.log Manager: list: Listing contexts for virtual host 'localhost'
05-Nov-2017 10:41:11.932 INFO [http-apr-8080-exec-203] org.apache.catalina.core.ApplicationContext.log Manager: undeploy: Undeploying web application at '/productMaint2'
05-Nov-2017 10:41:12.479 INFO [http-apr-8080-exec-206] org.apache.catalina.core.ApplicationContext.log Manager: install: Installing context configuration at 'file:/C:/Users/Pbyrd/AppData/Local/Temp/context6074367524376940745.xml'
05-Nov-2017 10:41:14.340 INFO [http-apr-8080-exec-204] org.apache.catalina.core.ApplicationContext.log Manager: start: Starting web application '/productMaint2'
