23-Oct-2017 14:55:38.715 INFO [http-apr-8080-exec-1] org.apache.catalina.core.ApplicationContext.log Manager: init: Associated with Deployer 'Catalina:type=Deployer,host=localhost'
23-Oct-2017 14:55:38.715 INFO [http-apr-8080-exec-1] org.apache.catalina.core.ApplicationContext.log Manager: init: Global resources are available
23-Oct-2017 14:55:38.715 INFO [http-apr-8080-exec-1] org.apache.catalina.core.ApplicationContext.log Manager: list: Listing contexts for virtual host 'localhost'
23-Oct-2017 14:55:38.730 INFO [http-apr-8080-exec-2] org.apache.catalina.core.ApplicationContext.log Manager: list: Listing contexts for virtual host 'localhost'
23-Oct-2017 14:55:38.762 INFO [http-apr-8080-exec-4] org.apache.catalina.core.ApplicationContext.log Manager: restart: Reloading web application '/productMaint2'
23-Oct-2017 14:56:50.843 INFO [http-apr-8080-exec-3] org.apache.catalina.core.ApplicationContext.log Manager: list: Listing contexts for virtual host 'localhost'
23-Oct-2017 14:56:50.859 INFO [http-apr-8080-exec-11] org.apache.catalina.core.ApplicationContext.log Manager: list: Listing contexts for virtual host 'localhost'
23-Oct-2017 14:56:50.890 INFO [http-apr-8080-exec-12] org.apache.catalina.core.ApplicationContext.log Manager: restart: Reloading web application '/productMaint2'
23-Oct-2017 14:58:54.614 INFO [http-apr-8080-exec-9] org.apache.catalina.core.ApplicationContext.log Manager: list: Listing contexts for virtual host 'localhost'
23-Oct-2017 14:58:54.614 INFO [http-apr-8080-exec-17] org.apache.catalina.core.ApplicationContext.log Manager: list: Listing contexts for virtual host 'localhost'
23-Oct-2017 14:58:54.629 INFO [http-apr-8080-exec-18] org.apache.catalina.core.ApplicationContext.log Manager: restart: Reloading web application '/productMaint2'
23-Oct-2017 15:01:36.617 INFO [http-apr-8080-exec-9] org.apache.catalina.core.ApplicationContext.log Manager: list: Listing contexts for virtual host 'localhost'
23-Oct-2017 15:01:36.617 INFO [http-apr-8080-exec-24] org.apache.catalina.core.ApplicationContext.log Manager: list: Listing contexts for virtual host 'localhost'
23-Oct-2017 15:01:36.648 INFO [http-apr-8080-exec-25] org.apache.catalina.core.ApplicationContext.log Manager: undeploy: Undeploying web application at '/productMaint2'
23-Oct-2017 15:01:37.195 INFO [http-apr-8080-exec-27] org.apache.catalina.core.ApplicationContext.log Manager: install: Installing context configuration at 'file:/C:/Users/Pbyrd/AppData/Local/Temp/context2680640392545242879.xml'
23-Oct-2017 15:02:05.859 INFO [http-apr-8080-exec-32] org.apache.catalina.core.ApplicationContext.log Manager: list: Listing contexts for virtual host 'localhost'
23-Oct-2017 15:02:05.859 INFO [http-apr-8080-exec-33] org.apache.catalina.core.ApplicationContext.log Manager: list: Listing contexts for virtual host 'localhost'
23-Oct-2017 15:04:23.768 INFO [http-apr-8080-exec-28] org.apache.catalina.core.ApplicationContext.log Manager: list: Listing contexts for virtual host 'localhost'
23-Oct-2017 15:04:23.768 INFO [http-apr-8080-exec-32] org.apache.catalina.core.ApplicationContext.log Manager: list: Listing contexts for virtual host 'localhost'
23-Oct-2017 15:04:23.799 INFO [http-apr-8080-exec-33] org.apache.catalina.core.ApplicationContext.log Manager: undeploy: Undeploying web application at '/productMaint2'
23-Oct-2017 15:04:24.299 INFO [http-apr-8080-exec-32] org.apache.catalina.core.ApplicationContext.log Manager: install: Installing context configuration at 'file:/C:/Users/Pbyrd/AppData/Local/Temp/context3389763401336030293.xml'
23-Oct-2017 15:04:39.512 INFO [http-apr-8080-exec-40] org.apache.catalina.core.ApplicationContext.log Manager: list: Listing contexts for virtual host 'localhost'
23-Oct-2017 15:04:39.528 INFO [http-apr-8080-exec-41] org.apache.catalina.core.ApplicationContext.log Manager: list: Listing contexts for virtual host 'localhost'
23-Oct-2017 15:04:39.544 INFO [http-apr-8080-exec-28] org.apache.catalina.core.ApplicationContext.log Manager: undeploy: Undeploying web application at '/productMaint2'
23-Oct-2017 15:04:40.061 INFO [http-apr-8080-exec-32] org.apache.catalina.core.ApplicationContext.log Manager: install: Installing context configuration at 'file:/C:/Users/Pbyrd/AppData/Local/Temp/context4566952924257832718.xml'
23-Oct-2017 15:04:56.996 INFO [http-apr-8080-exec-30] org.apache.catalina.core.ApplicationContext.log Manager: list: Listing contexts for virtual host 'localhost'
23-Oct-2017 15:04:56.996 INFO [http-apr-8080-exec-44] org.apache.catalina.core.ApplicationContext.log Manager: list: Listing contexts for virtual host 'localhost'
23-Oct-2017 15:04:57.027 INFO [http-apr-8080-exec-40] org.apache.catalina.core.ApplicationContext.log Manager: undeploy: Undeploying web application at '/productMaint2'
23-Oct-2017 15:04:57.574 INFO [http-apr-8080-exec-34] org.apache.catalina.core.ApplicationContext.log Manager: install: Installing context configuration at 'file:/C:/Users/Pbyrd/AppData/Local/Temp/context7729873568629469065.xml'
23-Oct-2017 15:05:35.666 INFO [http-apr-8080-exec-44] org.apache.catalina.core.ApplicationContext.log Manager: list: Listing contexts for virtual host 'localhost'
23-Oct-2017 15:05:35.666 INFO [http-apr-8080-exec-47] org.apache.catalina.core.ApplicationContext.log Manager: list: Listing contexts for virtual host 'localhost'
23-Oct-2017 15:05:35.697 INFO [http-apr-8080-exec-28] org.apache.catalina.core.ApplicationContext.log Manager: restart: Reloading web application '/productMaint2'
23-Oct-2017 15:06:59.934 INFO [http-apr-8080-exec-44] org.apache.catalina.core.ApplicationContext.log Manager: list: Listing contexts for virtual host 'localhost'
23-Oct-2017 15:06:59.934 INFO [http-apr-8080-exec-48] org.apache.catalina.core.ApplicationContext.log Manager: list: Listing contexts for virtual host 'localhost'
23-Oct-2017 15:06:59.981 INFO [http-apr-8080-exec-49] org.apache.catalina.core.ApplicationContext.log Manager: restart: Reloading web application '/productMaint2'
23-Oct-2017 15:08:35.724 INFO [http-apr-8080-exec-48] org.apache.catalina.core.ApplicationContext.log Manager: list: Listing contexts for virtual host 'localhost'
23-Oct-2017 15:08:35.739 INFO [http-apr-8080-exec-44] org.apache.catalina.core.ApplicationContext.log Manager: list: Listing contexts for virtual host 'localhost'
23-Oct-2017 15:09:48.964 INFO [http-apr-8080-exec-58] org.apache.catalina.core.ApplicationContext.log Manager: list: Listing contexts for virtual host 'localhost'
23-Oct-2017 15:09:48.964 INFO [http-apr-8080-exec-60] org.apache.catalina.core.ApplicationContext.log Manager: list: Listing contexts for virtual host 'localhost'
23-Oct-2017 15:17:10.566 INFO [http-apr-8080-exec-63] org.apache.catalina.core.ApplicationContext.log Manager: list: Listing contexts for virtual host 'localhost'
23-Oct-2017 15:17:10.566 INFO [http-apr-8080-exec-54] org.apache.catalina.core.ApplicationContext.log Manager: list: Listing contexts for virtual host 'localhost'
23-Oct-2017 15:17:10.597 INFO [http-apr-8080-exec-57] org.apache.catalina.core.ApplicationContext.log Manager: undeploy: Undeploying web application at '/productMaint2'
23-Oct-2017 15:17:11.113 INFO [http-apr-8080-exec-60] org.apache.catalina.core.ApplicationContext.log Manager: install: Installing context configuration at 'file:/C:/Users/Pbyrd/AppData/Local/Temp/context6966560730227910659.xml'
23-Oct-2017 15:17:28.118 INFO [http-apr-8080-exec-65] org.apache.catalina.core.ApplicationContext.log Manager: list: Listing contexts for virtual host 'localhost'
23-Oct-2017 15:17:28.118 INFO [http-apr-8080-exec-66] org.apache.catalina.core.ApplicationContext.log Manager: list: Listing contexts for virtual host 'localhost'
23-Oct-2017 15:17:28.133 INFO [http-apr-8080-exec-53] org.apache.catalina.core.ApplicationContext.log Manager: undeploy: Undeploying web application at '/productMaint2'
23-Oct-2017 15:17:28.665 INFO [http-apr-8080-exec-66] org.apache.catalina.core.ApplicationContext.log Manager: install: Installing context configuration at 'file:/C:/Users/Pbyrd/AppData/Local/Temp/context6279011425317808850.xml'
23-Oct-2017 15:18:21.823 INFO [http-apr-8080-exec-68] org.apache.catalina.core.ApplicationContext.log Manager: list: Listing contexts for virtual host 'localhost'
23-Oct-2017 15:18:21.823 INFO [http-apr-8080-exec-69] org.apache.catalina.core.ApplicationContext.log Manager: list: Listing contexts for virtual host 'localhost'
23-Oct-2017 15:18:21.870 INFO [http-apr-8080-exec-56] org.apache.catalina.core.ApplicationContext.log Manager: undeploy: Undeploying web application at '/productMaint2'
23-Oct-2017 15:18:22.417 INFO [http-apr-8080-exec-68] org.apache.catalina.core.ApplicationContext.log Manager: install: Installing context configuration at 'file:/C:/Users/Pbyrd/AppData/Local/Temp/context5254410652356835279.xml'
23-Oct-2017 15:24:34.691 INFO [http-apr-8080-exec-79] org.apache.catalina.core.ApplicationContext.log Manager: list: Listing contexts for virtual host 'localhost'
23-Oct-2017 15:24:34.691 INFO [http-apr-8080-exec-70] org.apache.catalina.core.ApplicationContext.log Manager: list: Listing contexts for virtual host 'localhost'
23-Oct-2017 15:24:34.707 INFO [http-apr-8080-exec-71] org.apache.catalina.core.ApplicationContext.log Manager: undeploy: Undeploying web application at '/productMaint2'
23-Oct-2017 15:24:35.238 INFO [http-apr-8080-exec-72] org.apache.catalina.core.ApplicationContext.log Manager: install: Installing context configuration at 'file:/C:/Users/Pbyrd/AppData/Local/Temp/context189531252959869362.xml'
23-Oct-2017 15:35:42.733 INFO [http-apr-8080-exec-89] org.apache.catalina.core.ApplicationContext.log Manager: list: Listing contexts for virtual host 'localhost'
23-Oct-2017 15:35:42.748 INFO [http-apr-8080-exec-80] org.apache.catalina.core.ApplicationContext.log Manager: list: Listing contexts for virtual host 'localhost'
23-Oct-2017 15:35:42.764 INFO [http-apr-8080-exec-81] org.apache.catalina.core.ApplicationContext.log Manager: restart: Reloading web application '/productMaint2'
23-Oct-2017 15:37:27.205 INFO [http-apr-8080-exec-84] org.apache.catalina.core.ApplicationContext.log Manager: list: Listing contexts for virtual host 'localhost'
23-Oct-2017 15:37:27.205 INFO [http-apr-8080-exec-90] org.apache.catalina.core.ApplicationContext.log Manager: list: Listing contexts for virtual host 'localhost'
23-Oct-2017 15:37:27.221 INFO [http-apr-8080-exec-91] org.apache.catalina.core.ApplicationContext.log Manager: restart: Reloading web application '/productMaint2'
23-Oct-2017 15:40:16.502 INFO [http-apr-8080-exec-87] org.apache.catalina.core.ApplicationContext.log Manager: list: Listing contexts for virtual host 'localhost'
23-Oct-2017 15:40:16.502 INFO [http-apr-8080-exec-96] org.apache.catalina.core.ApplicationContext.log Manager: list: Listing contexts for virtual host 'localhost'
23-Oct-2017 15:40:16.517 INFO [http-apr-8080-exec-97] org.apache.catalina.core.ApplicationContext.log Manager: restart: Reloading web application '/productMaint2'
23-Oct-2017 15:41:15.888 INFO [http-apr-8080-exec-102] org.apache.catalina.core.ApplicationContext.log Manager: list: Listing contexts for virtual host 'localhost'
23-Oct-2017 15:41:15.888 INFO [http-apr-8080-exec-103] org.apache.catalina.core.ApplicationContext.log Manager: list: Listing contexts for virtual host 'localhost'
23-Oct-2017 15:41:15.919 INFO [http-apr-8080-exec-90] org.apache.catalina.core.ApplicationContext.log Manager: restart: Reloading web application '/productMaint2'
23-Oct-2017 15:41:54.209 INFO [http-apr-8080-exec-105] org.apache.catalina.core.ApplicationContext.log Manager: list: Listing contexts for virtual host 'localhost'
23-Oct-2017 15:41:54.209 INFO [http-apr-8080-exec-106] org.apache.catalina.core.ApplicationContext.log Manager: list: Listing contexts for virtual host 'localhost'
23-Oct-2017 15:41:54.224 INFO [http-apr-8080-exec-96] org.apache.catalina.core.ApplicationContext.log Manager: restart: Reloading web application '/productMaint2'
23-Oct-2017 15:42:46.776 INFO [http-apr-8080-exec-108] org.apache.catalina.core.ApplicationContext.log Manager: list: Listing contexts for virtual host 'localhost'
23-Oct-2017 15:42:46.792 INFO [http-apr-8080-exec-109] org.apache.catalina.core.ApplicationContext.log Manager: list: Listing contexts for virtual host 'localhost'
23-Oct-2017 15:42:46.823 INFO [http-apr-8080-exec-103] org.apache.catalina.core.ApplicationContext.log Manager: restart: Reloading web application '/productMaint2'
23-Oct-2017 15:42:56.504 INFO [http-apr-8080-exec-110] org.apache.catalina.core.ApplicationContext.log Manager: list: Listing contexts for virtual host 'localhost'
23-Oct-2017 15:42:56.508 INFO [http-apr-8080-exec-111] org.apache.catalina.core.ApplicationContext.log Manager: list: Listing contexts for virtual host 'localhost'
23-Oct-2017 15:45:29.101 INFO [http-apr-8080-exec-90] org.apache.catalina.core.ApplicationContext.log Manager: list: Listing contexts for virtual host 'localhost'
23-Oct-2017 15:45:29.104 INFO [http-apr-8080-exec-110] org.apache.catalina.core.ApplicationContext.log Manager: list: Listing contexts for virtual host 'localhost'
23-Oct-2017 15:45:29.132 INFO [http-apr-8080-exec-111] org.apache.catalina.core.ApplicationContext.log Manager: restart: Reloading web application '/productMaint2'
23-Oct-2017 16:27:46.267 INFO [http-apr-8080-exec-125] org.apache.catalina.core.ApplicationContext.log Manager: list: Listing contexts for virtual host 'localhost'
23-Oct-2017 16:27:46.267 INFO [http-apr-8080-exec-116] org.apache.catalina.core.ApplicationContext.log Manager: list: Listing contexts for virtual host 'localhost'
23-Oct-2017 16:27:46.282 INFO [http-apr-8080-exec-117] org.apache.catalina.core.ApplicationContext.log Manager: restart: Reloading web application '/productMaint2'
23-Oct-2017 16:29:07.952 INFO [http-apr-8080-exec-125] org.apache.catalina.core.ApplicationContext.log Manager: list: Listing contexts for virtual host 'localhost'
23-Oct-2017 16:29:07.952 INFO [http-apr-8080-exec-126] org.apache.catalina.core.ApplicationContext.log Manager: list: Listing contexts for virtual host 'localhost'
23-Oct-2017 16:29:52.769 INFO [http-apr-8080-exec-128] org.apache.catalina.core.ApplicationContext.log Manager: list: Listing contexts for virtual host 'localhost'
23-Oct-2017 16:29:52.769 INFO [http-apr-8080-exec-131] org.apache.catalina.core.ApplicationContext.log Manager: list: Listing contexts for virtual host 'localhost'
23-Oct-2017 16:30:45.080 INFO [http-apr-8080-exec-129] org.apache.catalina.core.ApplicationContext.log Manager: list: Listing contexts for virtual host 'localhost'
23-Oct-2017 16:30:45.080 INFO [http-apr-8080-exec-133] org.apache.catalina.core.ApplicationContext.log Manager: list: Listing contexts for virtual host 'localhost'
23-Oct-2017 16:30:45.111 INFO [http-apr-8080-exec-130] org.apache.catalina.core.ApplicationContext.log Manager: restart: Reloading web application '/productMaint2'
23-Oct-2017 16:31:22.883 INFO [http-apr-8080-exec-136] org.apache.catalina.core.ApplicationContext.log Manager: list: Listing contexts for virtual host 'localhost'
23-Oct-2017 16:31:22.883 INFO [http-apr-8080-exec-137] org.apache.catalina.core.ApplicationContext.log Manager: list: Listing contexts for virtual host 'localhost'
23-Oct-2017 17:36:53.543 INFO [http-apr-8080-exec-143] org.apache.catalina.core.ApplicationContext.log Manager: list: Listing contexts for virtual host 'localhost'
23-Oct-2017 17:36:53.543 INFO [http-apr-8080-exec-134] org.apache.catalina.core.ApplicationContext.log Manager: list: Listing contexts for virtual host 'localhost'
23-Oct-2017 17:36:53.574 INFO [http-apr-8080-exec-135] org.apache.catalina.core.ApplicationContext.log Manager: restart: Reloading web application '/productMaint2'
23-Oct-2017 17:40:03.540 INFO [http-apr-8080-exec-137] org.apache.catalina.core.ApplicationContext.log Manager: list: Listing contexts for virtual host 'localhost'
23-Oct-2017 17:40:03.544 INFO [http-apr-8080-exec-144] org.apache.catalina.core.ApplicationContext.log Manager: list: Listing contexts for virtual host 'localhost'
23-Oct-2017 17:40:03.564 INFO [http-apr-8080-exec-145] org.apache.catalina.core.ApplicationContext.log Manager: restart: Reloading web application '/productMaint2'
23-Oct-2017 17:44:27.253 INFO [http-apr-8080-exec-137] org.apache.catalina.core.ApplicationContext.log Manager: list: Listing contexts for virtual host 'localhost'
23-Oct-2017 17:44:27.253 INFO [http-apr-8080-exec-152] org.apache.catalina.core.ApplicationContext.log Manager: list: Listing contexts for virtual host 'localhost'
23-Oct-2017 17:44:27.284 INFO [http-apr-8080-exec-153] org.apache.catalina.core.ApplicationContext.log Manager: restart: Reloading web application '/productMaint2'
23-Oct-2017 17:45:23.985 INFO [http-apr-8080-exec-163] org.apache.catalina.core.ApplicationContext.log Manager: list: Listing contexts for virtual host 'localhost'
23-Oct-2017 17:45:23.985 INFO [http-apr-8080-exec-164] org.apache.catalina.core.ApplicationContext.log Manager: list: Listing contexts for virtual host 'localhost'
23-Oct-2017 17:45:24.063 INFO [http-apr-8080-exec-159] org.apache.catalina.core.ApplicationContext.log Manager: restart: Reloading web application '/productMaint2'
23-Oct-2017 17:56:13.144 INFO [http-apr-8080-exec-174] org.apache.catalina.core.ApplicationContext.log Manager: list: Listing contexts for virtual host 'localhost'
23-Oct-2017 17:56:13.144 INFO [http-apr-8080-exec-165] org.apache.catalina.core.ApplicationContext.log Manager: list: Listing contexts for virtual host 'localhost'
23-Oct-2017 17:56:13.176 INFO [http-apr-8080-exec-166] org.apache.catalina.core.ApplicationContext.log Manager: restart: Reloading web application '/productMaint2'
23-Oct-2017 18:33:05.947 INFO [http-apr-8080-exec-184] org.apache.catalina.core.ApplicationContext.log Manager: list: Listing contexts for virtual host 'localhost'
23-Oct-2017 18:33:05.947 INFO [http-apr-8080-exec-175] org.apache.catalina.core.ApplicationContext.log Manager: list: Listing contexts for virtual host 'localhost'
23-Oct-2017 18:33:05.963 INFO [http-apr-8080-exec-176] org.apache.catalina.core.ApplicationContext.log Manager: restart: Reloading web application '/productMaint2'
23-Oct-2017 18:51:17.835 INFO [http-apr-8080-exec-194] org.apache.catalina.core.ApplicationContext.log Manager: list: Listing contexts for virtual host 'localhost'
23-Oct-2017 18:51:17.835 INFO [http-apr-8080-exec-185] org.apache.catalina.core.ApplicationContext.log Manager: list: Listing contexts for virtual host 'localhost'
23-Oct-2017 18:51:17.867 INFO [http-apr-8080-exec-186] org.apache.catalina.core.ApplicationContext.log Manager: restart: Reloading web application '/productMaint2'
23-Oct-2017 18:53:14.934 INFO [http-apr-8080-exec-189] org.apache.catalina.core.ApplicationContext.log Manager: list: Listing contexts for virtual host 'localhost'
23-Oct-2017 18:53:14.934 INFO [http-apr-8080-exec-195] org.apache.catalina.core.ApplicationContext.log Manager: list: Listing contexts for virtual host 'localhost'
23-Oct-2017 18:57:32.882 INFO [http-apr-8080-exec-204] org.apache.catalina.core.ApplicationContext.log Manager: list: Listing contexts for virtual host 'localhost'
23-Oct-2017 18:57:32.882 INFO [http-apr-8080-exec-195] org.apache.catalina.core.ApplicationContext.log Manager: list: Listing contexts for virtual host 'localhost'
23-Oct-2017 18:57:32.929 INFO [http-apr-8080-exec-196] org.apache.catalina.core.ApplicationContext.log Manager: restart: Reloading web application '/productMaint2'
23-Oct-2017 19:00:23.601 INFO [http-apr-8080-exec-198] org.apache.catalina.core.ApplicationContext.log Manager: list: Listing contexts for virtual host 'localhost'
23-Oct-2017 19:00:23.617 INFO [http-apr-8080-exec-205] org.apache.catalina.core.ApplicationContext.log Manager: list: Listing contexts for virtual host 'localhost'
23-Oct-2017 19:00:23.695 INFO [http-apr-8080-exec-206] org.apache.catalina.core.ApplicationContext.log Manager: restart: Reloading web application '/productMaint2'
23-Oct-2017 19:03:48.691 INFO [http-apr-8080-exec-212] org.apache.catalina.core.ApplicationContext.log Manager: list: Listing contexts for virtual host 'localhost'
23-Oct-2017 19:03:48.691 INFO [http-apr-8080-exec-213] org.apache.catalina.core.ApplicationContext.log Manager: list: Listing contexts for virtual host 'localhost'
23-Oct-2017 19:03:48.722 INFO [http-apr-8080-exec-214] org.apache.catalina.core.ApplicationContext.log Manager: restart: Reloading web application '/productMaint2'
23-Oct-2017 19:06:48.846 INFO [http-apr-8080-exec-209] org.apache.catalina.core.ApplicationContext.log Manager: list: Listing contexts for virtual host 'localhost'
23-Oct-2017 19:06:48.846 INFO [http-apr-8080-exec-221] org.apache.catalina.core.ApplicationContext.log Manager: list: Listing contexts for virtual host 'localhost'
23-Oct-2017 19:16:27.396 INFO [http-apr-8080-exec-230] org.apache.catalina.core.ApplicationContext.log Manager: list: Listing contexts for virtual host 'localhost'
23-Oct-2017 19:16:27.396 INFO [http-apr-8080-exec-221] org.apache.catalina.core.ApplicationContext.log Manager: list: Listing contexts for virtual host 'localhost'
23-Oct-2017 19:16:27.412 INFO [http-apr-8080-exec-222] org.apache.catalina.core.ApplicationContext.log Manager: restart: Reloading web application '/productMaint2'
23-Oct-2017 19:20:41.432 INFO [http-apr-8080-exec-229] org.apache.catalina.core.ApplicationContext.log Manager: list: Listing contexts for virtual host 'localhost'
23-Oct-2017 19:20:41.432 INFO [http-apr-8080-exec-231] org.apache.catalina.core.ApplicationContext.log Manager: list: Listing contexts for virtual host 'localhost'
23-Oct-2017 19:20:41.463 INFO [http-apr-8080-exec-232] org.apache.catalina.core.ApplicationContext.log Manager: restart: Reloading web application '/productMaint2'
23-Oct-2017 19:22:46.963 INFO [http-apr-8080-exec-236] org.apache.catalina.core.ApplicationContext.log Manager: list: Listing contexts for virtual host 'localhost'
23-Oct-2017 19:22:46.963 INFO [http-apr-8080-exec-240] org.apache.catalina.core.ApplicationContext.log Manager: list: Listing contexts for virtual host 'localhost'
23-Oct-2017 19:22:46.995 INFO [http-apr-8080-exec-241] org.apache.catalina.core.ApplicationContext.log Manager: restart: Reloading web application '/productMaint2'
23-Oct-2017 19:26:19.937 INFO [http-apr-8080-exec-244] org.apache.catalina.core.ApplicationContext.log Manager: list: Listing contexts for virtual host 'localhost'
23-Oct-2017 19:26:19.937 INFO [http-apr-8080-exec-246] org.apache.catalina.core.ApplicationContext.log Manager: list: Listing contexts for virtual host 'localhost'
23-Oct-2017 19:26:19.952 INFO [http-apr-8080-exec-247] org.apache.catalina.core.ApplicationContext.log Manager: restart: Reloading web application '/productMaint2'
23-Oct-2017 19:26:51.581 INFO [http-apr-8080-exec-257] org.apache.catalina.core.ApplicationContext.log Manager: list: Listing contexts for virtual host 'localhost'
23-Oct-2017 19:26:51.581 INFO [http-apr-8080-exec-258] org.apache.catalina.core.ApplicationContext.log Manager: list: Listing contexts for virtual host 'localhost'
23-Oct-2017 19:26:51.597 INFO [http-apr-8080-exec-248] org.apache.catalina.core.ApplicationContext.log Manager: restart: Reloading web application '/productMaint2'
23-Oct-2017 19:27:23.337 INFO [http-apr-8080-exec-261] org.apache.catalina.core.ApplicationContext.log Manager: list: Listing contexts for virtual host 'localhost'
23-Oct-2017 19:27:23.341 INFO [http-apr-8080-exec-262] org.apache.catalina.core.ApplicationContext.log Manager: list: Listing contexts for virtual host 'localhost'
23-Oct-2017 19:29:11.688 INFO [http-apr-8080-exec-257] org.apache.catalina.core.ApplicationContext.log Manager: list: Listing contexts for virtual host 'localhost'
23-Oct-2017 19:29:11.688 INFO [http-apr-8080-exec-260] org.apache.catalina.core.ApplicationContext.log Manager: list: Listing contexts for virtual host 'localhost'
23-Oct-2017 19:29:11.704 INFO [http-apr-8080-exec-261] org.apache.catalina.core.ApplicationContext.log Manager: restart: Reloading web application '/productMaint2'
23-Oct-2017 19:30:04.108 INFO [http-apr-8080-exec-270] org.apache.catalina.core.ApplicationContext.log Manager: list: Listing contexts for virtual host 'localhost'
23-Oct-2017 19:30:04.108 INFO [http-apr-8080-exec-271] org.apache.catalina.core.ApplicationContext.log Manager: list: Listing contexts for virtual host 'localhost'
23-Oct-2017 19:30:04.139 INFO [http-apr-8080-exec-257] org.apache.catalina.core.ApplicationContext.log Manager: restart: Reloading web application '/productMaint2'
23-Oct-2017 19:30:28.548 INFO [http-apr-8080-exec-273] org.apache.catalina.core.ApplicationContext.log Manager: list: Listing contexts for virtual host 'localhost'
23-Oct-2017 19:30:28.563 INFO [http-apr-8080-exec-274] org.apache.catalina.core.ApplicationContext.log Manager: list: Listing contexts for virtual host 'localhost'
23-Oct-2017 19:31:13.563 INFO [http-apr-8080-exec-277] org.apache.catalina.core.ApplicationContext.log Manager: list: Listing contexts for virtual host 'localhost'
23-Oct-2017 19:31:13.563 INFO [http-apr-8080-exec-278] org.apache.catalina.core.ApplicationContext.log Manager: list: Listing contexts for virtual host 'localhost'
23-Oct-2017 19:31:13.578 INFO [http-apr-8080-exec-268] org.apache.catalina.core.ApplicationContext.log Manager: restart: Reloading web application '/productMaint2'
23-Oct-2017 19:31:43.400 INFO [http-apr-8080-exec-282] org.apache.catalina.core.ApplicationContext.log Manager: list: Listing contexts for virtual host 'localhost'
23-Oct-2017 19:31:43.400 INFO [http-apr-8080-exec-283] org.apache.catalina.core.ApplicationContext.log Manager: list: Listing contexts for virtual host 'localhost'
23-Oct-2017 19:34:55.737 INFO [http-apr-8080-exec-288] org.apache.catalina.core.ApplicationContext.log Manager: list: Listing contexts for virtual host 'localhost'
23-Oct-2017 19:34:55.737 INFO [http-apr-8080-exec-281] org.apache.catalina.core.ApplicationContext.log Manager: list: Listing contexts for virtual host 'localhost'
23-Oct-2017 19:34:55.753 INFO [http-apr-8080-exec-282] org.apache.catalina.core.ApplicationContext.log Manager: restart: Reloading web application '/productMaint2'
23-Oct-2017 19:35:10.824 INFO [http-apr-8080-exec-290] org.apache.catalina.core.ApplicationContext.log Manager: list: Listing contexts for virtual host 'localhost'
23-Oct-2017 19:35:10.840 INFO [http-apr-8080-exec-291] org.apache.catalina.core.ApplicationContext.log Manager: list: Listing contexts for virtual host 'localhost'
23-Oct-2017 19:35:48.547 INFO [http-apr-8080-exec-293] org.apache.catalina.core.ApplicationContext.log Manager: list: Listing contexts for virtual host 'localhost'
23-Oct-2017 19:35:48.547 INFO [http-apr-8080-exec-294] org.apache.catalina.core.ApplicationContext.log Manager: list: Listing contexts for virtual host 'localhost'
23-Oct-2017 19:35:48.562 INFO [http-apr-8080-exec-283] org.apache.catalina.core.ApplicationContext.log Manager: restart: Reloading web application '/productMaint2'
23-Oct-2017 19:36:18.157 INFO [http-apr-8080-exec-298] org.apache.catalina.core.ApplicationContext.log Manager: list: Listing contexts for virtual host 'localhost'
23-Oct-2017 19:36:18.172 INFO [http-apr-8080-exec-299] org.apache.catalina.core.ApplicationContext.log Manager: list: Listing contexts for virtual host 'localhost'
23-Oct-2017 19:36:18.188 INFO [http-apr-8080-exec-291] org.apache.catalina.core.ApplicationContext.log Manager: restart: Reloading web application '/productMaint2'
23-Oct-2017 20:02:46.428 INFO [http-apr-8080-exec-305] org.apache.catalina.core.ApplicationContext.log Manager: list: Listing contexts for virtual host 'localhost'
23-Oct-2017 20:02:46.428 INFO [http-apr-8080-exec-306] org.apache.catalina.core.ApplicationContext.log Manager: list: Listing contexts for virtual host 'localhost'
23-Oct-2017 20:02:46.475 INFO [http-apr-8080-exec-300] org.apache.catalina.core.ApplicationContext.log Manager: restart: Reloading web application '/productMaint2'
23-Oct-2017 20:03:04.157 INFO [http-apr-8080-exec-311] org.apache.catalina.core.ApplicationContext.log Manager: list: Listing contexts for virtual host 'localhost'
23-Oct-2017 20:03:04.172 INFO [http-apr-8080-exec-312] org.apache.catalina.core.ApplicationContext.log Manager: list: Listing contexts for virtual host 'localhost'
23-Oct-2017 20:05:37.752 INFO [http-apr-8080-exec-306] org.apache.catalina.core.ApplicationContext.log Manager: list: Listing contexts for virtual host 'localhost'
23-Oct-2017 20:05:37.752 INFO [http-apr-8080-exec-311] org.apache.catalina.core.ApplicationContext.log Manager: list: Listing contexts for virtual host 'localhost'
23-Oct-2017 20:05:37.783 INFO [http-apr-8080-exec-312] org.apache.catalina.core.ApplicationContext.log Manager: restart: Reloading web application '/productMaint2'
23-Oct-2017 20:11:38.752 INFO [http-apr-8080-exec-318] org.apache.catalina.core.ApplicationContext.log Manager: list: Listing contexts for virtual host 'localhost'
23-Oct-2017 20:11:38.756 INFO [http-apr-8080-exec-319] org.apache.catalina.core.ApplicationContext.log Manager: list: Listing contexts for virtual host 'localhost'
23-Oct-2017 20:11:38.840 INFO [http-apr-8080-exec-320] org.apache.catalina.core.ApplicationContext.log Manager: restart: Reloading web application '/productMaint2'
23-Oct-2017 20:12:30.435 INFO [http-apr-8080-exec-331] org.apache.catalina.core.ApplicationContext.log Manager: list: Listing contexts for virtual host 'localhost'
23-Oct-2017 20:12:30.435 INFO [http-apr-8080-exec-332] org.apache.catalina.core.ApplicationContext.log Manager: list: Listing contexts for virtual host 'localhost'
23-Oct-2017 20:12:30.467 INFO [http-apr-8080-exec-322] org.apache.catalina.core.ApplicationContext.log Manager: restart: Reloading web application '/productMaint2'
23-Oct-2017 20:14:46.837 INFO [http-apr-8080-exec-332] org.apache.catalina.core.ApplicationContext.log Manager: list: Listing contexts for virtual host 'localhost'
23-Oct-2017 20:14:46.837 INFO [http-apr-8080-exec-333] org.apache.catalina.core.ApplicationContext.log Manager: list: Listing contexts for virtual host 'localhost'
23-Oct-2017 20:14:46.865 INFO [http-apr-8080-exec-334] org.apache.catalina.core.ApplicationContext.log Manager: restart: Reloading web application '/productMaint2'
23-Oct-2017 20:15:39.431 INFO [http-apr-8080-exec-343] org.apache.catalina.core.ApplicationContext.log Manager: list: Listing contexts for virtual host 'localhost'
23-Oct-2017 20:15:39.431 INFO [http-apr-8080-exec-344] org.apache.catalina.core.ApplicationContext.log Manager: list: Listing contexts for virtual host 'localhost'
23-Oct-2017 20:15:39.447 INFO [http-apr-8080-exec-338] org.apache.catalina.core.ApplicationContext.log Manager: restart: Reloading web application '/productMaint2'
23-Oct-2017 20:16:21.271 INFO [http-apr-8080-exec-348] org.apache.catalina.core.ApplicationContext.log Manager: list: Listing contexts for virtual host 'localhost'
23-Oct-2017 20:16:21.271 INFO [http-apr-8080-exec-349] org.apache.catalina.core.ApplicationContext.log Manager: list: Listing contexts for virtual host 'localhost'
23-Oct-2017 20:17:15.064 INFO [http-apr-8080-exec-346] org.apache.catalina.core.ApplicationContext.log Manager: list: Listing contexts for virtual host 'localhost'
23-Oct-2017 20:17:15.064 INFO [http-apr-8080-exec-347] org.apache.catalina.core.ApplicationContext.log Manager: list: Listing contexts for virtual host 'localhost'
23-Oct-2017 20:17:15.095 INFO [http-apr-8080-exec-348] org.apache.catalina.core.ApplicationContext.log Manager: restart: Reloading web application '/productMaint2'
23-Oct-2017 20:20:47.368 INFO [http-apr-8080-exec-361] org.apache.catalina.core.ApplicationContext.log Manager: list: Listing contexts for virtual host 'localhost'
23-Oct-2017 20:20:47.372 INFO [http-apr-8080-exec-353] org.apache.catalina.core.ApplicationContext.log Manager: list: Listing contexts for virtual host 'localhost'
23-Oct-2017 20:20:47.400 INFO [http-apr-8080-exec-354] org.apache.catalina.core.ApplicationContext.log Manager: restart: Reloading web application '/productMaint2'
23-Oct-2017 20:22:37.997 INFO [http-apr-8080-exec-353] org.apache.catalina.core.ApplicationContext.log Manager: list: Listing contexts for virtual host 'localhost'
23-Oct-2017 20:22:38.001 INFO [http-apr-8080-exec-362] org.apache.catalina.core.ApplicationContext.log Manager: list: Listing contexts for virtual host 'localhost'
23-Oct-2017 20:22:38.025 INFO [http-apr-8080-exec-363] org.apache.catalina.core.ApplicationContext.log Manager: restart: Reloading web application '/productMaint2'
23-Oct-2017 20:25:32.470 INFO [http-apr-8080-exec-355] org.apache.catalina.core.ApplicationContext.log Manager: list: Listing contexts for virtual host 'localhost'
23-Oct-2017 20:25:32.470 INFO [http-apr-8080-exec-368] org.apache.catalina.core.ApplicationContext.log Manager: list: Listing contexts for virtual host 'localhost'
23-Oct-2017 20:25:32.494 INFO [http-apr-8080-exec-369] org.apache.catalina.core.ApplicationContext.log Manager: restart: Reloading web application '/productMaint2'
23-Oct-2017 20:26:02.215 INFO [http-apr-8080-exec-384] org.apache.catalina.core.ApplicationContext.log Manager: list: Listing contexts for virtual host 'localhost'
23-Oct-2017 20:26:02.230 INFO [http-apr-8080-exec-385] org.apache.catalina.core.ApplicationContext.log Manager: list: Listing contexts for virtual host 'localhost'
23-Oct-2017 20:26:29.807 INFO [http-apr-8080-exec-378] org.apache.catalina.core.ApplicationContext.log Manager: list: Listing contexts for virtual host 'localhost'
23-Oct-2017 20:26:29.807 INFO [http-apr-8080-exec-379] org.apache.catalina.core.ApplicationContext.log Manager: list: Listing contexts for virtual host 'localhost'
23-Oct-2017 20:28:11.431 INFO [http-apr-8080-exec-383] org.apache.catalina.core.ApplicationContext.log Manager: list: Listing contexts for virtual host 'localhost'
23-Oct-2017 20:28:11.431 INFO [http-apr-8080-exec-384] org.apache.catalina.core.ApplicationContext.log Manager: list: Listing contexts for virtual host 'localhost'
23-Oct-2017 22:04:53.920 INFO [http-apr-8080-exec-1] org.apache.catalina.core.ApplicationContext.log Manager: init: Associated with Deployer 'Catalina:type=Deployer,host=localhost'
23-Oct-2017 22:04:53.920 INFO [http-apr-8080-exec-1] org.apache.catalina.core.ApplicationContext.log Manager: init: Global resources are available
23-Oct-2017 22:04:53.920 INFO [http-apr-8080-exec-1] org.apache.catalina.core.ApplicationContext.log Manager: list: Listing contexts for virtual host 'localhost'
23-Oct-2017 22:04:53.920 INFO [http-apr-8080-exec-3] org.apache.catalina.core.ApplicationContext.log Manager: list: Listing contexts for virtual host 'localhost'
23-Oct-2017 22:07:36.927 INFO [http-apr-8080-exec-7] org.apache.catalina.core.ApplicationContext.log Manager: list: Listing contexts for virtual host 'localhost'
23-Oct-2017 22:07:36.942 INFO [http-apr-8080-exec-8] org.apache.catalina.core.ApplicationContext.log Manager: list: Listing contexts for virtual host 'localhost'
23-Oct-2017 22:11:57.205 INFO [http-apr-8080-exec-4] org.apache.catalina.core.ApplicationContext.log Manager: list: Listing contexts for virtual host 'localhost'
23-Oct-2017 22:11:57.205 INFO [http-apr-8080-exec-2] org.apache.catalina.core.ApplicationContext.log Manager: list: Listing contexts for virtual host 'localhost'
23-Oct-2017 22:14:05.534 INFO [http-apr-8080-exec-4] org.apache.catalina.core.ApplicationContext.log Manager: list: Listing contexts for virtual host 'localhost'
23-Oct-2017 22:14:05.534 INFO [http-apr-8080-exec-2] org.apache.catalina.core.ApplicationContext.log Manager: list: Listing contexts for virtual host 'localhost'
