04-Oct-2017 16:16:28.423 INFO [http-apr-8080-exec-10] org.apache.catalina.core.ApplicationContext.log Manager: init: Associated with Deployer 'Catalina:type=Deployer,host=localhost'
04-Oct-2017 16:16:28.423 INFO [http-apr-8080-exec-10] org.apache.catalina.core.ApplicationContext.log Manager: init: Global resources are available
04-Oct-2017 16:16:28.423 INFO [http-apr-8080-exec-10] org.apache.catalina.core.ApplicationContext.log Manager: list: Listing contexts for virtual host 'localhost'
04-Oct-2017 16:16:28.439 INFO [http-apr-8080-exec-1] org.apache.catalina.core.ApplicationContext.log Manager: list: Listing contexts for virtual host 'localhost'
04-Oct-2017 16:16:28.439 INFO [http-apr-8080-exec-2] org.apache.catalina.core.ApplicationContext.log Manager: install: Installing context configuration at 'file:/C:/Users/Pbyrd/AppData/Local/Temp/context891492715580129430.xml'
04-Oct-2017 16:16:28.523 INFO [http-apr-8080-exec-3] org.apache.catalina.core.ApplicationContext.log Manager: start: Starting web application '/ch10_ex1_email_sol'
04-Oct-2017 16:17:04.197 INFO [http-apr-8080-exec-7] org.apache.catalina.core.ApplicationContext.log Manager: list: Listing contexts for virtual host 'localhost'
04-Oct-2017 16:17:04.197 INFO [http-apr-8080-exec-8] org.apache.catalina.core.ApplicationContext.log Manager: list: Listing contexts for virtual host 'localhost'
04-Oct-2017 16:17:37.004 INFO [http-apr-8080-exec-2] org.apache.catalina.core.ApplicationContext.log Manager: list: Listing contexts for virtual host 'localhost'
04-Oct-2017 16:17:37.017 INFO [http-apr-8080-exec-3] org.apache.catalina.core.ApplicationContext.log Manager: list: Listing contexts for virtual host 'localhost'
04-Oct-2017 16:17:50.043 INFO [http-apr-8080-exec-7] org.apache.catalina.core.ApplicationContext.log Manager: list: Listing contexts for virtual host 'localhost'
04-Oct-2017 16:17:50.058 INFO [http-apr-8080-exec-8] org.apache.catalina.core.ApplicationContext.log Manager: list: Listing contexts for virtual host 'localhost'
04-Oct-2017 17:02:51.471 INFO [http-apr-8080-exec-3] org.apache.catalina.core.ApplicationContext.log Manager: list: Listing contexts for virtual host 'localhost'
04-Oct-2017 17:02:51.475 INFO [http-apr-8080-exec-4] org.apache.catalina.core.ApplicationContext.log Manager: list: Listing contexts for virtual host 'localhost'
04-Oct-2017 17:03:43.680 INFO [http-apr-8080-exec-8] org.apache.catalina.core.ApplicationContext.log Manager: list: Listing contexts for virtual host 'localhost'
04-Oct-2017 17:03:43.680 INFO [http-apr-8080-exec-9] org.apache.catalina.core.ApplicationContext.log Manager: list: Listing contexts for virtual host 'localhost'
04-Oct-2017 17:18:20.954 INFO [http-apr-8080-exec-3] org.apache.catalina.core.ApplicationContext.log Manager: list: Listing contexts for virtual host 'localhost'
04-Oct-2017 17:18:20.970 INFO [http-apr-8080-exec-4] org.apache.catalina.core.ApplicationContext.log Manager: undeploy: Undeploying web application at '/ch10_ex1_email_sol'
04-Oct-2017 17:18:21.526 INFO [http-apr-8080-exec-8] org.apache.catalina.core.ApplicationContext.log Manager: install: Installing context configuration at 'file:/C:/Users/Pbyrd/AppData/Local/Temp/context5441360482606425919.xml'
04-Oct-2017 17:18:21.643 INFO [http-apr-8080-exec-6] org.apache.catalina.core.ApplicationContext.log Manager: start: Starting web application '/ch10_ex1_email_sol'
04-Oct-2017 17:32:29.270 INFO [http-apr-8080-exec-20] org.apache.catalina.core.ApplicationContext.log Manager: list: Listing contexts for virtual host 'localhost'
04-Oct-2017 17:32:29.270 INFO [http-apr-8080-exec-11] org.apache.catalina.core.ApplicationContext.log Manager: list: Listing contexts for virtual host 'localhost'
04-Oct-2017 17:32:29.292 INFO [http-apr-8080-exec-12] org.apache.catalina.core.ApplicationContext.log Manager: undeploy: Undeploying web application at '/ch10_ex1_email_sol'
04-Oct-2017 17:32:29.839 INFO [http-apr-8080-exec-13] org.apache.catalina.core.ApplicationContext.log Manager: install: Installing context configuration at 'file:/C:/Users/Pbyrd/AppData/Local/Temp/context6609001098795254694.xml'
04-Oct-2017 17:32:29.945 INFO [http-apr-8080-exec-14] org.apache.catalina.core.ApplicationContext.log Manager: start: Starting web application '/ch10_ex1_email_sol'
04-Oct-2017 17:33:46.673 INFO [http-apr-8080-exec-18] org.apache.catalina.core.ApplicationContext.log Manager: list: Listing contexts for virtual host 'localhost'
04-Oct-2017 17:33:46.673 INFO [http-apr-8080-exec-21] org.apache.catalina.core.ApplicationContext.log Manager: list: Listing contexts for virtual host 'localhost'
