17-Oct-2017 11:47:41.612 INFO [http-apr-8080-exec-10] org.apache.catalina.core.ApplicationContext.log Manager: init: Associated with Deployer 'Catalina:type=Deployer,host=localhost'
17-Oct-2017 11:47:41.612 INFO [http-apr-8080-exec-10] org.apache.catalina.core.ApplicationContext.log Manager: init: Global resources are available
17-Oct-2017 11:47:41.612 INFO [http-apr-8080-exec-10] org.apache.catalina.core.ApplicationContext.log Manager: list: Listing contexts for virtual host 'localhost'
17-Oct-2017 11:47:41.628 INFO [http-apr-8080-exec-1] org.apache.catalina.core.ApplicationContext.log Manager: list: Listing contexts for virtual host 'localhost'
17-Oct-2017 11:47:41.644 INFO [http-apr-8080-exec-2] org.apache.catalina.core.ApplicationContext.log Manager: install: Installing context configuration at 'file:/C:/Users/Pbyrd/AppData/Local/Temp/context8165695898703624074.xml'
17-Oct-2017 11:47:41.909 INFO [http-apr-8080-exec-3] org.apache.catalina.core.ApplicationContext.log Manager: start: Starting web application '/productMaint2'
17-Oct-2017 11:55:39.006 INFO [http-apr-8080-exec-5] org.apache.catalina.core.ApplicationContext.log Manager: list: Listing contexts for virtual host 'localhost'
17-Oct-2017 11:55:39.022 INFO [http-apr-8080-exec-7] org.apache.catalina.core.ApplicationContext.log Manager: list: Listing contexts for virtual host 'localhost'
17-Oct-2017 11:58:58.965 INFO [http-apr-8080-exec-2] org.apache.catalina.core.ApplicationContext.log Manager: list: Listing contexts for virtual host 'localhost'
17-Oct-2017 11:58:58.965 INFO [http-apr-8080-exec-4] org.apache.catalina.core.ApplicationContext.log Manager: list: Listing contexts for virtual host 'localhost'
17-Oct-2017 11:58:58.996 INFO [http-apr-8080-exec-5] org.apache.catalina.core.ApplicationContext.log Manager: restart: Reloading web application '/productMaint2'
17-Oct-2017 12:09:02.383 INFO [http-apr-8080-exec-20] org.apache.catalina.core.ApplicationContext.log Manager: list: Listing contexts for virtual host 'localhost'
17-Oct-2017 12:09:02.383 INFO [http-apr-8080-exec-11] org.apache.catalina.core.ApplicationContext.log Manager: list: Listing contexts for virtual host 'localhost'
17-Oct-2017 12:09:17.536 INFO [http-apr-8080-exec-17] org.apache.catalina.core.ApplicationContext.log Manager: list: Listing contexts for virtual host 'localhost'
17-Oct-2017 12:09:17.552 INFO [http-apr-8080-exec-18] org.apache.catalina.core.ApplicationContext.log Manager: list: Listing contexts for virtual host 'localhost'
17-Oct-2017 12:10:09.515 INFO [http-apr-8080-exec-11] org.apache.catalina.core.ApplicationContext.log Manager: list: Listing contexts for virtual host 'localhost'
17-Oct-2017 12:10:09.530 INFO [http-apr-8080-exec-12] org.apache.catalina.core.ApplicationContext.log Manager: list: Listing contexts for virtual host 'localhost'
17-Oct-2017 12:10:09.546 INFO [http-apr-8080-exec-13] org.apache.catalina.core.ApplicationContext.log Manager: stop: Stopping web application '/productMaint2'
17-Oct-2017 12:10:09.546 INFO [http-apr-8080-exec-16] org.apache.catalina.core.ApplicationContext.log Manager: start: Starting web application '/productMaint2'
17-Oct-2017 12:10:23.531 INFO [http-apr-8080-exec-20] org.apache.catalina.core.ApplicationContext.log Manager: list: Listing contexts for virtual host 'localhost'
17-Oct-2017 12:10:23.531 INFO [http-apr-8080-exec-23] org.apache.catalina.core.ApplicationContext.log Manager: list: Listing contexts for virtual host 'localhost'
17-Oct-2017 12:10:23.547 INFO [http-apr-8080-exec-16] org.apache.catalina.core.ApplicationContext.log Manager: stop: Stopping web application '/productMaint2'
17-Oct-2017 12:10:23.562 INFO [http-apr-8080-exec-18] org.apache.catalina.core.ApplicationContext.log Manager: start: Starting web application '/productMaint2'
