05-Oct-2017 09:42:04.932 INFO [http-apr-8080-exec-10] org.apache.catalina.core.ApplicationContext.log Manager: init: Associated with Deployer 'Catalina:type=Deployer,host=localhost'
05-Oct-2017 09:42:04.932 INFO [http-apr-8080-exec-10] org.apache.catalina.core.ApplicationContext.log Manager: init: Global resources are available
05-Oct-2017 09:42:04.932 INFO [http-apr-8080-exec-10] org.apache.catalina.core.ApplicationContext.log Manager: list: Listing contexts for virtual host 'localhost'
05-Oct-2017 09:42:04.948 INFO [http-apr-8080-exec-1] org.apache.catalina.core.ApplicationContext.log Manager: list: Listing contexts for virtual host 'localhost'
05-Oct-2017 09:42:04.963 INFO [http-apr-8080-exec-3] org.apache.catalina.core.ApplicationContext.log Manager: undeploy: Undeploying web application at '/ch10_ex1_email_sol'
05-Oct-2017 09:42:05.563 INFO [http-apr-8080-exec-8] org.apache.catalina.core.ApplicationContext.log Manager: install: Installing context configuration at 'file:/C:/Users/Pbyrd/AppData/Local/Temp/context5556926908282652710.xml'
05-Oct-2017 09:42:05.679 INFO [http-apr-8080-exec-6] org.apache.catalina.core.ApplicationContext.log Manager: start: Starting web application '/ch10_ex1_email_sol'
05-Oct-2017 09:42:27.231 INFO [http-apr-8080-exec-12] org.apache.catalina.core.ApplicationContext.log Manager: list: Listing contexts for virtual host 'localhost'
05-Oct-2017 09:42:27.273 INFO [http-apr-8080-exec-13] org.apache.catalina.core.ApplicationContext.log Manager: list: Listing contexts for virtual host 'localhost'
05-Oct-2017 09:42:27.294 INFO [http-apr-8080-exec-2] org.apache.catalina.core.ApplicationContext.log Manager: undeploy: Undeploying web application at '/ch10_ex1_email_sol'
05-Oct-2017 09:42:27.841 INFO [http-apr-8080-exec-8] org.apache.catalina.core.ApplicationContext.log Manager: install: Installing context configuration at 'file:/C:/Users/Pbyrd/AppData/Local/Temp/context8232512764976054706.xml'
05-Oct-2017 09:42:28.004 INFO [45] org.apache.catalina.core.ApplicationContext.log Manager: start: Starting web application '/ch10_ex1_email_sol'
05-Oct-2017 09:42:46.892 INFO [http-apr-8080-exec-9] org.apache.catalina.core.ApplicationContext.log Manager: list: Listing contexts for virtual host 'localhost'
05-Oct-2017 09:42:46.908 INFO [http-apr-8080-exec-15] org.apache.catalina.core.ApplicationContext.log Manager: list: Listing contexts for virtual host 'localhost'
05-Oct-2017 09:42:46.923 INFO [http-apr-8080-exec-4] org.apache.catalina.core.ApplicationContext.log Manager: undeploy: Undeploying web application at '/ch10_ex1_email_sol'
05-Oct-2017 09:42:47.461 INFO [http-apr-8080-exec-8] org.apache.catalina.core.ApplicationContext.log Manager: install: Installing context configuration at 'file:/C:/Users/Pbyrd/AppData/Local/Temp/context1800512955989406519.xml'
05-Oct-2017 09:42:47.541 INFO [http-apr-8080-exec-6] org.apache.catalina.core.ApplicationContext.log Manager: start: Starting web application '/ch10_ex1_email_sol'
05-Oct-2017 09:53:58.330 INFO [http-apr-8080-exec-25] org.apache.catalina.core.ApplicationContext.log Manager: list: Listing contexts for virtual host 'localhost'
05-Oct-2017 09:53:58.330 INFO [http-apr-8080-exec-20] org.apache.catalina.core.ApplicationContext.log Manager: list: Listing contexts for virtual host 'localhost'
05-Oct-2017 09:53:58.346 INFO [http-apr-8080-exec-21] org.apache.catalina.core.ApplicationContext.log Manager: undeploy: Undeploying web application at '/ch10_ex1_email_sol'
05-Oct-2017 09:53:58.877 INFO [http-apr-8080-exec-22] org.apache.catalina.core.ApplicationContext.log Manager: install: Installing context configuration at 'file:/C:/Users/Pbyrd/AppData/Local/Temp/context645844542480515539.xml'
05-Oct-2017 09:53:58.908 INFO [http-apr-8080-exec-25] org.apache.catalina.core.ApplicationContext.log Manager: start: Starting web application '/ch10_ex1_email_sol'
05-Oct-2017 10:20:13.411 INFO [http-apr-8080-exec-35] org.apache.catalina.core.ApplicationContext.log Manager: list: Listing contexts for virtual host 'localhost'
05-Oct-2017 10:20:13.413 INFO [http-apr-8080-exec-26] org.apache.catalina.core.ApplicationContext.log Manager: list: Listing contexts for virtual host 'localhost'
05-Oct-2017 10:20:13.427 INFO [http-apr-8080-exec-27] org.apache.catalina.core.ApplicationContext.log Manager: undeploy: Undeploying web application at '/ch10_ex1_email_sol'
05-Oct-2017 10:20:13.987 INFO [http-apr-8080-exec-32] org.apache.catalina.core.ApplicationContext.log Manager: install: Installing context configuration at 'file:/C:/Users/Pbyrd/AppData/Local/Temp/context1879508561116671845.xml'
05-Oct-2017 10:20:14.071 INFO [http-apr-8080-exec-30] org.apache.catalina.core.ApplicationContext.log Manager: start: Starting web application '/ch10_ex1_email_sol'
05-Oct-2017 10:54:17.737 INFO [http-apr-8080-exec-45] org.apache.catalina.core.ApplicationContext.log Manager: list: Listing contexts for virtual host 'localhost'
05-Oct-2017 10:54:17.737 INFO [http-apr-8080-exec-36] org.apache.catalina.core.ApplicationContext.log Manager: list: Listing contexts for virtual host 'localhost'
05-Oct-2017 15:20:19.347 INFO [http-apr-8080-exec-10] org.apache.catalina.core.ApplicationContext.log Manager: init: Associated with Deployer 'Catalina:type=Deployer,host=localhost'
05-Oct-2017 15:20:19.347 INFO [http-apr-8080-exec-10] org.apache.catalina.core.ApplicationContext.log Manager: init: Global resources are available
05-Oct-2017 15:20:19.348 INFO [http-apr-8080-exec-10] org.apache.catalina.core.ApplicationContext.log Manager: list: Listing contexts for virtual host 'localhost'
05-Oct-2017 15:20:19.356 INFO [http-apr-8080-exec-2] org.apache.catalina.core.ApplicationContext.log Manager: list: Listing contexts for virtual host 'localhost'
05-Oct-2017 15:20:19.408 INFO [http-apr-8080-exec-3] org.apache.catalina.core.ApplicationContext.log Manager: stop: Stopping web application '/productMaint1'
05-Oct-2017 15:20:19.428 INFO [http-apr-8080-exec-8] org.apache.catalina.core.ApplicationContext.log Manager: start: Starting web application '/productMaint1'
05-Oct-2017 15:20:55.498 INFO [http-apr-8080-exec-14] org.apache.catalina.core.ApplicationContext.log Manager: list: Listing contexts for virtual host 'localhost'
05-Oct-2017 15:20:55.501 INFO [http-apr-8080-exec-15] org.apache.catalina.core.ApplicationContext.log Manager: list: Listing contexts for virtual host 'localhost'
05-Oct-2017 15:26:24.300 INFO [http-apr-8080-exec-20] org.apache.catalina.core.ApplicationContext.log Manager: list: Listing contexts for virtual host 'localhost'
05-Oct-2017 15:26:24.310 INFO [http-apr-8080-exec-13] org.apache.catalina.core.ApplicationContext.log Manager: list: Listing contexts for virtual host 'localhost'
05-Oct-2017 15:26:24.345 INFO [http-apr-8080-exec-14] org.apache.catalina.core.ApplicationContext.log Manager: restart: Reloading web application '/productMaint1'
05-Oct-2017 15:26:49.439 INFO [http-apr-8080-exec-25] org.apache.catalina.core.ApplicationContext.log Manager: list: Listing contexts for virtual host 'localhost'
05-Oct-2017 15:26:49.445 INFO [http-apr-8080-exec-26] org.apache.catalina.core.ApplicationContext.log Manager: list: Listing contexts for virtual host 'localhost'
05-Oct-2017 15:42:20.180 INFO [http-apr-8080-exec-30] org.apache.catalina.core.ApplicationContext.log Manager: list: Listing contexts for virtual host 'localhost'
05-Oct-2017 15:42:20.184 INFO [http-apr-8080-exec-22] org.apache.catalina.core.ApplicationContext.log Manager: list: Listing contexts for virtual host 'localhost'
05-Oct-2017 15:44:18.520 INFO [http-apr-8080-exec-29] org.apache.catalina.core.ApplicationContext.log Manager: list: Listing contexts for virtual host 'localhost'
05-Oct-2017 15:44:18.525 INFO [http-apr-8080-exec-30] org.apache.catalina.core.ApplicationContext.log Manager: list: Listing contexts for virtual host 'localhost'
05-Oct-2017 16:00:54.313 INFO [http-apr-8080-exec-27] org.apache.catalina.core.ApplicationContext.log Manager: list: Listing contexts for virtual host 'localhost'
05-Oct-2017 16:00:54.316 INFO [http-apr-8080-exec-28] org.apache.catalina.core.ApplicationContext.log Manager: list: Listing contexts for virtual host 'localhost'
