09-Oct-2017 17:13:48.835 INFO [http-apr-8080-exec-10] org.apache.catalina.core.ApplicationContext.log Manager: init: Associated with Deployer 'Catalina:type=Deployer,host=localhost'
09-Oct-2017 17:13:48.835 INFO [http-apr-8080-exec-10] org.apache.catalina.core.ApplicationContext.log Manager: init: Global resources are available
09-Oct-2017 17:13:48.835 INFO [http-apr-8080-exec-10] org.apache.catalina.core.ApplicationContext.log Manager: list: Listing contexts for virtual host 'localhost'
09-Oct-2017 17:13:48.851 INFO [http-apr-8080-exec-1] org.apache.catalina.core.ApplicationContext.log Manager: undeploy: Undeploying web application at '/productMaint1'
09-Oct-2017 17:13:49.462 INFO [http-apr-8080-exec-8] org.apache.catalina.core.ApplicationContext.log Manager: install: Installing context configuration at 'file:/C:/Users/Pbyrd/AppData/Local/Temp/context3083023109531502408.xml'
09-Oct-2017 17:13:49.795 INFO [http-apr-8080-exec-6] org.apache.catalina.core.ApplicationContext.log Manager: start: Starting web application '/productMaint1'
09-Oct-2017 17:14:39.481 INFO [http-apr-8080-exec-10] org.apache.catalina.core.ApplicationContext.log Manager: list: Listing contexts for virtual host 'localhost'
09-Oct-2017 17:14:39.497 INFO [http-apr-8080-exec-12] org.apache.catalina.core.ApplicationContext.log Manager: list: Listing contexts for virtual host 'localhost'
09-Oct-2017 17:14:39.512 INFO [http-apr-8080-exec-9] org.apache.catalina.core.ApplicationContext.log Manager: undeploy: Undeploying web application at '/productMaint1'
09-Oct-2017 17:14:40.035 INFO [http-apr-8080-exec-10] org.apache.catalina.core.ApplicationContext.log Manager: install: Installing context configuration at 'file:/C:/Users/Pbyrd/AppData/Local/Temp/context2835484036885681771.xml'
09-Oct-2017 17:14:40.589 INFO [http-apr-8080-exec-15] org.apache.catalina.core.ApplicationContext.log Manager: start: Starting web application '/productMaint1'
09-Oct-2017 20:54:27.656 INFO [http-apr-8080-exec-1] org.apache.catalina.core.ApplicationContext.log Manager: init: Associated with Deployer 'Catalina:type=Deployer,host=localhost'
09-Oct-2017 20:54:27.656 INFO [http-apr-8080-exec-1] org.apache.catalina.core.ApplicationContext.log Manager: init: Global resources are available
09-Oct-2017 20:54:27.657 INFO [http-apr-8080-exec-1] org.apache.catalina.core.ApplicationContext.log Manager: list: Listing contexts for virtual host 'localhost'
09-Oct-2017 20:54:27.676 INFO [http-apr-8080-exec-2] org.apache.catalina.core.ApplicationContext.log Manager: list: Listing contexts for virtual host 'localhost'
09-Oct-2017 20:54:27.711 INFO [http-apr-8080-exec-3] org.apache.catalina.core.ApplicationContext.log Manager: undeploy: Undeploying web application at '/productMaint1'
09-Oct-2017 20:54:28.287 INFO [http-apr-8080-exec-8] org.apache.catalina.core.ApplicationContext.log Manager: install: Installing context configuration at 'file:/C:/Users/Pbyrd/AppData/Local/Temp/context4423823879329138017.xml'
09-Oct-2017 20:54:28.900 INFO [http-apr-8080-exec-6] org.apache.catalina.core.ApplicationContext.log Manager: start: Starting web application '/productMaint1'
09-Oct-2017 20:56:33.943 INFO [http-apr-8080-exec-20] org.apache.catalina.core.ApplicationContext.log Manager: list: Listing contexts for virtual host 'localhost'
09-Oct-2017 20:56:33.947 INFO [http-apr-8080-exec-11] org.apache.catalina.core.ApplicationContext.log Manager: list: Listing contexts for virtual host 'localhost'
09-Oct-2017 20:56:33.981 INFO [http-apr-8080-exec-12] org.apache.catalina.core.ApplicationContext.log Manager: undeploy: Undeploying web application at '/productMaint1'
09-Oct-2017 20:56:34.522 INFO [http-apr-8080-exec-19] org.apache.catalina.core.ApplicationContext.log Manager: install: Installing context configuration at 'file:/C:/Users/Pbyrd/AppData/Local/Temp/context7304152783660729756.xml'
09-Oct-2017 20:56:34.889 INFO [http-apr-8080-exec-13] org.apache.catalina.core.ApplicationContext.log Manager: start: Starting web application '/productMaint1'
09-Oct-2017 20:58:57.618 INFO [http-apr-8080-exec-20] org.apache.catalina.core.ApplicationContext.log Manager: list: Listing contexts for virtual host 'localhost'
09-Oct-2017 20:58:57.622 INFO [http-apr-8080-exec-23] org.apache.catalina.core.ApplicationContext.log Manager: list: Listing contexts for virtual host 'localhost'
09-Oct-2017 20:58:57.661 INFO [http-apr-8080-exec-24] org.apache.catalina.core.ApplicationContext.log Manager: undeploy: Undeploying web application at '/productMaint1'
09-Oct-2017 20:58:58.212 INFO [http-apr-8080-exec-22] org.apache.catalina.core.ApplicationContext.log Manager: install: Installing context configuration at 'file:/C:/Users/Pbyrd/AppData/Local/Temp/context1494738846197993216.xml'
09-Oct-2017 20:58:58.484 INFO [http-apr-8080-exec-23] org.apache.catalina.core.ApplicationContext.log Manager: start: Starting web application '/productMaint1'
09-Oct-2017 21:41:09.310 INFO [http-apr-8080-exec-10] org.apache.catalina.core.ApplicationContext.log Manager: init: Associated with Deployer 'Catalina:type=Deployer,host=localhost'
09-Oct-2017 21:41:09.310 INFO [http-apr-8080-exec-10] org.apache.catalina.core.ApplicationContext.log Manager: init: Global resources are available
09-Oct-2017 21:41:09.311 INFO [http-apr-8080-exec-10] org.apache.catalina.core.ApplicationContext.log Manager: list: Listing contexts for virtual host 'localhost'
09-Oct-2017 21:41:09.322 INFO [http-apr-8080-exec-1] org.apache.catalina.core.ApplicationContext.log Manager: list: Listing contexts for virtual host 'localhost'
09-Oct-2017 21:41:09.351 INFO [http-apr-8080-exec-3] org.apache.catalina.core.ApplicationContext.log Manager: undeploy: Undeploying web application at '/productMaint1'
09-Oct-2017 21:41:09.919 INFO [http-apr-8080-exec-8] org.apache.catalina.core.ApplicationContext.log Manager: install: Installing context configuration at 'file:/C:/Users/Pbyrd/AppData/Local/Temp/context336352663866785489.xml'
09-Oct-2017 21:41:10.167 INFO [http-apr-8080-exec-6] org.apache.catalina.core.ApplicationContext.log Manager: start: Starting web application '/productMaint1'
