14-Nov-2017 12:50:30.240 INFO [http-apr-8080-exec-4] org.apache.catalina.core.ApplicationContext.log Manager: init: Associated with Deployer 'Catalina:type=Deployer,host=localhost'
14-Nov-2017 12:50:30.240 INFO [http-apr-8080-exec-4] org.apache.catalina.core.ApplicationContext.log Manager: init: Global resources are available
14-Nov-2017 12:50:30.240 INFO [http-apr-8080-exec-4] org.apache.catalina.core.ApplicationContext.log Manager: list: Listing contexts for virtual host 'localhost'
14-Nov-2017 12:50:30.271 INFO [http-apr-8080-exec-1] org.apache.catalina.core.ApplicationContext.log Manager: list: Listing contexts for virtual host 'localhost'
14-Nov-2017 12:55:34.458 INFO [http-apr-8080-exec-4] org.apache.catalina.core.ApplicationContext.log Manager: list: Listing contexts for virtual host 'localhost'
14-Nov-2017 12:55:34.458 INFO [http-apr-8080-exec-1] org.apache.catalina.core.ApplicationContext.log Manager: list: Listing contexts for virtual host 'localhost'
14-Nov-2017 12:55:34.490 INFO [http-apr-8080-exec-6] org.apache.catalina.core.ApplicationContext.log Manager: undeploy: Undeploying web application at '/productMaint4'
14-Nov-2017 12:55:35.068 INFO [http-apr-8080-exec-8] org.apache.catalina.core.ApplicationContext.log Manager: install: Installing context configuration at 'file:/C:/Users/Pbyrd/AppData/Local/Temp/context8781190874642439572.xml'
14-Nov-2017 13:03:19.184 INFO [http-apr-8080-exec-19] org.apache.catalina.core.ApplicationContext.log Manager: list: Listing contexts for virtual host 'localhost'
14-Nov-2017 13:03:19.184 INFO [http-apr-8080-exec-11] org.apache.catalina.core.ApplicationContext.log Manager: list: Listing contexts for virtual host 'localhost'
14-Nov-2017 13:03:19.247 INFO [http-apr-8080-exec-12] org.apache.catalina.core.ApplicationContext.log Manager: undeploy: Undeploying web application at '/productMaint4'
14-Nov-2017 13:03:19.763 INFO [http-apr-8080-exec-14] org.apache.catalina.core.ApplicationContext.log Manager: install: Installing context configuration at 'file:/C:/Users/Pbyrd/AppData/Local/Temp/context2039173794928328119.xml'
14-Nov-2017 13:04:35.916 INFO [http-apr-8080-exec-12] org.apache.catalina.core.ApplicationContext.log Manager: list: Listing contexts for virtual host 'localhost'
14-Nov-2017 13:04:35.916 INFO [http-apr-8080-exec-21] org.apache.catalina.core.ApplicationContext.log Manager: list: Listing contexts for virtual host 'localhost'
14-Nov-2017 13:04:35.963 INFO [http-apr-8080-exec-17] org.apache.catalina.core.ApplicationContext.log Manager: undeploy: Undeploying web application at '/productMaint4'
14-Nov-2017 13:04:36.494 INFO [http-apr-8080-exec-21] org.apache.catalina.core.ApplicationContext.log Manager: install: Installing context configuration at 'file:/C:/Users/Pbyrd/AppData/Local/Temp/context7736941337010753076.xml'
14-Nov-2017 13:07:05.795 INFO [http-apr-8080-exec-27] org.apache.catalina.core.ApplicationContext.log Manager: list: Listing contexts for virtual host 'localhost'
14-Nov-2017 13:07:05.795 INFO [http-apr-8080-exec-24] org.apache.catalina.core.ApplicationContext.log Manager: list: Listing contexts for virtual host 'localhost'
14-Nov-2017 13:07:05.858 INFO [http-apr-8080-exec-25] org.apache.catalina.core.ApplicationContext.log Manager: undeploy: Undeploying web application at '/productMaint4'
14-Nov-2017 13:07:06.374 INFO [http-apr-8080-exec-27] org.apache.catalina.core.ApplicationContext.log Manager: install: Installing context configuration at 'file:/C:/Users/Pbyrd/AppData/Local/Temp/context1123738646413429101.xml'
14-Nov-2017 13:07:09.077 INFO [http-apr-8080-exec-25] org.apache.catalina.core.ApplicationContext.log Manager: list: Listing contexts for virtual host 'localhost'
14-Nov-2017 13:07:09.077 INFO [http-apr-8080-exec-29] org.apache.catalina.core.ApplicationContext.log Manager: list: Listing contexts for virtual host 'localhost'
14-Nov-2017 13:07:09.108 INFO [http-apr-8080-exec-24] org.apache.catalina.core.ApplicationContext.log Manager: undeploy: Undeploying web application at '/productMaint4'
14-Nov-2017 13:07:09.624 INFO [http-apr-8080-exec-29] org.apache.catalina.core.ApplicationContext.log Manager: install: Installing context configuration at 'file:/C:/Users/Pbyrd/AppData/Local/Temp/context6126241040729218560.xml'
14-Nov-2017 13:07:43.947 INFO [http-apr-8080-exec-31] org.apache.catalina.core.ApplicationContext.log Manager: list: Listing contexts for virtual host 'localhost'
14-Nov-2017 13:07:43.963 INFO [http-apr-8080-exec-32] org.apache.catalina.core.ApplicationContext.log Manager: list: Listing contexts for virtual host 'localhost'
14-Nov-2017 13:07:43.978 INFO [http-apr-8080-exec-19] org.apache.catalina.core.ApplicationContext.log Manager: undeploy: Undeploying web application at '/productMaint4'
14-Nov-2017 13:07:44.494 INFO [http-apr-8080-exec-30] org.apache.catalina.core.ApplicationContext.log Manager: install: Installing context configuration at 'file:/C:/Users/Pbyrd/AppData/Local/Temp/context6628902872728757557.xml'
14-Nov-2017 13:08:08.593 INFO [http-apr-8080-exec-34] org.apache.catalina.core.ApplicationContext.log Manager: list: Listing contexts for virtual host 'localhost'
14-Nov-2017 13:08:08.593 INFO [http-apr-8080-exec-35] org.apache.catalina.core.ApplicationContext.log Manager: list: Listing contexts for virtual host 'localhost'
14-Nov-2017 13:08:08.655 INFO [http-apr-8080-exec-22] org.apache.catalina.core.ApplicationContext.log Manager: undeploy: Undeploying web application at '/productMaint4'
14-Nov-2017 13:08:09.155 INFO [http-apr-8080-exec-34] org.apache.catalina.core.ApplicationContext.log Manager: install: Installing context configuration at 'file:/C:/Users/Pbyrd/AppData/Local/Temp/context8438777250159757850.xml'
14-Nov-2017 13:08:32.175 INFO [http-apr-8080-exec-36] org.apache.catalina.core.ApplicationContext.log Manager: list: Listing contexts for virtual host 'localhost'
14-Nov-2017 13:08:32.190 INFO [http-apr-8080-exec-37] org.apache.catalina.core.ApplicationContext.log Manager: list: Listing contexts for virtual host 'localhost'
14-Nov-2017 13:08:32.206 INFO [http-apr-8080-exec-28] org.apache.catalina.core.ApplicationContext.log Manager: undeploy: Undeploying web application at '/productMaint4'
14-Nov-2017 13:08:32.737 INFO [http-apr-8080-exec-22] org.apache.catalina.core.ApplicationContext.log Manager: install: Installing context configuration at 'file:/C:/Users/Pbyrd/AppData/Local/Temp/context4641462822708905979.xml'
14-Nov-2017 13:09:17.833 INFO [http-apr-8080-exec-37] org.apache.catalina.core.ApplicationContext.log Manager: list: Listing contexts for virtual host 'localhost'
14-Nov-2017 13:09:17.833 INFO [http-apr-8080-exec-38] org.apache.catalina.core.ApplicationContext.log Manager: list: Listing contexts for virtual host 'localhost'
14-Nov-2017 13:09:17.864 INFO [http-apr-8080-exec-39] org.apache.catalina.core.ApplicationContext.log Manager: undeploy: Undeploying web application at '/productMaint4'
14-Nov-2017 13:09:18.411 INFO [http-apr-8080-exec-38] org.apache.catalina.core.ApplicationContext.log Manager: install: Installing context configuration at 'file:/C:/Users/Pbyrd/AppData/Local/Temp/context7594218193438048726.xml'
14-Nov-2017 13:28:18.080 INFO [http-apr-8080-exec-53] org.apache.catalina.core.ApplicationContext.log Manager: list: Listing contexts for virtual host 'localhost'
14-Nov-2017 13:28:18.080 INFO [http-apr-8080-exec-44] org.apache.catalina.core.ApplicationContext.log Manager: list: Listing contexts for virtual host 'localhost'
14-Nov-2017 13:28:18.127 INFO [http-apr-8080-exec-45] org.apache.catalina.core.ApplicationContext.log Manager: undeploy: Undeploying web application at '/productMaint4'
14-Nov-2017 13:28:18.674 INFO [http-apr-8080-exec-50] org.apache.catalina.core.ApplicationContext.log Manager: install: Installing context configuration at 'file:/C:/Users/Pbyrd/AppData/Local/Temp/context670229858978346882.xml'
14-Nov-2017 13:34:55.078 INFO [http-apr-8080-exec-57] org.apache.catalina.core.ApplicationContext.log Manager: list: Listing contexts for virtual host 'localhost'
14-Nov-2017 13:34:55.093 INFO [http-apr-8080-exec-58] org.apache.catalina.core.ApplicationContext.log Manager: list: Listing contexts for virtual host 'localhost'
14-Nov-2017 13:38:56.529 INFO [http-apr-8080-exec-60] org.apache.catalina.core.ApplicationContext.log Manager: list: Listing contexts for virtual host 'localhost'
14-Nov-2017 13:38:56.529 INFO [http-apr-8080-exec-61] org.apache.catalina.core.ApplicationContext.log Manager: list: Listing contexts for virtual host 'localhost'
14-Nov-2017 13:38:56.560 INFO [http-apr-8080-exec-62] org.apache.catalina.core.ApplicationContext.log Manager: stop: Stopping web application '/productMaint4'
14-Nov-2017 13:38:56.576 INFO [http-apr-8080-exec-56] org.apache.catalina.core.ApplicationContext.log Manager: start: Starting web application '/productMaint4'
14-Nov-2017 13:41:49.188 INFO [http-apr-8080-exec-59] org.apache.catalina.core.ApplicationContext.log Manager: list: Listing contexts for virtual host 'localhost'
14-Nov-2017 13:41:49.203 INFO [http-apr-8080-exec-68] org.apache.catalina.core.ApplicationContext.log Manager: list: Listing contexts for virtual host 'localhost'
14-Nov-2017 13:41:49.219 INFO [http-apr-8080-exec-69] org.apache.catalina.core.ApplicationContext.log Manager: stop: Stopping web application '/productMaint4'
14-Nov-2017 13:41:49.234 INFO [http-apr-8080-exec-73] org.apache.catalina.core.ApplicationContext.log Manager: start: Starting web application '/productMaint4'
14-Nov-2017 13:43:35.842 INFO [http-apr-8080-exec-78] org.apache.catalina.core.ApplicationContext.log Manager: list: Listing contexts for virtual host 'localhost'
14-Nov-2017 13:43:35.842 INFO [http-apr-8080-exec-79] org.apache.catalina.core.ApplicationContext.log Manager: list: Listing contexts for virtual host 'localhost'
14-Nov-2017 13:43:50.131 INFO [http-apr-8080-exec-81] org.apache.catalina.core.ApplicationContext.log Manager: list: Listing contexts for virtual host 'localhost'
14-Nov-2017 13:43:50.147 INFO [http-apr-8080-exec-82] org.apache.catalina.core.ApplicationContext.log Manager: list: Listing contexts for virtual host 'localhost'
14-Nov-2017 20:38:57.705 INFO [http-apr-8080-exec-5] org.apache.catalina.core.ApplicationContext.log Manager: init: Associated with Deployer 'Catalina:type=Deployer,host=localhost'
14-Nov-2017 20:38:57.706 INFO [http-apr-8080-exec-5] org.apache.catalina.core.ApplicationContext.log Manager: init: Global resources are available
14-Nov-2017 20:38:57.707 INFO [http-apr-8080-exec-5] org.apache.catalina.core.ApplicationContext.log Manager: list: Listing contexts for virtual host 'localhost'
14-Nov-2017 20:38:57.816 INFO [http-apr-8080-exec-6] org.apache.catalina.core.ApplicationContext.log Manager: undeploy: Undeploying web application at '/productMaint4'
14-Nov-2017 20:38:58.431 INFO [http-apr-8080-exec-8] org.apache.catalina.core.ApplicationContext.log Manager: install: Installing context configuration at 'file:/C:/Users/Pbyrd/AppData/Local/Temp/context8245983753588205763.xml'
14-Nov-2017 20:39:01.609 INFO [http-apr-8080-exec-10] org.apache.catalina.core.ApplicationContext.log Manager: start: Starting web application '/productMaint4'
14-Nov-2017 20:44:43.663 INFO [http-apr-8080-exec-18] org.apache.catalina.core.ApplicationContext.log Manager: list: Listing contexts for virtual host 'localhost'
14-Nov-2017 20:44:43.670 INFO [http-apr-8080-exec-19] org.apache.catalina.core.ApplicationContext.log Manager: list: Listing contexts for virtual host 'localhost'
14-Nov-2017 20:58:57.334 INFO [http-apr-8080-exec-21] org.apache.catalina.core.ApplicationContext.log Manager: list: Listing contexts for virtual host 'localhost'
14-Nov-2017 20:58:57.339 INFO [http-apr-8080-exec-22] org.apache.catalina.core.ApplicationContext.log Manager: list: Listing contexts for virtual host 'localhost'
14-Nov-2017 20:58:57.377 INFO [http-apr-8080-exec-20] org.apache.catalina.core.ApplicationContext.log Manager: undeploy: Undeploying web application at '/productMaint4'
14-Nov-2017 20:58:57.920 INFO [http-apr-8080-exec-21] org.apache.catalina.core.ApplicationContext.log Manager: install: Installing context configuration at 'file:/C:/Users/Pbyrd/AppData/Local/Temp/context7702362692033705575.xml'
14-Nov-2017 20:58:59.610 INFO [http-apr-8080-exec-22] org.apache.catalina.core.ApplicationContext.log Manager: start: Starting web application '/productMaint4'
14-Nov-2017 20:59:57.453 INFO [http-apr-8080-exec-24] org.apache.catalina.core.ApplicationContext.log Manager: list: Listing contexts for virtual host 'localhost'
14-Nov-2017 20:59:57.455 INFO [http-apr-8080-exec-25] org.apache.catalina.core.ApplicationContext.log Manager: list: Listing contexts for virtual host 'localhost'
14-Nov-2017 20:59:57.480 INFO [http-apr-8080-exec-16] org.apache.catalina.core.ApplicationContext.log Manager: undeploy: Undeploying web application at '/productMaint4'
14-Nov-2017 20:59:58.055 INFO [http-apr-8080-exec-23] org.apache.catalina.core.ApplicationContext.log Manager: install: Installing context configuration at 'file:/C:/Users/Pbyrd/AppData/Local/Temp/context5963829364261000279.xml'
14-Nov-2017 20:59:59.592 INFO [http-apr-8080-exec-24] org.apache.catalina.core.ApplicationContext.log Manager: start: Starting web application '/productMaint4'
14-Nov-2017 21:11:36.715 INFO [http-apr-8080-exec-4] org.apache.catalina.core.ApplicationContext.log Manager: init: Associated with Deployer 'Catalina:type=Deployer,host=localhost'
14-Nov-2017 21:11:36.715 INFO [http-apr-8080-exec-4] org.apache.catalina.core.ApplicationContext.log Manager: init: Global resources are available
14-Nov-2017 21:11:36.716 INFO [http-apr-8080-exec-4] org.apache.catalina.core.ApplicationContext.log Manager: list: Listing contexts for virtual host 'localhost'
14-Nov-2017 21:11:36.725 INFO [http-apr-8080-exec-5] org.apache.catalina.core.ApplicationContext.log Manager: list: Listing contexts for virtual host 'localhost'
14-Nov-2017 21:11:36.784 INFO [http-apr-8080-exec-7] org.apache.catalina.core.ApplicationContext.log Manager: undeploy: Undeploying web application at '/productMaint4'
14-Nov-2017 21:11:37.397 INFO [http-apr-8080-exec-5] org.apache.catalina.core.ApplicationContext.log Manager: install: Installing context configuration at 'file:/C:/Users/Pbyrd/AppData/Local/Temp/context5006063298000241727.xml'
14-Nov-2017 21:11:39.751 INFO [http-apr-8080-exec-4] org.apache.catalina.core.ApplicationContext.log Manager: start: Starting web application '/productMaint4'
14-Nov-2017 21:15:48.670 INFO [http-apr-8080-exec-20] org.apache.catalina.core.ApplicationContext.log Manager: list: Listing contexts for virtual host 'localhost'
14-Nov-2017 21:15:48.676 INFO [http-apr-8080-exec-11] org.apache.catalina.core.ApplicationContext.log Manager: list: Listing contexts for virtual host 'localhost'
14-Nov-2017 21:15:48.753 INFO [http-apr-8080-exec-12] org.apache.catalina.core.ApplicationContext.log Manager: undeploy: Undeploying web application at '/productMaint4'
14-Nov-2017 21:15:49.300 INFO [http-apr-8080-exec-18] org.apache.catalina.core.ApplicationContext.log Manager: install: Installing context configuration at 'file:/C:/Users/Pbyrd/AppData/Local/Temp/context9129542444232125820.xml'
14-Nov-2017 21:15:53.400 INFO [58] org.apache.catalina.core.ApplicationContext.log Manager: start: Starting web application '/productMaint4'
14-Nov-2017 21:17:19.357 INFO [http-apr-8080-exec-4] org.apache.catalina.core.ApplicationContext.log Manager: init: Associated with Deployer 'Catalina:type=Deployer,host=localhost'
14-Nov-2017 21:17:19.358 INFO [http-apr-8080-exec-4] org.apache.catalina.core.ApplicationContext.log Manager: init: Global resources are available
14-Nov-2017 21:17:19.359 INFO [http-apr-8080-exec-4] org.apache.catalina.core.ApplicationContext.log Manager: list: Listing contexts for virtual host 'localhost'
14-Nov-2017 21:17:19.367 INFO [http-apr-8080-exec-5] org.apache.catalina.core.ApplicationContext.log Manager: list: Listing contexts for virtual host 'localhost'
14-Nov-2017 21:17:19.413 INFO [http-apr-8080-exec-6] org.apache.catalina.core.ApplicationContext.log Manager: undeploy: Undeploying web application at '/productMaint4'
14-Nov-2017 21:17:19.982 INFO [http-apr-8080-exec-8] org.apache.catalina.core.ApplicationContext.log Manager: install: Installing context configuration at 'file:/C:/Users/Pbyrd/AppData/Local/Temp/context8835635736672683449.xml'
14-Nov-2017 21:17:23.332 INFO [http-apr-8080-exec-5] org.apache.catalina.core.ApplicationContext.log Manager: start: Starting web application '/productMaint4'
14-Nov-2017 21:19:54.709 INFO [http-apr-8080-exec-10] org.apache.catalina.core.ApplicationContext.log Manager: list: Listing contexts for virtual host 'localhost'
14-Nov-2017 21:19:54.717 INFO [http-apr-8080-exec-11] org.apache.catalina.core.ApplicationContext.log Manager: list: Listing contexts for virtual host 'localhost'
14-Nov-2017 21:19:54.774 INFO [http-apr-8080-exec-12] org.apache.catalina.core.ApplicationContext.log Manager: undeploy: Undeploying web application at '/productMaint4'
14-Nov-2017 21:19:55.332 INFO [http-apr-8080-exec-14] org.apache.catalina.core.ApplicationContext.log Manager: install: Installing context configuration at 'file:/C:/Users/Pbyrd/AppData/Local/Temp/context5523465550138931828.xml'
14-Nov-2017 21:19:57.240 INFO [http-apr-8080-exec-11] org.apache.catalina.core.ApplicationContext.log Manager: start: Starting web application '/productMaint4'
