28-Sep-2017 10:09:34.914 INFO [http-apr-8080-exec-10] org.apache.catalina.core.ApplicationContext.log Manager: init: Associated with Deployer 'Catalina:type=Deployer,host=localhost'
28-Sep-2017 10:09:34.914 INFO [http-apr-8080-exec-10] org.apache.catalina.core.ApplicationContext.log Manager: init: Global resources are available
28-Sep-2017 10:09:34.914 INFO [http-apr-8080-exec-10] org.apache.catalina.core.ApplicationContext.log Manager: list: Listing contexts for virtual host 'localhost'
28-Sep-2017 10:09:34.914 INFO [http-apr-8080-exec-1] org.apache.catalina.core.ApplicationContext.log Manager: list: Listing contexts for virtual host 'localhost'
28-Sep-2017 10:09:34.937 INFO [http-apr-8080-exec-3] org.apache.catalina.core.ApplicationContext.log Manager: install: Installing context configuration at 'file:/C:/Users/Pbyrd/AppData/Local/Temp/context7279334001834615100.xml'
28-Sep-2017 10:09:35.184 INFO [http-apr-8080-exec-2] org.apache.catalina.core.ApplicationContext.log Manager: start: Starting web application '/Project_1'
28-Sep-2017 11:25:54.597 INFO [http-apr-8080-exec-9] org.apache.catalina.core.ApplicationContext.log Manager: init: Associated with Deployer 'Catalina:type=Deployer,host=localhost'
28-Sep-2017 11:25:54.597 INFO [http-apr-8080-exec-9] org.apache.catalina.core.ApplicationContext.log Manager: init: Global resources are available
28-Sep-2017 11:25:54.597 INFO [http-apr-8080-exec-9] org.apache.catalina.core.ApplicationContext.log Manager: list: Listing contexts for virtual host 'localhost'
28-Sep-2017 11:25:54.605 INFO [http-apr-8080-exec-1] org.apache.catalina.core.ApplicationContext.log Manager: list: Listing contexts for virtual host 'localhost'
28-Sep-2017 11:25:54.629 INFO [http-apr-8080-exec-3] org.apache.catalina.core.ApplicationContext.log Manager: restart: Reloading web application '/Project_1'
28-Sep-2017 11:29:48.901 INFO [http-apr-8080-exec-19] org.apache.catalina.core.ApplicationContext.log Manager: list: Listing contexts for virtual host 'localhost'
28-Sep-2017 11:29:48.905 INFO [http-apr-8080-exec-11] org.apache.catalina.core.ApplicationContext.log Manager: list: Listing contexts for virtual host 'localhost'
28-Sep-2017 11:29:48.925 INFO [http-apr-8080-exec-12] org.apache.catalina.core.ApplicationContext.log Manager: restart: Reloading web application '/Project_1'
28-Sep-2017 11:30:19.164 INFO [http-apr-8080-exec-22] org.apache.catalina.core.ApplicationContext.log Manager: list: Listing contexts for virtual host 'localhost'
28-Sep-2017 11:30:19.180 INFO [http-apr-8080-exec-23] org.apache.catalina.core.ApplicationContext.log Manager: list: Listing contexts for virtual host 'localhost'
28-Sep-2017 11:30:19.196 INFO [http-apr-8080-exec-11] org.apache.catalina.core.ApplicationContext.log Manager: restart: Reloading web application '/Project_1'
28-Sep-2017 11:31:06.163 INFO [http-apr-8080-exec-25] org.apache.catalina.core.ApplicationContext.log Manager: list: Listing contexts for virtual host 'localhost'
28-Sep-2017 11:31:06.163 INFO [http-apr-8080-exec-19] org.apache.catalina.core.ApplicationContext.log Manager: list: Listing contexts for virtual host 'localhost'
28-Sep-2017 11:31:06.179 INFO [http-apr-8080-exec-26] org.apache.catalina.core.ApplicationContext.log Manager: restart: Reloading web application '/Project_1'
28-Sep-2017 11:33:08.783 INFO [http-apr-8080-exec-26] org.apache.catalina.core.ApplicationContext.log Manager: list: Listing contexts for virtual host 'localhost'
28-Sep-2017 11:33:08.783 INFO [http-apr-8080-exec-27] org.apache.catalina.core.ApplicationContext.log Manager: list: Listing contexts for virtual host 'localhost'
28-Sep-2017 11:33:08.798 INFO [http-apr-8080-exec-28] org.apache.catalina.core.ApplicationContext.log Manager: restart: Reloading web application '/Project_1'
28-Sep-2017 11:40:05.907 INFO [http-apr-8080-exec-29] org.apache.catalina.core.ApplicationContext.log Manager: list: Listing contexts for virtual host 'localhost'
28-Sep-2017 11:40:05.923 INFO [http-apr-8080-exec-33] org.apache.catalina.core.ApplicationContext.log Manager: list: Listing contexts for virtual host 'localhost'
28-Sep-2017 11:40:05.938 INFO [http-apr-8080-exec-34] org.apache.catalina.core.ApplicationContext.log Manager: restart: Reloading web application '/Project_1'
28-Sep-2017 11:40:30.262 INFO [http-apr-8080-exec-42] org.apache.catalina.core.ApplicationContext.log Manager: list: Listing contexts for virtual host 'localhost'
28-Sep-2017 11:40:30.262 INFO [http-apr-8080-exec-43] org.apache.catalina.core.ApplicationContext.log Manager: list: Listing contexts for virtual host 'localhost'
28-Sep-2017 11:40:30.278 INFO [http-apr-8080-exec-38] org.apache.catalina.core.ApplicationContext.log Manager: restart: Reloading web application '/Project_1'
28-Sep-2017 11:40:52.800 INFO [http-apr-8080-exec-45] org.apache.catalina.core.ApplicationContext.log Manager: list: Listing contexts for virtual host 'localhost'
28-Sep-2017 11:40:52.815 INFO [http-apr-8080-exec-46] org.apache.catalina.core.ApplicationContext.log Manager: list: Listing contexts for virtual host 'localhost'
28-Sep-2017 11:40:52.831 INFO [http-apr-8080-exec-33] org.apache.catalina.core.ApplicationContext.log Manager: restart: Reloading web application '/Project_1'
28-Sep-2017 11:42:22.603 INFO [http-apr-8080-exec-46] org.apache.catalina.core.ApplicationContext.log Manager: list: Listing contexts for virtual host 'localhost'
28-Sep-2017 11:42:22.619 INFO [http-apr-8080-exec-47] org.apache.catalina.core.ApplicationContext.log Manager: list: Listing contexts for virtual host 'localhost'
28-Sep-2017 11:42:22.634 INFO [http-apr-8080-exec-49] org.apache.catalina.core.ApplicationContext.log Manager: restart: Reloading web application '/Project_1'
28-Sep-2017 11:43:01.958 INFO [http-apr-8080-exec-51] org.apache.catalina.core.ApplicationContext.log Manager: list: Listing contexts for virtual host 'localhost'
28-Sep-2017 11:43:01.958 INFO [http-apr-8080-exec-52] org.apache.catalina.core.ApplicationContext.log Manager: list: Listing contexts for virtual host 'localhost'
28-Sep-2017 11:43:01.974 INFO [http-apr-8080-exec-46] org.apache.catalina.core.ApplicationContext.log Manager: restart: Reloading web application '/Project_1'
28-Sep-2017 11:47:18.328 INFO [91] org.apache.catalina.core.ApplicationContext.log Manager: list: Listing contexts for virtual host 'localhost'
28-Sep-2017 11:47:18.328 INFO [http-apr-8080-exec-53] org.apache.catalina.core.ApplicationContext.log Manager: list: Listing contexts for virtual host 'localhost'
28-Sep-2017 11:47:18.359 INFO [http-apr-8080-exec-54] org.apache.catalina.core.ApplicationContext.log Manager: restart: Reloading web application '/Project_1'
28-Sep-2017 11:48:36.000 INFO [http-apr-8080-exec-59] org.apache.catalina.core.ApplicationContext.log Manager: list: Listing contexts for virtual host 'localhost'
28-Sep-2017 11:48:36.000 INFO [http-apr-8080-exec-63] org.apache.catalina.core.ApplicationContext.log Manager: list: Listing contexts for virtual host 'localhost'
28-Sep-2017 11:48:36.016 INFO [http-apr-8080-exec-65] org.apache.catalina.core.ApplicationContext.log Manager: restart: Reloading web application '/Project_1'
28-Sep-2017 11:48:59.034 INFO [http-apr-8080-exec-67] org.apache.catalina.core.ApplicationContext.log Manager: list: Listing contexts for virtual host 'localhost'
28-Sep-2017 11:48:59.050 INFO [http-apr-8080-exec-68] org.apache.catalina.core.ApplicationContext.log Manager: list: Listing contexts for virtual host 'localhost'
28-Sep-2017 11:48:59.065 INFO [http-apr-8080-exec-64] org.apache.catalina.core.ApplicationContext.log Manager: restart: Reloading web application '/Project_1'
28-Sep-2017 11:49:58.920 INFO [http-apr-8080-exec-69] org.apache.catalina.core.ApplicationContext.log Manager: list: Listing contexts for virtual host 'localhost'
28-Sep-2017 11:49:58.920 INFO [http-apr-8080-exec-70] org.apache.catalina.core.ApplicationContext.log Manager: list: Listing contexts for virtual host 'localhost'
28-Sep-2017 11:49:58.935 INFO [http-apr-8080-exec-68] org.apache.catalina.core.ApplicationContext.log Manager: restart: Reloading web application '/Project_1'
28-Sep-2017 11:52:03.227 INFO [http-apr-8080-exec-76] org.apache.catalina.core.ApplicationContext.log Manager: list: Listing contexts for virtual host 'localhost'
28-Sep-2017 11:52:03.227 INFO [http-apr-8080-exec-69] org.apache.catalina.core.ApplicationContext.log Manager: list: Listing contexts for virtual host 'localhost'
28-Sep-2017 11:52:03.242 INFO [http-apr-8080-exec-71] org.apache.catalina.core.ApplicationContext.log Manager: restart: Reloading web application '/Project_1'
28-Sep-2017 12:16:22.680 INFO [http-apr-8080-exec-88] org.apache.catalina.core.ApplicationContext.log Manager: list: Listing contexts for virtual host 'localhost'
28-Sep-2017 12:16:22.680 INFO [http-apr-8080-exec-81] org.apache.catalina.core.ApplicationContext.log Manager: list: Listing contexts for virtual host 'localhost'
28-Sep-2017 12:16:22.696 INFO [http-apr-8080-exec-79] org.apache.catalina.core.ApplicationContext.log Manager: restart: Reloading web application '/Project_1'
28-Sep-2017 12:33:21.966 INFO [http-apr-8080-exec-98] org.apache.catalina.core.ApplicationContext.log Manager: list: Listing contexts for virtual host 'localhost'
28-Sep-2017 12:33:21.982 INFO [http-apr-8080-exec-89] org.apache.catalina.core.ApplicationContext.log Manager: list: Listing contexts for virtual host 'localhost'
28-Sep-2017 12:33:21.998 INFO [http-apr-8080-exec-90] org.apache.catalina.core.ApplicationContext.log Manager: restart: Reloading web application '/Project_1'
28-Sep-2017 15:49:53.576 INFO [http-apr-8080-exec-10] org.apache.catalina.core.ApplicationContext.log Manager: init: Associated with Deployer 'Catalina:type=Deployer,host=localhost'
28-Sep-2017 15:49:53.576 INFO [http-apr-8080-exec-10] org.apache.catalina.core.ApplicationContext.log Manager: init: Global resources are available
28-Sep-2017 15:49:53.576 INFO [http-apr-8080-exec-10] org.apache.catalina.core.ApplicationContext.log Manager: list: Listing contexts for virtual host 'localhost'
28-Sep-2017 15:49:53.592 INFO [http-apr-8080-exec-2] org.apache.catalina.core.ApplicationContext.log Manager: list: Listing contexts for virtual host 'localhost'
28-Sep-2017 15:55:00.724 INFO [http-apr-8080-exec-6] org.apache.catalina.core.ApplicationContext.log Manager: list: Listing contexts for virtual host 'localhost'
28-Sep-2017 15:55:00.739 INFO [http-apr-8080-exec-7] org.apache.catalina.core.ApplicationContext.log Manager: list: Listing contexts for virtual host 'localhost'
28-Sep-2017 15:55:00.755 INFO [http-apr-8080-exec-8] org.apache.catalina.core.ApplicationContext.log Manager: restart: Reloading web application '/Project_1'
28-Sep-2017 15:57:08.656 INFO [http-apr-8080-exec-4] org.apache.catalina.core.ApplicationContext.log Manager: list: Listing contexts for virtual host 'localhost'
28-Sep-2017 15:57:08.672 INFO [http-apr-8080-exec-11] org.apache.catalina.core.ApplicationContext.log Manager: list: Listing contexts for virtual host 'localhost'
28-Sep-2017 15:57:08.703 INFO [http-apr-8080-exec-12] org.apache.catalina.core.ApplicationContext.log Manager: restart: Reloading web application '/Project_1'
28-Sep-2017 15:59:39.801 INFO [http-apr-8080-exec-13] org.apache.catalina.core.ApplicationContext.log Manager: list: Listing contexts for virtual host 'localhost'
28-Sep-2017 15:59:39.817 INFO [http-apr-8080-exec-16] org.apache.catalina.core.ApplicationContext.log Manager: list: Listing contexts for virtual host 'localhost'
28-Sep-2017 15:59:39.832 INFO [http-apr-8080-exec-17] org.apache.catalina.core.ApplicationContext.log Manager: restart: Reloading web application '/Project_1'
28-Sep-2017 16:00:32.509 INFO [http-apr-8080-exec-23] org.apache.catalina.core.ApplicationContext.log Manager: list: Listing contexts for virtual host 'localhost'
28-Sep-2017 16:00:32.524 INFO [http-apr-8080-exec-24] org.apache.catalina.core.ApplicationContext.log Manager: list: Listing contexts for virtual host 'localhost'
28-Sep-2017 16:00:32.524 INFO [http-apr-8080-exec-19] org.apache.catalina.core.ApplicationContext.log Manager: restart: Reloading web application '/Project_1'
28-Sep-2017 16:10:50.778 INFO [http-apr-8080-exec-34] org.apache.catalina.core.ApplicationContext.log Manager: list: Listing contexts for virtual host 'localhost'
28-Sep-2017 16:10:50.778 INFO [http-apr-8080-exec-25] org.apache.catalina.core.ApplicationContext.log Manager: list: Listing contexts for virtual host 'localhost'
28-Sep-2017 16:10:50.825 INFO [http-apr-8080-exec-26] org.apache.catalina.core.ApplicationContext.log Manager: restart: Reloading web application '/Project_1'
28-Sep-2017 16:12:03.290 INFO [http-apr-8080-exec-27] org.apache.catalina.core.ApplicationContext.log Manager: list: Listing contexts for virtual host 'localhost'
28-Sep-2017 16:12:03.290 INFO [http-apr-8080-exec-33] org.apache.catalina.core.ApplicationContext.log Manager: list: Listing contexts for virtual host 'localhost'
28-Sep-2017 16:12:03.305 INFO [http-apr-8080-exec-35] org.apache.catalina.core.ApplicationContext.log Manager: restart: Reloading web application '/Project_1'
28-Sep-2017 16:13:18.972 INFO [http-apr-8080-exec-40] org.apache.catalina.core.ApplicationContext.log Manager: list: Listing contexts for virtual host 'localhost'
28-Sep-2017 16:13:18.972 INFO [http-apr-8080-exec-42] org.apache.catalina.core.ApplicationContext.log Manager: list: Listing contexts for virtual host 'localhost'
28-Sep-2017 16:13:18.988 INFO [http-apr-8080-exec-27] org.apache.catalina.core.ApplicationContext.log Manager: restart: Reloading web application '/Project_1'
28-Sep-2017 16:16:51.073 INFO [http-apr-8080-exec-36] org.apache.catalina.core.ApplicationContext.log Manager: list: Listing contexts for virtual host 'localhost'
28-Sep-2017 16:16:51.089 INFO [http-apr-8080-exec-43] org.apache.catalina.core.ApplicationContext.log Manager: list: Listing contexts for virtual host 'localhost'
28-Sep-2017 16:16:51.089 INFO [http-apr-8080-exec-44] org.apache.catalina.core.ApplicationContext.log Manager: restart: Reloading web application '/Project_1'
28-Sep-2017 16:17:56.125 INFO [http-apr-8080-exec-35] org.apache.catalina.core.ApplicationContext.log Manager: list: Listing contexts for virtual host 'localhost'
28-Sep-2017 16:17:56.140 INFO [http-apr-8080-exec-27] org.apache.catalina.core.ApplicationContext.log Manager: list: Listing contexts for virtual host 'localhost'
28-Sep-2017 16:17:56.156 INFO [http-apr-8080-exec-49] org.apache.catalina.core.ApplicationContext.log Manager: restart: Reloading web application '/Project_1'
28-Sep-2017 16:20:02.923 INFO [http-apr-8080-exec-43] org.apache.catalina.core.ApplicationContext.log Manager: list: Listing contexts for virtual host 'localhost'
28-Sep-2017 16:20:02.923 INFO [http-apr-8080-exec-56] org.apache.catalina.core.ApplicationContext.log Manager: list: Listing contexts for virtual host 'localhost'
28-Sep-2017 16:20:02.939 INFO [http-apr-8080-exec-54] org.apache.catalina.core.ApplicationContext.log Manager: restart: Reloading web application '/Project_1'
28-Sep-2017 16:20:44.557 INFO [http-apr-8080-exec-60] org.apache.catalina.core.ApplicationContext.log Manager: list: Listing contexts for virtual host 'localhost'
28-Sep-2017 16:20:44.557 INFO [http-apr-8080-exec-61] org.apache.catalina.core.ApplicationContext.log Manager: list: Listing contexts for virtual host 'localhost'
28-Sep-2017 16:20:44.573 INFO [http-apr-8080-exec-56] org.apache.catalina.core.ApplicationContext.log Manager: restart: Reloading web application '/Project_1'
28-Sep-2017 16:21:33.625 INFO [http-apr-8080-exec-63] org.apache.catalina.core.ApplicationContext.log Manager: list: Listing contexts for virtual host 'localhost'
28-Sep-2017 16:21:33.625 INFO [http-apr-8080-exec-64] org.apache.catalina.core.ApplicationContext.log Manager: list: Listing contexts for virtual host 'localhost'
28-Sep-2017 16:21:33.640 INFO [http-apr-8080-exec-49] org.apache.catalina.core.ApplicationContext.log Manager: restart: Reloading web application '/Project_1'
28-Sep-2017 16:22:25.403 INFO [http-apr-8080-exec-66] org.apache.catalina.core.ApplicationContext.log Manager: list: Listing contexts for virtual host 'localhost'
28-Sep-2017 16:22:25.403 INFO [http-apr-8080-exec-67] org.apache.catalina.core.ApplicationContext.log Manager: list: Listing contexts for virtual host 'localhost'
28-Sep-2017 16:22:25.419 INFO [http-apr-8080-exec-56] org.apache.catalina.core.ApplicationContext.log Manager: restart: Reloading web application '/Project_1'
28-Sep-2017 16:23:00.499 INFO [http-apr-8080-exec-69] org.apache.catalina.core.ApplicationContext.log Manager: list: Listing contexts for virtual host 'localhost'
28-Sep-2017 16:23:00.515 INFO [http-apr-8080-exec-70] org.apache.catalina.core.ApplicationContext.log Manager: list: Listing contexts for virtual host 'localhost'
28-Sep-2017 16:23:00.531 INFO [http-apr-8080-exec-61] org.apache.catalina.core.ApplicationContext.log Manager: restart: Reloading web application '/Project_1'
28-Sep-2017 16:24:31.720 INFO [http-apr-8080-exec-64] org.apache.catalina.core.ApplicationContext.log Manager: list: Listing contexts for virtual host 'localhost'
28-Sep-2017 16:24:31.720 INFO [http-apr-8080-exec-71] org.apache.catalina.core.ApplicationContext.log Manager: list: Listing contexts for virtual host 'localhost'
28-Sep-2017 16:24:31.752 INFO [http-apr-8080-exec-72] org.apache.catalina.core.ApplicationContext.log Manager: restart: Reloading web application '/Project_1'
28-Sep-2017 16:25:00.207 INFO [http-apr-8080-exec-77] org.apache.catalina.core.ApplicationContext.log Manager: list: Listing contexts for virtual host 'localhost'
28-Sep-2017 16:25:00.223 INFO [http-apr-8080-exec-78] org.apache.catalina.core.ApplicationContext.log Manager: list: Listing contexts for virtual host 'localhost'
28-Sep-2017 16:25:00.238 INFO [http-apr-8080-exec-61] org.apache.catalina.core.ApplicationContext.log Manager: restart: Reloading web application '/Project_1'
28-Sep-2017 16:27:26.905 INFO [http-apr-8080-exec-73] org.apache.catalina.core.ApplicationContext.log Manager: list: Listing contexts for virtual host 'localhost'
28-Sep-2017 16:27:26.921 INFO [http-apr-8080-exec-79] org.apache.catalina.core.ApplicationContext.log Manager: list: Listing contexts for virtual host 'localhost'
28-Sep-2017 16:27:26.936 INFO [http-apr-8080-exec-80] org.apache.catalina.core.ApplicationContext.log Manager: restart: Reloading web application '/Project_1'
28-Sep-2017 16:28:01.389 INFO [http-apr-8080-exec-89] org.apache.catalina.core.ApplicationContext.log Manager: list: Listing contexts for virtual host 'localhost'
28-Sep-2017 16:28:01.389 INFO [http-apr-8080-exec-90] org.apache.catalina.core.ApplicationContext.log Manager: list: Listing contexts for virtual host 'localhost'
28-Sep-2017 16:28:16.114 INFO [http-apr-8080-exec-92] org.apache.catalina.core.ApplicationContext.log Manager: list: Listing contexts for virtual host 'localhost'
28-Sep-2017 16:28:16.114 INFO [http-apr-8080-exec-93] org.apache.catalina.core.ApplicationContext.log Manager: list: Listing contexts for virtual host 'localhost'
28-Sep-2017 16:31:04.875 INFO [http-apr-8080-exec-92] org.apache.catalina.core.ApplicationContext.log Manager: list: Listing contexts for virtual host 'localhost'
28-Sep-2017 16:31:04.875 INFO [http-apr-8080-exec-93] org.apache.catalina.core.ApplicationContext.log Manager: list: Listing contexts for virtual host 'localhost'
28-Sep-2017 16:31:04.891 INFO [http-apr-8080-exec-94] org.apache.catalina.core.ApplicationContext.log Manager: restart: Reloading web application '/Project_1'
28-Sep-2017 16:33:31.339 INFO [http-apr-8080-exec-91] org.apache.catalina.core.ApplicationContext.log Manager: list: Listing contexts for virtual host 'localhost'
28-Sep-2017 16:33:31.339 INFO [http-apr-8080-exec-98] org.apache.catalina.core.ApplicationContext.log Manager: list: Listing contexts for virtual host 'localhost'
28-Sep-2017 16:33:31.354 INFO [http-apr-8080-exec-99] org.apache.catalina.core.ApplicationContext.log Manager: restart: Reloading web application '/Project_1'
28-Sep-2017 16:34:36.827 INFO [http-apr-8080-exec-98] org.apache.catalina.core.ApplicationContext.log Manager: list: Listing contexts for virtual host 'localhost'
28-Sep-2017 16:34:36.842 INFO [http-apr-8080-exec-105] org.apache.catalina.core.ApplicationContext.log Manager: list: Listing contexts for virtual host 'localhost'
28-Sep-2017 16:34:36.858 INFO [http-apr-8080-exec-106] org.apache.catalina.core.ApplicationContext.log Manager: restart: Reloading web application '/Project_1'
28-Sep-2017 16:34:53.818 INFO [http-apr-8080-exec-112] org.apache.catalina.core.ApplicationContext.log Manager: list: Listing contexts for virtual host 'localhost'
28-Sep-2017 16:34:53.834 INFO [http-apr-8080-exec-113] org.apache.catalina.core.ApplicationContext.log Manager: list: Listing contexts for virtual host 'localhost'
28-Sep-2017 16:35:52.885 INFO [http-apr-8080-exec-115] org.apache.catalina.core.ApplicationContext.log Manager: list: Listing contexts for virtual host 'localhost'
28-Sep-2017 16:35:52.885 INFO [http-apr-8080-exec-116] org.apache.catalina.core.ApplicationContext.log Manager: list: Listing contexts for virtual host 'localhost'
28-Sep-2017 16:35:52.900 INFO [http-apr-8080-exec-105] org.apache.catalina.core.ApplicationContext.log Manager: restart: Reloading web application '/Project_1'
28-Sep-2017 16:38:18.696 INFO [http-apr-8080-exec-124] org.apache.catalina.core.ApplicationContext.log Manager: list: Listing contexts for virtual host 'localhost'
28-Sep-2017 16:38:18.712 INFO [http-apr-8080-exec-117] org.apache.catalina.core.ApplicationContext.log Manager: list: Listing contexts for virtual host 'localhost'
28-Sep-2017 16:38:18.712 INFO [http-apr-8080-exec-118] org.apache.catalina.core.ApplicationContext.log Manager: restart: Reloading web application '/Project_1'
28-Sep-2017 16:40:34.645 INFO [http-apr-8080-exec-117] org.apache.catalina.core.ApplicationContext.log Manager: list: Listing contexts for virtual host 'localhost'
28-Sep-2017 16:40:34.645 INFO [http-apr-8080-exec-126] org.apache.catalina.core.ApplicationContext.log Manager: list: Listing contexts for virtual host 'localhost'
28-Sep-2017 16:40:34.661 INFO [http-apr-8080-exec-127] org.apache.catalina.core.ApplicationContext.log Manager: restart: Reloading web application '/Project_1'
28-Sep-2017 16:50:27.384 INFO [http-apr-8080-exec-141] org.apache.catalina.core.ApplicationContext.log Manager: list: Listing contexts for virtual host 'localhost'
28-Sep-2017 16:50:27.384 INFO [http-apr-8080-exec-142] org.apache.catalina.core.ApplicationContext.log Manager: list: Listing contexts for virtual host 'localhost'
28-Sep-2017 16:51:20.866 INFO [http-apr-8080-exec-141] org.apache.catalina.core.ApplicationContext.log Manager: list: Listing contexts for virtual host 'localhost'
28-Sep-2017 16:51:20.866 INFO [http-apr-8080-exec-142] org.apache.catalina.core.ApplicationContext.log Manager: list: Listing contexts for virtual host 'localhost'
28-Sep-2017 16:51:48.409 INFO [http-apr-8080-exec-139] org.apache.catalina.core.ApplicationContext.log Manager: list: Listing contexts for virtual host 'localhost'
28-Sep-2017 16:51:48.409 INFO [http-apr-8080-exec-140] org.apache.catalina.core.ApplicationContext.log Manager: list: Listing contexts for virtual host 'localhost'
28-Sep-2017 16:58:51.196 INFO [http-apr-8080-exec-135] org.apache.catalina.core.ApplicationContext.log Manager: list: Listing contexts for virtual host 'localhost'
28-Sep-2017 16:58:51.196 INFO [http-apr-8080-exec-136] org.apache.catalina.core.ApplicationContext.log Manager: list: Listing contexts for virtual host 'localhost'
28-Sep-2017 16:58:51.211 INFO [http-apr-8080-exec-137] org.apache.catalina.core.ApplicationContext.log Manager: restart: Reloading web application '/Project_1'
28-Sep-2017 16:59:31.487 INFO [http-apr-8080-exec-145] org.apache.catalina.core.ApplicationContext.log Manager: list: Listing contexts for virtual host 'localhost'
28-Sep-2017 16:59:31.487 INFO [http-apr-8080-exec-146] org.apache.catalina.core.ApplicationContext.log Manager: list: Listing contexts for virtual host 'localhost'
28-Sep-2017 16:59:31.503 INFO [http-apr-8080-exec-139] org.apache.catalina.core.ApplicationContext.log Manager: restart: Reloading web application '/Project_1'
