27-Sep-2017 08:13:58.043 INFO [http-apr-8080-exec-10] org.apache.catalina.core.ApplicationContext.log Manager: init: Associated with Deployer 'Catalina:type=Deployer,host=localhost'
27-Sep-2017 08:13:58.043 INFO [http-apr-8080-exec-10] org.apache.catalina.core.ApplicationContext.log Manager: init: Global resources are available
27-Sep-2017 08:13:58.043 INFO [http-apr-8080-exec-10] org.apache.catalina.core.ApplicationContext.log Manager: list: Listing contexts for virtual host 'localhost'
27-Sep-2017 08:13:58.043 INFO [http-apr-8080-exec-1] org.apache.catalina.core.ApplicationContext.log Manager: list: Listing contexts for virtual host 'localhost'
27-Sep-2017 08:14:52.184 INFO [http-apr-8080-exec-6] org.apache.catalina.core.ApplicationContext.log Manager: list: Listing contexts for virtual host 'localhost'
27-Sep-2017 08:14:52.200 INFO [http-apr-8080-exec-7] org.apache.catalina.core.ApplicationContext.log Manager: list: Listing contexts for virtual host 'localhost'
27-Sep-2017 08:14:52.215 INFO [http-apr-8080-exec-8] org.apache.catalina.core.ApplicationContext.log Manager: restart: Reloading web application '/ch07_ex3_cart_sol'
27-Sep-2017 08:15:25.097 INFO [http-apr-8080-exec-12] org.apache.catalina.core.ApplicationContext.log Manager: list: Listing contexts for virtual host 'localhost'
27-Sep-2017 08:15:25.113 INFO [http-apr-8080-exec-13] org.apache.catalina.core.ApplicationContext.log Manager: list: Listing contexts for virtual host 'localhost'
27-Sep-2017 08:15:25.128 INFO [http-apr-8080-exec-1] org.apache.catalina.core.ApplicationContext.log Manager: restart: Reloading web application '/ch07_ex3_cart_sol'
27-Sep-2017 08:15:40.418 INFO [http-apr-8080-exec-15] org.apache.catalina.core.ApplicationContext.log Manager: list: Listing contexts for virtual host 'localhost'
27-Sep-2017 08:15:40.418 INFO [http-apr-8080-exec-16] org.apache.catalina.core.ApplicationContext.log Manager: list: Listing contexts for virtual host 'localhost'
27-Sep-2017 08:15:40.449 INFO [http-apr-8080-exec-2] org.apache.catalina.core.ApplicationContext.log Manager: restart: Reloading web application '/ch07_ex3_cart_sol'
27-Sep-2017 08:16:43.329 INFO [http-apr-8080-exec-3] org.apache.catalina.core.ApplicationContext.log Manager: list: Listing contexts for virtual host 'localhost'
27-Sep-2017 08:16:43.334 INFO [http-apr-8080-exec-17] org.apache.catalina.core.ApplicationContext.log Manager: list: Listing contexts for virtual host 'localhost'
27-Sep-2017 08:16:43.360 INFO [http-apr-8080-exec-13] org.apache.catalina.core.ApplicationContext.log Manager: restart: Reloading web application '/ch07_ex3_cart_sol'
27-Sep-2017 08:28:23.424 INFO [http-apr-8080-exec-30] org.apache.catalina.core.ApplicationContext.log Manager: list: Listing contexts for virtual host 'localhost'
27-Sep-2017 08:28:23.427 INFO [http-apr-8080-exec-21] org.apache.catalina.core.ApplicationContext.log Manager: list: Listing contexts for virtual host 'localhost'
27-Sep-2017 08:28:23.457 INFO [http-apr-8080-exec-22] org.apache.catalina.core.ApplicationContext.log Manager: restart: Reloading web application '/ch07_ex3_cart_sol'
27-Sep-2017 08:28:54.161 INFO [http-apr-8080-exec-32] org.apache.catalina.core.ApplicationContext.log Manager: list: Listing contexts for virtual host 'localhost'
27-Sep-2017 08:28:54.161 INFO [http-apr-8080-exec-33] org.apache.catalina.core.ApplicationContext.log Manager: list: Listing contexts for virtual host 'localhost'
27-Sep-2017 08:28:54.192 INFO [http-apr-8080-exec-25] org.apache.catalina.core.ApplicationContext.log Manager: restart: Reloading web application '/ch07_ex3_cart_sol'
27-Sep-2017 08:29:59.471 INFO [http-apr-8080-exec-31] org.apache.catalina.core.ApplicationContext.log Manager: list: Listing contexts for virtual host 'localhost'
27-Sep-2017 08:29:59.471 INFO [http-apr-8080-exec-34] org.apache.catalina.core.ApplicationContext.log Manager: list: Listing contexts for virtual host 'localhost'
27-Sep-2017 08:29:59.486 INFO [http-apr-8080-exec-35] org.apache.catalina.core.ApplicationContext.log Manager: restart: Reloading web application '/ch07_ex3_cart_sol'
27-Sep-2017 08:31:06.273 INFO [http-apr-8080-exec-36] org.apache.catalina.core.ApplicationContext.log Manager: list: Listing contexts for virtual host 'localhost'
27-Sep-2017 08:31:06.273 INFO [http-apr-8080-exec-38] org.apache.catalina.core.ApplicationContext.log Manager: list: Listing contexts for virtual host 'localhost'
27-Sep-2017 08:31:06.304 INFO [http-apr-8080-exec-39] org.apache.catalina.core.ApplicationContext.log Manager: restart: Reloading web application '/ch07_ex3_cart_sol'
27-Sep-2017 08:32:20.627 INFO [http-apr-8080-exec-41] org.apache.catalina.core.ApplicationContext.log Manager: list: Listing contexts for virtual host 'localhost'
27-Sep-2017 08:32:20.630 INFO [http-apr-8080-exec-42] org.apache.catalina.core.ApplicationContext.log Manager: list: Listing contexts for virtual host 'localhost'
27-Sep-2017 08:32:20.647 INFO [http-apr-8080-exec-43] org.apache.catalina.core.ApplicationContext.log Manager: restart: Reloading web application '/ch07_ex3_cart_sol'
27-Sep-2017 08:34:57.018 INFO [http-apr-8080-exec-42] org.apache.catalina.core.ApplicationContext.log Manager: list: Listing contexts for virtual host 'localhost'
27-Sep-2017 08:34:57.018 INFO [http-apr-8080-exec-49] org.apache.catalina.core.ApplicationContext.log Manager: list: Listing contexts for virtual host 'localhost'
27-Sep-2017 08:37:07.463 INFO [http-apr-8080-exec-58] org.apache.catalina.core.ApplicationContext.log Manager: list: Listing contexts for virtual host 'localhost'
27-Sep-2017 08:37:07.471 INFO [http-apr-8080-exec-53] org.apache.catalina.core.ApplicationContext.log Manager: list: Listing contexts for virtual host 'localhost'
27-Sep-2017 08:41:27.998 INFO [http-apr-8080-exec-52] org.apache.catalina.core.ApplicationContext.log Manager: list: Listing contexts for virtual host 'localhost'
27-Sep-2017 08:41:28.002 INFO [http-apr-8080-exec-55] org.apache.catalina.core.ApplicationContext.log Manager: list: Listing contexts for virtual host 'localhost'
27-Sep-2017 08:41:51.145 INFO [http-apr-8080-exec-54] org.apache.catalina.core.ApplicationContext.log Manager: list: Listing contexts for virtual host 'localhost'
27-Sep-2017 08:41:51.145 INFO [http-apr-8080-exec-49] org.apache.catalina.core.ApplicationContext.log Manager: list: Listing contexts for virtual host 'localhost'
27-Sep-2017 08:42:22.286 INFO [http-apr-8080-exec-56] org.apache.catalina.core.ApplicationContext.log Manager: list: Listing contexts for virtual host 'localhost'
27-Sep-2017 08:42:22.286 INFO [http-apr-8080-exec-57] org.apache.catalina.core.ApplicationContext.log Manager: list: Listing contexts for virtual host 'localhost'
27-Sep-2017 08:42:48.982 INFO [http-apr-8080-exec-50] org.apache.catalina.core.ApplicationContext.log Manager: list: Listing contexts for virtual host 'localhost'
27-Sep-2017 08:42:48.982 INFO [http-apr-8080-exec-51] org.apache.catalina.core.ApplicationContext.log Manager: list: Listing contexts for virtual host 'localhost'
27-Sep-2017 08:44:04.388 INFO [http-apr-8080-exec-54] org.apache.catalina.core.ApplicationContext.log Manager: list: Listing contexts for virtual host 'localhost'
27-Sep-2017 08:44:04.388 INFO [http-apr-8080-exec-49] org.apache.catalina.core.ApplicationContext.log Manager: list: Listing contexts for virtual host 'localhost'
27-Sep-2017 08:44:40.447 INFO [http-apr-8080-exec-56] org.apache.catalina.core.ApplicationContext.log Manager: list: Listing contexts for virtual host 'localhost'
27-Sep-2017 08:44:40.447 INFO [http-apr-8080-exec-57] org.apache.catalina.core.ApplicationContext.log Manager: list: Listing contexts for virtual host 'localhost'
27-Sep-2017 08:45:13.027 INFO [http-apr-8080-exec-50] org.apache.catalina.core.ApplicationContext.log Manager: list: Listing contexts for virtual host 'localhost'
27-Sep-2017 08:45:13.027 INFO [http-apr-8080-exec-51] org.apache.catalina.core.ApplicationContext.log Manager: list: Listing contexts for virtual host 'localhost'
27-Sep-2017 08:49:20.341 INFO [http-apr-8080-exec-58] org.apache.catalina.core.ApplicationContext.log Manager: list: Listing contexts for virtual host 'localhost'
27-Sep-2017 08:49:20.341 INFO [http-apr-8080-exec-53] org.apache.catalina.core.ApplicationContext.log Manager: list: Listing contexts for virtual host 'localhost'
27-Sep-2017 08:49:20.356 INFO [http-apr-8080-exec-54] org.apache.catalina.core.ApplicationContext.log Manager: restart: Reloading web application '/ch07_ex3_cart_sol'
27-Sep-2017 08:49:48.675 INFO [http-apr-8080-exec-60] org.apache.catalina.core.ApplicationContext.log Manager: list: Listing contexts for virtual host 'localhost'
27-Sep-2017 08:49:48.675 INFO [http-apr-8080-exec-61] org.apache.catalina.core.ApplicationContext.log Manager: list: Listing contexts for virtual host 'localhost'
27-Sep-2017 08:50:00.529 INFO [http-apr-8080-exec-63] org.apache.catalina.core.ApplicationContext.log Manager: list: Listing contexts for virtual host 'localhost'
27-Sep-2017 08:50:00.529 INFO [http-apr-8080-exec-64] org.apache.catalina.core.ApplicationContext.log Manager: list: Listing contexts for virtual host 'localhost'
27-Sep-2017 08:50:43.433 INFO [http-apr-8080-exec-62] org.apache.catalina.core.ApplicationContext.log Manager: list: Listing contexts for virtual host 'localhost'
27-Sep-2017 08:50:43.433 INFO [http-apr-8080-exec-66] org.apache.catalina.core.ApplicationContext.log Manager: list: Listing contexts for virtual host 'localhost'
27-Sep-2017 08:51:55.429 INFO [http-apr-8080-exec-68] org.apache.catalina.core.ApplicationContext.log Manager: list: Listing contexts for virtual host 'localhost'
27-Sep-2017 08:51:55.429 INFO [http-apr-8080-exec-60] org.apache.catalina.core.ApplicationContext.log Manager: list: Listing contexts for virtual host 'localhost'
27-Sep-2017 08:53:09.542 INFO [http-apr-8080-exec-59] org.apache.catalina.core.ApplicationContext.log Manager: list: Listing contexts for virtual host 'localhost'
27-Sep-2017 08:53:09.545 INFO [http-apr-8080-exec-63] org.apache.catalina.core.ApplicationContext.log Manager: list: Listing contexts for virtual host 'localhost'
27-Sep-2017 08:53:45.755 INFO [http-apr-8080-exec-61] org.apache.catalina.core.ApplicationContext.log Manager: list: Listing contexts for virtual host 'localhost'
27-Sep-2017 08:53:45.755 INFO [http-apr-8080-exec-62] org.apache.catalina.core.ApplicationContext.log Manager: list: Listing contexts for virtual host 'localhost'
27-Sep-2017 09:01:53.877 INFO [http-apr-8080-exec-64] org.apache.catalina.core.ApplicationContext.log Manager: list: Listing contexts for virtual host 'localhost'
27-Sep-2017 09:01:53.886 INFO [http-apr-8080-exec-65] org.apache.catalina.core.ApplicationContext.log Manager: list: Listing contexts for virtual host 'localhost'
27-Sep-2017 09:01:53.917 INFO [http-apr-8080-exec-68] org.apache.catalina.core.ApplicationContext.log Manager: restart: Reloading web application '/ch07_ex3_cart_sol'
27-Sep-2017 09:06:29.296 INFO [http-apr-8080-exec-59] org.apache.catalina.core.ApplicationContext.log Manager: list: Listing contexts for virtual host 'localhost'
27-Sep-2017 09:06:29.296 INFO [http-apr-8080-exec-69] org.apache.catalina.core.ApplicationContext.log Manager: list: Listing contexts for virtual host 'localhost'
27-Sep-2017 09:06:59.392 INFO [http-apr-8080-exec-74] org.apache.catalina.core.ApplicationContext.log Manager: list: Listing contexts for virtual host 'localhost'
27-Sep-2017 09:06:59.392 INFO [http-apr-8080-exec-75] org.apache.catalina.core.ApplicationContext.log Manager: list: Listing contexts for virtual host 'localhost'
27-Sep-2017 09:07:24.396 INFO [http-apr-8080-exec-70] org.apache.catalina.core.ApplicationContext.log Manager: list: Listing contexts for virtual host 'localhost'
27-Sep-2017 09:07:24.396 INFO [http-apr-8080-exec-71] org.apache.catalina.core.ApplicationContext.log Manager: list: Listing contexts for virtual host 'localhost'
27-Sep-2017 09:08:30.358 INFO [http-apr-8080-exec-78] org.apache.catalina.core.ApplicationContext.log Manager: list: Listing contexts for virtual host 'localhost'
27-Sep-2017 09:08:30.360 INFO [http-apr-8080-exec-77] org.apache.catalina.core.ApplicationContext.log Manager: list: Listing contexts for virtual host 'localhost'
27-Sep-2017 09:09:40.314 INFO [http-apr-8080-exec-73] org.apache.catalina.core.ApplicationContext.log Manager: list: Listing contexts for virtual host 'localhost'
27-Sep-2017 09:09:40.317 INFO [http-apr-8080-exec-74] org.apache.catalina.core.ApplicationContext.log Manager: list: Listing contexts for virtual host 'localhost'
27-Sep-2017 09:09:40.333 INFO [http-apr-8080-exec-75] org.apache.catalina.core.ApplicationContext.log Manager: restart: Reloading web application '/ch07_ex3_cart_sol'
27-Sep-2017 09:10:44.875 INFO [http-apr-8080-exec-70] org.apache.catalina.core.ApplicationContext.log Manager: list: Listing contexts for virtual host 'localhost'
27-Sep-2017 09:10:44.891 INFO [http-apr-8080-exec-79] org.apache.catalina.core.ApplicationContext.log Manager: list: Listing contexts for virtual host 'localhost'
27-Sep-2017 09:10:44.906 INFO [http-apr-8080-exec-80] org.apache.catalina.core.ApplicationContext.log Manager: restart: Reloading web application '/ch07_ex3_cart_sol'
27-Sep-2017 09:11:39.891 INFO [http-apr-8080-exec-84] org.apache.catalina.core.ApplicationContext.log Manager: list: Listing contexts for virtual host 'localhost'
27-Sep-2017 09:11:39.893 INFO [http-apr-8080-exec-85] org.apache.catalina.core.ApplicationContext.log Manager: list: Listing contexts for virtual host 'localhost'
27-Sep-2017 09:13:32.503 INFO [http-apr-8080-exec-71] org.apache.catalina.core.ApplicationContext.log Manager: list: Listing contexts for virtual host 'localhost'
27-Sep-2017 09:13:32.503 INFO [http-apr-8080-exec-82] org.apache.catalina.core.ApplicationContext.log Manager: list: Listing contexts for virtual host 'localhost'
27-Sep-2017 09:14:09.211 INFO [http-apr-8080-exec-87] org.apache.catalina.core.ApplicationContext.log Manager: list: Listing contexts for virtual host 'localhost'
27-Sep-2017 09:14:09.227 INFO [http-apr-8080-exec-89] org.apache.catalina.core.ApplicationContext.log Manager: list: Listing contexts for virtual host 'localhost'
27-Sep-2017 09:14:09.242 INFO [http-apr-8080-exec-88] org.apache.catalina.core.ApplicationContext.log Manager: restart: Reloading web application '/ch07_ex3_cart_sol'
27-Sep-2017 09:15:36.453 INFO [http-apr-8080-exec-93] org.apache.catalina.core.ApplicationContext.log Manager: list: Listing contexts for virtual host 'localhost'
27-Sep-2017 09:15:36.453 INFO [http-apr-8080-exec-95] org.apache.catalina.core.ApplicationContext.log Manager: list: Listing contexts for virtual host 'localhost'
27-Sep-2017 09:15:36.484 INFO [http-apr-8080-exec-83] org.apache.catalina.core.ApplicationContext.log Manager: restart: Reloading web application '/ch07_ex3_cart_sol'
27-Sep-2017 09:16:04.376 INFO [http-apr-8080-exec-98] org.apache.catalina.core.ApplicationContext.log Manager: list: Listing contexts for virtual host 'localhost'
27-Sep-2017 09:16:04.376 INFO [http-apr-8080-exec-99] org.apache.catalina.core.ApplicationContext.log Manager: list: Listing contexts for virtual host 'localhost'
27-Sep-2017 09:16:04.398 INFO [http-apr-8080-exec-94] org.apache.catalina.core.ApplicationContext.log Manager: restart: Reloading web application '/ch07_ex3_cart_sol'
27-Sep-2017 09:16:28.689 INFO [http-apr-8080-exec-102] org.apache.catalina.core.ApplicationContext.log Manager: list: Listing contexts for virtual host 'localhost'
27-Sep-2017 09:16:28.689 INFO [http-apr-8080-exec-103] org.apache.catalina.core.ApplicationContext.log Manager: list: Listing contexts for virtual host 'localhost'
27-Sep-2017 09:16:28.727 INFO [http-apr-8080-exec-88] org.apache.catalina.core.ApplicationContext.log Manager: restart: Reloading web application '/ch07_ex3_cart_sol'
27-Sep-2017 09:17:42.596 INFO [http-apr-8080-exec-103] org.apache.catalina.core.ApplicationContext.log Manager: list: Listing contexts for virtual host 'localhost'
27-Sep-2017 09:17:42.596 INFO [http-apr-8080-exec-104] org.apache.catalina.core.ApplicationContext.log Manager: list: Listing contexts for virtual host 'localhost'
27-Sep-2017 09:17:42.627 INFO [http-apr-8080-exec-105] org.apache.catalina.core.ApplicationContext.log Manager: restart: Reloading web application '/ch07_ex3_cart_sol'
27-Sep-2017 09:18:28.265 INFO [http-apr-8080-exec-112] org.apache.catalina.core.ApplicationContext.log Manager: list: Listing contexts for virtual host 'localhost'
27-Sep-2017 09:18:28.265 INFO [http-apr-8080-exec-113] org.apache.catalina.core.ApplicationContext.log Manager: list: Listing contexts for virtual host 'localhost'
27-Sep-2017 09:18:28.311 INFO [http-apr-8080-exec-102] org.apache.catalina.core.ApplicationContext.log Manager: restart: Reloading web application '/ch07_ex3_cart_sol'
27-Sep-2017 09:22:22.050 INFO [http-apr-8080-exec-122] org.apache.catalina.core.ApplicationContext.log Manager: list: Listing contexts for virtual host 'localhost'
27-Sep-2017 09:22:22.050 INFO [http-apr-8080-exec-114] org.apache.catalina.core.ApplicationContext.log Manager: list: Listing contexts for virtual host 'localhost'
27-Sep-2017 09:22:22.082 INFO [http-apr-8080-exec-115] org.apache.catalina.core.ApplicationContext.log Manager: restart: Reloading web application '/ch07_ex3_cart_sol'
27-Sep-2017 09:23:17.660 INFO [http-apr-8080-exec-125] org.apache.catalina.core.ApplicationContext.log Manager: list: Listing contexts for virtual host 'localhost'
27-Sep-2017 09:23:17.660 INFO [http-apr-8080-exec-126] org.apache.catalina.core.ApplicationContext.log Manager: list: Listing contexts for virtual host 'localhost'
27-Sep-2017 09:23:17.691 INFO [http-apr-8080-exec-119] org.apache.catalina.core.ApplicationContext.log Manager: restart: Reloading web application '/ch07_ex3_cart_sol'
27-Sep-2017 09:24:09.018 INFO [http-apr-8080-exec-129] org.apache.catalina.core.ApplicationContext.log Manager: list: Listing contexts for virtual host 'localhost'
27-Sep-2017 09:24:09.018 INFO [http-apr-8080-exec-130] org.apache.catalina.core.ApplicationContext.log Manager: list: Listing contexts for virtual host 'localhost'
27-Sep-2017 09:27:07.714 INFO [http-apr-8080-exec-116] org.apache.catalina.core.ApplicationContext.log Manager: list: Listing contexts for virtual host 'localhost'
27-Sep-2017 09:27:07.714 INFO [http-apr-8080-exec-127] org.apache.catalina.core.ApplicationContext.log Manager: list: Listing contexts for virtual host 'localhost'
27-Sep-2017 09:27:07.747 INFO [http-apr-8080-exec-128] org.apache.catalina.core.ApplicationContext.log Manager: restart: Reloading web application '/ch07_ex3_cart_sol'
27-Sep-2017 09:29:33.341 INFO [http-apr-8080-exec-129] org.apache.catalina.core.ApplicationContext.log Manager: list: Listing contexts for virtual host 'localhost'
27-Sep-2017 09:29:33.341 INFO [http-apr-8080-exec-136] org.apache.catalina.core.ApplicationContext.log Manager: list: Listing contexts for virtual host 'localhost'
27-Sep-2017 09:29:33.372 INFO [http-apr-8080-exec-137] org.apache.catalina.core.ApplicationContext.log Manager: restart: Reloading web application '/ch07_ex3_cart_sol'
27-Sep-2017 09:29:50.184 INFO [http-apr-8080-exec-146] org.apache.catalina.core.ApplicationContext.log Manager: list: Listing contexts for virtual host 'localhost'
27-Sep-2017 09:29:50.200 INFO [http-apr-8080-exec-147] org.apache.catalina.core.ApplicationContext.log Manager: list: Listing contexts for virtual host 'localhost'
27-Sep-2017 10:50:04.785 INFO [http-apr-8080-exec-10] org.apache.catalina.core.ApplicationContext.log Manager: init: Associated with Deployer 'Catalina:type=Deployer,host=localhost'
27-Sep-2017 10:50:04.785 INFO [http-apr-8080-exec-10] org.apache.catalina.core.ApplicationContext.log Manager: init: Global resources are available
27-Sep-2017 10:50:04.785 INFO [http-apr-8080-exec-10] org.apache.catalina.core.ApplicationContext.log Manager: list: Listing contexts for virtual host 'localhost'
27-Sep-2017 10:50:04.785 INFO [http-apr-8080-exec-1] org.apache.catalina.core.ApplicationContext.log Manager: list: Listing contexts for virtual host 'localhost'
27-Sep-2017 10:52:05.511 INFO [http-apr-8080-exec-7] org.apache.catalina.core.ApplicationContext.log Manager: list: Listing contexts for virtual host 'localhost'
27-Sep-2017 10:52:05.527 INFO [http-apr-8080-exec-8] org.apache.catalina.core.ApplicationContext.log Manager: list: Listing contexts for virtual host 'localhost'
27-Sep-2017 10:52:56.270 INFO [http-apr-8080-exec-4] org.apache.catalina.core.ApplicationContext.log Manager: list: Listing contexts for virtual host 'localhost'
27-Sep-2017 10:52:56.270 INFO [http-apr-8080-exec-5] org.apache.catalina.core.ApplicationContext.log Manager: list: Listing contexts for virtual host 'localhost'
27-Sep-2017 10:52:56.301 INFO [http-apr-8080-exec-6] org.apache.catalina.core.ApplicationContext.log Manager: restart: Reloading web application '/ch07_ex3_cart_sol'
27-Sep-2017 10:53:52.455 INFO [http-apr-8080-exec-14] org.apache.catalina.core.ApplicationContext.log Manager: list: Listing contexts for virtual host 'localhost'
27-Sep-2017 10:53:52.455 INFO [http-apr-8080-exec-15] org.apache.catalina.core.ApplicationContext.log Manager: list: Listing contexts for virtual host 'localhost'
27-Sep-2017 10:53:52.493 INFO [http-apr-8080-exec-2] org.apache.catalina.core.ApplicationContext.log Manager: restart: Reloading web application '/ch07_ex3_cart_sol'
27-Sep-2017 10:54:48.763 INFO [http-apr-8080-exec-18] org.apache.catalina.core.ApplicationContext.log Manager: list: Listing contexts for virtual host 'localhost'
27-Sep-2017 10:54:48.778 INFO [http-apr-8080-exec-19] org.apache.catalina.core.ApplicationContext.log Manager: list: Listing contexts for virtual host 'localhost'
27-Sep-2017 10:57:13.746 INFO [18] org.apache.catalina.core.ApplicationContext.log Manager: list: Listing contexts for virtual host 'localhost'
27-Sep-2017 10:57:13.762 INFO [http-apr-8080-exec-17] org.apache.catalina.core.ApplicationContext.log Manager: list: Listing contexts for virtual host 'localhost'
27-Sep-2017 10:57:13.794 INFO [http-apr-8080-exec-18] org.apache.catalina.core.ApplicationContext.log Manager: restart: Reloading web application '/ch07_ex3_cart_sol'
27-Sep-2017 11:03:02.550 INFO [http-apr-8080-exec-35] org.apache.catalina.core.ApplicationContext.log Manager: list: Listing contexts for virtual host 'localhost'
27-Sep-2017 11:03:02.566 INFO [http-apr-8080-exec-26] org.apache.catalina.core.ApplicationContext.log Manager: list: Listing contexts for virtual host 'localhost'
27-Sep-2017 11:03:02.582 INFO [http-apr-8080-exec-27] org.apache.catalina.core.ApplicationContext.log Manager: restart: Reloading web application '/ch07_ex3_cart_sol'
27-Sep-2017 11:05:55.713 INFO [http-apr-8080-exec-44] org.apache.catalina.core.ApplicationContext.log Manager: list: Listing contexts for virtual host 'localhost'
27-Sep-2017 11:05:55.728 INFO [http-apr-8080-exec-37] org.apache.catalina.core.ApplicationContext.log Manager: list: Listing contexts for virtual host 'localhost'
27-Sep-2017 11:06:19.122 INFO [http-apr-8080-exec-45] org.apache.catalina.core.ApplicationContext.log Manager: list: Listing contexts for virtual host 'localhost'
27-Sep-2017 11:06:19.138 INFO [http-apr-8080-exec-44] org.apache.catalina.core.ApplicationContext.log Manager: list: Listing contexts for virtual host 'localhost'
27-Sep-2017 11:06:55.703 INFO [http-apr-8080-exec-36] org.apache.catalina.core.ApplicationContext.log Manager: list: Listing contexts for virtual host 'localhost'
27-Sep-2017 11:06:55.703 INFO [http-apr-8080-exec-41] org.apache.catalina.core.ApplicationContext.log Manager: list: Listing contexts for virtual host 'localhost'
27-Sep-2017 11:08:03.867 INFO [http-apr-8080-exec-41] org.apache.catalina.core.ApplicationContext.log Manager: list: Listing contexts for virtual host 'localhost'
27-Sep-2017 11:08:03.867 INFO [http-apr-8080-exec-42] org.apache.catalina.core.ApplicationContext.log Manager: list: Listing contexts for virtual host 'localhost'
27-Sep-2017 11:08:39.991 INFO [http-apr-8080-exec-44] org.apache.catalina.core.ApplicationContext.log Manager: list: Listing contexts for virtual host 'localhost'
27-Sep-2017 11:08:39.991 INFO [http-apr-8080-exec-37] org.apache.catalina.core.ApplicationContext.log Manager: list: Listing contexts for virtual host 'localhost'
27-Sep-2017 11:09:21.630 INFO [http-apr-8080-exec-38] org.apache.catalina.core.ApplicationContext.log Manager: list: Listing contexts for virtual host 'localhost'
27-Sep-2017 11:09:21.633 INFO [http-apr-8080-exec-39] org.apache.catalina.core.ApplicationContext.log Manager: list: Listing contexts for virtual host 'localhost'
27-Sep-2017 14:31:23.368 INFO [http-apr-8080-exec-39] org.apache.catalina.core.ApplicationContext.log Manager: list: Listing contexts for virtual host 'localhost'
27-Sep-2017 14:31:23.368 INFO [http-apr-8080-exec-40] org.apache.catalina.core.ApplicationContext.log Manager: list: Listing contexts for virtual host 'localhost'
27-Sep-2017 14:54:06.600 INFO [http-apr-8080-exec-36] org.apache.catalina.core.ApplicationContext.log Manager: list: Listing contexts for virtual host 'localhost'
27-Sep-2017 14:54:06.600 INFO [http-apr-8080-exec-41] org.apache.catalina.core.ApplicationContext.log Manager: list: Listing contexts for virtual host 'localhost'
27-Sep-2017 14:54:06.631 INFO [http-apr-8080-exec-42] org.apache.catalina.core.ApplicationContext.log Manager: restart: Reloading web application '/ch07_ex3_cart_sol'
27-Sep-2017 14:54:27.013 INFO [http-apr-8080-exec-47] org.apache.catalina.core.ApplicationContext.log Manager: list: Listing contexts for virtual host 'localhost'
27-Sep-2017 14:54:27.028 INFO [http-apr-8080-exec-48] org.apache.catalina.core.ApplicationContext.log Manager: list: Listing contexts for virtual host 'localhost'
27-Sep-2017 14:56:02.545 INFO [http-apr-8080-exec-45] org.apache.catalina.core.ApplicationContext.log Manager: list: Listing contexts for virtual host 'localhost'
27-Sep-2017 14:56:02.548 INFO [http-apr-8080-exec-46] org.apache.catalina.core.ApplicationContext.log Manager: list: Listing contexts for virtual host 'localhost'
27-Sep-2017 14:59:48.056 INFO [http-apr-8080-exec-55] org.apache.catalina.core.ApplicationContext.log Manager: list: Listing contexts for virtual host 'localhost'
27-Sep-2017 14:59:48.056 INFO [http-apr-8080-exec-46] org.apache.catalina.core.ApplicationContext.log Manager: list: Listing contexts for virtual host 'localhost'
27-Sep-2017 14:59:48.072 INFO [http-apr-8080-exec-47] org.apache.catalina.core.ApplicationContext.log Manager: restart: Reloading web application '/ch07_ex3_cart_sol'
27-Sep-2017 15:03:59.621 INFO [http-apr-8080-exec-52] org.apache.catalina.core.ApplicationContext.log Manager: list: Listing contexts for virtual host 'localhost'
27-Sep-2017 15:03:59.621 INFO [http-apr-8080-exec-56] org.apache.catalina.core.ApplicationContext.log Manager: list: Listing contexts for virtual host 'localhost'
27-Sep-2017 15:03:59.654 INFO [http-apr-8080-exec-57] org.apache.catalina.core.ApplicationContext.log Manager: restart: Reloading web application '/ch07_ex3_cart_sol'
27-Sep-2017 15:07:35.716 INFO [http-apr-8080-exec-59] org.apache.catalina.core.ApplicationContext.log Manager: list: Listing contexts for virtual host 'localhost'
27-Sep-2017 15:07:35.716 INFO [http-apr-8080-exec-64] org.apache.catalina.core.ApplicationContext.log Manager: list: Listing contexts for virtual host 'localhost'
27-Sep-2017 15:08:00.602 INFO [http-apr-8080-exec-70] org.apache.catalina.core.ApplicationContext.log Manager: list: Listing contexts for virtual host 'localhost'
27-Sep-2017 15:08:00.602 INFO [http-apr-8080-exec-71] org.apache.catalina.core.ApplicationContext.log Manager: list: Listing contexts for virtual host 'localhost'
27-Sep-2017 15:33:31.763 INFO [http-apr-8080-exec-73] org.apache.catalina.core.ApplicationContext.log Manager: list: Listing contexts for virtual host 'localhost'
27-Sep-2017 15:33:31.763 INFO [http-apr-8080-exec-68] org.apache.catalina.core.ApplicationContext.log Manager: list: Listing contexts for virtual host 'localhost'
27-Sep-2017 15:33:31.779 INFO [http-apr-8080-exec-69] org.apache.catalina.core.ApplicationContext.log Manager: restart: Reloading web application '/ch07_ex3_cart_sol'
27-Sep-2017 15:39:57.910 INFO [128] org.apache.catalina.core.ApplicationContext.log Manager: list: Listing contexts for virtual host 'localhost'
27-Sep-2017 15:39:57.910 INFO [http-apr-8080-exec-74] org.apache.catalina.core.ApplicationContext.log Manager: list: Listing contexts for virtual host 'localhost'
27-Sep-2017 15:39:57.932 INFO [http-apr-8080-exec-75] org.apache.catalina.core.ApplicationContext.log Manager: restart: Reloading web application '/ch07_ex3_cart_sol'
27-Sep-2017 15:40:24.762 INFO [http-apr-8080-exec-85] org.apache.catalina.core.ApplicationContext.log Manager: list: Listing contexts for virtual host 'localhost'
27-Sep-2017 15:40:24.762 INFO [http-apr-8080-exec-86] org.apache.catalina.core.ApplicationContext.log Manager: list: Listing contexts for virtual host 'localhost'
27-Sep-2017 15:51:28.966 INFO [http-apr-8080-exec-93] org.apache.catalina.core.ApplicationContext.log Manager: list: Listing contexts for virtual host 'localhost'
27-Sep-2017 15:51:28.966 INFO [http-apr-8080-exec-84] org.apache.catalina.core.ApplicationContext.log Manager: list: Listing contexts for virtual host 'localhost'
27-Sep-2017 15:51:28.998 INFO [http-apr-8080-exec-85] org.apache.catalina.core.ApplicationContext.log Manager: restart: Reloading web application '/ch07_ex3_cart_sol'
27-Sep-2017 15:53:00.380 INFO [http-apr-8080-exec-89] org.apache.catalina.core.ApplicationContext.log Manager: list: Listing contexts for virtual host 'localhost'
27-Sep-2017 15:53:00.380 INFO [http-apr-8080-exec-94] org.apache.catalina.core.ApplicationContext.log Manager: list: Listing contexts for virtual host 'localhost'
27-Sep-2017 16:00:15.909 INFO [http-apr-8080-exec-103] org.apache.catalina.core.ApplicationContext.log Manager: list: Listing contexts for virtual host 'localhost'
27-Sep-2017 16:00:15.913 INFO [http-apr-8080-exec-94] org.apache.catalina.core.ApplicationContext.log Manager: list: Listing contexts for virtual host 'localhost'
27-Sep-2017 16:03:42.224 INFO [http-apr-8080-exec-101] org.apache.catalina.core.ApplicationContext.log Manager: list: Listing contexts for virtual host 'localhost'
27-Sep-2017 16:03:42.224 INFO [http-apr-8080-exec-102] org.apache.catalina.core.ApplicationContext.log Manager: list: Listing contexts for virtual host 'localhost'
27-Sep-2017 16:03:42.240 INFO [http-apr-8080-exec-103] org.apache.catalina.core.ApplicationContext.log Manager: restart: Reloading web application '/ch07_ex3_cart_sol'
27-Sep-2017 16:04:48.786 INFO [http-apr-8080-exec-102] org.apache.catalina.core.ApplicationContext.log Manager: list: Listing contexts for virtual host 'localhost'
27-Sep-2017 16:04:48.788 INFO [http-apr-8080-exec-104] org.apache.catalina.core.ApplicationContext.log Manager: list: Listing contexts for virtual host 'localhost'
27-Sep-2017 16:06:05.829 INFO [http-apr-8080-exec-112] org.apache.catalina.core.ApplicationContext.log Manager: list: Listing contexts for virtual host 'localhost'
27-Sep-2017 16:06:05.845 INFO [http-apr-8080-exec-104] org.apache.catalina.core.ApplicationContext.log Manager: list: Listing contexts for virtual host 'localhost'
27-Sep-2017 16:09:17.376 INFO [http-apr-8080-exec-111] org.apache.catalina.core.ApplicationContext.log Manager: list: Listing contexts for virtual host 'localhost'
27-Sep-2017 16:09:17.376 INFO [http-apr-8080-exec-113] org.apache.catalina.core.ApplicationContext.log Manager: list: Listing contexts for virtual host 'localhost'
27-Sep-2017 16:09:17.407 INFO [http-apr-8080-exec-112] org.apache.catalina.core.ApplicationContext.log Manager: restart: Reloading web application '/ch07_ex3_cart_sol'
27-Sep-2017 16:11:56.388 INFO [http-apr-8080-exec-104] org.apache.catalina.core.ApplicationContext.log Manager: list: Listing contexts for virtual host 'localhost'
27-Sep-2017 16:11:56.388 INFO [http-apr-8080-exec-114] org.apache.catalina.core.ApplicationContext.log Manager: list: Listing contexts for virtual host 'localhost'
27-Sep-2017 16:11:56.409 INFO [http-apr-8080-exec-115] org.apache.catalina.core.ApplicationContext.log Manager: restart: Reloading web application '/ch07_ex3_cart_sol'
27-Sep-2017 16:12:45.622 INFO [http-apr-8080-exec-124] org.apache.catalina.core.ApplicationContext.log Manager: list: Listing contexts for virtual host 'localhost'
27-Sep-2017 16:12:45.625 INFO [http-apr-8080-exec-125] org.apache.catalina.core.ApplicationContext.log Manager: list: Listing contexts for virtual host 'localhost'
27-Sep-2017 16:12:45.640 INFO [http-apr-8080-exec-119] org.apache.catalina.core.ApplicationContext.log Manager: restart: Reloading web application '/ch07_ex3_cart_sol'
27-Sep-2017 16:14:34.058 INFO [http-apr-8080-exec-130] org.apache.catalina.core.ApplicationContext.log Manager: list: Listing contexts for virtual host 'localhost'
27-Sep-2017 16:14:34.062 INFO [http-apr-8080-exec-126] org.apache.catalina.core.ApplicationContext.log Manager: list: Listing contexts for virtual host 'localhost'
27-Sep-2017 16:14:34.083 INFO [http-apr-8080-exec-127] org.apache.catalina.core.ApplicationContext.log Manager: restart: Reloading web application '/ch07_ex3_cart_sol'
27-Sep-2017 16:16:01.005 INFO [http-apr-8080-exec-137] org.apache.catalina.core.ApplicationContext.log Manager: list: Listing contexts for virtual host 'localhost'
27-Sep-2017 16:16:01.020 INFO [http-apr-8080-exec-132] org.apache.catalina.core.ApplicationContext.log Manager: list: Listing contexts for virtual host 'localhost'
27-Sep-2017 16:16:01.052 INFO [http-apr-8080-exec-133] org.apache.catalina.core.ApplicationContext.log Manager: restart: Reloading web application '/ch07_ex3_cart_sol'
27-Sep-2017 16:22:19.958 INFO [http-apr-8080-exec-148] org.apache.catalina.core.ApplicationContext.log Manager: list: Listing contexts for virtual host 'localhost'
27-Sep-2017 16:22:19.974 INFO [http-apr-8080-exec-139] org.apache.catalina.core.ApplicationContext.log Manager: list: Listing contexts for virtual host 'localhost'
27-Sep-2017 16:23:14.830 INFO [http-apr-8080-exec-143] org.apache.catalina.core.ApplicationContext.log Manager: list: Listing contexts for virtual host 'localhost'
27-Sep-2017 16:23:14.830 INFO [http-apr-8080-exec-144] org.apache.catalina.core.ApplicationContext.log Manager: list: Listing contexts for virtual host 'localhost'
27-Sep-2017 16:23:14.861 INFO [http-apr-8080-exec-145] org.apache.catalina.core.ApplicationContext.log Manager: restart: Reloading web application '/ch07_ex3_cart_sol'
27-Sep-2017 16:23:29.294 INFO [http-apr-8080-exec-150] org.apache.catalina.core.ApplicationContext.log Manager: list: Listing contexts for virtual host 'localhost'
27-Sep-2017 16:23:29.309 INFO [http-apr-8080-exec-151] org.apache.catalina.core.ApplicationContext.log Manager: list: Listing contexts for virtual host 'localhost'
27-Sep-2017 16:25:38.666 INFO [http-apr-8080-exec-140] org.apache.catalina.core.ApplicationContext.log Manager: list: Listing contexts for virtual host 'localhost'
27-Sep-2017 16:25:38.666 INFO [http-apr-8080-exec-150] org.apache.catalina.core.ApplicationContext.log Manager: list: Listing contexts for virtual host 'localhost'
27-Sep-2017 16:25:38.704 INFO [http-apr-8080-exec-151] org.apache.catalina.core.ApplicationContext.log Manager: restart: Reloading web application '/ch07_ex3_cart_sol'
27-Sep-2017 16:26:05.372 INFO [http-apr-8080-exec-159] org.apache.catalina.core.ApplicationContext.log Manager: list: Listing contexts for virtual host 'localhost'
27-Sep-2017 16:26:05.375 INFO [http-apr-8080-exec-160] org.apache.catalina.core.ApplicationContext.log Manager: list: Listing contexts for virtual host 'localhost'
27-Sep-2017 16:26:24.873 INFO [http-apr-8080-exec-162] org.apache.catalina.core.ApplicationContext.log Manager: list: Listing contexts for virtual host 'localhost'
27-Sep-2017 16:26:24.889 INFO [http-apr-8080-exec-157] org.apache.catalina.core.ApplicationContext.log Manager: list: Listing contexts for virtual host 'localhost'
27-Sep-2017 16:34:19.972 INFO [http-apr-8080-exec-162] org.apache.catalina.core.ApplicationContext.log Manager: list: Listing contexts for virtual host 'localhost'
27-Sep-2017 16:34:19.988 INFO [http-apr-8080-exec-157] org.apache.catalina.core.ApplicationContext.log Manager: list: Listing contexts for virtual host 'localhost'
27-Sep-2017 16:34:20.003 INFO [http-apr-8080-exec-158] org.apache.catalina.core.ApplicationContext.log Manager: restart: Reloading web application '/ch07_ex3_cart_sol'
27-Sep-2017 16:36:34.734 INFO [http-apr-8080-exec-159] org.apache.catalina.core.ApplicationContext.log Manager: list: Listing contexts for virtual host 'localhost'
27-Sep-2017 16:36:34.734 INFO [http-apr-8080-exec-167] org.apache.catalina.core.ApplicationContext.log Manager: list: Listing contexts for virtual host 'localhost'
27-Sep-2017 16:36:34.765 INFO [http-apr-8080-exec-168] org.apache.catalina.core.ApplicationContext.log Manager: restart: Reloading web application '/ch07_ex3_cart_sol'
27-Sep-2017 16:54:09.225 INFO [http-apr-8080-exec-186] org.apache.catalina.core.ApplicationContext.log Manager: list: Listing contexts for virtual host 'localhost'
27-Sep-2017 16:54:09.225 INFO [http-apr-8080-exec-177] org.apache.catalina.core.ApplicationContext.log Manager: list: Listing contexts for virtual host 'localhost'
27-Sep-2017 16:54:09.240 INFO [http-apr-8080-exec-178] org.apache.catalina.core.ApplicationContext.log Manager: restart: Reloading web application '/ch07_ex3_cart_sol'
27-Sep-2017 17:00:19.231 INFO [http-apr-8080-exec-184] org.apache.catalina.core.ApplicationContext.log Manager: list: Listing contexts for virtual host 'localhost'
27-Sep-2017 17:00:19.231 INFO [http-apr-8080-exec-187] org.apache.catalina.core.ApplicationContext.log Manager: list: Listing contexts for virtual host 'localhost'
27-Sep-2017 17:01:24.762 INFO [http-apr-8080-exec-195] org.apache.catalina.core.ApplicationContext.log Manager: list: Listing contexts for virtual host 'localhost'
27-Sep-2017 17:01:24.764 INFO [http-apr-8080-exec-187] org.apache.catalina.core.ApplicationContext.log Manager: list: Listing contexts for virtual host 'localhost'
27-Sep-2017 17:02:33.621 INFO [http-apr-8080-exec-193] org.apache.catalina.core.ApplicationContext.log Manager: list: Listing contexts for virtual host 'localhost'
27-Sep-2017 17:02:33.637 INFO [http-apr-8080-exec-196] org.apache.catalina.core.ApplicationContext.log Manager: list: Listing contexts for virtual host 'localhost'
27-Sep-2017 17:02:33.653 INFO [http-apr-8080-exec-195] org.apache.catalina.core.ApplicationContext.log Manager: restart: Reloading web application '/ch07_ex3_cart_sol'
27-Sep-2017 17:03:44.617 INFO [http-apr-8080-exec-187] org.apache.catalina.core.ApplicationContext.log Manager: list: Listing contexts for virtual host 'localhost'
27-Sep-2017 17:03:44.617 INFO [http-apr-8080-exec-197] org.apache.catalina.core.ApplicationContext.log Manager: list: Listing contexts for virtual host 'localhost'
27-Sep-2017 17:03:44.648 INFO [http-apr-8080-exec-198] org.apache.catalina.core.ApplicationContext.log Manager: restart: Reloading web application '/ch07_ex3_cart_sol'
27-Sep-2017 17:06:15.546 INFO [http-apr-8080-exec-199] org.apache.catalina.core.ApplicationContext.log Manager: list: Listing contexts for virtual host 'localhost'
27-Sep-2017 17:06:15.546 INFO [http-apr-8080-exec-203] org.apache.catalina.core.ApplicationContext.log Manager: list: Listing contexts for virtual host 'localhost'
27-Sep-2017 17:06:15.568 INFO [http-apr-8080-exec-204] org.apache.catalina.core.ApplicationContext.log Manager: restart: Reloading web application '/ch07_ex3_cart_sol'
27-Sep-2017 17:08:21.274 INFO [http-apr-8080-exec-208] org.apache.catalina.core.ApplicationContext.log Manager: list: Listing contexts for virtual host 'localhost'
27-Sep-2017 17:08:21.274 INFO [http-apr-8080-exec-210] org.apache.catalina.core.ApplicationContext.log Manager: list: Listing contexts for virtual host 'localhost'
27-Sep-2017 17:10:10.649 INFO [http-apr-8080-exec-219] org.apache.catalina.core.ApplicationContext.log Manager: list: Listing contexts for virtual host 'localhost'
27-Sep-2017 17:10:10.649 INFO [http-apr-8080-exec-210] org.apache.catalina.core.ApplicationContext.log Manager: list: Listing contexts for virtual host 'localhost'
27-Sep-2017 17:10:10.681 INFO [http-apr-8080-exec-211] org.apache.catalina.core.ApplicationContext.log Manager: restart: Reloading web application '/ch07_ex3_cart_sol'
27-Sep-2017 17:10:49.994 INFO [http-apr-8080-exec-222] org.apache.catalina.core.ApplicationContext.log Manager: list: Listing contexts for virtual host 'localhost'
27-Sep-2017 17:10:49.994 INFO [http-apr-8080-exec-223] org.apache.catalina.core.ApplicationContext.log Manager: list: Listing contexts for virtual host 'localhost'
27-Sep-2017 17:10:50.010 INFO [http-apr-8080-exec-217] org.apache.catalina.core.ApplicationContext.log Manager: restart: Reloading web application '/ch07_ex3_cart_sol'
27-Sep-2017 17:11:16.800 INFO [http-apr-8080-exec-227] org.apache.catalina.core.ApplicationContext.log Manager: list: Listing contexts for virtual host 'localhost'
27-Sep-2017 17:11:16.802 INFO [http-apr-8080-exec-228] org.apache.catalina.core.ApplicationContext.log Manager: list: Listing contexts for virtual host 'localhost'
27-Sep-2017 17:11:16.821 INFO [http-apr-8080-exec-218] org.apache.catalina.core.ApplicationContext.log Manager: restart: Reloading web application '/ch07_ex3_cart_sol'
27-Sep-2017 17:12:12.798 INFO [http-apr-8080-exec-232] org.apache.catalina.core.ApplicationContext.log Manager: list: Listing contexts for virtual host 'localhost'
27-Sep-2017 17:12:12.798 INFO [http-apr-8080-exec-233] org.apache.catalina.core.ApplicationContext.log Manager: list: Listing contexts for virtual host 'localhost'
27-Sep-2017 17:12:12.830 INFO [http-apr-8080-exec-218] org.apache.catalina.core.ApplicationContext.log Manager: restart: Reloading web application '/ch07_ex3_cart_sol'
27-Sep-2017 17:13:07.521 INFO [http-apr-8080-exec-236] org.apache.catalina.core.ApplicationContext.log Manager: list: Listing contexts for virtual host 'localhost'
27-Sep-2017 17:13:07.521 INFO [http-apr-8080-exec-237] org.apache.catalina.core.ApplicationContext.log Manager: list: Listing contexts for virtual host 'localhost'
27-Sep-2017 17:13:07.537 INFO [http-apr-8080-exec-229] org.apache.catalina.core.ApplicationContext.log Manager: restart: Reloading web application '/ch07_ex3_cart_sol'
27-Sep-2017 17:13:40.725 INFO [http-apr-8080-exec-241] org.apache.catalina.core.ApplicationContext.log Manager: list: Listing contexts for virtual host 'localhost'
27-Sep-2017 17:13:40.741 INFO [http-apr-8080-exec-242] org.apache.catalina.core.ApplicationContext.log Manager: list: Listing contexts for virtual host 'localhost'
27-Sep-2017 17:13:40.772 INFO [http-apr-8080-exec-236] org.apache.catalina.core.ApplicationContext.log Manager: restart: Reloading web application '/ch07_ex3_cart_sol'
27-Sep-2017 17:18:00.802 INFO [http-apr-8080-exec-252] org.apache.catalina.core.ApplicationContext.log Manager: list: Listing contexts for virtual host 'localhost'
27-Sep-2017 17:18:00.802 INFO [http-apr-8080-exec-243] org.apache.catalina.core.ApplicationContext.log Manager: list: Listing contexts for virtual host 'localhost'
27-Sep-2017 17:18:00.818 INFO [http-apr-8080-exec-244] org.apache.catalina.core.ApplicationContext.log Manager: restart: Reloading web application '/ch07_ex3_cart_sol'
27-Sep-2017 17:19:20.710 INFO [http-apr-8080-exec-258] org.apache.catalina.core.ApplicationContext.log Manager: list: Listing contexts for virtual host 'localhost'
27-Sep-2017 17:19:20.710 INFO [http-apr-8080-exec-253] org.apache.catalina.core.ApplicationContext.log Manager: list: Listing contexts for virtual host 'localhost'
27-Sep-2017 17:19:20.726 INFO [http-apr-8080-exec-254] org.apache.catalina.core.ApplicationContext.log Manager: restart: Reloading web application '/ch07_ex3_cart_sol'
27-Sep-2017 17:24:41.510 INFO [http-apr-8080-exec-269] org.apache.catalina.core.ApplicationContext.log Manager: list: Listing contexts for virtual host 'localhost'
27-Sep-2017 17:24:41.510 INFO [http-apr-8080-exec-260] org.apache.catalina.core.ApplicationContext.log Manager: list: Listing contexts for virtual host 'localhost'
27-Sep-2017 17:24:41.541 INFO [http-apr-8080-exec-261] org.apache.catalina.core.ApplicationContext.log Manager: restart: Reloading web application '/ch07_ex3_cart_sol'
27-Sep-2017 17:26:35.661 INFO [http-apr-8080-exec-262] org.apache.catalina.core.ApplicationContext.log Manager: list: Listing contexts for virtual host 'localhost'
27-Sep-2017 17:26:35.661 INFO [http-apr-8080-exec-270] org.apache.catalina.core.ApplicationContext.log Manager: list: Listing contexts for virtual host 'localhost'
27-Sep-2017 17:28:07.925 INFO [http-apr-8080-exec-278] org.apache.catalina.core.ApplicationContext.log Manager: list: Listing contexts for virtual host 'localhost'
27-Sep-2017 17:28:07.925 INFO [http-apr-8080-exec-270] org.apache.catalina.core.ApplicationContext.log Manager: list: Listing contexts for virtual host 'localhost'
27-Sep-2017 17:30:03.694 INFO [http-apr-8080-exec-277] org.apache.catalina.core.ApplicationContext.log Manager: list: Listing contexts for virtual host 'localhost'
27-Sep-2017 17:30:03.696 INFO [http-apr-8080-exec-279] org.apache.catalina.core.ApplicationContext.log Manager: list: Listing contexts for virtual host 'localhost'
27-Sep-2017 21:43:27.569 INFO [http-apr-8080-exec-274] org.apache.catalina.core.ApplicationContext.log Manager: list: Listing contexts for virtual host 'localhost'
27-Sep-2017 21:43:27.569 INFO [http-apr-8080-exec-276] org.apache.catalina.core.ApplicationContext.log Manager: list: Listing contexts for virtual host 'localhost'
27-Sep-2017 21:44:05.626 INFO [http-apr-8080-exec-271] org.apache.catalina.core.ApplicationContext.log Manager: list: Listing contexts for virtual host 'localhost'
27-Sep-2017 21:44:05.628 INFO [http-apr-8080-exec-272] org.apache.catalina.core.ApplicationContext.log Manager: list: Listing contexts for virtual host 'localhost'
27-Sep-2017 21:53:43.739 INFO [http-apr-8080-exec-271] org.apache.catalina.core.ApplicationContext.log Manager: list: Listing contexts for virtual host 'localhost'
27-Sep-2017 21:53:43.739 INFO [http-apr-8080-exec-272] org.apache.catalina.core.ApplicationContext.log Manager: list: Listing contexts for virtual host 'localhost'
27-Sep-2017 21:57:39.005 INFO [http-apr-8080-exec-277] org.apache.catalina.core.ApplicationContext.log Manager: list: Listing contexts for virtual host 'localhost'
27-Sep-2017 21:57:39.005 INFO [http-apr-8080-exec-279] org.apache.catalina.core.ApplicationContext.log Manager: list: Listing contexts for virtual host 'localhost'
27-Sep-2017 22:18:31.191 INFO [http-apr-8080-exec-272] org.apache.catalina.core.ApplicationContext.log Manager: list: Listing contexts for virtual host 'localhost'
27-Sep-2017 22:18:31.207 INFO [http-apr-8080-exec-273] org.apache.catalina.core.ApplicationContext.log Manager: list: Listing contexts for virtual host 'localhost'
27-Sep-2017 22:18:31.222 INFO [http-apr-8080-exec-275] org.apache.catalina.core.ApplicationContext.log Manager: restart: Reloading web application '/ch07_ex3_cart_sol'
27-Sep-2017 22:19:20.486 INFO [http-apr-8080-exec-281] org.apache.catalina.core.ApplicationContext.log Manager: list: Listing contexts for virtual host 'localhost'
27-Sep-2017 22:19:20.501 INFO [http-apr-8080-exec-282] org.apache.catalina.core.ApplicationContext.log Manager: list: Listing contexts for virtual host 'localhost'
27-Sep-2017 22:19:20.522 INFO [http-apr-8080-exec-271] org.apache.catalina.core.ApplicationContext.log Manager: restart: Reloading web application '/ch07_ex3_cart_sol'
27-Sep-2017 22:54:04.891 INFO [http-apr-8080-exec-292] org.apache.catalina.core.ApplicationContext.log Manager: list: Listing contexts for virtual host 'localhost'
27-Sep-2017 22:54:04.906 INFO [http-apr-8080-exec-283] org.apache.catalina.core.ApplicationContext.log Manager: list: Listing contexts for virtual host 'localhost'
27-Sep-2017 22:54:04.922 INFO [http-apr-8080-exec-285] org.apache.catalina.core.ApplicationContext.log Manager: restart: Reloading web application '/ch07_ex3_cart_sol'
27-Sep-2017 22:55:04.616 INFO [http-apr-8080-exec-290] org.apache.catalina.core.ApplicationContext.log Manager: list: Listing contexts for virtual host 'localhost'
27-Sep-2017 22:55:04.631 INFO [http-apr-8080-exec-293] org.apache.catalina.core.ApplicationContext.log Manager: list: Listing contexts for virtual host 'localhost'
27-Sep-2017 22:59:12.566 INFO [http-apr-8080-exec-302] org.apache.catalina.core.ApplicationContext.log Manager: list: Listing contexts for virtual host 'localhost'
27-Sep-2017 22:59:12.566 INFO [http-apr-8080-exec-297] org.apache.catalina.core.ApplicationContext.log Manager: list: Listing contexts for virtual host 'localhost'
27-Sep-2017 22:59:12.601 INFO [http-apr-8080-exec-293] org.apache.catalina.core.ApplicationContext.log Manager: restart: Reloading web application '/ch07_ex3_cart_sol'
27-Sep-2017 23:00:13.445 INFO [http-apr-8080-exec-308] org.apache.catalina.core.ApplicationContext.log Manager: list: Listing contexts for virtual host 'localhost'
27-Sep-2017 23:00:13.460 INFO [http-apr-8080-exec-303] org.apache.catalina.core.ApplicationContext.log Manager: list: Listing contexts for virtual host 'localhost'
27-Sep-2017 23:00:13.476 INFO [http-apr-8080-exec-304] org.apache.catalina.core.ApplicationContext.log Manager: restart: Reloading web application '/ch07_ex3_cart_sol'
27-Sep-2017 23:00:55.931 INFO [http-apr-8080-exec-312] org.apache.catalina.core.ApplicationContext.log Manager: list: Listing contexts for virtual host 'localhost'
27-Sep-2017 23:00:55.931 INFO [http-apr-8080-exec-313] org.apache.catalina.core.ApplicationContext.log Manager: list: Listing contexts for virtual host 'localhost'
27-Sep-2017 23:00:55.963 INFO [http-apr-8080-exec-302] org.apache.catalina.core.ApplicationContext.log Manager: restart: Reloading web application '/ch07_ex3_cart_sol'
27-Sep-2017 23:02:04.349 INFO [http-apr-8080-exec-321] org.apache.catalina.core.ApplicationContext.log Manager: list: Listing contexts for virtual host 'localhost'
27-Sep-2017 23:02:04.365 INFO [http-apr-8080-exec-314] org.apache.catalina.core.ApplicationContext.log Manager: list: Listing contexts for virtual host 'localhost'
27-Sep-2017 23:02:45.167 INFO [http-apr-8080-exec-317] org.apache.catalina.core.ApplicationContext.log Manager: list: Listing contexts for virtual host 'localhost'
27-Sep-2017 23:02:45.167 INFO [http-apr-8080-exec-318] org.apache.catalina.core.ApplicationContext.log Manager: list: Listing contexts for virtual host 'localhost'
27-Sep-2017 23:09:24.455 INFO [http-apr-8080-exec-322] org.apache.catalina.core.ApplicationContext.log Manager: list: Listing contexts for virtual host 'localhost'
27-Sep-2017 23:09:24.455 INFO [http-apr-8080-exec-323] org.apache.catalina.core.ApplicationContext.log Manager: list: Listing contexts for virtual host 'localhost'
27-Sep-2017 23:09:24.486 INFO [http-apr-8080-exec-316] org.apache.catalina.core.ApplicationContext.log Manager: restart: Reloading web application '/ch07_ex3_cart_sol'
27-Sep-2017 23:09:53.416 INFO [http-apr-8080-exec-326] org.apache.catalina.core.ApplicationContext.log Manager: list: Listing contexts for virtual host 'localhost'
27-Sep-2017 23:09:53.416 INFO [http-apr-8080-exec-327] org.apache.catalina.core.ApplicationContext.log Manager: list: Listing contexts for virtual host 'localhost'
27-Sep-2017 23:10:16.675 INFO [http-apr-8080-exec-330] org.apache.catalina.core.ApplicationContext.log Manager: list: Listing contexts for virtual host 'localhost'
27-Sep-2017 23:10:16.691 INFO [http-apr-8080-exec-325] org.apache.catalina.core.ApplicationContext.log Manager: list: Listing contexts for virtual host 'localhost'
27-Sep-2017 23:10:16.713 INFO [http-apr-8080-exec-326] org.apache.catalina.core.ApplicationContext.log Manager: restart: Reloading web application '/ch07_ex3_cart_sol'
27-Sep-2017 23:11:12.084 INFO [http-apr-8080-exec-334] org.apache.catalina.core.ApplicationContext.log Manager: list: Listing contexts for virtual host 'localhost'
27-Sep-2017 23:11:12.084 INFO [http-apr-8080-exec-335] org.apache.catalina.core.ApplicationContext.log Manager: list: Listing contexts for virtual host 'localhost'
27-Sep-2017 23:11:29.214 INFO [http-apr-8080-exec-332] org.apache.catalina.core.ApplicationContext.log Manager: list: Listing contexts for virtual host 'localhost'
27-Sep-2017 23:11:29.229 INFO [http-apr-8080-exec-333] org.apache.catalina.core.ApplicationContext.log Manager: list: Listing contexts for virtual host 'localhost'
27-Sep-2017 23:15:02.963 INFO [http-apr-8080-exec-341] org.apache.catalina.core.ApplicationContext.log Manager: list: Listing contexts for virtual host 'localhost'
27-Sep-2017 23:15:02.963 INFO [http-apr-8080-exec-336] org.apache.catalina.core.ApplicationContext.log Manager: list: Listing contexts for virtual host 'localhost'
27-Sep-2017 23:20:11.780 INFO [http-apr-8080-exec-341] org.apache.catalina.core.ApplicationContext.log Manager: list: Listing contexts for virtual host 'localhost'
27-Sep-2017 23:20:11.780 INFO [http-apr-8080-exec-336] org.apache.catalina.core.ApplicationContext.log Manager: list: Listing contexts for virtual host 'localhost'
27-Sep-2017 23:20:11.795 INFO [http-apr-8080-exec-337] org.apache.catalina.core.ApplicationContext.log Manager: restart: Reloading web application '/ch07_ex3_cart_sol'
27-Sep-2017 23:21:07.562 INFO [http-apr-8080-exec-345] org.apache.catalina.core.ApplicationContext.log Manager: list: Listing contexts for virtual host 'localhost'
27-Sep-2017 23:21:07.562 INFO [http-apr-8080-exec-336] org.apache.catalina.core.ApplicationContext.log Manager: list: Listing contexts for virtual host 'localhost'
27-Sep-2017 23:21:07.594 INFO [http-apr-8080-exec-346] org.apache.catalina.core.ApplicationContext.log Manager: restart: Reloading web application '/ch07_ex3_cart_sol'
27-Sep-2017 23:22:58.083 INFO [http-apr-8080-exec-354] org.apache.catalina.core.ApplicationContext.log Manager: list: Listing contexts for virtual host 'localhost'
27-Sep-2017 23:22:58.083 INFO [http-apr-8080-exec-347] org.apache.catalina.core.ApplicationContext.log Manager: list: Listing contexts for virtual host 'localhost'
27-Sep-2017 23:23:11.316 INFO [http-apr-8080-exec-353] org.apache.catalina.core.ApplicationContext.log Manager: list: Listing contexts for virtual host 'localhost'
27-Sep-2017 23:23:11.332 INFO [http-apr-8080-exec-355] org.apache.catalina.core.ApplicationContext.log Manager: list: Listing contexts for virtual host 'localhost'
27-Sep-2017 23:25:07.733 INFO [http-apr-8080-exec-349] org.apache.catalina.core.ApplicationContext.log Manager: list: Listing contexts for virtual host 'localhost'
27-Sep-2017 23:25:07.749 INFO [http-apr-8080-exec-350] org.apache.catalina.core.ApplicationContext.log Manager: list: Listing contexts for virtual host 'localhost'
27-Sep-2017 23:25:07.770 INFO [http-apr-8080-exec-351] org.apache.catalina.core.ApplicationContext.log Manager: restart: Reloading web application '/ch07_ex3_cart_sol'
27-Sep-2017 23:25:27.540 INFO [http-apr-8080-exec-359] org.apache.catalina.core.ApplicationContext.log Manager: list: Listing contexts for virtual host 'localhost'
27-Sep-2017 23:25:27.556 INFO [http-apr-8080-exec-360] org.apache.catalina.core.ApplicationContext.log Manager: list: Listing contexts for virtual host 'localhost'
27-Sep-2017 23:27:12.915 INFO [http-apr-8080-exec-350] org.apache.catalina.core.ApplicationContext.log Manager: list: Listing contexts for virtual host 'localhost'
27-Sep-2017 23:27:12.915 INFO [http-apr-8080-exec-358] org.apache.catalina.core.ApplicationContext.log Manager: list: Listing contexts for virtual host 'localhost'
27-Sep-2017 23:27:12.931 INFO [http-apr-8080-exec-359] org.apache.catalina.core.ApplicationContext.log Manager: restart: Reloading web application '/ch07_ex3_cart_sol'
27-Sep-2017 23:27:53.529 INFO [http-apr-8080-exec-370] org.apache.catalina.core.ApplicationContext.log Manager: list: Listing contexts for virtual host 'localhost'
27-Sep-2017 23:27:53.529 INFO [http-apr-8080-exec-371] org.apache.catalina.core.ApplicationContext.log Manager: list: Listing contexts for virtual host 'localhost'
27-Sep-2017 23:27:53.560 INFO [http-apr-8080-exec-359] org.apache.catalina.core.ApplicationContext.log Manager: restart: Reloading web application '/ch07_ex3_cart_sol'
27-Sep-2017 23:30:07.916 INFO [http-apr-8080-exec-380] org.apache.catalina.core.ApplicationContext.log Manager: list: Listing contexts for virtual host 'localhost'
27-Sep-2017 23:30:07.929 INFO [http-apr-8080-exec-381] org.apache.catalina.core.ApplicationContext.log Manager: undeploy: Undeploying web application at '/ch07_ex3_cart_sol'
