13-Nov-2017 19:54:05.884 INFO [http-apr-8080-exec-2] org.apache.catalina.core.ApplicationContext.log Manager: init: Associated with Deployer 'Catalina:type=Deployer,host=localhost'
13-Nov-2017 19:54:05.884 INFO [http-apr-8080-exec-2] org.apache.catalina.core.ApplicationContext.log Manager: init: Global resources are available
13-Nov-2017 19:54:05.885 INFO [http-apr-8080-exec-2] org.apache.catalina.core.ApplicationContext.log Manager: list: Listing contexts for virtual host 'localhost'
13-Nov-2017 19:54:05.926 INFO [http-apr-8080-exec-1] org.apache.catalina.core.ApplicationContext.log Manager: list: Listing contexts for virtual host 'localhost'
13-Nov-2017 19:54:05.952 INFO [http-apr-8080-exec-6] org.apache.catalina.core.ApplicationContext.log Manager: install: Installing context configuration at 'file:/C:/Users/Pbyrd/AppData/Local/Temp/context731882451125740699.xml'
13-Nov-2017 19:54:06.020 INFO [http-apr-8080-exec-5] org.apache.catalina.core.ApplicationContext.log Manager: start: Starting web application '/ch16_ex1_admin_sol'
13-Nov-2017 20:08:44.713 INFO [http-apr-8080-exec-4] org.apache.catalina.core.ApplicationContext.log Manager: list: Listing contexts for virtual host 'localhost'
13-Nov-2017 20:08:44.717 INFO [http-apr-8080-exec-2] org.apache.catalina.core.ApplicationContext.log Manager: list: Listing contexts for virtual host 'localhost'
13-Nov-2017 20:09:09.119 INFO [http-apr-8080-exec-10] org.apache.catalina.core.ApplicationContext.log Manager: list: Listing contexts for virtual host 'localhost'
13-Nov-2017 20:09:09.122 INFO [http-apr-8080-exec-9] org.apache.catalina.core.ApplicationContext.log Manager: list: Listing contexts for virtual host 'localhost'
13-Nov-2017 20:09:35.682 INFO [http-apr-8080-exec-7] org.apache.catalina.core.ApplicationContext.log Manager: list: Listing contexts for virtual host 'localhost'
13-Nov-2017 20:09:35.688 INFO [http-apr-8080-exec-8] org.apache.catalina.core.ApplicationContext.log Manager: list: Listing contexts for virtual host 'localhost'
13-Nov-2017 20:12:09.229 INFO [http-apr-8080-exec-2] org.apache.catalina.core.ApplicationContext.log Manager: list: Listing contexts for virtual host 'localhost'
13-Nov-2017 20:12:09.233 INFO [http-apr-8080-exec-1] org.apache.catalina.core.ApplicationContext.log Manager: list: Listing contexts for virtual host 'localhost'
13-Nov-2017 20:13:13.965 INFO [http-apr-8080-exec-10] org.apache.catalina.core.ApplicationContext.log Manager: list: Listing contexts for virtual host 'localhost'
13-Nov-2017 20:13:13.969 INFO [http-apr-8080-exec-9] org.apache.catalina.core.ApplicationContext.log Manager: list: Listing contexts for virtual host 'localhost'
13-Nov-2017 20:14:41.098 INFO [http-apr-8080-exec-10] org.apache.catalina.core.ApplicationContext.log Manager: list: Listing contexts for virtual host 'localhost'
13-Nov-2017 20:14:41.152 INFO [http-apr-8080-exec-9] org.apache.catalina.core.ApplicationContext.log Manager: list: Listing contexts for virtual host 'localhost'
13-Nov-2017 20:14:41.164 INFO [http-apr-8080-exec-4] org.apache.catalina.core.ApplicationContext.log Manager: install: Installing context configuration at 'file:/C:/Users/Pbyrd/AppData/Local/Temp/context7601536983272947657.xml'
13-Nov-2017 20:14:43.994 INFO [http-apr-8080-exec-2] org.apache.catalina.core.ApplicationContext.log Manager: start: Starting web application '/productMaint4'
13-Nov-2017 20:42:29.216 INFO [http-apr-8080-exec-3] org.apache.catalina.core.ApplicationContext.log Manager: list: Listing contexts for virtual host 'localhost'
13-Nov-2017 20:42:29.219 INFO [http-apr-8080-exec-1] org.apache.catalina.core.ApplicationContext.log Manager: list: Listing contexts for virtual host 'localhost'
13-Nov-2017 20:42:29.258 INFO [http-apr-8080-exec-7] org.apache.catalina.core.ApplicationContext.log Manager: undeploy: Undeploying web application at '/productMaint4'
13-Nov-2017 20:42:29.818 INFO [http-apr-8080-exec-8] org.apache.catalina.core.ApplicationContext.log Manager: install: Installing context configuration at 'file:/C:/Users/Pbyrd/AppData/Local/Temp/context6384913801932500163.xml'
13-Nov-2017 20:48:02.926 INFO [http-apr-8080-exec-20] org.apache.catalina.core.ApplicationContext.log Manager: list: Listing contexts for virtual host 'localhost'
13-Nov-2017 20:48:02.932 INFO [http-apr-8080-exec-13] org.apache.catalina.core.ApplicationContext.log Manager: list: Listing contexts for virtual host 'localhost'
13-Nov-2017 20:48:02.966 INFO [http-apr-8080-exec-14] org.apache.catalina.core.ApplicationContext.log Manager: stop: Stopping web application '/ch16_ex1_admin_sol'
13-Nov-2017 20:48:02.982 INFO [http-apr-8080-exec-15] org.apache.catalina.core.ApplicationContext.log Manager: start: Starting web application '/ch16_ex1_admin_sol'
13-Nov-2017 20:48:13.888 INFO [http-apr-8080-exec-13] org.apache.catalina.core.ApplicationContext.log Manager: list: Listing contexts for virtual host 'localhost'
13-Nov-2017 20:48:13.892 INFO [http-apr-8080-exec-22] org.apache.catalina.core.ApplicationContext.log Manager: list: Listing contexts for virtual host 'localhost'
13-Nov-2017 20:48:13.926 INFO [http-apr-8080-exec-18] org.apache.catalina.core.ApplicationContext.log Manager: stop: Stopping web application '/ch16_ex1_admin_sol'
13-Nov-2017 20:48:13.931 INFO [http-apr-8080-exec-15] org.apache.catalina.core.ApplicationContext.log Manager: start: Starting web application '/ch16_ex1_admin_sol'
13-Nov-2017 20:48:33.098 INFO [http-apr-8080-exec-24] org.apache.catalina.core.ApplicationContext.log Manager: list: Listing contexts for virtual host 'localhost'
13-Nov-2017 20:48:33.102 INFO [http-apr-8080-exec-25] org.apache.catalina.core.ApplicationContext.log Manager: list: Listing contexts for virtual host 'localhost'
13-Nov-2017 20:48:33.124 INFO [http-apr-8080-exec-15] org.apache.catalina.core.ApplicationContext.log Manager: stop: Stopping web application '/ch16_ex1_admin_sol'
13-Nov-2017 20:48:33.139 INFO [http-apr-8080-exec-25] org.apache.catalina.core.ApplicationContext.log Manager: start: Starting web application '/ch16_ex1_admin_sol'
13-Nov-2017 20:49:21.782 INFO [http-apr-8080-exec-24] org.apache.catalina.core.ApplicationContext.log Manager: list: Listing contexts for virtual host 'localhost'
13-Nov-2017 20:49:21.785 INFO [http-apr-8080-exec-26] org.apache.catalina.core.ApplicationContext.log Manager: list: Listing contexts for virtual host 'localhost'
13-Nov-2017 20:49:21.811 INFO [http-apr-8080-exec-25] org.apache.catalina.core.ApplicationContext.log Manager: stop: Stopping web application '/ch16_ex1_admin_sol'
13-Nov-2017 20:49:21.814 INFO [http-apr-8080-exec-20] org.apache.catalina.core.ApplicationContext.log Manager: start: Starting web application '/ch16_ex1_admin_sol'
13-Nov-2017 20:49:56.661 INFO [http-apr-8080-exec-20] org.apache.catalina.core.ApplicationContext.log Manager: list: Listing contexts for virtual host 'localhost'
13-Nov-2017 20:49:56.664 INFO [http-apr-8080-exec-28] org.apache.catalina.core.ApplicationContext.log Manager: list: Listing contexts for virtual host 'localhost'
13-Nov-2017 20:49:56.682 INFO [http-apr-8080-exec-17] org.apache.catalina.core.ApplicationContext.log Manager: stop: Stopping web application '/ch16_ex1_admin_sol'
13-Nov-2017 20:49:56.693 INFO [http-apr-8080-exec-20] org.apache.catalina.core.ApplicationContext.log Manager: start: Starting web application '/ch16_ex1_admin_sol'
13-Nov-2017 20:50:13.776 INFO [http-apr-8080-exec-26] org.apache.catalina.core.ApplicationContext.log Manager: list: Listing contexts for virtual host 'localhost'
13-Nov-2017 20:50:13.782 INFO [http-apr-8080-exec-17] org.apache.catalina.core.ApplicationContext.log Manager: list: Listing contexts for virtual host 'localhost'
13-Nov-2017 20:50:13.803 INFO [http-apr-8080-exec-29] org.apache.catalina.core.ApplicationContext.log Manager: stop: Stopping web application '/ch16_ex1_admin_sol'
13-Nov-2017 20:50:13.808 INFO [http-apr-8080-exec-28] org.apache.catalina.core.ApplicationContext.log Manager: start: Starting web application '/ch16_ex1_admin_sol'
13-Nov-2017 20:54:22.572 INFO [http-apr-8080-exec-41] org.apache.catalina.core.ApplicationContext.log Manager: list: Listing contexts for virtual host 'localhost'
13-Nov-2017 20:54:22.575 INFO [http-apr-8080-exec-35] org.apache.catalina.core.ApplicationContext.log Manager: list: Listing contexts for virtual host 'localhost'
13-Nov-2017 20:54:22.621 INFO [http-apr-8080-exec-32] org.apache.catalina.core.ApplicationContext.log Manager: stop: Stopping web application '/productMaint4'
13-Nov-2017 20:54:22.645 INFO [http-apr-8080-exec-35] org.apache.catalina.core.ApplicationContext.log Manager: start: Starting web application '/productMaint4'
13-Nov-2017 20:55:21.605 INFO [http-apr-8080-exec-37] org.apache.catalina.core.ApplicationContext.log Manager: list: Listing contexts for virtual host 'localhost'
13-Nov-2017 20:55:21.612 INFO [http-apr-8080-exec-43] org.apache.catalina.core.ApplicationContext.log Manager: list: Listing contexts for virtual host 'localhost'
13-Nov-2017 20:55:21.668 INFO [http-apr-8080-exec-36] org.apache.catalina.core.ApplicationContext.log Manager: undeploy: Undeploying web application at '/productMaint4'
13-Nov-2017 20:55:22.186 INFO [http-apr-8080-exec-39] org.apache.catalina.core.ApplicationContext.log Manager: install: Installing context configuration at 'file:/C:/Users/Pbyrd/AppData/Local/Temp/context1568032949083277868.xml'
13-Nov-2017 20:56:32.772 INFO [http-apr-8080-exec-46] org.apache.catalina.core.ApplicationContext.log Manager: list: Listing contexts for virtual host 'localhost'
13-Nov-2017 20:56:32.775 INFO [http-apr-8080-exec-43] org.apache.catalina.core.ApplicationContext.log Manager: list: Listing contexts for virtual host 'localhost'
13-Nov-2017 20:56:32.805 INFO [http-apr-8080-exec-44] org.apache.catalina.core.ApplicationContext.log Manager: undeploy: Undeploying web application at '/productMaint4'
13-Nov-2017 20:56:33.322 INFO [http-apr-8080-exec-45] org.apache.catalina.core.ApplicationContext.log Manager: install: Installing context configuration at 'file:/C:/Users/Pbyrd/AppData/Local/Temp/context8852341918189143560.xml'
13-Nov-2017 20:59:19.056 INFO [http-apr-8080-exec-52] org.apache.catalina.core.ApplicationContext.log Manager: list: Listing contexts for virtual host 'localhost'
13-Nov-2017 20:59:19.060 INFO [http-apr-8080-exec-47] org.apache.catalina.core.ApplicationContext.log Manager: list: Listing contexts for virtual host 'localhost'
13-Nov-2017 20:59:19.096 INFO [http-apr-8080-exec-48] org.apache.catalina.core.ApplicationContext.log Manager: stop: Stopping web application '/productMaint4'
13-Nov-2017 20:59:19.105 INFO [http-apr-8080-exec-43] org.apache.catalina.core.ApplicationContext.log Manager: start: Starting web application '/productMaint4'
13-Nov-2017 21:05:06.300 INFO [http-apr-8080-exec-62] org.apache.catalina.core.ApplicationContext.log Manager: list: Listing contexts for virtual host 'localhost'
13-Nov-2017 21:05:06.311 INFO [http-apr-8080-exec-53] org.apache.catalina.core.ApplicationContext.log Manager: list: Listing contexts for virtual host 'localhost'
13-Nov-2017 21:05:06.361 INFO [http-apr-8080-exec-54] org.apache.catalina.core.ApplicationContext.log Manager: undeploy: Undeploying web application at '/productMaint2'
13-Nov-2017 21:05:06.874 INFO [http-apr-8080-exec-55] org.apache.catalina.core.ApplicationContext.log Manager: install: Installing context configuration at 'file:/C:/Users/Pbyrd/AppData/Local/Temp/context7350316470684364789.xml'
13-Nov-2017 21:05:09.685 INFO [http-apr-8080-exec-59] org.apache.catalina.core.ApplicationContext.log Manager: start: Starting web application '/productMaint2'
13-Nov-2017 21:07:31.834 INFO [http-apr-8080-exec-53] org.apache.catalina.core.ApplicationContext.log Manager: list: Listing contexts for virtual host 'localhost'
13-Nov-2017 21:07:31.838 INFO [http-apr-8080-exec-63] org.apache.catalina.core.ApplicationContext.log Manager: list: Listing contexts for virtual host 'localhost'
13-Nov-2017 21:07:31.881 INFO [http-apr-8080-exec-64] org.apache.catalina.core.ApplicationContext.log Manager: stop: Stopping web application '/productMaint4'
13-Nov-2017 21:07:31.890 INFO [http-apr-8080-exec-68] org.apache.catalina.core.ApplicationContext.log Manager: start: Starting web application '/productMaint4'
13-Nov-2017 21:09:43.696 INFO [http-apr-8080-exec-66] org.apache.catalina.core.ApplicationContext.log Manager: list: Listing contexts for virtual host 'localhost'
13-Nov-2017 21:09:43.699 INFO [http-apr-8080-exec-73] org.apache.catalina.core.ApplicationContext.log Manager: list: Listing contexts for virtual host 'localhost'
13-Nov-2017 21:09:43.733 INFO [http-apr-8080-exec-74] org.apache.catalina.core.ApplicationContext.log Manager: stop: Stopping web application '/productMaint4'
13-Nov-2017 21:09:43.751 INFO [http-apr-8080-exec-75] org.apache.catalina.core.ApplicationContext.log Manager: start: Starting web application '/productMaint4'
13-Nov-2017 21:23:55.356 INFO [http-apr-8080-exec-83] org.apache.catalina.core.ApplicationContext.log Manager: list: Listing contexts for virtual host 'localhost'
13-Nov-2017 21:23:55.356 INFO [http-apr-8080-exec-84] org.apache.catalina.core.ApplicationContext.log Manager: list: Listing contexts for virtual host 'localhost'
13-Nov-2017 21:23:55.387 INFO [http-apr-8080-exec-80] org.apache.catalina.core.ApplicationContext.log Manager: stop: Stopping web application '/productMaint4'
13-Nov-2017 21:23:55.403 INFO [http-apr-8080-exec-82] org.apache.catalina.core.ApplicationContext.log Manager: start: Starting web application '/productMaint4'
13-Nov-2017 21:25:27.462 INFO [http-apr-8080-exec-91] org.apache.catalina.core.ApplicationContext.log Manager: list: Listing contexts for virtual host 'localhost'
13-Nov-2017 21:25:27.464 INFO [http-apr-8080-exec-87] org.apache.catalina.core.ApplicationContext.log Manager: list: Listing contexts for virtual host 'localhost'
