29-Sep-2017 11:33:36.751 INFO [http-apr-8080-exec-10] org.apache.catalina.core.ApplicationContext.log Manager: init: Associated with Deployer 'Catalina:type=Deployer,host=localhost'
29-Sep-2017 11:33:36.751 INFO [http-apr-8080-exec-10] org.apache.catalina.core.ApplicationContext.log Manager: init: Global resources are available
29-Sep-2017 11:33:36.751 INFO [http-apr-8080-exec-10] org.apache.catalina.core.ApplicationContext.log Manager: list: Listing contexts for virtual host 'localhost'
29-Sep-2017 11:33:36.751 INFO [http-apr-8080-exec-2] org.apache.catalina.core.ApplicationContext.log Manager: list: Listing contexts for virtual host 'localhost'
29-Sep-2017 11:39:43.945 INFO [http-apr-8080-exec-3] org.apache.catalina.core.ApplicationContext.log Manager: list: Listing contexts for virtual host 'localhost'
29-Sep-2017 11:39:43.945 INFO [http-apr-8080-exec-1] org.apache.catalina.core.ApplicationContext.log Manager: list: Listing contexts for virtual host 'localhost'
29-Sep-2017 11:39:43.976 INFO [http-apr-8080-exec-4] org.apache.catalina.core.ApplicationContext.log Manager: restart: Reloading web application '/Project_1'
29-Sep-2017 11:40:00.220 INFO [http-apr-8080-exec-12] org.apache.catalina.core.ApplicationContext.log Manager: list: Listing contexts for virtual host 'localhost'
29-Sep-2017 11:40:00.220 INFO [http-apr-8080-exec-13] org.apache.catalina.core.ApplicationContext.log Manager: list: Listing contexts for virtual host 'localhost'
29-Sep-2017 11:43:50.595 INFO [http-apr-8080-exec-20] org.apache.catalina.core.ApplicationContext.log Manager: list: Listing contexts for virtual host 'localhost'
29-Sep-2017 11:43:50.595 INFO [http-apr-8080-exec-12] org.apache.catalina.core.ApplicationContext.log Manager: list: Listing contexts for virtual host 'localhost'
29-Sep-2017 11:43:50.611 INFO [http-apr-8080-exec-13] org.apache.catalina.core.ApplicationContext.log Manager: restart: Reloading web application '/Project_1'
29-Sep-2017 11:44:00.114 INFO [http-apr-8080-exec-22] org.apache.catalina.core.ApplicationContext.log Manager: list: Listing contexts for virtual host 'localhost'
29-Sep-2017 11:44:00.114 INFO [http-apr-8080-exec-23] org.apache.catalina.core.ApplicationContext.log Manager: list: Listing contexts for virtual host 'localhost'
29-Sep-2017 11:44:00.130 INFO [http-apr-8080-exec-17] org.apache.catalina.core.ApplicationContext.log Manager: restart: Reloading web application '/Project_1'
29-Sep-2017 11:44:21.382 INFO [http-apr-8080-exec-25] org.apache.catalina.core.ApplicationContext.log Manager: list: Listing contexts for virtual host 'localhost'
29-Sep-2017 11:44:21.398 INFO [http-apr-8080-exec-26] org.apache.catalina.core.ApplicationContext.log Manager: list: Listing contexts for virtual host 'localhost'
29-Sep-2017 11:44:21.414 INFO [http-apr-8080-exec-21] org.apache.catalina.core.ApplicationContext.log Manager: restart: Reloading web application '/Project_1'
29-Sep-2017 11:50:19.849 INFO [http-apr-8080-exec-36] org.apache.catalina.core.ApplicationContext.log Manager: list: Listing contexts for virtual host 'localhost'
29-Sep-2017 11:50:19.865 INFO [http-apr-8080-exec-27] org.apache.catalina.core.ApplicationContext.log Manager: undeploy: Undeploying web application at '/Project_1'
29-Sep-2017 11:50:20.412 INFO [http-apr-8080-exec-29] org.apache.catalina.core.ApplicationContext.log Manager: install: Installing context configuration at 'file:/C:/Users/Pbyrd/AppData/Local/Temp/context5510436596768866365.xml'
29-Sep-2017 11:50:20.708 INFO [http-apr-8080-exec-28] org.apache.catalina.core.ApplicationContext.log Manager: start: Starting web application '/Project_1'
29-Sep-2017 11:50:44.008 INFO [http-apr-8080-exec-40] org.apache.catalina.core.ApplicationContext.log Manager: list: Listing contexts for virtual host 'localhost'
29-Sep-2017 11:50:44.008 INFO [http-apr-8080-exec-41] org.apache.catalina.core.ApplicationContext.log Manager: list: Listing contexts for virtual host 'localhost'
29-Sep-2017 11:50:44.024 INFO [http-apr-8080-exec-37] org.apache.catalina.core.ApplicationContext.log Manager: undeploy: Undeploying web application at '/Project_1'
29-Sep-2017 11:50:44.555 INFO [http-apr-8080-exec-40] org.apache.catalina.core.ApplicationContext.log Manager: install: Installing context configuration at 'file:/C:/Users/Pbyrd/AppData/Local/Temp/context4418251797178146848.xml'
29-Sep-2017 11:50:44.727 INFO [http-apr-8080-exec-29] org.apache.catalina.core.ApplicationContext.log Manager: start: Starting web application '/Project_1'
29-Sep-2017 11:51:51.270 INFO [http-apr-8080-exec-35] org.apache.catalina.core.ApplicationContext.log Manager: list: Listing contexts for virtual host 'localhost'
29-Sep-2017 11:51:51.285 INFO [http-apr-8080-exec-42] org.apache.catalina.core.ApplicationContext.log Manager: list: Listing contexts for virtual host 'localhost'
29-Sep-2017 11:51:51.301 INFO [http-apr-8080-exec-43] org.apache.catalina.core.ApplicationContext.log Manager: undeploy: Undeploying web application at '/Project_1'
29-Sep-2017 11:51:51.832 INFO [http-apr-8080-exec-40] org.apache.catalina.core.ApplicationContext.log Manager: install: Installing context configuration at 'file:/C:/Users/Pbyrd/AppData/Local/Temp/context1488188581312966063.xml'
29-Sep-2017 11:51:52.051 INFO [http-apr-8080-exec-47] org.apache.catalina.core.ApplicationContext.log Manager: start: Starting web application '/Project_1'
29-Sep-2017 11:56:24.577 INFO [http-apr-8080-exec-58] org.apache.catalina.core.ApplicationContext.log Manager: list: Listing contexts for virtual host 'localhost'
29-Sep-2017 11:56:24.593 INFO [http-apr-8080-exec-49] org.apache.catalina.core.ApplicationContext.log Manager: list: Listing contexts for virtual host 'localhost'
29-Sep-2017 11:56:24.593 INFO [http-apr-8080-exec-50] org.apache.catalina.core.ApplicationContext.log Manager: undeploy: Undeploying web application at '/Project_1'
29-Sep-2017 11:56:25.156 INFO [http-apr-8080-exec-55] org.apache.catalina.core.ApplicationContext.log Manager: install: Installing context configuration at 'file:/C:/Users/Pbyrd/AppData/Local/Temp/context1739369128744477896.xml'
29-Sep-2017 11:56:25.468 INFO [http-apr-8080-exec-56] org.apache.catalina.core.ApplicationContext.log Manager: start: Starting web application '/Project_1'
29-Sep-2017 11:56:56.436 INFO [http-apr-8080-exec-59] org.apache.catalina.core.ApplicationContext.log Manager: list: Listing contexts for virtual host 'localhost'
29-Sep-2017 11:56:56.451 INFO [http-apr-8080-exec-64] org.apache.catalina.core.ApplicationContext.log Manager: list: Listing contexts for virtual host 'localhost'
29-Sep-2017 11:56:56.467 INFO [http-apr-8080-exec-56] org.apache.catalina.core.ApplicationContext.log Manager: undeploy: Undeploying web application at '/Project_1'
29-Sep-2017 11:56:56.982 INFO [http-apr-8080-exec-53] org.apache.catalina.core.ApplicationContext.log Manager: install: Installing context configuration at 'file:/C:/Users/Pbyrd/AppData/Local/Temp/context4147795223606875160.xml'
29-Sep-2017 11:56:57.186 INFO [107] org.apache.catalina.core.ApplicationContext.log Manager: start: Starting web application '/Project_1'
29-Sep-2017 11:58:50.303 INFO [http-apr-8080-exec-68] org.apache.catalina.core.ApplicationContext.log Manager: list: Listing contexts for virtual host 'localhost'
29-Sep-2017 11:58:50.318 INFO [http-apr-8080-exec-65] org.apache.catalina.core.ApplicationContext.log Manager: list: Listing contexts for virtual host 'localhost'
29-Sep-2017 11:58:50.318 INFO [http-apr-8080-exec-66] org.apache.catalina.core.ApplicationContext.log Manager: undeploy: Undeploying web application at '/Project_1'
29-Sep-2017 11:58:50.818 INFO [http-apr-8080-exec-67] org.apache.catalina.core.ApplicationContext.log Manager: install: Installing context configuration at 'file:/C:/Users/Pbyrd/AppData/Local/Temp/context1566277971280962291.xml'
29-Sep-2017 11:58:51.021 INFO [http-apr-8080-exec-56] org.apache.catalina.core.ApplicationContext.log Manager: start: Starting web application '/Project_1'
29-Sep-2017 14:02:54.231 INFO [http-apr-8080-exec-10] org.apache.catalina.core.ApplicationContext.log Manager: init: Associated with Deployer 'Catalina:type=Deployer,host=localhost'
29-Sep-2017 14:02:54.231 INFO [http-apr-8080-exec-10] org.apache.catalina.core.ApplicationContext.log Manager: init: Global resources are available
29-Sep-2017 14:02:54.231 INFO [http-apr-8080-exec-10] org.apache.catalina.core.ApplicationContext.log Manager: list: Listing contexts for virtual host 'localhost'
29-Sep-2017 14:02:54.231 INFO [http-apr-8080-exec-1] org.apache.catalina.core.ApplicationContext.log Manager: list: Listing contexts for virtual host 'localhost'
29-Sep-2017 14:02:54.246 INFO [http-apr-8080-exec-3] org.apache.catalina.core.ApplicationContext.log Manager: undeploy: Undeploying web application at '/Project_1'
29-Sep-2017 14:02:54.844 INFO [http-apr-8080-exec-8] org.apache.catalina.core.ApplicationContext.log Manager: install: Installing context configuration at 'file:/C:/Users/Pbyrd/AppData/Local/Temp/context7681109153766733499.xml'
29-Sep-2017 14:02:55.079 INFO [http-apr-8080-exec-6] org.apache.catalina.core.ApplicationContext.log Manager: start: Starting web application '/Project_1'
29-Sep-2017 14:05:41.494 INFO [http-apr-8080-exec-9] org.apache.catalina.core.ApplicationContext.log Manager: list: Listing contexts for virtual host 'localhost'
29-Sep-2017 14:05:41.494 INFO [http-apr-8080-exec-11] org.apache.catalina.core.ApplicationContext.log Manager: list: Listing contexts for virtual host 'localhost'
29-Sep-2017 14:05:41.510 INFO [http-apr-8080-exec-12] org.apache.catalina.core.ApplicationContext.log Manager: undeploy: Undeploying web application at '/Project_1'
29-Sep-2017 14:05:42.025 INFO [http-apr-8080-exec-11] org.apache.catalina.core.ApplicationContext.log Manager: install: Installing context configuration at 'file:/C:/Users/Pbyrd/AppData/Local/Temp/context5245032944728458842.xml'
29-Sep-2017 14:05:42.307 INFO [http-apr-8080-exec-13] org.apache.catalina.core.ApplicationContext.log Manager: start: Starting web application '/Project_1'
29-Sep-2017 14:06:16.322 INFO [http-apr-8080-exec-21] org.apache.catalina.core.ApplicationContext.log Manager: list: Listing contexts for virtual host 'localhost'
29-Sep-2017 14:06:16.322 INFO [http-apr-8080-exec-22] org.apache.catalina.core.ApplicationContext.log Manager: list: Listing contexts for virtual host 'localhost'
29-Sep-2017 14:06:16.338 INFO [http-apr-8080-exec-18] org.apache.catalina.core.ApplicationContext.log Manager: undeploy: Undeploying web application at '/Project_1'
29-Sep-2017 14:06:16.869 INFO [http-apr-8080-exec-11] org.apache.catalina.core.ApplicationContext.log Manager: install: Installing context configuration at 'file:/C:/Users/Pbyrd/AppData/Local/Temp/context7014852413432912169.xml'
29-Sep-2017 14:06:17.041 INFO [http-apr-8080-exec-13] org.apache.catalina.core.ApplicationContext.log Manager: start: Starting web application '/Project_1'
