09-Nov-2017 09:36:07.857 INFO [http-apr-8080-exec-3] org.apache.catalina.core.ApplicationContext.log Manager: init: Associated with Deployer 'Catalina:type=Deployer,host=localhost'
09-Nov-2017 09:36:07.857 INFO [http-apr-8080-exec-3] org.apache.catalina.core.ApplicationContext.log Manager: init: Global resources are available
09-Nov-2017 09:36:07.872 INFO [http-apr-8080-exec-3] org.apache.catalina.core.ApplicationContext.log Manager: list: Listing contexts for virtual host 'localhost'
09-Nov-2017 09:36:07.894 INFO [http-apr-8080-exec-5] org.apache.catalina.core.ApplicationContext.log Manager: undeploy: Undeploying web application at '/productMaint2'
09-Nov-2017 09:36:08.473 INFO [http-apr-8080-exec-6] org.apache.catalina.core.ApplicationContext.log Manager: install: Installing context configuration at 'file:/C:/Users/Pbyrd/AppData/Local/Temp/context5172589319927642392.xml'
09-Nov-2017 09:36:10.029 INFO [http-apr-8080-exec-10] org.apache.catalina.core.ApplicationContext.log Manager: start: Starting web application '/productMaint2'
09-Nov-2017 09:42:59.891 INFO [http-apr-8080-exec-20] org.apache.catalina.core.ApplicationContext.log Manager: list: Listing contexts for virtual host 'localhost'
09-Nov-2017 09:42:59.906 INFO [http-apr-8080-exec-13] org.apache.catalina.core.ApplicationContext.log Manager: undeploy: Undeploying web application at '/CorriganProject4'
09-Nov-2017 09:43:00.437 INFO [http-apr-8080-exec-16] org.apache.catalina.core.ApplicationContext.log Manager: install: Installing context configuration at 'file:/C:/Users/Pbyrd/AppData/Local/Temp/context5893031973341890193.xml'
09-Nov-2017 09:43:02.557 INFO [http-apr-8080-exec-15] org.apache.catalina.core.ApplicationContext.log Manager: start: Starting web application '/CorriganProject4'
09-Nov-2017 09:44:21.188 INFO [http-apr-8080-exec-25] org.apache.catalina.core.ApplicationContext.log Manager: list: Listing contexts for virtual host 'localhost'
09-Nov-2017 09:44:21.191 INFO [http-apr-8080-exec-21] org.apache.catalina.core.ApplicationContext.log Manager: list: Listing contexts for virtual host 'localhost'
09-Nov-2017 09:44:21.220 INFO [http-apr-8080-exec-22] org.apache.catalina.core.ApplicationContext.log Manager: undeploy: Undeploying web application at '/CorriganProject4'
09-Nov-2017 09:44:21.772 INFO [http-apr-8080-exec-12] org.apache.catalina.core.ApplicationContext.log Manager: install: Installing context configuration at 'file:/C:/Users/Pbyrd/AppData/Local/Temp/context3489455289132493716.xml'
09-Nov-2017 09:44:23.888 INFO [http-apr-8080-exec-24] org.apache.catalina.core.ApplicationContext.log Manager: start: Starting web application '/CorriganProject4'
09-Nov-2017 09:46:54.505 INFO [http-apr-8080-exec-26] org.apache.catalina.core.ApplicationContext.log Manager: list: Listing contexts for virtual host 'localhost'
09-Nov-2017 09:46:54.522 INFO [http-apr-8080-exec-28] org.apache.catalina.core.ApplicationContext.log Manager: list: Listing contexts for virtual host 'localhost'
09-Nov-2017 09:46:54.541 INFO [http-apr-8080-exec-29] org.apache.catalina.core.ApplicationContext.log Manager: undeploy: Undeploying web application at '/CorriganProject4'
09-Nov-2017 09:46:55.073 INFO [http-apr-8080-exec-28] org.apache.catalina.core.ApplicationContext.log Manager: install: Installing context configuration at 'file:/C:/Users/Pbyrd/AppData/Local/Temp/context3623099548936515399.xml'
09-Nov-2017 09:46:56.502 INFO [http-apr-8080-exec-35] org.apache.catalina.core.ApplicationContext.log Manager: start: Starting web application '/CorriganProject4'
