06-Nov-2017 20:02:21.715 INFO [http-apr-8080-exec-7] org.apache.catalina.core.ApplicationContext.log Manager: init: Associated with Deployer 'Catalina:type=Deployer,host=localhost'
06-Nov-2017 20:02:21.715 INFO [http-apr-8080-exec-7] org.apache.catalina.core.ApplicationContext.log Manager: init: Global resources are available
06-Nov-2017 20:02:21.716 INFO [http-apr-8080-exec-7] org.apache.catalina.core.ApplicationContext.log Manager: list: Listing contexts for virtual host 'localhost'
06-Nov-2017 20:02:21.730 INFO [http-apr-8080-exec-3] org.apache.catalina.core.ApplicationContext.log Manager: list: Listing contexts for virtual host 'localhost'
06-Nov-2017 20:02:21.771 INFO [http-apr-8080-exec-8] org.apache.catalina.core.ApplicationContext.log Manager: undeploy: Undeploying web application at '/productMaint2'
06-Nov-2017 20:02:22.319 INFO [http-apr-8080-exec-6] org.apache.catalina.core.ApplicationContext.log Manager: install: Installing context configuration at 'file:/C:/Users/Pbyrd/AppData/Local/Temp/context7676296611233354486.xml'
06-Nov-2017 20:02:26.370 INFO [http-apr-8080-exec-10] org.apache.catalina.core.ApplicationContext.log Manager: start: Starting web application '/productMaint2'
06-Nov-2017 20:03:46.921 INFO [http-apr-8080-exec-19] org.apache.catalina.core.ApplicationContext.log Manager: list: Listing contexts for virtual host 'localhost'
06-Nov-2017 20:03:46.926 INFO [http-apr-8080-exec-13] org.apache.catalina.core.ApplicationContext.log Manager: list: Listing contexts for virtual host 'localhost'
06-Nov-2017 20:03:46.971 INFO [http-apr-8080-exec-14] org.apache.catalina.core.ApplicationContext.log Manager: undeploy: Undeploying web application at '/productMaint2'
06-Nov-2017 20:03:47.496 INFO [http-apr-8080-exec-17] org.apache.catalina.core.ApplicationContext.log Manager: install: Installing context configuration at 'file:/C:/Users/Pbyrd/AppData/Local/Temp/context3723973687126509112.xml'
06-Nov-2017 20:03:50.333 INFO [http-apr-8080-exec-19] org.apache.catalina.core.ApplicationContext.log Manager: start: Starting web application '/productMaint2'
06-Nov-2017 20:08:08.364 INFO [http-apr-8080-exec-12] org.apache.catalina.core.ApplicationContext.log Manager: list: Listing contexts for virtual host 'localhost'
06-Nov-2017 20:08:08.368 INFO [http-apr-8080-exec-21] org.apache.catalina.core.ApplicationContext.log Manager: list: Listing contexts for virtual host 'localhost'
06-Nov-2017 20:08:08.409 INFO [http-apr-8080-exec-22] org.apache.catalina.core.ApplicationContext.log Manager: undeploy: Undeploying web application at '/productMaint2'
06-Nov-2017 20:08:08.949 INFO [http-apr-8080-exec-24] org.apache.catalina.core.ApplicationContext.log Manager: install: Installing context configuration at 'file:/C:/Users/Pbyrd/AppData/Local/Temp/context1509420912013593844.xml'
06-Nov-2017 20:08:14.126 INFO [http-apr-8080-exec-27] org.apache.catalina.core.ApplicationContext.log Manager: start: Starting web application '/productMaint2'
06-Nov-2017 20:08:51.397 INFO [http-apr-8080-exec-34] org.apache.catalina.core.ApplicationContext.log Manager: list: Listing contexts for virtual host 'localhost'
06-Nov-2017 20:08:51.400 INFO [http-apr-8080-exec-35] org.apache.catalina.core.ApplicationContext.log Manager: list: Listing contexts for virtual host 'localhost'
06-Nov-2017 20:08:51.423 INFO [http-apr-8080-exec-31] org.apache.catalina.core.ApplicationContext.log Manager: undeploy: Undeploying web application at '/productMaint2'
06-Nov-2017 20:08:51.970 INFO [http-apr-8080-exec-27] org.apache.catalina.core.ApplicationContext.log Manager: install: Installing context configuration at 'file:/C:/Users/Pbyrd/AppData/Local/Temp/context4635928148169698517.xml'
06-Nov-2017 20:08:56.502 INFO [http-apr-8080-exec-30] org.apache.catalina.core.ApplicationContext.log Manager: start: Starting web application '/productMaint2'
06-Nov-2017 20:09:36.074 INFO [http-apr-8080-exec-39] org.apache.catalina.core.ApplicationContext.log Manager: list: Listing contexts for virtual host 'localhost'
06-Nov-2017 20:09:36.080 INFO [http-apr-8080-exec-40] org.apache.catalina.core.ApplicationContext.log Manager: list: Listing contexts for virtual host 'localhost'
06-Nov-2017 20:09:36.114 INFO [http-apr-8080-exec-33] org.apache.catalina.core.ApplicationContext.log Manager: undeploy: Undeploying web application at '/productMaint2'
06-Nov-2017 20:09:36.653 INFO [http-apr-8080-exec-30] org.apache.catalina.core.ApplicationContext.log Manager: install: Installing context configuration at 'file:/C:/Users/Pbyrd/AppData/Local/Temp/context3298899745906251566.xml'
06-Nov-2017 20:09:40.834 INFO [http-apr-8080-exec-38] org.apache.catalina.core.ApplicationContext.log Manager: start: Starting web application '/productMaint2'
06-Nov-2017 20:10:54.675 INFO [http-apr-8080-exec-35] org.apache.catalina.core.ApplicationContext.log Manager: list: Listing contexts for virtual host 'localhost'
06-Nov-2017 20:10:54.703 INFO [http-apr-8080-exec-42] org.apache.catalina.core.ApplicationContext.log Manager: list: Listing contexts for virtual host 'localhost'
06-Nov-2017 20:10:54.919 INFO [http-apr-8080-exec-43] org.apache.catalina.core.ApplicationContext.log Manager: undeploy: Undeploying web application at '/productMaint2'
06-Nov-2017 20:10:55.607 INFO [http-apr-8080-exec-39] org.apache.catalina.core.ApplicationContext.log Manager: install: Installing context configuration at 'file:/C:/Users/Pbyrd/AppData/Local/Temp/context5825458332337168936.xml'
06-Nov-2017 20:10:59.834 INFO [http-apr-8080-exec-26] org.apache.catalina.core.ApplicationContext.log Manager: start: Starting web application '/productMaint2'
06-Nov-2017 20:15:16.011 INFO [http-apr-8080-exec-51] org.apache.catalina.core.ApplicationContext.log Manager: list: Listing contexts for virtual host 'localhost'
06-Nov-2017 20:15:16.015 INFO [http-apr-8080-exec-52] org.apache.catalina.core.ApplicationContext.log Manager: list: Listing contexts for virtual host 'localhost'
06-Nov-2017 20:15:16.056 INFO [http-apr-8080-exec-48] org.apache.catalina.core.ApplicationContext.log Manager: undeploy: Undeploying web application at '/productMaint2'
06-Nov-2017 20:15:16.602 INFO [http-apr-8080-exec-50] org.apache.catalina.core.ApplicationContext.log Manager: install: Installing context configuration at 'file:/C:/Users/Pbyrd/AppData/Local/Temp/context4693433932860618374.xml'
06-Nov-2017 20:15:20.687 INFO [http-apr-8080-exec-55] org.apache.catalina.core.ApplicationContext.log Manager: start: Starting web application '/productMaint2'
06-Nov-2017 20:16:16.549 INFO [http-apr-8080-exec-62] org.apache.catalina.core.ApplicationContext.log Manager: list: Listing contexts for virtual host 'localhost'
06-Nov-2017 20:16:16.554 INFO [http-apr-8080-exec-58] org.apache.catalina.core.ApplicationContext.log Manager: list: Listing contexts for virtual host 'localhost'
06-Nov-2017 20:16:17.112 INFO [http-apr-8080-exec-59] org.apache.catalina.core.ApplicationContext.log Manager: undeploy: Undeploying web application at '/productMaint2'
06-Nov-2017 20:16:17.654 INFO [http-apr-8080-exec-61] org.apache.catalina.core.ApplicationContext.log Manager: install: Installing context configuration at 'file:/C:/Users/Pbyrd/AppData/Local/Temp/context6111291588391986036.xml'
06-Nov-2017 20:16:23.229 INFO [http-apr-8080-exec-49] org.apache.catalina.core.ApplicationContext.log Manager: start: Starting web application '/productMaint2'
06-Nov-2017 20:25:18.540 INFO [http-apr-8080-exec-73] org.apache.catalina.core.ApplicationContext.log Manager: list: Listing contexts for virtual host 'localhost'
06-Nov-2017 20:25:18.579 INFO [http-apr-8080-exec-66] org.apache.catalina.core.ApplicationContext.log Manager: list: Listing contexts for virtual host 'localhost'
06-Nov-2017 20:25:18.625 INFO [http-apr-8080-exec-67] org.apache.catalina.core.ApplicationContext.log Manager: undeploy: Undeploying web application at '/productMaint2'
06-Nov-2017 20:25:19.154 INFO [http-apr-8080-exec-70] org.apache.catalina.core.ApplicationContext.log Manager: install: Installing context configuration at 'file:/C:/Users/Pbyrd/AppData/Local/Temp/context888341465441617199.xml'
06-Nov-2017 20:25:21.717 INFO [http-apr-8080-exec-72] org.apache.catalina.core.ApplicationContext.log Manager: start: Starting web application '/productMaint2'
06-Nov-2017 20:26:42.669 INFO [http-apr-8080-exec-71] org.apache.catalina.core.ApplicationContext.log Manager: list: Listing contexts for virtual host 'localhost'
06-Nov-2017 20:26:42.672 INFO [http-apr-8080-exec-76] org.apache.catalina.core.ApplicationContext.log Manager: list: Listing contexts for virtual host 'localhost'
06-Nov-2017 20:26:42.721 INFO [http-apr-8080-exec-77] org.apache.catalina.core.ApplicationContext.log Manager: stop: Stopping web application '/ch13_ex1_email_sol'
06-Nov-2017 20:26:42.740 INFO [http-apr-8080-exec-74] org.apache.catalina.core.ApplicationContext.log Manager: start: Starting web application '/ch13_ex1_email_sol'
06-Nov-2017 20:27:05.692 INFO [http-apr-8080-exec-79] org.apache.catalina.core.ApplicationContext.log Manager: list: Listing contexts for virtual host 'localhost'
06-Nov-2017 20:27:05.696 INFO [http-apr-8080-exec-82] org.apache.catalina.core.ApplicationContext.log Manager: list: Listing contexts for virtual host 'localhost'
06-Nov-2017 20:27:05.728 INFO [http-apr-8080-exec-71] org.apache.catalina.core.ApplicationContext.log Manager: undeploy: Undeploying web application at '/productMaint2'
06-Nov-2017 20:27:06.256 INFO [http-apr-8080-exec-75] org.apache.catalina.core.ApplicationContext.log Manager: install: Installing context configuration at 'file:/C:/Users/Pbyrd/AppData/Local/Temp/context599553684596045998.xml'
06-Nov-2017 20:27:09.224 INFO [http-apr-8080-exec-78] org.apache.catalina.core.ApplicationContext.log Manager: start: Starting web application '/productMaint2'
06-Nov-2017 20:32:56.883 INFO [http-apr-8080-exec-92] org.apache.catalina.core.ApplicationContext.log Manager: list: Listing contexts for virtual host 'localhost'
06-Nov-2017 20:32:56.890 INFO [http-apr-8080-exec-83] org.apache.catalina.core.ApplicationContext.log Manager: list: Listing contexts for virtual host 'localhost'
06-Nov-2017 20:32:56.924 INFO [http-apr-8080-exec-84] org.apache.catalina.core.ApplicationContext.log Manager: undeploy: Undeploying web application at '/productMaint2'
06-Nov-2017 20:32:57.457 INFO [http-apr-8080-exec-87] org.apache.catalina.core.ApplicationContext.log Manager: install: Installing context configuration at 'file:/C:/Users/Pbyrd/AppData/Local/Temp/context6506212005765761598.xml'
06-Nov-2017 20:33:01.993 INFO [http-apr-8080-exec-85] org.apache.catalina.core.ApplicationContext.log Manager: start: Starting web application '/productMaint2'
06-Nov-2017 20:36:42.884 INFO [http-apr-8080-exec-83] org.apache.catalina.core.ApplicationContext.log Manager: list: Listing contexts for virtual host 'localhost'
06-Nov-2017 20:36:42.957 INFO [http-apr-8080-exec-95] org.apache.catalina.core.ApplicationContext.log Manager: list: Listing contexts for virtual host 'localhost'
06-Nov-2017 20:44:58.805 INFO [http-apr-8080-exec-5] org.apache.catalina.core.ApplicationContext.log Manager: init: Associated with Deployer 'Catalina:type=Deployer,host=localhost'
06-Nov-2017 20:44:58.805 INFO [http-apr-8080-exec-5] org.apache.catalina.core.ApplicationContext.log Manager: init: Global resources are available
06-Nov-2017 20:44:58.806 INFO [http-apr-8080-exec-5] org.apache.catalina.core.ApplicationContext.log Manager: list: Listing contexts for virtual host 'localhost'
06-Nov-2017 20:44:58.815 INFO [http-apr-8080-exec-6] org.apache.catalina.core.ApplicationContext.log Manager: list: Listing contexts for virtual host 'localhost'
06-Nov-2017 20:44:58.857 INFO [http-apr-8080-exec-7] org.apache.catalina.core.ApplicationContext.log Manager: undeploy: Undeploying web application at '/productMaint2'
06-Nov-2017 20:44:59.433 INFO [http-apr-8080-exec-8] org.apache.catalina.core.ApplicationContext.log Manager: install: Installing context configuration at 'file:/C:/Users/Pbyrd/AppData/Local/Temp/context3920952392106361664.xml'
06-Nov-2017 20:45:03.517 INFO [http-apr-8080-exec-6] org.apache.catalina.core.ApplicationContext.log Manager: start: Starting web application '/productMaint2'
06-Nov-2017 20:45:50.955 INFO [http-apr-8080-exec-17] org.apache.catalina.core.ApplicationContext.log Manager: list: Listing contexts for virtual host 'localhost'
06-Nov-2017 20:45:50.959 INFO [http-apr-8080-exec-11] org.apache.catalina.core.ApplicationContext.log Manager: list: Listing contexts for virtual host 'localhost'
06-Nov-2017 20:45:51.010 INFO [http-apr-8080-exec-18] org.apache.catalina.core.ApplicationContext.log Manager: undeploy: Undeploying web application at '/productMaint2'
06-Nov-2017 20:45:51.546 INFO [http-apr-8080-exec-12] org.apache.catalina.core.ApplicationContext.log Manager: install: Installing context configuration at 'file:/C:/Users/Pbyrd/AppData/Local/Temp/context3452954236068933727.xml'
06-Nov-2017 20:45:55.981 INFO [http-apr-8080-exec-3] org.apache.catalina.core.ApplicationContext.log Manager: start: Starting web application '/productMaint2'
06-Nov-2017 20:46:34.829 INFO [http-apr-8080-exec-11] org.apache.catalina.core.ApplicationContext.log Manager: list: Listing contexts for virtual host 'localhost'
06-Nov-2017 20:46:34.837 INFO [http-apr-8080-exec-22] org.apache.catalina.core.ApplicationContext.log Manager: list: Listing contexts for virtual host 'localhost'
06-Nov-2017 20:46:34.898 INFO [http-apr-8080-exec-13] org.apache.catalina.core.ApplicationContext.log Manager: undeploy: Undeploying web application at '/productMaint2'
06-Nov-2017 20:46:35.432 INFO [http-apr-8080-exec-20] org.apache.catalina.core.ApplicationContext.log Manager: install: Installing context configuration at 'file:/C:/Users/Pbyrd/AppData/Local/Temp/context4587795350864853618.xml'
06-Nov-2017 20:46:39.490 INFO [http-apr-8080-exec-3] org.apache.catalina.core.ApplicationContext.log Manager: start: Starting web application '/productMaint2'
06-Nov-2017 20:50:18.323 INFO [http-apr-8080-exec-29] org.apache.catalina.core.ApplicationContext.log Manager: list: Listing contexts for virtual host 'localhost'
06-Nov-2017 20:50:18.326 INFO [http-apr-8080-exec-30] org.apache.catalina.core.ApplicationContext.log Manager: list: Listing contexts for virtual host 'localhost'
06-Nov-2017 20:50:18.387 INFO [http-apr-8080-exec-23] org.apache.catalina.core.ApplicationContext.log Manager: undeploy: Undeploying web application at '/productMaint2'
06-Nov-2017 20:50:18.924 INFO [http-apr-8080-exec-24] org.apache.catalina.core.ApplicationContext.log Manager: install: Installing context configuration at 'file:/C:/Users/Pbyrd/AppData/Local/Temp/context7895995739820845186.xml'
06-Nov-2017 20:50:22.536 INFO [http-apr-8080-exec-25] org.apache.catalina.core.ApplicationContext.log Manager: start: Starting web application '/productMaint2'
06-Nov-2017 20:58:32.902 INFO [http-apr-8080-exec-33] org.apache.catalina.core.ApplicationContext.log Manager: list: Listing contexts for virtual host 'localhost'
06-Nov-2017 20:58:32.905 INFO [http-apr-8080-exec-37] org.apache.catalina.core.ApplicationContext.log Manager: list: Listing contexts for virtual host 'localhost'
06-Nov-2017 20:58:32.936 INFO [http-apr-8080-exec-35] org.apache.catalina.core.ApplicationContext.log Manager: undeploy: Undeploying web application at '/productMaint2'
06-Nov-2017 20:58:33.468 INFO [http-apr-8080-exec-37] org.apache.catalina.core.ApplicationContext.log Manager: install: Installing context configuration at 'file:/C:/Users/Pbyrd/AppData/Local/Temp/context267173751675944203.xml'
06-Nov-2017 20:58:36.955 INFO [http-apr-8080-exec-36] org.apache.catalina.core.ApplicationContext.log Manager: start: Starting web application '/productMaint2'
